2025-10-22T00:12:19+00:00 WARNING Product feed scheduling failed: Integration not configured. : {"flow_name":"product_feed","flow_step":"schedule_feed_generation"}
2025-10-22T00:12:19+00:00 ERROR Error persisting Meta logs: Cannot create the API instance because the access token is missing. : []
2025-10-22T00:12:27+00:00 ERROR Error persisting Meta logs: Cannot create the API instance because the access token is missing. : []
2025-10-22T00:18:58+00:00 ERROR Error persisting Meta logs: Cannot create the API instance because the access token is missing. : []
2025-10-22T00:26:40+00:00 ERROR Error persisting Meta logs: Cannot create the API instance because the access token is missing. : []
2025-10-22T00:38:29+00:00 ERROR Error persisting Meta logs: Cannot create the API instance because the access token is missing. : []
2025-10-22T00:41:16+00:00 ERROR Error persisting Meta logs: Cannot create the API instance because the access token is missing. : []
2025-10-22T00:46:04+00:00 ERROR Error persisting Meta logs: Cannot create the API instance because the access token is missing. : []
2025-10-22T00:51:06+00:00 ERROR Error persisting Meta logs: Cannot create the API instance because the access token is missing. : []
2025-10-22T01:11:30+00:00 ERROR Error persisting Meta logs: Cannot create the API instance because the access token is missing. : []
2025-10-22T01:24:17+00:00 ERROR Error persisting Meta logs: Cannot create the API instance because the access token is missing. : []
2025-10-22T01:25:46+00:00 ERROR Error persisting Meta logs: Cannot create the API instance because the access token is missing. : []
2025-10-22T01:38:42+00:00 ERROR Error persisting Meta logs: Cannot create the API instance because the access token is missing. : []
2025-10-22T01:38:49+00:00 ERROR Error persisting Meta logs: Cannot create the API instance because the access token is missing. : []
2025-10-22T01:41:35+00:00 ERROR Error persisting Meta logs: Cannot create the API instance because the access token is missing. : []
2025-10-22T01:46:03+00:00 WARNING Product feed scheduling failed: Integration not configured. : {"flow_name":"product_feed","flow_step":"schedule_feed_generation"}
2025-10-22T01:46:03+00:00 ERROR Error persisting Meta logs: Cannot create the API instance because the access token is missing. : []
2025-10-22T01:51:05+00:00 ERROR Error persisting Meta logs: Cannot create the API instance because the access token is missing. : []
2025-10-22T01:56:05+00:00 ERROR Error persisting Meta logs: Cannot create the API instance because the access token is missing. : []
2025-10-22T02:18:30+00:00 ERROR Error persisting Meta logs: Cannot create the API instance because the access token is missing. : []
2025-10-22T02:52:34+00:00 ERROR Error persisting Meta logs: Cannot create the API instance because the access token is missing. : []
2025-10-22T02:52:40+00:00 NOTICE Unable to detect valid feed configuration: No catalog ID
2025-10-22T02:52:40+00:00 NOTICE There was an error trying to get product set data in a catalog: Cannot create the API instance because the access token is missing.
2025-10-22T02:52:40+00:00 ERROR ProductSetSync exception: exception_code : 0; exception_class : WooCommerce\Facebook\Framework\Api\Exception: exception_message : Cannot create the API instance because the access token is missing.; exception_trace : #0 /home/dichvup1/public_html/wp-content/plugins/facebook-for-woocommerce/includes/ProductSets/ProductSetSync.php(139): WC_Facebookcommerce->get_api()
#1 /home/dichvup1/public_html/wp-content/plugins/facebook-for-woocommerce/includes/ProductSets/ProductSetSync.php(226): WooCommerce\Facebook\ProductSets\ProductSetSync->get_fb_product_set_id()
#2 /home/dichvup1/public_html/wp-content/plugins/facebook-for-woocommerce/includes/ProductSets/ProductSetSync.php(107): WooCommerce\Facebook\ProductSets\ProductSetSync->sync_all_wc_product_categories()
#3 /home/dichvup1/public_html/wp-includes/class-wp-hook.php(324): WooCommerce\Facebook\ProductSets\ProductSetSync->sync_all_product_sets()
#4 /home/dichvup1/public_html/wp-includes/class-wp-hook.php(348): WP_Hook->apply_filters()
#5 /home/dichvup1/public_html/wp-includes/plugin.php(565): WP_Hook->do_action()
#6 /home/dichvup1/public_html/wp-content/plugins/woocommerce/packages/action-scheduler/classes/actions/ActionScheduler_Action.php(86): do_action_ref_array()
#7 /home/dichvup1/public_html/wp-content/plugins/woocommerce/packages/action-scheduler/classes/abstracts/ActionScheduler_Abstract_QueueRunner.php(103): ActionScheduler_Action->execute()
#8 /home/dichvup1/public_html/wp-content/plugins/woocommerce/packages/action-scheduler/classes/ActionScheduler_QueueRunner.php(188): ActionScheduler_Abstract_QueueRunner->process_action()
#9 /home/dichvup1/public_html/wp-content/plugins/woocommerce/packages/action-scheduler/classes/ActionScheduler_QueueRunner.php(158): ActionScheduler_QueueRunner->do_batch()
#10 /home/dichvup1/public_html/wp-includes/class-wp-hook.php(324): ActionScheduler_QueueRunner->run()
#11 /home/dichvup1/public_html/wp-includes/class-wp-hook.php(348): WP_Hook->apply_filters()
#12 /home/dichvup1/public_html/wp-includes/plugin.php(517): WP_Hook->do_action()
#13 /home/dichvup1/public_html/wp-content/plugins/woocommerce/packages/action-scheduler/classes/ActionScheduler_AsyncRequest_QueueRunner.php(48): do_action()
#14 /home/dichvup1/public_html/wp-content/plugins/woocommerce/includes/libraries/wp-async-request.php(147): ActionScheduler_AsyncRequest_QueueRunner->handle()
#15 /home/dichvup1/public_html/wp-includes/class-wp-hook.php(324): WP_Async_Request->maybe_handle()
#16 /home/dichvup1/public_html/wp-includes/class-wp-hook.php(348): WP_Hook->apply_filters()
#17 /home/dichvup1/public_html/wp-includes/plugin.php(517): WP_Hook->do_action()
#18 /home/dichvup1/public_html/wp-admin/admin-ajax.php(207): do_action()
#19 {main}
2025-10-22T02:52:40+00:00 NOTICE There was an error trying to get product set data in a catalog: Cannot create the API instance because the access token is missing.
2025-10-22T02:52:40+00:00 ERROR ProductSetSync exception: exception_code : 0; exception_class : WooCommerce\Facebook\Framework\Api\Exception: exception_message : Cannot create the API instance because the access token is missing.; exception_trace : #0 /home/dichvup1/public_html/wp-content/plugins/facebook-for-woocommerce/includes/ProductSets/ProductSetSync.php(139): WC_Facebookcommerce->get_api()
#1 /home/dichvup1/public_html/wp-content/plugins/facebook-for-woocommerce/includes/ProductSets/ProductSetSync.php(226): WooCommerce\Facebook\ProductSets\ProductSetSync->get_fb_product_set_id()
#2 /home/dichvup1/public_html/wp-content/plugins/facebook-for-woocommerce/includes/ProductSets/ProductSetSync.php(107): WooCommerce\Facebook\ProductSets\ProductSetSync->sync_all_wc_product_categories()
#3 /home/dichvup1/public_html/wp-includes/class-wp-hook.php(324): WooCommerce\Facebook\ProductSets\ProductSetSync->sync_all_product_sets()
#4 /home/dichvup1/public_html/wp-includes/class-wp-hook.php(348): WP_Hook->apply_filters()
#5 /home/dichvup1/public_html/wp-includes/plugin.php(565): WP_Hook->do_action()
#6 /home/dichvup1/public_html/wp-content/plugins/woocommerce/packages/action-scheduler/classes/actions/ActionScheduler_Action.php(86): do_action_ref_array()
#7 /home/dichvup1/public_html/wp-content/plugins/woocommerce/packages/action-scheduler/classes/abstracts/ActionScheduler_Abstract_QueueRunner.php(103): ActionScheduler_Action->execute()
#8 /home/dichvup1/public_html/wp-content/plugins/woocommerce/packages/action-scheduler/classes/ActionScheduler_QueueRunner.php(188): ActionScheduler_Abstract_QueueRunner->process_action()
#9 /home/dichvup1/public_html/wp-content/plugins/woocommerce/packages/action-scheduler/classes/ActionScheduler_QueueRunner.php(158): ActionScheduler_QueueRunner->do_batch()
#10 /home/dichvup1/public_html/wp-includes/class-wp-hook.php(324): ActionScheduler_QueueRunner->run()
#11 /home/dichvup1/public_html/wp-includes/class-wp-hook.php(348): WP_Hook->apply_filters()
#12 /home/dichvup1/public_html/wp-includes/plugin.php(517): WP_Hook->do_action()
#13 /home/dichvup1/public_html/wp-content/plugins/woocommerce/packages/action-scheduler/classes/ActionScheduler_AsyncRequest_QueueRunner.php(48): do_action()
#14 /home/dichvup1/public_html/wp-content/plugins/woocommerce/includes/libraries/wp-async-request.php(147): ActionScheduler_AsyncRequest_QueueRunner->handle()
#15 /home/dichvup1/public_html/wp-includes/class-wp-hook.php(324): WP_Async_Request->maybe_handle()
#16 /home/dichvup1/public_html/wp-includes/class-wp-hook.php(348): WP_Hook->apply_filters()
#17 /home/dichvup1/public_html/wp-includes/plugin.php(517): WP_Hook->do_action()
#18 /home/dichvup1/public_html/wp-admin/admin-ajax.php(207): do_action()
#19 {main}
2025-10-22T02:52:40+00:00 NOTICE There was an error trying to get product set data in a catalog: Cannot create the API instance because the access token is missing.
2025-10-22T02:52:40+00:00 ERROR ProductSetSync exception: exception_code : 0; exception_class : WooCommerce\Facebook\Framework\Api\Exception: exception_message : Cannot create the API instance because the access token is missing.; exception_trace : #0 /home/dichvup1/public_html/wp-content/plugins/facebook-for-woocommerce/includes/ProductSets/ProductSetSync.php(139): WC_Facebookcommerce->get_api()
#1 /home/dichvup1/public_html/wp-content/plugins/facebook-for-woocommerce/includes/ProductSets/ProductSetSync.php(226): WooCommerce\Facebook\ProductSets\ProductSetSync->get_fb_product_set_id()
#2 /home/dichvup1/public_html/wp-content/plugins/facebook-for-woocommerce/includes/ProductSets/ProductSetSync.php(107): WooCommerce\Facebook\ProductSets\ProductSetSync->sync_all_wc_product_categories()
#3 /home/dichvup1/public_html/wp-includes/class-wp-hook.php(324): WooCommerce\Facebook\ProductSets\ProductSetSync->sync_all_product_sets()
#4 /home/dichvup1/public_html/wp-includes/class-wp-hook.php(348): WP_Hook->apply_filters()
#5 /home/dichvup1/public_html/wp-includes/plugin.php(565): WP_Hook->do_action()
#6 /home/dichvup1/public_html/wp-content/plugins/woocommerce/packages/action-scheduler/classes/actions/ActionScheduler_Action.php(86): do_action_ref_array()
#7 /home/dichvup1/public_html/wp-content/plugins/woocommerce/packages/action-scheduler/classes/abstracts/ActionScheduler_Abstract_QueueRunner.php(103): ActionScheduler_Action->execute()
#8 /home/dichvup1/public_html/wp-content/plugins/woocommerce/packages/action-scheduler/classes/ActionScheduler_QueueRunner.php(188): ActionScheduler_Abstract_QueueRunner->process_action()
#9 /home/dichvup1/public_html/wp-content/plugins/woocommerce/packages/action-scheduler/classes/ActionScheduler_QueueRunner.php(158): ActionScheduler_QueueRunner->do_batch()
#10 /home/dichvup1/public_html/wp-includes/class-wp-hook.php(324): ActionScheduler_QueueRunner->run()
#11 /home/dichvup1/public_html/wp-includes/class-wp-hook.php(348): WP_Hook->apply_filters()
#12 /home/dichvup1/public_html/wp-includes/plugin.php(517): WP_Hook->do_action()
#13 /home/dichvup1/public_html/wp-content/plugins/woocommerce/packages/action-scheduler/classes/ActionScheduler_AsyncRequest_QueueRunner.php(48): do_action()
#14 /home/dichvup1/public_html/wp-content/plugins/woocommerce/includes/libraries/wp-async-request.php(147): ActionScheduler_AsyncRequest_QueueRunner->handle()
#15 /home/dichvup1/public_html/wp-includes/class-wp-hook.php(324): WP_Async_Request->maybe_handle()
#16 /home/dichvup1/public_html/wp-includes/class-wp-hook.php(348): WP_Hook->apply_filters()
#17 /home/dichvup1/public_html/wp-includes/plugin.php(517): WP_Hook->do_action()
#18 /home/dichvup1/public_html/wp-admin/admin-ajax.php(207): do_action()
#19 {main}
2025-10-22T02:52:40+00:00 NOTICE There was an error trying to get product set data in a catalog: Cannot create the API instance because the access token is missing.
2025-10-22T02:52:40+00:00 ERROR ProductSetSync exception: exception_code : 0; exception_class : WooCommerce\Facebook\Framework\Api\Exception: exception_message : Cannot create the API instance because the access token is missing.; exception_trace : #0 /home/dichvup1/public_html/wp-content/plugins/facebook-for-woocommerce/includes/ProductSets/ProductSetSync.php(139): WC_Facebookcommerce->get_api()
#1 /home/dichvup1/public_html/wp-content/plugins/facebook-for-woocommerce/includes/ProductSets/ProductSetSync.php(226): WooCommerce\Facebook\ProductSets\ProductSetSync->get_fb_product_set_id()
#2 /home/dichvup1/public_html/wp-content/plugins/facebook-for-woocommerce/includes/ProductSets/ProductSetSync.php(107): WooCommerce\Facebook\ProductSets\ProductSetSync->sync_all_wc_product_categories()
#3 /home/dichvup1/public_html/wp-includes/class-wp-hook.php(324): WooCommerce\Facebook\ProductSets\ProductSetSync->sync_all_product_sets()
#4 /home/dichvup1/public_html/wp-includes/class-wp-hook.php(348): WP_Hook->apply_filters()
#5 /home/dichvup1/public_html/wp-includes/plugin.php(565): WP_Hook->do_action()
#6 /home/dichvup1/public_html/wp-content/plugins/woocommerce/packages/action-scheduler/classes/actions/ActionScheduler_Action.php(86): do_action_ref_array()
#7 /home/dichvup1/public_html/wp-content/plugins/woocommerce/packages/action-scheduler/classes/abstracts/ActionScheduler_Abstract_QueueRunner.php(103): ActionScheduler_Action->execute()
#8 /home/dichvup1/public_html/wp-content/plugins/woocommerce/packages/action-scheduler/classes/ActionScheduler_QueueRunner.php(188): ActionScheduler_Abstract_QueueRunner->process_action()
#9 /home/dichvup1/public_html/wp-content/plugins/woocommerce/packages/action-scheduler/classes/ActionScheduler_QueueRunner.php(158): ActionScheduler_QueueRunner->do_batch()
#10 /home/dichvup1/public_html/wp-includes/class-wp-hook.php(324): ActionScheduler_QueueRunner->run()
#11 /home/dichvup1/public_html/wp-includes/class-wp-hook.php(348): WP_Hook->apply_filters()
#12 /home/dichvup1/public_html/wp-includes/plugin.php(517): WP_Hook->do_action()
#13 /home/dichvup1/public_html/wp-content/plugins/woocommerce/packages/action-scheduler/classes/ActionScheduler_AsyncRequest_QueueRunner.php(48): do_action()
#14 /home/dichvup1/public_html/wp-content/plugins/woocommerce/includes/libraries/wp-async-request.php(147): ActionScheduler_AsyncRequest_QueueRunner->handle()
#15 /home/dichvup1/public_html/wp-includes/class-wp-hook.php(324): WP_Async_Request->maybe_handle()
#16 /home/dichvup1/public_html/wp-includes/class-wp-hook.php(348): WP_Hook->apply_filters()
#17 /home/dichvup1/public_html/wp-includes/plugin.php(517): WP_Hook->do_action()
#18 /home/dichvup1/public_html/wp-admin/admin-ajax.php(207): do_action()
#19 {main}
2025-10-22T02:52:40+00:00 NOTICE There was an error trying to get product set data in a catalog: Cannot create the API instance because the access token is missing.
2025-10-22T02:52:40+00:00 ERROR ProductSetSync exception: exception_code : 0; exception_class : WooCommerce\Facebook\Framework\Api\Exception: exception_message : Cannot create the API instance because the access token is missing.; exception_trace : #0 /home/dichvup1/public_html/wp-content/plugins/facebook-for-woocommerce/includes/ProductSets/ProductSetSync.php(139): WC_Facebookcommerce->get_api()
#1 /home/dichvup1/public_html/wp-content/plugins/facebook-for-woocommerce/includes/ProductSets/ProductSetSync.php(226): WooCommerce\Facebook\ProductSets\ProductSetSync->get_fb_product_set_id()
#2 /home/dichvup1/public_html/wp-content/plugins/facebook-for-woocommerce/includes/ProductSets/ProductSetSync.php(107): WooCommerce\Facebook\ProductSets\ProductSetSync->sync_all_wc_product_categories()
#3 /home/dichvup1/public_html/wp-includes/class-wp-hook.php(324): WooCommerce\Facebook\ProductSets\ProductSetSync->sync_all_product_sets()
#4 /home/dichvup1/public_html/wp-includes/class-wp-hook.php(348): WP_Hook->apply_filters()
#5 /home/dichvup1/public_html/wp-includes/plugin.php(565): WP_Hook->do_action()
#6 /home/dichvup1/public_html/wp-content/plugins/woocommerce/packages/action-scheduler/classes/actions/ActionScheduler_Action.php(86): do_action_ref_array()
#7 /home/dichvup1/public_html/wp-content/plugins/woocommerce/packages/action-scheduler/classes/abstracts/ActionScheduler_Abstract_QueueRunner.php(103): ActionScheduler_Action->execute()
#8 /home/dichvup1/public_html/wp-content/plugins/woocommerce/packages/action-scheduler/classes/ActionScheduler_QueueRunner.php(188): ActionScheduler_Abstract_QueueRunner->process_action()
#9 /home/dichvup1/public_html/wp-content/plugins/woocommerce/packages/action-scheduler/classes/ActionScheduler_QueueRunner.php(158): ActionScheduler_QueueRunner->do_batch()
#10 /home/dichvup1/public_html/wp-includes/class-wp-hook.php(324): ActionScheduler_QueueRunner->run()
#11 /home/dichvup1/public_html/wp-includes/class-wp-hook.php(348): WP_Hook->apply_filters()
#12 /home/dichvup1/public_html/wp-includes/plugin.php(517): WP_Hook->do_action()
#13 /home/dichvup1/public_html/wp-content/plugins/woocommerce/packages/action-scheduler/classes/ActionScheduler_AsyncRequest_QueueRunner.php(48): do_action()
#14 /home/dichvup1/public_html/wp-content/plugins/woocommerce/includes/libraries/wp-async-request.php(147): ActionScheduler_AsyncRequest_QueueRunner->handle()
#15 /home/dichvup1/public_html/wp-includes/class-wp-hook.php(324): WP_Async_Request->maybe_handle()
#16 /home/dichvup1/public_html/wp-includes/class-wp-hook.php(348): WP_Hook->apply_filters()
#17 /home/dichvup1/public_html/wp-includes/plugin.php(517): WP_Hook->do_action()
#18 /home/dichvup1/public_html/wp-admin/admin-ajax.php(207): do_action()
#19 {main}
2025-10-22T02:52:40+00:00 NOTICE There was an error trying to get product set data in a catalog: Cannot create the API instance because the access token is missing.
2025-10-22T02:52:40+00:00 ERROR ProductSetSync exception: exception_code : 0; exception_class : WooCommerce\Facebook\Framework\Api\Exception: exception_message : Cannot create the API instance because the access token is missing.; exception_trace : #0 /home/dichvup1/public_html/wp-content/plugins/facebook-for-woocommerce/includes/ProductSets/ProductSetSync.php(139): WC_Facebookcommerce->get_api()
#1 /home/dichvup1/public_html/wp-content/plugins/facebook-for-woocommerce/includes/ProductSets/ProductSetSync.php(226): WooCommerce\Facebook\ProductSets\ProductSetSync->get_fb_product_set_id()
#2 /home/dichvup1/public_html/wp-content/plugins/facebook-for-woocommerce/includes/ProductSets/ProductSetSync.php(107): WooCommerce\Facebook\ProductSets\ProductSetSync->sync_all_wc_product_categories()
#3 /home/dichvup1/public_html/wp-includes/class-wp-hook.php(324): WooCommerce\Facebook\ProductSets\ProductSetSync->sync_all_product_sets()
#4 /home/dichvup1/public_html/wp-includes/class-wp-hook.php(348): WP_Hook->apply_filters()
#5 /home/dichvup1/public_html/wp-includes/plugin.php(565): WP_Hook->do_action()
#6 /home/dichvup1/public_html/wp-content/plugins/woocommerce/packages/action-scheduler/classes/actions/ActionScheduler_Action.php(86): do_action_ref_array()
#7 /home/dichvup1/public_html/wp-content/plugins/woocommerce/packages/action-scheduler/classes/abstracts/ActionScheduler_Abstract_QueueRunner.php(103): ActionScheduler_Action->execute()
#8 /home/dichvup1/public_html/wp-content/plugins/woocommerce/packages/action-scheduler/classes/ActionScheduler_QueueRunner.php(188): ActionScheduler_Abstract_QueueRunner->process_action()
#9 /home/dichvup1/public_html/wp-content/plugins/woocommerce/packages/action-scheduler/classes/ActionScheduler_QueueRunner.php(158): ActionScheduler_QueueRunner->do_batch()
#10 /home/dichvup1/public_html/wp-includes/class-wp-hook.php(324): ActionScheduler_QueueRunner->run()
#11 /home/dichvup1/public_html/wp-includes/class-wp-hook.php(348): WP_Hook->apply_filters()
#12 /home/dichvup1/public_html/wp-includes/plugin.php(517): WP_Hook->do_action()
#13 /home/dichvup1/public_html/wp-content/plugins/woocommerce/packages/action-scheduler/classes/ActionScheduler_AsyncRequest_QueueRunner.php(48): do_action()
#14 /home/dichvup1/public_html/wp-content/plugins/woocommerce/includes/libraries/wp-async-request.php(147): ActionScheduler_AsyncRequest_QueueRunner->handle()
#15 /home/dichvup1/public_html/wp-includes/class-wp-hook.php(324): WP_Async_Request->maybe_handle()
#16 /home/dichvup1/public_html/wp-includes/class-wp-hook.php(348): WP_Hook->apply_filters()
#17 /home/dichvup1/public_html/wp-includes/plugin.php(517): WP_Hook->do_action()
#18 /home/dichvup1/public_html/wp-admin/admin-ajax.php(207): do_action()
#19 {main}
2025-10-22T02:52:40+00:00 NOTICE There was an error trying to get product set data in a catalog: Cannot create the API instance because the access token is missing.
2025-10-22T02:52:40+00:00 ERROR ProductSetSync exception: exception_code : 0; exception_class : WooCommerce\Facebook\Framework\Api\Exception: exception_message : Cannot create the API instance because the access token is missing.; exception_trace : #0 /home/dichvup1/public_html/wp-content/plugins/facebook-for-woocommerce/includes/ProductSets/ProductSetSync.php(139): WC_Facebookcommerce->get_api()
#1 /home/dichvup1/public_html/wp-content/plugins/facebook-for-woocommerce/includes/ProductSets/ProductSetSync.php(226): WooCommerce\Facebook\ProductSets\ProductSetSync->get_fb_product_set_id()
#2 /home/dichvup1/public_html/wp-content/plugins/facebook-for-woocommerce/includes/ProductSets/ProductSetSync.php(107): WooCommerce\Facebook\ProductSets\ProductSetSync->sync_all_wc_product_categories()
#3 /home/dichvup1/public_html/wp-includes/class-wp-hook.php(324): WooCommerce\Facebook\ProductSets\ProductSetSync->sync_all_product_sets()
#4 /home/dichvup1/public_html/wp-includes/class-wp-hook.php(348): WP_Hook->apply_filters()
#5 /home/dichvup1/public_html/wp-includes/plugin.php(565): WP_Hook->do_action()
#6 /home/dichvup1/public_html/wp-content/plugins/woocommerce/packages/action-scheduler/classes/actions/ActionScheduler_Action.php(86): do_action_ref_array()
#7 /home/dichvup1/public_html/wp-content/plugins/woocommerce/packages/action-scheduler/classes/abstracts/ActionScheduler_Abstract_QueueRunner.php(103): ActionScheduler_Action->execute()
#8 /home/dichvup1/public_html/wp-content/plugins/woocommerce/packages/action-scheduler/classes/ActionScheduler_QueueRunner.php(188): ActionScheduler_Abstract_QueueRunner->process_action()
#9 /home/dichvup1/public_html/wp-content/plugins/woocommerce/packages/action-scheduler/classes/ActionScheduler_QueueRunner.php(158): ActionScheduler_QueueRunner->do_batch()
#10 /home/dichvup1/public_html/wp-includes/class-wp-hook.php(324): ActionScheduler_QueueRunner->run()
#11 /home/dichvup1/public_html/wp-includes/class-wp-hook.php(348): WP_Hook->apply_filters()
#12 /home/dichvup1/public_html/wp-includes/plugin.php(517): WP_Hook->do_action()
#13 /home/dichvup1/public_html/wp-content/plugins/woocommerce/packages/action-scheduler/classes/ActionScheduler_AsyncRequest_QueueRunner.php(48): do_action()
#14 /home/dichvup1/public_html/wp-content/plugins/woocommerce/includes/libraries/wp-async-request.php(147): ActionScheduler_AsyncRequest_QueueRunner->handle()
#15 /home/dichvup1/public_html/wp-includes/class-wp-hook.php(324): WP_Async_Request->maybe_handle()
#16 /home/dichvup1/public_html/wp-includes/class-wp-hook.php(348): WP_Hook->apply_filters()
#17 /home/dichvup1/public_html/wp-includes/plugin.php(517): WP_Hook->do_action()
#18 /home/dichvup1/public_html/wp-admin/admin-ajax.php(207): do_action()
#19 {main}
2025-10-22T02:52:40+00:00 NOTICE There was an error trying to get product set data in a catalog: Cannot create the API instance because the access token is missing.
2025-10-22T02:52:40+00:00 ERROR ProductSetSync exception: exception_code : 0; exception_class : WooCommerce\Facebook\Framework\Api\Exception: exception_message : Cannot create the API instance because the access token is missing.; exception_trace : #0 /home/dichvup1/public_html/wp-content/plugins/facebook-for-woocommerce/includes/ProductSets/ProductSetSync.php(139): WC_Facebookcommerce->get_api()
#1 /home/dichvup1/public_html/wp-content/plugins/facebook-for-woocommerce/includes/ProductSets/ProductSetSync.php(226): WooCommerce\Facebook\ProductSets\ProductSetSync->get_fb_product_set_id()
#2 /home/dichvup1/public_html/wp-content/plugins/facebook-for-woocommerce/includes/ProductSets/ProductSetSync.php(107): WooCommerce\Facebook\ProductSets\ProductSetSync->sync_all_wc_product_categories()
#3 /home/dichvup1/public_html/wp-includes/class-wp-hook.php(324): WooCommerce\Facebook\ProductSets\ProductSetSync->sync_all_product_sets()
#4 /home/dichvup1/public_html/wp-includes/class-wp-hook.php(348): WP_Hook->apply_filters()
#5 /home/dichvup1/public_html/wp-includes/plugin.php(565): WP_Hook->do_action()
#6 /home/dichvup1/public_html/wp-content/plugins/woocommerce/packages/action-scheduler/classes/actions/ActionScheduler_Action.php(86): do_action_ref_array()
#7 /home/dichvup1/public_html/wp-content/plugins/woocommerce/packages/action-scheduler/classes/abstracts/ActionScheduler_Abstract_QueueRunner.php(103): ActionScheduler_Action->execute()
#8 /home/dichvup1/public_html/wp-content/plugins/woocommerce/packages/action-scheduler/classes/ActionScheduler_QueueRunner.php(188): ActionScheduler_Abstract_QueueRunner->process_action()
#9 /home/dichvup1/public_html/wp-content/plugins/woocommerce/packages/action-scheduler/classes/ActionScheduler_QueueRunner.php(158): ActionScheduler_QueueRunner->do_batch()
#10 /home/dichvup1/public_html/wp-includes/class-wp-hook.php(324): ActionScheduler_QueueRunner->run()
#11 /home/dichvup1/public_html/wp-includes/class-wp-hook.php(348): WP_Hook->apply_filters()
#12 /home/dichvup1/public_html/wp-includes/plugin.php(517): WP_Hook->do_action()
#13 /home/dichvup1/public_html/wp-content/plugins/woocommerce/packages/action-scheduler/classes/ActionScheduler_AsyncRequest_QueueRunner.php(48): do_action()
#14 /home/dichvup1/public_html/wp-content/plugins/woocommerce/includes/libraries/wp-async-request.php(147): ActionScheduler_AsyncRequest_QueueRunner->handle()
#15 /home/dichvup1/public_html/wp-includes/class-wp-hook.php(324): WP_Async_Request->maybe_handle()
#16 /home/dichvup1/public_html/wp-includes/class-wp-hook.php(348): WP_Hook->apply_filters()
#17 /home/dichvup1/public_html/wp-includes/plugin.php(517): WP_Hook->do_action()
#18 /home/dichvup1/public_html/wp-admin/admin-ajax.php(207): do_action()
#19 {main}
2025-10-22T02:52:40+00:00 NOTICE There was an error trying to get product set data in a catalog: Cannot create the API instance because the access token is missing.
2025-10-22T02:52:40+00:00 ERROR ProductSetSync exception: exception_code : 0; exception_class : WooCommerce\Facebook\Framework\Api\Exception: exception_message : Cannot create the API instance because the access token is missing.; exception_trace : #0 /home/dichvup1/public_html/wp-content/plugins/facebook-for-woocommerce/includes/ProductSets/ProductSetSync.php(139): WC_Facebookcommerce->get_api()
#1 /home/dichvup1/public_html/wp-content/plugins/facebook-for-woocommerce/includes/ProductSets/ProductSetSync.php(226): WooCommerce\Facebook\ProductSets\ProductSetSync->get_fb_product_set_id()
#2 /home/dichvup1/public_html/wp-content/plugins/facebook-for-woocommerce/includes/ProductSets/ProductSetSync.php(107): WooCommerce\Facebook\ProductSets\ProductSetSync->sync_all_wc_product_categories()
#3 /home/dichvup1/public_html/wp-includes/class-wp-hook.php(324): WooCommerce\Facebook\ProductSets\ProductSetSync->sync_all_product_sets()
#4 /home/dichvup1/public_html/wp-includes/class-wp-hook.php(348): WP_Hook->apply_filters()
#5 /home/dichvup1/public_html/wp-includes/plugin.php(565): WP_Hook->do_action()
#6 /home/dichvup1/public_html/wp-content/plugins/woocommerce/packages/action-scheduler/classes/actions/ActionScheduler_Action.php(86): do_action_ref_array()
#7 /home/dichvup1/public_html/wp-content/plugins/woocommerce/packages/action-scheduler/classes/abstracts/ActionScheduler_Abstract_QueueRunner.php(103): ActionScheduler_Action->execute()
#8 /home/dichvup1/public_html/wp-content/plugins/woocommerce/packages/action-scheduler/classes/ActionScheduler_QueueRunner.php(188): ActionScheduler_Abstract_QueueRunner->process_action()
#9 /home/dichvup1/public_html/wp-content/plugins/woocommerce/packages/action-scheduler/classes/ActionScheduler_QueueRunner.php(158): ActionScheduler_QueueRunner->do_batch()
#10 /home/dichvup1/public_html/wp-includes/class-wp-hook.php(324): ActionScheduler_QueueRunner->run()
#11 /home/dichvup1/public_html/wp-includes/class-wp-hook.php(348): WP_Hook->apply_filters()
#12 /home/dichvup1/public_html/wp-includes/plugin.php(517): WP_Hook->do_action()
#13 /home/dichvup1/public_html/wp-content/plugins/woocommerce/packages/action-scheduler/classes/ActionScheduler_AsyncRequest_QueueRunner.php(48): do_action()
#14 /home/dichvup1/public_html/wp-content/plugins/woocommerce/includes/libraries/wp-async-request.php(147): ActionScheduler_AsyncRequest_QueueRunner->handle()
#15 /home/dichvup1/public_html/wp-includes/class-wp-hook.php(324): WP_Async_Request->maybe_handle()
#16 /home/dichvup1/public_html/wp-includes/class-wp-hook.php(348): WP_Hook->apply_filters()
#17 /home/dichvup1/public_html/wp-includes/plugin.php(517): WP_Hook->do_action()
#18 /home/dichvup1/public_html/wp-admin/admin-ajax.php(207): do_action()
#19 {main}
2025-10-22T02:52:40+00:00 NOTICE There was an error trying to get product set data in a catalog: Cannot create the API instance because the access token is missing.
2025-10-22T02:52:40+00:00 ERROR ProductSetSync exception: exception_code : 0; exception_class : WooCommerce\Facebook\Framework\Api\Exception: exception_message : Cannot create the API instance because the access token is missing.; exception_trace : #0 /home/dichvup1/public_html/wp-content/plugins/facebook-for-woocommerce/includes/ProductSets/ProductSetSync.php(139): WC_Facebookcommerce->get_api()
#1 /home/dichvup1/public_html/wp-content/plugins/facebook-for-woocommerce/includes/ProductSets/ProductSetSync.php(226): WooCommerce\Facebook\ProductSets\ProductSetSync->get_fb_product_set_id()
#2 /home/dichvup1/public_html/wp-content/plugins/facebook-for-woocommerce/includes/ProductSets/ProductSetSync.php(107): WooCommerce\Facebook\ProductSets\ProductSetSync->sync_all_wc_product_categories()
#3 /home/dichvup1/public_html/wp-includes/class-wp-hook.php(324): WooCommerce\Facebook\ProductSets\ProductSetSync->sync_all_product_sets()
#4 /home/dichvup1/public_html/wp-includes/class-wp-hook.php(348): WP_Hook->apply_filters()
#5 /home/dichvup1/public_html/wp-includes/plugin.php(565): WP_Hook->do_action()
#6 /home/dichvup1/public_html/wp-content/plugins/woocommerce/packages/action-scheduler/classes/actions/ActionScheduler_Action.php(86): do_action_ref_array()
#7 /home/dichvup1/public_html/wp-content/plugins/woocommerce/packages/action-scheduler/classes/abstracts/ActionScheduler_Abstract_QueueRunner.php(103): ActionScheduler_Action->execute()
#8 /home/dichvup1/public_html/wp-content/plugins/woocommerce/packages/action-scheduler/classes/ActionScheduler_QueueRunner.php(188): ActionScheduler_Abstract_QueueRunner->process_action()
#9 /home/dichvup1/public_html/wp-content/plugins/woocommerce/packages/action-scheduler/classes/ActionScheduler_QueueRunner.php(158): ActionScheduler_QueueRunner->do_batch()
#10 /home/dichvup1/public_html/wp-includes/class-wp-hook.php(324): ActionScheduler_QueueRunner->run()
#11 /home/dichvup1/public_html/wp-includes/class-wp-hook.php(348): WP_Hook->apply_filters()
#12 /home/dichvup1/public_html/wp-includes/plugin.php(517): WP_Hook->do_action()
#13 /home/dichvup1/public_html/wp-content/plugins/woocommerce/packages/action-scheduler/classes/ActionScheduler_AsyncRequest_QueueRunner.php(48): do_action()
#14 /home/dichvup1/public_html/wp-content/plugins/woocommerce/includes/libraries/wp-async-request.php(147): ActionScheduler_AsyncRequest_QueueRunner->handle()
#15 /home/dichvup1/public_html/wp-includes/class-wp-hook.php(324): WP_Async_Request->maybe_handle()
#16 /home/dichvup1/public_html/wp-includes/class-wp-hook.php(348): WP_Hook->apply_filters()
#17 /home/dichvup1/public_html/wp-includes/plugin.php(517): WP_Hook->do_action()
#18 /home/dichvup1/public_html/wp-admin/admin-ajax.php(207): do_action()
#19 {main}
2025-10-22T02:52:40+00:00 NOTICE There was an error trying to get product set data in a catalog: Cannot create the API instance because the access token is missing.
2025-10-22T02:52:40+00:00 ERROR ProductSetSync exception: exception_code : 0; exception_class : WooCommerce\Facebook\Framework\Api\Exception: exception_message : Cannot create the API instance because the access token is missing.; exception_trace : #0 /home/dichvup1/public_html/wp-content/plugins/facebook-for-woocommerce/includes/ProductSets/ProductSetSync.php(139): WC_Facebookcommerce->get_api()
#1 /home/dichvup1/public_html/wp-content/plugins/facebook-for-woocommerce/includes/ProductSets/ProductSetSync.php(226): WooCommerce\Facebook\ProductSets\ProductSetSync->get_fb_product_set_id()
#2 /home/dichvup1/public_html/wp-content/plugins/facebook-for-woocommerce/includes/ProductSets/ProductSetSync.php(107): WooCommerce\Facebook\ProductSets\ProductSetSync->sync_all_wc_product_categories()
#3 /home/dichvup1/public_html/wp-includes/class-wp-hook.php(324): WooCommerce\Facebook\ProductSets\ProductSetSync->sync_all_product_sets()
#4 /home/dichvup1/public_html/wp-includes/class-wp-hook.php(348): WP_Hook->apply_filters()
#5 /home/dichvup1/public_html/wp-includes/plugin.php(565): WP_Hook->do_action()
#6 /home/dichvup1/public_html/wp-content/plugins/woocommerce/packages/action-scheduler/classes/actions/ActionScheduler_Action.php(86): do_action_ref_array()
#7 /home/dichvup1/public_html/wp-content/plugins/woocommerce/packages/action-scheduler/classes/abstracts/ActionScheduler_Abstract_QueueRunner.php(103): ActionScheduler_Action->execute()
#8 /home/dichvup1/public_html/wp-content/plugins/woocommerce/packages/action-scheduler/classes/ActionScheduler_QueueRunner.php(188): ActionScheduler_Abstract_QueueRunner->process_action()
#9 /home/dichvup1/public_html/wp-content/plugins/woocommerce/packages/action-scheduler/classes/ActionScheduler_QueueRunner.php(158): ActionScheduler_QueueRunner->do_batch()
#10 /home/dichvup1/public_html/wp-includes/class-wp-hook.php(324): ActionScheduler_QueueRunner->run()
#11 /home/dichvup1/public_html/wp-includes/class-wp-hook.php(348): WP_Hook->apply_filters()
#12 /home/dichvup1/public_html/wp-includes/plugin.php(517): WP_Hook->do_action()
#13 /home/dichvup1/public_html/wp-content/plugins/woocommerce/packages/action-scheduler/classes/ActionScheduler_AsyncRequest_QueueRunner.php(48): do_action()
#14 /home/dichvup1/public_html/wp-content/plugins/woocommerce/includes/libraries/wp-async-request.php(147): ActionScheduler_AsyncRequest_QueueRunner->handle()
#15 /home/dichvup1/public_html/wp-includes/class-wp-hook.php(324): WP_Async_Request->maybe_handle()
#16 /home/dichvup1/public_html/wp-includes/class-wp-hook.php(348): WP_Hook->apply_filters()
#17 /home/dichvup1/public_html/wp-includes/plugin.php(517): WP_Hook->do_action()
#18 /home/dichvup1/public_html/wp-admin/admin-ajax.php(207): do_action()
#19 {main}
2025-10-22T02:52:40+00:00 NOTICE There was an error trying to get product set data in a catalog: Cannot create the API instance because the access token is missing.
2025-10-22T02:52:40+00:00 ERROR ProductSetSync exception: exception_code : 0; exception_class : WooCommerce\Facebook\Framework\Api\Exception: exception_message : Cannot create the API instance because the access token is missing.; exception_trace : #0 /home/dichvup1/public_html/wp-content/plugins/facebook-for-woocommerce/includes/ProductSets/ProductSetSync.php(139): WC_Facebookcommerce->get_api()
#1 /home/dichvup1/public_html/wp-content/plugins/facebook-for-woocommerce/includes/ProductSets/ProductSetSync.php(226): WooCommerce\Facebook\ProductSets\ProductSetSync->get_fb_product_set_id()
#2 /home/dichvup1/public_html/wp-content/plugins/facebook-for-woocommerce/includes/ProductSets/ProductSetSync.php(107): WooCommerce\Facebook\ProductSets\ProductSetSync->sync_all_wc_product_categories()
#3 /home/dichvup1/public_html/wp-includes/class-wp-hook.php(324): WooCommerce\Facebook\ProductSets\ProductSetSync->sync_all_product_sets()
#4 /home/dichvup1/public_html/wp-includes/class-wp-hook.php(348): WP_Hook->apply_filters()
#5 /home/dichvup1/public_html/wp-includes/plugin.php(565): WP_Hook->do_action()
#6 /home/dichvup1/public_html/wp-content/plugins/woocommerce/packages/action-scheduler/classes/actions/ActionScheduler_Action.php(86): do_action_ref_array()
#7 /home/dichvup1/public_html/wp-content/plugins/woocommerce/packages/action-scheduler/classes/abstracts/ActionScheduler_Abstract_QueueRunner.php(103): ActionScheduler_Action->execute()
#8 /home/dichvup1/public_html/wp-content/plugins/woocommerce/packages/action-scheduler/classes/ActionScheduler_QueueRunner.php(188): ActionScheduler_Abstract_QueueRunner->process_action()
#9 /home/dichvup1/public_html/wp-content/plugins/woocommerce/packages/action-scheduler/classes/ActionScheduler_QueueRunner.php(158): ActionScheduler_QueueRunner->do_batch()
#10 /home/dichvup1/public_html/wp-includes/class-wp-hook.php(324): ActionScheduler_QueueRunner->run()
#11 /home/dichvup1/public_html/wp-includes/class-wp-hook.php(348): WP_Hook->apply_filters()
#12 /home/dichvup1/public_html/wp-includes/plugin.php(517): WP_Hook->do_action()
#13 /home/dichvup1/public_html/wp-content/plugins/woocommerce/packages/action-scheduler/classes/ActionScheduler_AsyncRequest_QueueRunner.php(48): do_action()
#14 /home/dichvup1/public_html/wp-content/plugins/woocommerce/includes/libraries/wp-async-request.php(147): ActionScheduler_AsyncRequest_QueueRunner->handle()
#15 /home/dichvup1/public_html/wp-includes/class-wp-hook.php(324): WP_Async_Request->maybe_handle()
#16 /home/dichvup1/public_html/wp-includes/class-wp-hook.php(348): WP_Hook->apply_filters()
#17 /home/dichvup1/public_html/wp-includes/plugin.php(517): WP_Hook->do_action()
#18 /home/dichvup1/public_html/wp-admin/admin-ajax.php(207): do_action()
#19 {main}
2025-10-22T02:52:40+00:00 WARNING Product feed scheduling failed: Integration not configured. : {"flow_name":"product_feed","flow_step":"schedule_feed_generation"}
2025-10-22T02:52:40+00:00 ERROR Error persisting error logs: Cannot create the API instance because the access token is missing. : []
2025-10-22T02:56:04+00:00 ERROR Error persisting Meta logs: Cannot create the API instance because the access token is missing. : []
2025-10-22T03:01:48+00:00 ERROR Error persisting Meta logs: Cannot create the API instance because the access token is missing. : []
2025-10-22T03:05:59+00:00 ERROR Error persisting Meta logs: Cannot create the API instance because the access token is missing. : []
2025-10-22T03:31:29+00:00 ERROR Error persisting Meta logs: Cannot create the API instance because the access token is missing. : []
2025-10-22T03:45:41+00:00 ERROR Error persisting Meta logs: Cannot create the API instance because the access token is missing. : []
2025-10-22T03:45:48+00:00 ERROR Error persisting Meta logs: Cannot create the API instance because the access token is missing. : []
2025-10-22T03:56:39+00:00 ERROR Error persisting Meta logs: Cannot create the API instance because the access token is missing. : []
2025-10-22T04:01:05+00:00 ERROR Error persisting Meta logs: Cannot create the API instance because the access token is missing. : []
2025-10-22T04:06:03+00:00 ERROR Error persisting Meta logs: Cannot create the API instance because the access token is missing. : []
2025-10-22T04:27:02+00:00 ERROR Error persisting Meta logs: Cannot create the API instance because the access token is missing. : []
2025-10-22T04:27:12+00:00 ERROR Error persisting Meta logs: Cannot create the API instance because the access token is missing. : []
2025-10-22T04:43:21+00:00 ERROR Error persisting Meta logs: Cannot create the API instance because the access token is missing. : []
2025-10-22T04:43:21+00:00 ERROR Error persisting Meta logs: Cannot create the API instance because the access token is missing. : []
2025-10-22T04:46:06+00:00 WARNING Product feed scheduling failed: Integration not configured. : {"flow_name":"product_feed","flow_step":"schedule_feed_generation"}
2025-10-22T04:46:06+00:00 ERROR Error persisting Meta logs: Cannot create the API instance because the access token is missing. : []
2025-10-22T04:51:06+00:00 ERROR Error persisting Meta logs: Cannot create the API instance because the access token is missing. : []
2025-10-22T04:56:06+00:00 ERROR Error persisting Meta logs: Cannot create the API instance because the access token is missing. : []
2025-10-22T05:01:08+00:00 ERROR Error persisting Meta logs: Cannot create the API instance because the access token is missing. : []
2025-10-22T05:06:07+00:00 ERROR Error persisting Meta logs: Cannot create the API instance because the access token is missing. : []
2025-10-22T05:11:03+00:00 ERROR Error persisting Meta logs: Cannot create the API instance because the access token is missing. : []
2025-10-22T05:16:03+00:00 ERROR Error persisting Meta logs: Cannot create the API instance because the access token is missing. : []
2025-10-22T05:21:06+00:00 ERROR Error persisting Meta logs: Cannot create the API instance because the access token is missing. : []
2025-10-22T05:28:40+00:00 ERROR Error persisting Meta logs: Cannot create the API instance because the access token is missing. : []
2025-10-22T06:05:13+00:00 ERROR Error persisting Meta logs: Cannot create the API instance because the access token is missing. : []
2025-10-22T06:05:13+00:00 WARNING Product feed scheduling failed: Integration not configured. : {"flow_name":"product_feed","flow_step":"schedule_feed_generation"}
2025-10-22T06:05:13+00:00 ERROR Error persisting error logs: Cannot create the API instance because the access token is missing. : []
2025-10-22T06:19:01+00:00 ERROR Error persisting Meta logs: Cannot create the API instance because the access token is missing. : []
2025-10-22T07:39:37+00:00 WARNING Product feed scheduling failed: Integration not configured. : {"flow_name":"product_feed","flow_step":"schedule_feed_generation"}
2025-10-22T07:44:24+00:00 ERROR Error persisting Meta logs: Cannot create the API instance because the access token is missing. : []
2025-10-22T07:51:41+00:00 ERROR Error persisting Meta logs: Cannot create the API instance because the access token is missing. : []
2025-10-22T08:00:36+00:00 ERROR Error persisting Meta logs: Cannot create the API instance because the access token is missing. : []
2025-10-22T08:06:04+00:00 ERROR Error persisting Meta logs: Cannot create the API instance because the access token is missing. : []
2025-10-22T08:13:06+00:00 ERROR Error persisting Meta logs: Cannot create the API instance because the access token is missing. : []
2025-10-22T08:25:14+00:00 ERROR Error persisting Meta logs: Cannot create the API instance because the access token is missing. : []
2025-10-22T08:26:20+00:00 ERROR Error persisting Meta logs: Cannot create the API instance because the access token is missing. : []
2025-10-22T08:36:24+00:00 ERROR Error persisting Meta logs: Cannot create the API instance because the access token is missing. : []
2025-10-22T08:36:43+00:00 ERROR Error persisting Meta logs: Cannot create the API instance because the access token is missing. : []
2025-10-22T08:50:05+00:00 ERROR Error persisting Meta logs: Cannot create the API instance because the access token is missing. : []
2025-10-22T08:50:05+00:00 WARNING Product feed scheduling failed: Integration not configured. : {"flow_name":"product_feed","flow_step":"schedule_feed_generation"}
2025-10-22T08:51:04+00:00 ERROR Error persisting Meta logs: Cannot create the API instance because the access token is missing. : []
2025-10-22T09:24:17+00:00 ERROR Error persisting Meta logs: Cannot create the API instance because the access token is missing. : []
2025-10-22T09:35:43+00:00 ERROR Error persisting Meta logs: Cannot create the API instance because the access token is missing. : []
2025-10-22T09:49:11+00:00 ERROR Error persisting Meta logs: Cannot create the API instance because the access token is missing. : []
2025-10-22T09:49:18+00:00 ERROR Error persisting error logs: Cannot create the API instance because the access token is missing. : []
2025-10-22T09:49:18+00:00 ERROR Error persisting Meta logs: Cannot create the API instance because the access token is missing. : []
2025-10-22T09:51:15+00:00 ERROR Error persisting Meta logs: Cannot create the API instance because the access token is missing. : []
2025-10-22T10:01:27+00:00 ERROR Error persisting Meta logs: Cannot create the API instance because the access token is missing. : []
2025-10-22T10:20:00+00:00 ERROR Error persisting Meta logs: Cannot create the API instance because the access token is missing. : []
2025-10-22T10:34:34+00:00 ERROR Error persisting Meta logs: Cannot create the API instance because the access token is missing. : []
2025-10-22T10:55:52+00:00 ERROR Error persisting Meta logs: Cannot create the API instance because the access token is missing. : []
2025-10-22T10:55:52+00:00 WARNING Product feed scheduling failed: Integration not configured. : {"flow_name":"product_feed","flow_step":"schedule_feed_generation"}
2025-10-22T11:01:05+00:00 ERROR Error persisting Meta logs: Cannot create the API instance because the access token is missing. : []
2025-10-22T11:06:08+00:00 ERROR Error persisting Meta logs: Cannot create the API instance because the access token is missing. : []
2025-10-22T11:11:06+00:00 ERROR Error persisting Meta logs: Cannot create the API instance because the access token is missing. : []
2025-10-22T11:16:02+00:00 ERROR Error persisting Meta logs: Cannot create the API instance because the access token is missing. : []
2025-10-22T11:21:07+00:00 ERROR Error persisting Meta logs: Cannot create the API instance because the access token is missing. : []
2025-10-22T11:26:05+00:00 ERROR Error persisting Meta logs: Cannot create the API instance because the access token is missing. : []
2025-10-22T11:31:02+00:00 ERROR Error persisting Meta logs: Cannot create the API instance because the access token is missing. : []
2025-10-22T11:36:05+00:00 ERROR Error persisting Meta logs: Cannot create the API instance because the access token is missing. : []
2025-10-22T11:41:02+00:00 ERROR Error persisting Meta logs: Cannot create the API instance because the access token is missing. : []
2025-10-22T11:46:04+00:00 ERROR Error persisting Meta logs: Cannot create the API instance because the access token is missing. : []
2025-10-22T11:51:02+00:00 ERROR Error persisting Meta logs: Cannot create the API instance because the access token is missing. : []
2025-10-22T11:56:03+00:00 ERROR Error persisting Meta logs: Cannot create the API instance because the access token is missing. : []
2025-10-22T12:01:02+00:00 ERROR Error persisting Meta logs: Cannot create the API instance because the access token is missing. : []
2025-10-22T12:06:06+00:00 ERROR Error persisting Meta logs: Cannot create the API instance because the access token is missing. : []
2025-10-22T12:11:03+00:00 ERROR Error persisting Meta logs: Cannot create the API instance because the access token is missing. : []
2025-10-22T12:16:03+00:00 ERROR Error persisting Meta logs: Cannot create the API instance because the access token is missing. : []
2025-10-22T12:21:07+00:00 ERROR Error persisting Meta logs: Cannot create the API instance because the access token is missing. : []
2025-10-22T12:26:07+00:00 ERROR Error persisting Meta logs: Cannot create the API instance because the access token is missing. : []
2025-10-22T12:31:07+00:00 ERROR Error persisting Meta logs: Cannot create the API instance because the access token is missing. : []
2025-10-22T12:36:06+00:00 ERROR Error persisting Meta logs: Cannot create the API instance because the access token is missing. : []
2025-10-22T12:41:07+00:00 ERROR Error persisting Meta logs: Cannot create the API instance because the access token is missing. : []
2025-10-22T12:46:07+00:00 WARNING Product feed scheduling failed: Integration not configured. : {"flow_name":"product_feed","flow_step":"schedule_feed_generation"}
2025-10-22T12:46:07+00:00 ERROR Error persisting Meta logs: Cannot create the API instance because the access token is missing. : []
2025-10-22T12:51:36+00:00 ERROR Error persisting Meta logs: Cannot create the API instance because the access token is missing. : []
2025-10-22T12:56:03+00:00 ERROR Error persisting Meta logs: Cannot create the API instance because the access token is missing. : []
2025-10-22T13:16:05+00:00 ERROR Error persisting Meta logs: Cannot create the API instance because the access token is missing. : []
2025-10-22T13:16:31+00:00 ERROR Error persisting Meta logs: Cannot create the API instance because the access token is missing. : []
2025-10-22T13:32:23+00:00 ERROR Error persisting Meta logs: Cannot create the API instance because the access token is missing. : []
2025-10-22T13:37:17+00:00 ERROR Error persisting Meta logs: Cannot create the API instance because the access token is missing. : []
2025-10-22T13:43:03+00:00 ERROR Error persisting Meta logs: Cannot create the API instance because the access token is missing. : []
2025-10-22T14:06:13+00:00 WARNING Product feed scheduling failed: Integration not configured. : {"flow_name":"product_feed","flow_step":"schedule_feed_generation"}
2025-10-22T14:06:13+00:00 ERROR Error persisting error logs: Cannot create the API instance because the access token is missing. : []
2025-10-22T14:06:13+00:00 ERROR Error persisting Meta logs: Cannot create the API instance because the access token is missing. : []
2025-10-22T14:20:22+00:00 ERROR Error persisting Meta logs: Cannot create the API instance because the access token is missing. : []
2025-10-22T14:25:26+00:00 ERROR Error persisting Meta logs: Cannot create the API instance because the access token is missing. : []
2025-10-22T14:27:17+00:00 ERROR Error persisting Meta logs: Cannot create the API instance because the access token is missing. : []
2025-10-22T14:31:14+00:00 ERROR Error persisting Meta logs: Cannot create the API instance because the access token is missing. : []
2025-10-22T14:36:06+00:00 ERROR Error persisting Meta logs: Cannot create the API instance because the access token is missing. : []
2025-10-22T14:41:06+00:00 ERROR Error persisting Meta logs: Cannot create the API instance because the access token is missing. : []
2025-10-22T14:46:03+00:00 ERROR Error persisting Meta logs: Cannot create the API instance because the access token is missing. : []
2025-10-22T15:16:04+00:00 ERROR Error persisting Meta logs: Cannot create the API instance because the access token is missing. : []
2025-10-22T15:27:45+00:00 ERROR Error persisting Meta logs: Cannot create the API instance because the access token is missing. : []
2025-10-22T15:42:19+00:00 ERROR Error persisting Meta logs: Cannot create the API instance because the access token is missing. : []
2025-10-22T15:55:26+00:00 WARNING Product feed scheduling failed: Integration not configured. : {"flow_name":"product_feed","flow_step":"schedule_feed_generation"}
2025-10-22T15:55:26+00:00 ERROR Error persisting Meta logs: Cannot create the API instance because the access token is missing. : []
2025-10-22T16:09:29+00:00 ERROR Error persisting Meta logs: Cannot create the API instance because the access token is missing. : []
2025-10-22T16:23:53+00:00 ERROR Error persisting Meta logs: Cannot create the API instance because the access token is missing. : []
2025-10-22T16:27:02+00:00 ERROR Error persisting Meta logs: Cannot create the API instance because the access token is missing. : []
2025-10-22T16:33:54+00:00 ERROR Error persisting Meta logs: Cannot create the API instance because the access token is missing. : []
2025-10-22T17:08:12+00:00 ERROR Error persisting Meta logs: Cannot create the API instance because the access token is missing. : []
2025-10-22T17:08:12+00:00 WARNING Product feed scheduling failed: Integration not configured. : {"flow_name":"product_feed","flow_step":"schedule_feed_generation"}
2025-10-22T17:08:12+00:00 ERROR Error persisting error logs: Cannot create the API instance because the access token is missing. : []
2025-10-22T17:15:37+00:00 ERROR Error persisting Meta logs: Cannot create the API instance because the access token is missing. : []
2025-10-22T17:15:37+00:00 ERROR Error persisting Meta logs: Cannot create the API instance because the access token is missing. : []
2025-10-22T17:21:08+00:00 ERROR Error persisting Meta logs: Cannot create the API instance because the access token is missing. : []
2025-10-22T17:26:06+00:00 ERROR Error persisting Meta logs: Cannot create the API instance because the access token is missing. : []
2025-10-22T17:32:25+00:00 ERROR Error persisting Meta logs: Cannot create the API instance because the access token is missing. : []
2025-10-22T17:36:32+00:00 ERROR Error persisting Meta logs: Cannot create the API instance because the access token is missing. : []
2025-10-22T17:50:50+00:00 ERROR Error persisting Meta logs: Cannot create the API instance because the access token is missing. : []
2025-10-22T17:58:21+00:00 ERROR Error persisting Meta logs: Cannot create the API instance because the access token is missing. : []
2025-10-22T18:21:06+00:00 ERROR Error persisting Meta logs: Cannot create the API instance because the access token is missing. : []
2025-10-22T18:42:38+00:00 ERROR Error persisting Meta logs: Cannot create the API instance because the access token is missing. : []
2025-10-22T18:49:21+00:00 WARNING Product feed scheduling failed: Integration not configured. : {"flow_name":"product_feed","flow_step":"schedule_feed_generation"}
2025-10-22T18:49:21+00:00 ERROR Error persisting Meta logs: Cannot create the API instance because the access token is missing. : []
2025-10-22T18:57:41+00:00 ERROR Error persisting Meta logs: Cannot create the API instance because the access token is missing. : []
2025-10-22T19:23:17+00:00 ERROR Error persisting Meta logs: Cannot create the API instance because the access token is missing. : []
2025-10-22T19:49:57+00:00 ERROR Error persisting Meta logs: Cannot create the API instance because the access token is missing. : []
2025-10-22T19:49:57+00:00 WARNING Product feed scheduling failed: Integration not configured. : {"flow_name":"product_feed","flow_step":"schedule_feed_generation"}
2025-10-22T21:36:06+00:00 WARNING Product feed scheduling failed: Integration not configured. : {"flow_name":"product_feed","flow_step":"schedule_feed_generation"}
2025-10-22T21:36:07+00:00 ERROR Error persisting error logs: Cannot create the API instance because the access token is missing. : []
2025-10-22T21:36:15+00:00 ERROR Error persisting Meta logs: Cannot create the API instance because the access token is missing. : []
2025-10-22T21:54:00+00:00 ERROR Error persisting Meta logs: Cannot create the API instance because the access token is missing. : []
2025-10-22T22:01:42+00:00 ERROR Error persisting Meta logs: Cannot create the API instance because the access token is missing. : []
2025-10-22T22:19:24+00:00 ERROR Error persisting Meta logs: Cannot create the API instance because the access token is missing. : []
2025-10-22T22:19:31+00:00 ERROR Error persisting Meta logs: Cannot create the API instance because the access token is missing. : []
2025-10-22T22:33:36+00:00 ERROR Error persisting Meta logs: Cannot create the API instance because the access token is missing. : []
2025-10-22T22:46:17+00:00 ERROR Error persisting Meta logs: Cannot create the API instance because the access token is missing. : []
2025-10-22T22:46:17+00:00 WARNING Product feed scheduling failed: Integration not configured. : {"flow_name":"product_feed","flow_step":"schedule_feed_generation"}
2025-10-22T23:06:17+00:00 ERROR Error persisting Meta logs: Cannot create the API instance because the access token is missing. : []
2025-10-22T23:29:17+00:00 ERROR Error persisting Meta logs: Cannot create the API instance because the access token is missing. : []
