2025-10-21T00:01:05+00:00 ERROR Error persisting Meta logs: Cannot create the API instance because the access token is missing. : []
2025-10-21T00:05:39+00:00 ERROR Error persisting Meta logs: Cannot create the API instance because the access token is missing. : []
2025-10-21T00:13:09+00:00 ERROR Error persisting Meta logs: Cannot create the API instance because the access token is missing. : []
2025-10-21T00:15:51+00:00 ERROR Error persisting Meta logs: Cannot create the API instance because the access token is missing. : []
2025-10-21T00:36:18+00:00 ERROR Error persisting Meta logs: Cannot create the API instance because the access token is missing. : []
2025-10-21T00:41:08+00:00 ERROR Error persisting Meta logs: Cannot create the API instance because the access token is missing. : []
2025-10-21T01:11:10+00:00 WARNING Product feed scheduling failed: Integration not configured. : {"flow_name":"product_feed","flow_step":"schedule_feed_generation"}
2025-10-21T01:11:10+00:00 ERROR Error persisting error logs: Cannot create the API instance because the access token is missing. : []
2025-10-21T01:11:10+00:00 ERROR Error persisting Meta logs: Cannot create the API instance because the access token is missing. : []
2025-10-21T01:23:27+00:00 ERROR Error persisting Meta logs: Cannot create the API instance because the access token is missing. : []
2025-10-21T01:35:39+00:00 ERROR Error persisting Meta logs: Cannot create the API instance because the access token is missing. : []
2025-10-21T01:56:17+00:00 ERROR Error persisting Meta logs: Cannot create the API instance because the access token is missing. : []
2025-10-21T01:56:24+00:00 ERROR Error persisting Meta logs: Cannot create the API instance because the access token is missing. : []
2025-10-21T02:06:53+00:00 ERROR Error persisting Meta logs: Cannot create the API instance because the access token is missing. : []
2025-10-21T02:26:14+00:00 ERROR Error persisting Meta logs: Cannot create the API instance because the access token is missing. : []
2025-10-21T02:35:26+00:00 ERROR Error persisting Meta logs: Cannot create the API instance because the access token is missing. : []
2025-10-21T02:36:08+00:00 ERROR Error persisting Meta logs: Cannot create the API instance because the access token is missing. : []
2025-10-21T02:52:10+00:00 ERROR Error persisting Meta logs: Cannot create the API instance because the access token is missing. : []
2025-10-21T02:52:10+00:00 NOTICE Unable to detect valid feed configuration: No catalog ID
2025-10-21T02:52:10+00:00 NOTICE There was an error trying to get product set data in a catalog: Cannot create the API instance because the access token is missing.
2025-10-21T02:52:10+00:00 ERROR ProductSetSync exception: exception_code : 0; exception_class : WooCommerce\Facebook\Framework\Api\Exception: exception_message : Cannot create the API instance because the access token is missing.; exception_trace : #0 /home/dichvup1/public_html/wp-content/plugins/facebook-for-woocommerce/includes/ProductSets/ProductSetSync.php(139): WC_Facebookcommerce->get_api()
#1 /home/dichvup1/public_html/wp-content/plugins/facebook-for-woocommerce/includes/ProductSets/ProductSetSync.php(226): WooCommerce\Facebook\ProductSets\ProductSetSync->get_fb_product_set_id()
#2 /home/dichvup1/public_html/wp-content/plugins/facebook-for-woocommerce/includes/ProductSets/ProductSetSync.php(107): WooCommerce\Facebook\ProductSets\ProductSetSync->sync_all_wc_product_categories()
#3 /home/dichvup1/public_html/wp-includes/class-wp-hook.php(324): WooCommerce\Facebook\ProductSets\ProductSetSync->sync_all_product_sets()
#4 /home/dichvup1/public_html/wp-includes/class-wp-hook.php(348): WP_Hook->apply_filters()
#5 /home/dichvup1/public_html/wp-includes/plugin.php(565): WP_Hook->do_action()
#6 /home/dichvup1/public_html/wp-content/plugins/woocommerce/packages/action-scheduler/classes/actions/ActionScheduler_Action.php(86): do_action_ref_array()
#7 /home/dichvup1/public_html/wp-content/plugins/woocommerce/packages/action-scheduler/classes/abstracts/ActionScheduler_Abstract_QueueRunner.php(103): ActionScheduler_Action->execute()
#8 /home/dichvup1/public_html/wp-content/plugins/woocommerce/packages/action-scheduler/classes/ActionScheduler_QueueRunner.php(188): ActionScheduler_Abstract_QueueRunner->process_action()
#9 /home/dichvup1/public_html/wp-content/plugins/woocommerce/packages/action-scheduler/classes/ActionScheduler_QueueRunner.php(158): ActionScheduler_QueueRunner->do_batch()
#10 /home/dichvup1/public_html/wp-includes/class-wp-hook.php(324): ActionScheduler_QueueRunner->run()
#11 /home/dichvup1/public_html/wp-includes/class-wp-hook.php(348): WP_Hook->apply_filters()
#12 /home/dichvup1/public_html/wp-includes/plugin.php(517): WP_Hook->do_action()
#13 /home/dichvup1/public_html/wp-content/plugins/woocommerce/packages/action-scheduler/classes/ActionScheduler_AsyncRequest_QueueRunner.php(48): do_action()
#14 /home/dichvup1/public_html/wp-content/plugins/woocommerce/includes/libraries/wp-async-request.php(147): ActionScheduler_AsyncRequest_QueueRunner->handle()
#15 /home/dichvup1/public_html/wp-includes/class-wp-hook.php(324): WP_Async_Request->maybe_handle()
#16 /home/dichvup1/public_html/wp-includes/class-wp-hook.php(348): WP_Hook->apply_filters()
#17 /home/dichvup1/public_html/wp-includes/plugin.php(517): WP_Hook->do_action()
#18 /home/dichvup1/public_html/wp-admin/admin-ajax.php(207): do_action()
#19 {main}
2025-10-21T02:52:10+00:00 NOTICE There was an error trying to get product set data in a catalog: Cannot create the API instance because the access token is missing.
2025-10-21T02:52:10+00:00 ERROR ProductSetSync exception: exception_code : 0; exception_class : WooCommerce\Facebook\Framework\Api\Exception: exception_message : Cannot create the API instance because the access token is missing.; exception_trace : #0 /home/dichvup1/public_html/wp-content/plugins/facebook-for-woocommerce/includes/ProductSets/ProductSetSync.php(139): WC_Facebookcommerce->get_api()
#1 /home/dichvup1/public_html/wp-content/plugins/facebook-for-woocommerce/includes/ProductSets/ProductSetSync.php(226): WooCommerce\Facebook\ProductSets\ProductSetSync->get_fb_product_set_id()
#2 /home/dichvup1/public_html/wp-content/plugins/facebook-for-woocommerce/includes/ProductSets/ProductSetSync.php(107): WooCommerce\Facebook\ProductSets\ProductSetSync->sync_all_wc_product_categories()
#3 /home/dichvup1/public_html/wp-includes/class-wp-hook.php(324): WooCommerce\Facebook\ProductSets\ProductSetSync->sync_all_product_sets()
#4 /home/dichvup1/public_html/wp-includes/class-wp-hook.php(348): WP_Hook->apply_filters()
#5 /home/dichvup1/public_html/wp-includes/plugin.php(565): WP_Hook->do_action()
#6 /home/dichvup1/public_html/wp-content/plugins/woocommerce/packages/action-scheduler/classes/actions/ActionScheduler_Action.php(86): do_action_ref_array()
#7 /home/dichvup1/public_html/wp-content/plugins/woocommerce/packages/action-scheduler/classes/abstracts/ActionScheduler_Abstract_QueueRunner.php(103): ActionScheduler_Action->execute()
#8 /home/dichvup1/public_html/wp-content/plugins/woocommerce/packages/action-scheduler/classes/ActionScheduler_QueueRunner.php(188): ActionScheduler_Abstract_QueueRunner->process_action()
#9 /home/dichvup1/public_html/wp-content/plugins/woocommerce/packages/action-scheduler/classes/ActionScheduler_QueueRunner.php(158): ActionScheduler_QueueRunner->do_batch()
#10 /home/dichvup1/public_html/wp-includes/class-wp-hook.php(324): ActionScheduler_QueueRunner->run()
#11 /home/dichvup1/public_html/wp-includes/class-wp-hook.php(348): WP_Hook->apply_filters()
#12 /home/dichvup1/public_html/wp-includes/plugin.php(517): WP_Hook->do_action()
#13 /home/dichvup1/public_html/wp-content/plugins/woocommerce/packages/action-scheduler/classes/ActionScheduler_AsyncRequest_QueueRunner.php(48): do_action()
#14 /home/dichvup1/public_html/wp-content/plugins/woocommerce/includes/libraries/wp-async-request.php(147): ActionScheduler_AsyncRequest_QueueRunner->handle()
#15 /home/dichvup1/public_html/wp-includes/class-wp-hook.php(324): WP_Async_Request->maybe_handle()
#16 /home/dichvup1/public_html/wp-includes/class-wp-hook.php(348): WP_Hook->apply_filters()
#17 /home/dichvup1/public_html/wp-includes/plugin.php(517): WP_Hook->do_action()
#18 /home/dichvup1/public_html/wp-admin/admin-ajax.php(207): do_action()
#19 {main}
2025-10-21T02:52:10+00:00 NOTICE There was an error trying to get product set data in a catalog: Cannot create the API instance because the access token is missing.
2025-10-21T02:52:10+00:00 ERROR ProductSetSync exception: exception_code : 0; exception_class : WooCommerce\Facebook\Framework\Api\Exception: exception_message : Cannot create the API instance because the access token is missing.; exception_trace : #0 /home/dichvup1/public_html/wp-content/plugins/facebook-for-woocommerce/includes/ProductSets/ProductSetSync.php(139): WC_Facebookcommerce->get_api()
#1 /home/dichvup1/public_html/wp-content/plugins/facebook-for-woocommerce/includes/ProductSets/ProductSetSync.php(226): WooCommerce\Facebook\ProductSets\ProductSetSync->get_fb_product_set_id()
#2 /home/dichvup1/public_html/wp-content/plugins/facebook-for-woocommerce/includes/ProductSets/ProductSetSync.php(107): WooCommerce\Facebook\ProductSets\ProductSetSync->sync_all_wc_product_categories()
#3 /home/dichvup1/public_html/wp-includes/class-wp-hook.php(324): WooCommerce\Facebook\ProductSets\ProductSetSync->sync_all_product_sets()
#4 /home/dichvup1/public_html/wp-includes/class-wp-hook.php(348): WP_Hook->apply_filters()
#5 /home/dichvup1/public_html/wp-includes/plugin.php(565): WP_Hook->do_action()
#6 /home/dichvup1/public_html/wp-content/plugins/woocommerce/packages/action-scheduler/classes/actions/ActionScheduler_Action.php(86): do_action_ref_array()
#7 /home/dichvup1/public_html/wp-content/plugins/woocommerce/packages/action-scheduler/classes/abstracts/ActionScheduler_Abstract_QueueRunner.php(103): ActionScheduler_Action->execute()
#8 /home/dichvup1/public_html/wp-content/plugins/woocommerce/packages/action-scheduler/classes/ActionScheduler_QueueRunner.php(188): ActionScheduler_Abstract_QueueRunner->process_action()
#9 /home/dichvup1/public_html/wp-content/plugins/woocommerce/packages/action-scheduler/classes/ActionScheduler_QueueRunner.php(158): ActionScheduler_QueueRunner->do_batch()
#10 /home/dichvup1/public_html/wp-includes/class-wp-hook.php(324): ActionScheduler_QueueRunner->run()
#11 /home/dichvup1/public_html/wp-includes/class-wp-hook.php(348): WP_Hook->apply_filters()
#12 /home/dichvup1/public_html/wp-includes/plugin.php(517): WP_Hook->do_action()
#13 /home/dichvup1/public_html/wp-content/plugins/woocommerce/packages/action-scheduler/classes/ActionScheduler_AsyncRequest_QueueRunner.php(48): do_action()
#14 /home/dichvup1/public_html/wp-content/plugins/woocommerce/includes/libraries/wp-async-request.php(147): ActionScheduler_AsyncRequest_QueueRunner->handle()
#15 /home/dichvup1/public_html/wp-includes/class-wp-hook.php(324): WP_Async_Request->maybe_handle()
#16 /home/dichvup1/public_html/wp-includes/class-wp-hook.php(348): WP_Hook->apply_filters()
#17 /home/dichvup1/public_html/wp-includes/plugin.php(517): WP_Hook->do_action()
#18 /home/dichvup1/public_html/wp-admin/admin-ajax.php(207): do_action()
#19 {main}
2025-10-21T02:52:10+00:00 NOTICE There was an error trying to get product set data in a catalog: Cannot create the API instance because the access token is missing.
2025-10-21T02:52:10+00:00 ERROR ProductSetSync exception: exception_code : 0; exception_class : WooCommerce\Facebook\Framework\Api\Exception: exception_message : Cannot create the API instance because the access token is missing.; exception_trace : #0 /home/dichvup1/public_html/wp-content/plugins/facebook-for-woocommerce/includes/ProductSets/ProductSetSync.php(139): WC_Facebookcommerce->get_api()
#1 /home/dichvup1/public_html/wp-content/plugins/facebook-for-woocommerce/includes/ProductSets/ProductSetSync.php(226): WooCommerce\Facebook\ProductSets\ProductSetSync->get_fb_product_set_id()
#2 /home/dichvup1/public_html/wp-content/plugins/facebook-for-woocommerce/includes/ProductSets/ProductSetSync.php(107): WooCommerce\Facebook\ProductSets\ProductSetSync->sync_all_wc_product_categories()
#3 /home/dichvup1/public_html/wp-includes/class-wp-hook.php(324): WooCommerce\Facebook\ProductSets\ProductSetSync->sync_all_product_sets()
#4 /home/dichvup1/public_html/wp-includes/class-wp-hook.php(348): WP_Hook->apply_filters()
#5 /home/dichvup1/public_html/wp-includes/plugin.php(565): WP_Hook->do_action()
#6 /home/dichvup1/public_html/wp-content/plugins/woocommerce/packages/action-scheduler/classes/actions/ActionScheduler_Action.php(86): do_action_ref_array()
#7 /home/dichvup1/public_html/wp-content/plugins/woocommerce/packages/action-scheduler/classes/abstracts/ActionScheduler_Abstract_QueueRunner.php(103): ActionScheduler_Action->execute()
#8 /home/dichvup1/public_html/wp-content/plugins/woocommerce/packages/action-scheduler/classes/ActionScheduler_QueueRunner.php(188): ActionScheduler_Abstract_QueueRunner->process_action()
#9 /home/dichvup1/public_html/wp-content/plugins/woocommerce/packages/action-scheduler/classes/ActionScheduler_QueueRunner.php(158): ActionScheduler_QueueRunner->do_batch()
#10 /home/dichvup1/public_html/wp-includes/class-wp-hook.php(324): ActionScheduler_QueueRunner->run()
#11 /home/dichvup1/public_html/wp-includes/class-wp-hook.php(348): WP_Hook->apply_filters()
#12 /home/dichvup1/public_html/wp-includes/plugin.php(517): WP_Hook->do_action()
#13 /home/dichvup1/public_html/wp-content/plugins/woocommerce/packages/action-scheduler/classes/ActionScheduler_AsyncRequest_QueueRunner.php(48): do_action()
#14 /home/dichvup1/public_html/wp-content/plugins/woocommerce/includes/libraries/wp-async-request.php(147): ActionScheduler_AsyncRequest_QueueRunner->handle()
#15 /home/dichvup1/public_html/wp-includes/class-wp-hook.php(324): WP_Async_Request->maybe_handle()
#16 /home/dichvup1/public_html/wp-includes/class-wp-hook.php(348): WP_Hook->apply_filters()
#17 /home/dichvup1/public_html/wp-includes/plugin.php(517): WP_Hook->do_action()
#18 /home/dichvup1/public_html/wp-admin/admin-ajax.php(207): do_action()
#19 {main}
2025-10-21T02:52:10+00:00 NOTICE There was an error trying to get product set data in a catalog: Cannot create the API instance because the access token is missing.
2025-10-21T02:52:10+00:00 ERROR ProductSetSync exception: exception_code : 0; exception_class : WooCommerce\Facebook\Framework\Api\Exception: exception_message : Cannot create the API instance because the access token is missing.; exception_trace : #0 /home/dichvup1/public_html/wp-content/plugins/facebook-for-woocommerce/includes/ProductSets/ProductSetSync.php(139): WC_Facebookcommerce->get_api()
#1 /home/dichvup1/public_html/wp-content/plugins/facebook-for-woocommerce/includes/ProductSets/ProductSetSync.php(226): WooCommerce\Facebook\ProductSets\ProductSetSync->get_fb_product_set_id()
#2 /home/dichvup1/public_html/wp-content/plugins/facebook-for-woocommerce/includes/ProductSets/ProductSetSync.php(107): WooCommerce\Facebook\ProductSets\ProductSetSync->sync_all_wc_product_categories()
#3 /home/dichvup1/public_html/wp-includes/class-wp-hook.php(324): WooCommerce\Facebook\ProductSets\ProductSetSync->sync_all_product_sets()
#4 /home/dichvup1/public_html/wp-includes/class-wp-hook.php(348): WP_Hook->apply_filters()
#5 /home/dichvup1/public_html/wp-includes/plugin.php(565): WP_Hook->do_action()
#6 /home/dichvup1/public_html/wp-content/plugins/woocommerce/packages/action-scheduler/classes/actions/ActionScheduler_Action.php(86): do_action_ref_array()
#7 /home/dichvup1/public_html/wp-content/plugins/woocommerce/packages/action-scheduler/classes/abstracts/ActionScheduler_Abstract_QueueRunner.php(103): ActionScheduler_Action->execute()
#8 /home/dichvup1/public_html/wp-content/plugins/woocommerce/packages/action-scheduler/classes/ActionScheduler_QueueRunner.php(188): ActionScheduler_Abstract_QueueRunner->process_action()
#9 /home/dichvup1/public_html/wp-content/plugins/woocommerce/packages/action-scheduler/classes/ActionScheduler_QueueRunner.php(158): ActionScheduler_QueueRunner->do_batch()
#10 /home/dichvup1/public_html/wp-includes/class-wp-hook.php(324): ActionScheduler_QueueRunner->run()
#11 /home/dichvup1/public_html/wp-includes/class-wp-hook.php(348): WP_Hook->apply_filters()
#12 /home/dichvup1/public_html/wp-includes/plugin.php(517): WP_Hook->do_action()
#13 /home/dichvup1/public_html/wp-content/plugins/woocommerce/packages/action-scheduler/classes/ActionScheduler_AsyncRequest_QueueRunner.php(48): do_action()
#14 /home/dichvup1/public_html/wp-content/plugins/woocommerce/includes/libraries/wp-async-request.php(147): ActionScheduler_AsyncRequest_QueueRunner->handle()
#15 /home/dichvup1/public_html/wp-includes/class-wp-hook.php(324): WP_Async_Request->maybe_handle()
#16 /home/dichvup1/public_html/wp-includes/class-wp-hook.php(348): WP_Hook->apply_filters()
#17 /home/dichvup1/public_html/wp-includes/plugin.php(517): WP_Hook->do_action()
#18 /home/dichvup1/public_html/wp-admin/admin-ajax.php(207): do_action()
#19 {main}
2025-10-21T02:52:10+00:00 NOTICE There was an error trying to get product set data in a catalog: Cannot create the API instance because the access token is missing.
2025-10-21T02:52:10+00:00 ERROR ProductSetSync exception: exception_code : 0; exception_class : WooCommerce\Facebook\Framework\Api\Exception: exception_message : Cannot create the API instance because the access token is missing.; exception_trace : #0 /home/dichvup1/public_html/wp-content/plugins/facebook-for-woocommerce/includes/ProductSets/ProductSetSync.php(139): WC_Facebookcommerce->get_api()
#1 /home/dichvup1/public_html/wp-content/plugins/facebook-for-woocommerce/includes/ProductSets/ProductSetSync.php(226): WooCommerce\Facebook\ProductSets\ProductSetSync->get_fb_product_set_id()
#2 /home/dichvup1/public_html/wp-content/plugins/facebook-for-woocommerce/includes/ProductSets/ProductSetSync.php(107): WooCommerce\Facebook\ProductSets\ProductSetSync->sync_all_wc_product_categories()
#3 /home/dichvup1/public_html/wp-includes/class-wp-hook.php(324): WooCommerce\Facebook\ProductSets\ProductSetSync->sync_all_product_sets()
#4 /home/dichvup1/public_html/wp-includes/class-wp-hook.php(348): WP_Hook->apply_filters()
#5 /home/dichvup1/public_html/wp-includes/plugin.php(565): WP_Hook->do_action()
#6 /home/dichvup1/public_html/wp-content/plugins/woocommerce/packages/action-scheduler/classes/actions/ActionScheduler_Action.php(86): do_action_ref_array()
#7 /home/dichvup1/public_html/wp-content/plugins/woocommerce/packages/action-scheduler/classes/abstracts/ActionScheduler_Abstract_QueueRunner.php(103): ActionScheduler_Action->execute()
#8 /home/dichvup1/public_html/wp-content/plugins/woocommerce/packages/action-scheduler/classes/ActionScheduler_QueueRunner.php(188): ActionScheduler_Abstract_QueueRunner->process_action()
#9 /home/dichvup1/public_html/wp-content/plugins/woocommerce/packages/action-scheduler/classes/ActionScheduler_QueueRunner.php(158): ActionScheduler_QueueRunner->do_batch()
#10 /home/dichvup1/public_html/wp-includes/class-wp-hook.php(324): ActionScheduler_QueueRunner->run()
#11 /home/dichvup1/public_html/wp-includes/class-wp-hook.php(348): WP_Hook->apply_filters()
#12 /home/dichvup1/public_html/wp-includes/plugin.php(517): WP_Hook->do_action()
#13 /home/dichvup1/public_html/wp-content/plugins/woocommerce/packages/action-scheduler/classes/ActionScheduler_AsyncRequest_QueueRunner.php(48): do_action()
#14 /home/dichvup1/public_html/wp-content/plugins/woocommerce/includes/libraries/wp-async-request.php(147): ActionScheduler_AsyncRequest_QueueRunner->handle()
#15 /home/dichvup1/public_html/wp-includes/class-wp-hook.php(324): WP_Async_Request->maybe_handle()
#16 /home/dichvup1/public_html/wp-includes/class-wp-hook.php(348): WP_Hook->apply_filters()
#17 /home/dichvup1/public_html/wp-includes/plugin.php(517): WP_Hook->do_action()
#18 /home/dichvup1/public_html/wp-admin/admin-ajax.php(207): do_action()
#19 {main}
2025-10-21T02:52:10+00:00 NOTICE There was an error trying to get product set data in a catalog: Cannot create the API instance because the access token is missing.
2025-10-21T02:52:10+00:00 ERROR ProductSetSync exception: exception_code : 0; exception_class : WooCommerce\Facebook\Framework\Api\Exception: exception_message : Cannot create the API instance because the access token is missing.; exception_trace : #0 /home/dichvup1/public_html/wp-content/plugins/facebook-for-woocommerce/includes/ProductSets/ProductSetSync.php(139): WC_Facebookcommerce->get_api()
#1 /home/dichvup1/public_html/wp-content/plugins/facebook-for-woocommerce/includes/ProductSets/ProductSetSync.php(226): WooCommerce\Facebook\ProductSets\ProductSetSync->get_fb_product_set_id()
#2 /home/dichvup1/public_html/wp-content/plugins/facebook-for-woocommerce/includes/ProductSets/ProductSetSync.php(107): WooCommerce\Facebook\ProductSets\ProductSetSync->sync_all_wc_product_categories()
#3 /home/dichvup1/public_html/wp-includes/class-wp-hook.php(324): WooCommerce\Facebook\ProductSets\ProductSetSync->sync_all_product_sets()
#4 /home/dichvup1/public_html/wp-includes/class-wp-hook.php(348): WP_Hook->apply_filters()
#5 /home/dichvup1/public_html/wp-includes/plugin.php(565): WP_Hook->do_action()
#6 /home/dichvup1/public_html/wp-content/plugins/woocommerce/packages/action-scheduler/classes/actions/ActionScheduler_Action.php(86): do_action_ref_array()
#7 /home/dichvup1/public_html/wp-content/plugins/woocommerce/packages/action-scheduler/classes/abstracts/ActionScheduler_Abstract_QueueRunner.php(103): ActionScheduler_Action->execute()
#8 /home/dichvup1/public_html/wp-content/plugins/woocommerce/packages/action-scheduler/classes/ActionScheduler_QueueRunner.php(188): ActionScheduler_Abstract_QueueRunner->process_action()
#9 /home/dichvup1/public_html/wp-content/plugins/woocommerce/packages/action-scheduler/classes/ActionScheduler_QueueRunner.php(158): ActionScheduler_QueueRunner->do_batch()
#10 /home/dichvup1/public_html/wp-includes/class-wp-hook.php(324): ActionScheduler_QueueRunner->run()
#11 /home/dichvup1/public_html/wp-includes/class-wp-hook.php(348): WP_Hook->apply_filters()
#12 /home/dichvup1/public_html/wp-includes/plugin.php(517): WP_Hook->do_action()
#13 /home/dichvup1/public_html/wp-content/plugins/woocommerce/packages/action-scheduler/classes/ActionScheduler_AsyncRequest_QueueRunner.php(48): do_action()
#14 /home/dichvup1/public_html/wp-content/plugins/woocommerce/includes/libraries/wp-async-request.php(147): ActionScheduler_AsyncRequest_QueueRunner->handle()
#15 /home/dichvup1/public_html/wp-includes/class-wp-hook.php(324): WP_Async_Request->maybe_handle()
#16 /home/dichvup1/public_html/wp-includes/class-wp-hook.php(348): WP_Hook->apply_filters()
#17 /home/dichvup1/public_html/wp-includes/plugin.php(517): WP_Hook->do_action()
#18 /home/dichvup1/public_html/wp-admin/admin-ajax.php(207): do_action()
#19 {main}
2025-10-21T02:52:10+00:00 NOTICE There was an error trying to get product set data in a catalog: Cannot create the API instance because the access token is missing.
2025-10-21T02:52:10+00:00 ERROR ProductSetSync exception: exception_code : 0; exception_class : WooCommerce\Facebook\Framework\Api\Exception: exception_message : Cannot create the API instance because the access token is missing.; exception_trace : #0 /home/dichvup1/public_html/wp-content/plugins/facebook-for-woocommerce/includes/ProductSets/ProductSetSync.php(139): WC_Facebookcommerce->get_api()
#1 /home/dichvup1/public_html/wp-content/plugins/facebook-for-woocommerce/includes/ProductSets/ProductSetSync.php(226): WooCommerce\Facebook\ProductSets\ProductSetSync->get_fb_product_set_id()
#2 /home/dichvup1/public_html/wp-content/plugins/facebook-for-woocommerce/includes/ProductSets/ProductSetSync.php(107): WooCommerce\Facebook\ProductSets\ProductSetSync->sync_all_wc_product_categories()
#3 /home/dichvup1/public_html/wp-includes/class-wp-hook.php(324): WooCommerce\Facebook\ProductSets\ProductSetSync->sync_all_product_sets()
#4 /home/dichvup1/public_html/wp-includes/class-wp-hook.php(348): WP_Hook->apply_filters()
#5 /home/dichvup1/public_html/wp-includes/plugin.php(565): WP_Hook->do_action()
#6 /home/dichvup1/public_html/wp-content/plugins/woocommerce/packages/action-scheduler/classes/actions/ActionScheduler_Action.php(86): do_action_ref_array()
#7 /home/dichvup1/public_html/wp-content/plugins/woocommerce/packages/action-scheduler/classes/abstracts/ActionScheduler_Abstract_QueueRunner.php(103): ActionScheduler_Action->execute()
#8 /home/dichvup1/public_html/wp-content/plugins/woocommerce/packages/action-scheduler/classes/ActionScheduler_QueueRunner.php(188): ActionScheduler_Abstract_QueueRunner->process_action()
#9 /home/dichvup1/public_html/wp-content/plugins/woocommerce/packages/action-scheduler/classes/ActionScheduler_QueueRunner.php(158): ActionScheduler_QueueRunner->do_batch()
#10 /home/dichvup1/public_html/wp-includes/class-wp-hook.php(324): ActionScheduler_QueueRunner->run()
#11 /home/dichvup1/public_html/wp-includes/class-wp-hook.php(348): WP_Hook->apply_filters()
#12 /home/dichvup1/public_html/wp-includes/plugin.php(517): WP_Hook->do_action()
#13 /home/dichvup1/public_html/wp-content/plugins/woocommerce/packages/action-scheduler/classes/ActionScheduler_AsyncRequest_QueueRunner.php(48): do_action()
#14 /home/dichvup1/public_html/wp-content/plugins/woocommerce/includes/libraries/wp-async-request.php(147): ActionScheduler_AsyncRequest_QueueRunner->handle()
#15 /home/dichvup1/public_html/wp-includes/class-wp-hook.php(324): WP_Async_Request->maybe_handle()
#16 /home/dichvup1/public_html/wp-includes/class-wp-hook.php(348): WP_Hook->apply_filters()
#17 /home/dichvup1/public_html/wp-includes/plugin.php(517): WP_Hook->do_action()
#18 /home/dichvup1/public_html/wp-admin/admin-ajax.php(207): do_action()
#19 {main}
2025-10-21T02:52:10+00:00 NOTICE There was an error trying to get product set data in a catalog: Cannot create the API instance because the access token is missing.
2025-10-21T02:52:10+00:00 ERROR ProductSetSync exception: exception_code : 0; exception_class : WooCommerce\Facebook\Framework\Api\Exception: exception_message : Cannot create the API instance because the access token is missing.; exception_trace : #0 /home/dichvup1/public_html/wp-content/plugins/facebook-for-woocommerce/includes/ProductSets/ProductSetSync.php(139): WC_Facebookcommerce->get_api()
#1 /home/dichvup1/public_html/wp-content/plugins/facebook-for-woocommerce/includes/ProductSets/ProductSetSync.php(226): WooCommerce\Facebook\ProductSets\ProductSetSync->get_fb_product_set_id()
#2 /home/dichvup1/public_html/wp-content/plugins/facebook-for-woocommerce/includes/ProductSets/ProductSetSync.php(107): WooCommerce\Facebook\ProductSets\ProductSetSync->sync_all_wc_product_categories()
#3 /home/dichvup1/public_html/wp-includes/class-wp-hook.php(324): WooCommerce\Facebook\ProductSets\ProductSetSync->sync_all_product_sets()
#4 /home/dichvup1/public_html/wp-includes/class-wp-hook.php(348): WP_Hook->apply_filters()
#5 /home/dichvup1/public_html/wp-includes/plugin.php(565): WP_Hook->do_action()
#6 /home/dichvup1/public_html/wp-content/plugins/woocommerce/packages/action-scheduler/classes/actions/ActionScheduler_Action.php(86): do_action_ref_array()
#7 /home/dichvup1/public_html/wp-content/plugins/woocommerce/packages/action-scheduler/classes/abstracts/ActionScheduler_Abstract_QueueRunner.php(103): ActionScheduler_Action->execute()
#8 /home/dichvup1/public_html/wp-content/plugins/woocommerce/packages/action-scheduler/classes/ActionScheduler_QueueRunner.php(188): ActionScheduler_Abstract_QueueRunner->process_action()
#9 /home/dichvup1/public_html/wp-content/plugins/woocommerce/packages/action-scheduler/classes/ActionScheduler_QueueRunner.php(158): ActionScheduler_QueueRunner->do_batch()
#10 /home/dichvup1/public_html/wp-includes/class-wp-hook.php(324): ActionScheduler_QueueRunner->run()
#11 /home/dichvup1/public_html/wp-includes/class-wp-hook.php(348): WP_Hook->apply_filters()
#12 /home/dichvup1/public_html/wp-includes/plugin.php(517): WP_Hook->do_action()
#13 /home/dichvup1/public_html/wp-content/plugins/woocommerce/packages/action-scheduler/classes/ActionScheduler_AsyncRequest_QueueRunner.php(48): do_action()
#14 /home/dichvup1/public_html/wp-content/plugins/woocommerce/includes/libraries/wp-async-request.php(147): ActionScheduler_AsyncRequest_QueueRunner->handle()
#15 /home/dichvup1/public_html/wp-includes/class-wp-hook.php(324): WP_Async_Request->maybe_handle()
#16 /home/dichvup1/public_html/wp-includes/class-wp-hook.php(348): WP_Hook->apply_filters()
#17 /home/dichvup1/public_html/wp-includes/plugin.php(517): WP_Hook->do_action()
#18 /home/dichvup1/public_html/wp-admin/admin-ajax.php(207): do_action()
#19 {main}
2025-10-21T02:52:10+00:00 NOTICE There was an error trying to get product set data in a catalog: Cannot create the API instance because the access token is missing.
2025-10-21T02:52:10+00:00 ERROR ProductSetSync exception: exception_code : 0; exception_class : WooCommerce\Facebook\Framework\Api\Exception: exception_message : Cannot create the API instance because the access token is missing.; exception_trace : #0 /home/dichvup1/public_html/wp-content/plugins/facebook-for-woocommerce/includes/ProductSets/ProductSetSync.php(139): WC_Facebookcommerce->get_api()
#1 /home/dichvup1/public_html/wp-content/plugins/facebook-for-woocommerce/includes/ProductSets/ProductSetSync.php(226): WooCommerce\Facebook\ProductSets\ProductSetSync->get_fb_product_set_id()
#2 /home/dichvup1/public_html/wp-content/plugins/facebook-for-woocommerce/includes/ProductSets/ProductSetSync.php(107): WooCommerce\Facebook\ProductSets\ProductSetSync->sync_all_wc_product_categories()
#3 /home/dichvup1/public_html/wp-includes/class-wp-hook.php(324): WooCommerce\Facebook\ProductSets\ProductSetSync->sync_all_product_sets()
#4 /home/dichvup1/public_html/wp-includes/class-wp-hook.php(348): WP_Hook->apply_filters()
#5 /home/dichvup1/public_html/wp-includes/plugin.php(565): WP_Hook->do_action()
#6 /home/dichvup1/public_html/wp-content/plugins/woocommerce/packages/action-scheduler/classes/actions/ActionScheduler_Action.php(86): do_action_ref_array()
#7 /home/dichvup1/public_html/wp-content/plugins/woocommerce/packages/action-scheduler/classes/abstracts/ActionScheduler_Abstract_QueueRunner.php(103): ActionScheduler_Action->execute()
#8 /home/dichvup1/public_html/wp-content/plugins/woocommerce/packages/action-scheduler/classes/ActionScheduler_QueueRunner.php(188): ActionScheduler_Abstract_QueueRunner->process_action()
#9 /home/dichvup1/public_html/wp-content/plugins/woocommerce/packages/action-scheduler/classes/ActionScheduler_QueueRunner.php(158): ActionScheduler_QueueRunner->do_batch()
#10 /home/dichvup1/public_html/wp-includes/class-wp-hook.php(324): ActionScheduler_QueueRunner->run()
#11 /home/dichvup1/public_html/wp-includes/class-wp-hook.php(348): WP_Hook->apply_filters()
#12 /home/dichvup1/public_html/wp-includes/plugin.php(517): WP_Hook->do_action()
#13 /home/dichvup1/public_html/wp-content/plugins/woocommerce/packages/action-scheduler/classes/ActionScheduler_AsyncRequest_QueueRunner.php(48): do_action()
#14 /home/dichvup1/public_html/wp-content/plugins/woocommerce/includes/libraries/wp-async-request.php(147): ActionScheduler_AsyncRequest_QueueRunner->handle()
#15 /home/dichvup1/public_html/wp-includes/class-wp-hook.php(324): WP_Async_Request->maybe_handle()
#16 /home/dichvup1/public_html/wp-includes/class-wp-hook.php(348): WP_Hook->apply_filters()
#17 /home/dichvup1/public_html/wp-includes/plugin.php(517): WP_Hook->do_action()
#18 /home/dichvup1/public_html/wp-admin/admin-ajax.php(207): do_action()
#19 {main}
2025-10-21T02:52:10+00:00 NOTICE There was an error trying to get product set data in a catalog: Cannot create the API instance because the access token is missing.
2025-10-21T02:52:10+00:00 ERROR ProductSetSync exception: exception_code : 0; exception_class : WooCommerce\Facebook\Framework\Api\Exception: exception_message : Cannot create the API instance because the access token is missing.; exception_trace : #0 /home/dichvup1/public_html/wp-content/plugins/facebook-for-woocommerce/includes/ProductSets/ProductSetSync.php(139): WC_Facebookcommerce->get_api()
#1 /home/dichvup1/public_html/wp-content/plugins/facebook-for-woocommerce/includes/ProductSets/ProductSetSync.php(226): WooCommerce\Facebook\ProductSets\ProductSetSync->get_fb_product_set_id()
#2 /home/dichvup1/public_html/wp-content/plugins/facebook-for-woocommerce/includes/ProductSets/ProductSetSync.php(107): WooCommerce\Facebook\ProductSets\ProductSetSync->sync_all_wc_product_categories()
#3 /home/dichvup1/public_html/wp-includes/class-wp-hook.php(324): WooCommerce\Facebook\ProductSets\ProductSetSync->sync_all_product_sets()
#4 /home/dichvup1/public_html/wp-includes/class-wp-hook.php(348): WP_Hook->apply_filters()
#5 /home/dichvup1/public_html/wp-includes/plugin.php(565): WP_Hook->do_action()
#6 /home/dichvup1/public_html/wp-content/plugins/woocommerce/packages/action-scheduler/classes/actions/ActionScheduler_Action.php(86): do_action_ref_array()
#7 /home/dichvup1/public_html/wp-content/plugins/woocommerce/packages/action-scheduler/classes/abstracts/ActionScheduler_Abstract_QueueRunner.php(103): ActionScheduler_Action->execute()
#8 /home/dichvup1/public_html/wp-content/plugins/woocommerce/packages/action-scheduler/classes/ActionScheduler_QueueRunner.php(188): ActionScheduler_Abstract_QueueRunner->process_action()
#9 /home/dichvup1/public_html/wp-content/plugins/woocommerce/packages/action-scheduler/classes/ActionScheduler_QueueRunner.php(158): ActionScheduler_QueueRunner->do_batch()
#10 /home/dichvup1/public_html/wp-includes/class-wp-hook.php(324): ActionScheduler_QueueRunner->run()
#11 /home/dichvup1/public_html/wp-includes/class-wp-hook.php(348): WP_Hook->apply_filters()
#12 /home/dichvup1/public_html/wp-includes/plugin.php(517): WP_Hook->do_action()
#13 /home/dichvup1/public_html/wp-content/plugins/woocommerce/packages/action-scheduler/classes/ActionScheduler_AsyncRequest_QueueRunner.php(48): do_action()
#14 /home/dichvup1/public_html/wp-content/plugins/woocommerce/includes/libraries/wp-async-request.php(147): ActionScheduler_AsyncRequest_QueueRunner->handle()
#15 /home/dichvup1/public_html/wp-includes/class-wp-hook.php(324): WP_Async_Request->maybe_handle()
#16 /home/dichvup1/public_html/wp-includes/class-wp-hook.php(348): WP_Hook->apply_filters()
#17 /home/dichvup1/public_html/wp-includes/plugin.php(517): WP_Hook->do_action()
#18 /home/dichvup1/public_html/wp-admin/admin-ajax.php(207): do_action()
#19 {main}
2025-10-21T02:52:10+00:00 NOTICE There was an error trying to get product set data in a catalog: Cannot create the API instance because the access token is missing.
2025-10-21T02:52:10+00:00 ERROR ProductSetSync exception: exception_code : 0; exception_class : WooCommerce\Facebook\Framework\Api\Exception: exception_message : Cannot create the API instance because the access token is missing.; exception_trace : #0 /home/dichvup1/public_html/wp-content/plugins/facebook-for-woocommerce/includes/ProductSets/ProductSetSync.php(139): WC_Facebookcommerce->get_api()
#1 /home/dichvup1/public_html/wp-content/plugins/facebook-for-woocommerce/includes/ProductSets/ProductSetSync.php(226): WooCommerce\Facebook\ProductSets\ProductSetSync->get_fb_product_set_id()
#2 /home/dichvup1/public_html/wp-content/plugins/facebook-for-woocommerce/includes/ProductSets/ProductSetSync.php(107): WooCommerce\Facebook\ProductSets\ProductSetSync->sync_all_wc_product_categories()
#3 /home/dichvup1/public_html/wp-includes/class-wp-hook.php(324): WooCommerce\Facebook\ProductSets\ProductSetSync->sync_all_product_sets()
#4 /home/dichvup1/public_html/wp-includes/class-wp-hook.php(348): WP_Hook->apply_filters()
#5 /home/dichvup1/public_html/wp-includes/plugin.php(565): WP_Hook->do_action()
#6 /home/dichvup1/public_html/wp-content/plugins/woocommerce/packages/action-scheduler/classes/actions/ActionScheduler_Action.php(86): do_action_ref_array()
#7 /home/dichvup1/public_html/wp-content/plugins/woocommerce/packages/action-scheduler/classes/abstracts/ActionScheduler_Abstract_QueueRunner.php(103): ActionScheduler_Action->execute()
#8 /home/dichvup1/public_html/wp-content/plugins/woocommerce/packages/action-scheduler/classes/ActionScheduler_QueueRunner.php(188): ActionScheduler_Abstract_QueueRunner->process_action()
#9 /home/dichvup1/public_html/wp-content/plugins/woocommerce/packages/action-scheduler/classes/ActionScheduler_QueueRunner.php(158): ActionScheduler_QueueRunner->do_batch()
#10 /home/dichvup1/public_html/wp-includes/class-wp-hook.php(324): ActionScheduler_QueueRunner->run()
#11 /home/dichvup1/public_html/wp-includes/class-wp-hook.php(348): WP_Hook->apply_filters()
#12 /home/dichvup1/public_html/wp-includes/plugin.php(517): WP_Hook->do_action()
#13 /home/dichvup1/public_html/wp-content/plugins/woocommerce/packages/action-scheduler/classes/ActionScheduler_AsyncRequest_QueueRunner.php(48): do_action()
#14 /home/dichvup1/public_html/wp-content/plugins/woocommerce/includes/libraries/wp-async-request.php(147): ActionScheduler_AsyncRequest_QueueRunner->handle()
#15 /home/dichvup1/public_html/wp-includes/class-wp-hook.php(324): WP_Async_Request->maybe_handle()
#16 /home/dichvup1/public_html/wp-includes/class-wp-hook.php(348): WP_Hook->apply_filters()
#17 /home/dichvup1/public_html/wp-includes/plugin.php(517): WP_Hook->do_action()
#18 /home/dichvup1/public_html/wp-admin/admin-ajax.php(207): do_action()
#19 {main}
2025-10-21T02:52:10+00:00 WARNING Product feed scheduling failed: Integration not configured. : {"flow_name":"product_feed","flow_step":"schedule_feed_generation"}
2025-10-21T02:58:26+00:00 ERROR Error persisting Meta logs: Cannot create the API instance because the access token is missing. : []
2025-10-21T03:06:23+00:00 ERROR Error persisting Meta logs: Cannot create the API instance because the access token is missing. : []
2025-10-21T03:06:31+00:00 ERROR Error persisting Meta logs: Cannot create the API instance because the access token is missing. : []
2025-10-21T03:20:23+00:00 ERROR Error persisting Meta logs: Cannot create the API instance because the access token is missing. : []
2025-10-21T03:20:31+00:00 ERROR Error persisting Meta logs: Cannot create the API instance because the access token is missing. : []
2025-10-21T03:23:17+00:00 ERROR Error persisting Meta logs: Cannot create the API instance because the access token is missing. : []
2025-10-21T03:29:31+00:00 ERROR Error persisting Meta logs: Cannot create the API instance because the access token is missing. : []
2025-10-21T03:35:39+00:00 ERROR Error persisting Meta logs: Cannot create the API instance because the access token is missing. : []
2025-10-21T03:35:56+00:00 ERROR Error persisting Meta logs: Cannot create the API instance because the access token is missing. : []
2025-10-21T03:57:01+00:00 ERROR Error persisting Meta logs: Cannot create the API instance because the access token is missing. : []
2025-10-21T03:57:01+00:00 WARNING Product feed scheduling failed: Integration not configured. : {"flow_name":"product_feed","flow_step":"schedule_feed_generation"}
2025-10-21T04:19:31+00:00 ERROR Error persisting Meta logs: Cannot create the API instance because the access token is missing. : []
2025-10-21T04:19:38+00:00 ERROR Error persisting Meta logs: Cannot create the API instance because the access token is missing. : []
2025-10-21T04:33:42+00:00 ERROR Error persisting Meta logs: Cannot create the API instance because the access token is missing. : []
2025-10-21T04:35:57+00:00 ERROR Error persisting Meta logs: Cannot create the API instance because the access token is missing. : []
2025-10-21T04:42:12+00:00 ERROR Error persisting Meta logs: Cannot create the API instance because the access token is missing. : []
2025-10-21T04:46:35+00:00 ERROR Error persisting error logs: Cannot create the API instance because the access token is missing. : []
2025-10-21T04:46:35+00:00 ERROR Error persisting Meta logs: Cannot create the API instance because the access token is missing. : []
2025-10-21T04:56:59+00:00 ERROR Error persisting Meta logs: Cannot create the API instance because the access token is missing. : []
2025-10-21T05:06:52+00:00 ERROR Error persisting Meta logs: Cannot create the API instance because the access token is missing. : []
2025-10-21T05:06:59+00:00 ERROR Error persisting Meta logs: Cannot create the API instance because the access token is missing. : []
2025-10-21T05:11:13+00:00 ERROR Error persisting Meta logs: Cannot create the API instance because the access token is missing. : []
2025-10-21T05:17:10+00:00 ERROR Error persisting Meta logs: Cannot create the API instance because the access token is missing. : []
2025-10-21T05:39:55+00:00 ERROR Error persisting Meta logs: Cannot create the API instance because the access token is missing. : []
2025-10-21T05:47:12+00:00 ERROR Error persisting Meta logs: Cannot create the API instance because the access token is missing. : []
2025-10-21T05:47:20+00:00 WARNING Product feed scheduling failed: Integration not configured. : {"flow_name":"product_feed","flow_step":"schedule_feed_generation"}
2025-10-21T05:47:20+00:00 ERROR Error persisting Meta logs: Cannot create the API instance because the access token is missing. : []
2025-10-21T06:09:54+00:00 ERROR Error persisting Meta logs: Cannot create the API instance because the access token is missing. : []
2025-10-21T06:10:02+00:00 ERROR Error persisting Meta logs: Cannot create the API instance because the access token is missing. : []
2025-10-21T06:14:36+00:00 ERROR Error persisting Meta logs: Cannot create the API instance because the access token is missing. : []
2025-10-21T06:16:47+00:00 ERROR Error persisting Meta logs: Cannot create the API instance because the access token is missing. : []
2025-10-21T06:22:56+00:00 ERROR Error persisting Meta logs: Cannot create the API instance because the access token is missing. : []
2025-10-21T06:27:32+00:00 ERROR Error persisting Meta logs: Cannot create the API instance because the access token is missing. : []
2025-10-21T06:38:57+00:00 ERROR Error persisting Meta logs: Cannot create the API instance because the access token is missing. : []
2025-10-21T06:43:46+00:00 ERROR Error persisting Meta logs: Cannot create the API instance because the access token is missing. : []
2025-10-21T06:46:38+00:00 ERROR Error persisting Meta logs: Cannot create the API instance because the access token is missing. : []
2025-10-21T06:58:04+00:00 ERROR Error persisting Meta logs: Cannot create the API instance because the access token is missing. : []
2025-10-21T07:11:16+00:00 ERROR Error persisting Meta logs: Cannot create the API instance because the access token is missing. : []
2025-10-21T07:11:23+00:00 ERROR Error persisting Meta logs: Cannot create the API instance because the access token is missing. : []
2025-10-21T07:23:51+00:00 ERROR Error persisting Meta logs: Cannot create the API instance because the access token is missing. : []
2025-10-21T07:42:17+00:00 ERROR Error persisting Meta logs: Cannot create the API instance because the access token is missing. : []
2025-10-21T07:55:46+00:00 WARNING Product feed scheduling failed: Integration not configured. : {"flow_name":"product_feed","flow_step":"schedule_feed_generation"}
2025-10-21T07:55:46+00:00 ERROR Error persisting error logs: Cannot create the API instance because the access token is missing. : []
2025-10-21T07:55:46+00:00 ERROR Error persisting Meta logs: Cannot create the API instance because the access token is missing. : []
2025-10-21T08:12:58+00:00 ERROR Error persisting Meta logs: Cannot create the API instance because the access token is missing. : []
2025-10-21T08:13:14+00:00 ERROR Error persisting Meta logs: Cannot create the API instance because the access token is missing. : []
2025-10-21T08:27:49+00:00 ERROR Error persisting Meta logs: Cannot create the API instance because the access token is missing. : []
2025-10-21T08:48:20+00:00 ERROR Error persisting Meta logs: Cannot create the API instance because the access token is missing. : []
2025-10-21T08:59:52+00:00 ERROR Error persisting Meta logs: Cannot create the API instance because the access token is missing. : []
2025-10-21T08:59:59+00:00 ERROR Error persisting Meta logs: Cannot create the API instance because the access token is missing. : []
2025-10-21T09:15:58+00:00 ERROR Error persisting Meta logs: Cannot create the API instance because the access token is missing. : []
2025-10-21T09:21:56+00:00 ERROR Error persisting Meta logs: Cannot create the API instance because the access token is missing. : []
2025-10-21T09:27:03+00:00 ERROR Error persisting Meta logs: Cannot create the API instance because the access token is missing. : []
2025-10-21T09:39:07+00:00 ERROR Error persisting Meta logs: Cannot create the API instance because the access token is missing. : []
2025-10-21T09:39:17+00:00 ERROR Error persisting Meta logs: Cannot create the API instance because the access token is missing. : []
2025-10-21T09:43:30+00:00 ERROR Error persisting Meta logs: Cannot create the API instance because the access token is missing. : []
2025-10-21T10:01:13+00:00 WARNING Product feed scheduling failed: Integration not configured. : {"flow_name":"product_feed","flow_step":"schedule_feed_generation"}
2025-10-21T10:01:13+00:00 ERROR Error persisting Meta logs: Cannot create the API instance because the access token is missing. : []
2025-10-21T10:22:58+00:00 ERROR Error persisting Meta logs: Cannot create the API instance because the access token is missing. : []
2025-10-21T10:26:07+00:00 ERROR Error persisting Meta logs: Cannot create the API instance because the access token is missing. : []
2025-10-21T10:31:06+00:00 ERROR Error persisting Meta logs: Cannot create the API instance because the access token is missing. : []
2025-10-21T10:36:05+00:00 ERROR Error persisting Meta logs: Cannot create the API instance because the access token is missing. : []
2025-10-21T10:41:06+00:00 ERROR Error persisting Meta logs: Cannot create the API instance because the access token is missing. : []
2025-10-21T10:46:06+00:00 ERROR Error persisting Meta logs: Cannot create the API instance because the access token is missing. : []
2025-10-21T10:51:05+00:00 ERROR Error persisting Meta logs: Cannot create the API instance because the access token is missing. : []
2025-10-21T12:02:10+00:00 WARNING Product feed scheduling failed: Integration not configured. : {"flow_name":"product_feed","flow_step":"schedule_feed_generation"}
2025-10-21T12:02:10+00:00 ERROR Error persisting error logs: Cannot create the API instance because the access token is missing. : []
2025-10-21T12:02:10+00:00 ERROR Error persisting Meta logs: Cannot create the API instance because the access token is missing. : []
2025-10-21T12:18:40+00:00 ERROR Error persisting Meta logs: Cannot create the API instance because the access token is missing. : []
2025-10-21T12:43:22+00:00 ERROR Error persisting Meta logs: Cannot create the API instance because the access token is missing. : []
2025-10-21T12:58:34+00:00 ERROR Error persisting Meta logs: Cannot create the API instance because the access token is missing. : []
2025-10-21T14:07:14+00:00 WARNING Product feed scheduling failed: Integration not configured. : {"flow_name":"product_feed","flow_step":"schedule_feed_generation"}
2025-10-21T14:07:14+00:00 ERROR Error persisting Meta logs: Cannot create the API instance because the access token is missing. : []
2025-10-21T14:26:47+00:00 ERROR Error persisting Meta logs: Cannot create the API instance because the access token is missing. : []
2025-10-21T14:38:18+00:00 ERROR Error persisting Meta logs: Cannot create the API instance because the access token is missing. : []
2025-10-21T14:41:08+00:00 ERROR Error persisting Meta logs: Cannot create the API instance because the access token is missing. : []
2025-10-21T14:46:08+00:00 ERROR Error persisting Meta logs: Cannot create the API instance because the access token is missing. : []
2025-10-21T14:51:05+00:00 ERROR Error persisting Meta logs: Cannot create the API instance because the access token is missing. : []
2025-10-21T15:07:13+00:00 ERROR Error persisting Meta logs: Cannot create the API instance because the access token is missing. : []
2025-10-21T15:36:10+00:00 ERROR Error persisting Meta logs: Cannot create the API instance because the access token is missing. : []
2025-10-21T15:58:15+00:00 ERROR Error persisting Meta logs: Cannot create the API instance because the access token is missing. : []
2025-10-21T15:58:15+00:00 WARNING Product feed scheduling failed: Integration not configured. : {"flow_name":"product_feed","flow_step":"schedule_feed_generation"}
2025-10-21T15:58:15+00:00 ERROR Error persisting error logs: Cannot create the API instance because the access token is missing. : []
2025-10-21T16:11:46+00:00 ERROR Error persisting Meta logs: Cannot create the API instance because the access token is missing. : []
2025-10-21T16:17:34+00:00 ERROR Error persisting Meta logs: Cannot create the API instance because the access token is missing. : []
2025-10-21T16:41:52+00:00 ERROR Error persisting Meta logs: Cannot create the API instance because the access token is missing. : []
2025-10-21T16:53:48+00:00 ERROR Error persisting Meta logs: Cannot create the API instance because the access token is missing. : []
2025-10-21T17:12:38+00:00 ERROR Error persisting Meta logs: Cannot create the API instance because the access token is missing. : []
2025-10-21T17:27:52+00:00 ERROR Error persisting Meta logs: Cannot create the API instance because the access token is missing. : []
2025-10-21T17:31:06+00:00 ERROR Error persisting Meta logs: Cannot create the API instance because the access token is missing. : []
2025-10-21T17:36:02+00:00 ERROR Error persisting Meta logs: Cannot create the API instance because the access token is missing. : []
2025-10-21T18:08:47+00:00 ERROR Error persisting Meta logs: Cannot create the API instance because the access token is missing. : []
2025-10-21T18:08:47+00:00 WARNING Product feed scheduling failed: Integration not configured. : {"flow_name":"product_feed","flow_step":"schedule_feed_generation"}
2025-10-21T18:16:10+00:00 ERROR Error persisting Meta logs: Cannot create the API instance because the access token is missing. : []
2025-10-21T18:34:44+00:00 ERROR Error persisting Meta logs: Cannot create the API instance because the access token is missing. : []
2025-10-21T18:36:04+00:00 ERROR Error persisting Meta logs: Cannot create the API instance because the access token is missing. : []
2025-10-21T18:41:05+00:00 ERROR Error persisting Meta logs: Cannot create the API instance because the access token is missing. : []
2025-10-21T18:46:04+00:00 ERROR Error persisting Meta logs: Cannot create the API instance because the access token is missing. : []
2025-10-21T19:14:51+00:00 ERROR Error persisting Meta logs: Cannot create the API instance because the access token is missing. : []
2025-10-21T19:34:09+00:00 ERROR Error persisting Meta logs: Cannot create the API instance because the access token is missing. : []
2025-10-21T19:42:03+00:00 ERROR Error persisting Meta logs: Cannot create the API instance because the access token is missing. : []
2025-10-21T19:46:06+00:00 WARNING Product feed scheduling failed: Integration not configured. : {"flow_name":"product_feed","flow_step":"schedule_feed_generation"}
2025-10-21T19:46:06+00:00 ERROR Error persisting error logs: Cannot create the API instance because the access token is missing. : []
2025-10-21T19:46:06+00:00 ERROR Error persisting Meta logs: Cannot create the API instance because the access token is missing. : []
2025-10-21T19:51:06+00:00 ERROR Error persisting Meta logs: Cannot create the API instance because the access token is missing. : []
2025-10-21T19:57:52+00:00 ERROR Error persisting Meta logs: Cannot create the API instance because the access token is missing. : []
2025-10-21T20:17:58+00:00 ERROR Error persisting Meta logs: Cannot create the API instance because the access token is missing. : []
2025-10-21T20:18:09+00:00 ERROR Error persisting Meta logs: Cannot create the API instance because the access token is missing. : []
2025-10-21T20:32:14+00:00 ERROR Error persisting Meta logs: Cannot create the API instance because the access token is missing. : []
2025-10-21T20:55:06+00:00 ERROR Error persisting Meta logs: Cannot create the API instance because the access token is missing. : []
2025-10-21T20:55:06+00:00 WARNING Product feed scheduling failed: Integration not configured. : {"flow_name":"product_feed","flow_step":"schedule_feed_generation"}
2025-10-21T20:56:11+00:00 ERROR Error persisting Meta logs: Cannot create the API instance because the access token is missing. : []
2025-10-21T21:01:08+00:00 ERROR Error persisting Meta logs: Cannot create the API instance because the access token is missing. : []
2025-10-21T21:05:38+00:00 ERROR Error persisting Meta logs: Cannot create the API instance because the access token is missing. : []
2025-10-21T21:11:04+00:00 ERROR Error persisting Meta logs: Cannot create the API instance because the access token is missing. : []
2025-10-21T21:16:07+00:00 ERROR Error persisting Meta logs: Cannot create the API instance because the access token is missing. : []
2025-10-21T21:21:05+00:00 ERROR Error persisting Meta logs: Cannot create the API instance because the access token is missing. : []
2025-10-21T21:29:24+00:00 ERROR Error persisting Meta logs: Cannot create the API instance because the access token is missing. : []
2025-10-21T21:33:12+00:00 ERROR Error persisting Meta logs: Cannot create the API instance because the access token is missing. : []
2025-10-21T21:36:53+00:00 ERROR Error persisting Meta logs: Cannot create the API instance because the access token is missing. : []
2025-10-21T21:47:02+00:00 ERROR Error persisting Meta logs: Cannot create the API instance because the access token is missing. : []
2025-10-21T21:47:05+00:00 ERROR Error persisting Meta logs: Cannot create the API instance because the access token is missing. : []
2025-10-21T21:55:07+00:00 ERROR Error persisting Meta logs: Cannot create the API instance because the access token is missing. : []
2025-10-21T21:59:57+00:00 ERROR Error persisting Meta logs: Cannot create the API instance because the access token is missing. : []
2025-10-21T22:01:36+00:00 ERROR Error persisting Meta logs: Cannot create the API instance because the access token is missing. : []
2025-10-21T22:27:26+00:00 ERROR Error persisting Meta logs: Cannot create the API instance because the access token is missing. : []
2025-10-21T22:31:03+00:00 ERROR Error persisting Meta logs: Cannot create the API instance because the access token is missing. : []
2025-10-21T22:36:05+00:00 ERROR Error persisting Meta logs: Cannot create the API instance because the access token is missing. : []
2025-10-21T22:41:04+00:00 ERROR Error persisting Meta logs: Cannot create the API instance because the access token is missing. : []
2025-10-21T22:58:35+00:00 WARNING Product feed scheduling failed: Integration not configured. : {"flow_name":"product_feed","flow_step":"schedule_feed_generation"}
2025-10-21T22:58:35+00:00 ERROR Error persisting error logs: Cannot create the API instance because the access token is missing. : []
2025-10-21T22:58:35+00:00 ERROR Error persisting Meta logs: Cannot create the API instance because the access token is missing. : []
2025-10-21T23:09:12+00:00 ERROR Error persisting Meta logs: Cannot create the API instance because the access token is missing. : []
2025-10-21T23:34:23+00:00 ERROR Error persisting Meta logs: Cannot create the API instance because the access token is missing. : []
2025-10-21T23:36:05+00:00 ERROR Error persisting Meta logs: Cannot create the API instance because the access token is missing. : []
2025-10-21T23:41:04+00:00 ERROR Error persisting Meta logs: Cannot create the API instance because the access token is missing. : []
