2025-10-12T00:19:58+00:00 ERROR Error persisting Meta logs: Cannot create the API instance because the access token is missing. : []
2025-10-12T00:49:54+00:00 ERROR Error persisting Meta logs: Cannot create the API instance because the access token is missing. : []
2025-10-12T00:50:02+00:00 ERROR Error persisting Meta logs: Cannot create the API instance because the access token is missing. : []
2025-10-12T00:50:02+00:00 WARNING Product feed scheduling failed: Integration not configured. : {"flow_name":"product_feed","flow_step":"schedule_feed_generation"}
2025-10-12T01:11:05+00:00 ERROR Error persisting Meta logs: Cannot create the API instance because the access token is missing. : []
2025-10-12T01:15:57+00:00 ERROR Error persisting Meta logs: Cannot create the API instance because the access token is missing. : []
2025-10-12T01:46:46+00:00 ERROR Error persisting Meta logs: Cannot create the API instance because the access token is missing. : []
2025-10-12T02:05:07+00:00 ERROR Error persisting Meta logs: Cannot create the API instance because the access token is missing. : []
2025-10-12T02:20:01+00:00 ERROR Error persisting Meta logs: Cannot create the API instance because the access token is missing. : []
2025-10-12T02:33:05+00:00 ERROR Error persisting Meta logs: Cannot create the API instance because the access token is missing. : []
2025-10-12T02:49:54+00:00 ERROR Error persisting Meta logs: Cannot create the API instance because the access token is missing. : []
2025-10-12T02:49:59+00:00 ERROR Error persisting Meta logs: Cannot create the API instance because the access token is missing. : []
2025-10-12T02:49:59+00:00 NOTICE Unable to detect valid feed configuration: No catalog ID
2025-10-12T02:49:59+00:00 NOTICE There was an error trying to get product set data in a catalog: Cannot create the API instance because the access token is missing.
2025-10-12T02:49:59+00:00 ERROR ProductSetSync exception: exception_code : 0; exception_class : WooCommerce\Facebook\Framework\Api\Exception: exception_message : Cannot create the API instance because the access token is missing.; exception_trace : #0 /home/dichvup1/public_html/wp-content/plugins/facebook-for-woocommerce/includes/ProductSets/ProductSetSync.php(139): WC_Facebookcommerce->get_api()
#1 /home/dichvup1/public_html/wp-content/plugins/facebook-for-woocommerce/includes/ProductSets/ProductSetSync.php(226): WooCommerce\Facebook\ProductSets\ProductSetSync->get_fb_product_set_id()
#2 /home/dichvup1/public_html/wp-content/plugins/facebook-for-woocommerce/includes/ProductSets/ProductSetSync.php(107): WooCommerce\Facebook\ProductSets\ProductSetSync->sync_all_wc_product_categories()
#3 /home/dichvup1/public_html/wp-includes/class-wp-hook.php(324): WooCommerce\Facebook\ProductSets\ProductSetSync->sync_all_product_sets()
#4 /home/dichvup1/public_html/wp-includes/class-wp-hook.php(348): WP_Hook->apply_filters()
#5 /home/dichvup1/public_html/wp-includes/plugin.php(565): WP_Hook->do_action()
#6 /home/dichvup1/public_html/wp-content/plugins/woocommerce/packages/action-scheduler/classes/actions/ActionScheduler_Action.php(86): do_action_ref_array()
#7 /home/dichvup1/public_html/wp-content/plugins/woocommerce/packages/action-scheduler/classes/abstracts/ActionScheduler_Abstract_QueueRunner.php(103): ActionScheduler_Action->execute()
#8 /home/dichvup1/public_html/wp-content/plugins/woocommerce/packages/action-scheduler/classes/ActionScheduler_QueueRunner.php(188): ActionScheduler_Abstract_QueueRunner->process_action()
#9 /home/dichvup1/public_html/wp-content/plugins/woocommerce/packages/action-scheduler/classes/ActionScheduler_QueueRunner.php(158): ActionScheduler_QueueRunner->do_batch()
#10 /home/dichvup1/public_html/wp-includes/class-wp-hook.php(324): ActionScheduler_QueueRunner->run()
#11 /home/dichvup1/public_html/wp-includes/class-wp-hook.php(348): WP_Hook->apply_filters()
#12 /home/dichvup1/public_html/wp-includes/plugin.php(517): WP_Hook->do_action()
#13 /home/dichvup1/public_html/wp-content/plugins/woocommerce/packages/action-scheduler/classes/ActionScheduler_AsyncRequest_QueueRunner.php(48): do_action()
#14 /home/dichvup1/public_html/wp-content/plugins/woocommerce/includes/libraries/wp-async-request.php(147): ActionScheduler_AsyncRequest_QueueRunner->handle()
#15 /home/dichvup1/public_html/wp-includes/class-wp-hook.php(324): WP_Async_Request->maybe_handle()
#16 /home/dichvup1/public_html/wp-includes/class-wp-hook.php(348): WP_Hook->apply_filters()
#17 /home/dichvup1/public_html/wp-includes/plugin.php(517): WP_Hook->do_action()
#18 /home/dichvup1/public_html/wp-admin/admin-ajax.php(207): do_action()
#19 {main}
2025-10-12T02:49:59+00:00 NOTICE There was an error trying to get product set data in a catalog: Cannot create the API instance because the access token is missing.
2025-10-12T02:49:59+00:00 ERROR ProductSetSync exception: exception_code : 0; exception_class : WooCommerce\Facebook\Framework\Api\Exception: exception_message : Cannot create the API instance because the access token is missing.; exception_trace : #0 /home/dichvup1/public_html/wp-content/plugins/facebook-for-woocommerce/includes/ProductSets/ProductSetSync.php(139): WC_Facebookcommerce->get_api()
#1 /home/dichvup1/public_html/wp-content/plugins/facebook-for-woocommerce/includes/ProductSets/ProductSetSync.php(226): WooCommerce\Facebook\ProductSets\ProductSetSync->get_fb_product_set_id()
#2 /home/dichvup1/public_html/wp-content/plugins/facebook-for-woocommerce/includes/ProductSets/ProductSetSync.php(107): WooCommerce\Facebook\ProductSets\ProductSetSync->sync_all_wc_product_categories()
#3 /home/dichvup1/public_html/wp-includes/class-wp-hook.php(324): WooCommerce\Facebook\ProductSets\ProductSetSync->sync_all_product_sets()
#4 /home/dichvup1/public_html/wp-includes/class-wp-hook.php(348): WP_Hook->apply_filters()
#5 /home/dichvup1/public_html/wp-includes/plugin.php(565): WP_Hook->do_action()
#6 /home/dichvup1/public_html/wp-content/plugins/woocommerce/packages/action-scheduler/classes/actions/ActionScheduler_Action.php(86): do_action_ref_array()
#7 /home/dichvup1/public_html/wp-content/plugins/woocommerce/packages/action-scheduler/classes/abstracts/ActionScheduler_Abstract_QueueRunner.php(103): ActionScheduler_Action->execute()
#8 /home/dichvup1/public_html/wp-content/plugins/woocommerce/packages/action-scheduler/classes/ActionScheduler_QueueRunner.php(188): ActionScheduler_Abstract_QueueRunner->process_action()
#9 /home/dichvup1/public_html/wp-content/plugins/woocommerce/packages/action-scheduler/classes/ActionScheduler_QueueRunner.php(158): ActionScheduler_QueueRunner->do_batch()
#10 /home/dichvup1/public_html/wp-includes/class-wp-hook.php(324): ActionScheduler_QueueRunner->run()
#11 /home/dichvup1/public_html/wp-includes/class-wp-hook.php(348): WP_Hook->apply_filters()
#12 /home/dichvup1/public_html/wp-includes/plugin.php(517): WP_Hook->do_action()
#13 /home/dichvup1/public_html/wp-content/plugins/woocommerce/packages/action-scheduler/classes/ActionScheduler_AsyncRequest_QueueRunner.php(48): do_action()
#14 /home/dichvup1/public_html/wp-content/plugins/woocommerce/includes/libraries/wp-async-request.php(147): ActionScheduler_AsyncRequest_QueueRunner->handle()
#15 /home/dichvup1/public_html/wp-includes/class-wp-hook.php(324): WP_Async_Request->maybe_handle()
#16 /home/dichvup1/public_html/wp-includes/class-wp-hook.php(348): WP_Hook->apply_filters()
#17 /home/dichvup1/public_html/wp-includes/plugin.php(517): WP_Hook->do_action()
#18 /home/dichvup1/public_html/wp-admin/admin-ajax.php(207): do_action()
#19 {main}
2025-10-12T02:49:59+00:00 NOTICE There was an error trying to get product set data in a catalog: Cannot create the API instance because the access token is missing.
2025-10-12T02:49:59+00:00 ERROR ProductSetSync exception: exception_code : 0; exception_class : WooCommerce\Facebook\Framework\Api\Exception: exception_message : Cannot create the API instance because the access token is missing.; exception_trace : #0 /home/dichvup1/public_html/wp-content/plugins/facebook-for-woocommerce/includes/ProductSets/ProductSetSync.php(139): WC_Facebookcommerce->get_api()
#1 /home/dichvup1/public_html/wp-content/plugins/facebook-for-woocommerce/includes/ProductSets/ProductSetSync.php(226): WooCommerce\Facebook\ProductSets\ProductSetSync->get_fb_product_set_id()
#2 /home/dichvup1/public_html/wp-content/plugins/facebook-for-woocommerce/includes/ProductSets/ProductSetSync.php(107): WooCommerce\Facebook\ProductSets\ProductSetSync->sync_all_wc_product_categories()
#3 /home/dichvup1/public_html/wp-includes/class-wp-hook.php(324): WooCommerce\Facebook\ProductSets\ProductSetSync->sync_all_product_sets()
#4 /home/dichvup1/public_html/wp-includes/class-wp-hook.php(348): WP_Hook->apply_filters()
#5 /home/dichvup1/public_html/wp-includes/plugin.php(565): WP_Hook->do_action()
#6 /home/dichvup1/public_html/wp-content/plugins/woocommerce/packages/action-scheduler/classes/actions/ActionScheduler_Action.php(86): do_action_ref_array()
#7 /home/dichvup1/public_html/wp-content/plugins/woocommerce/packages/action-scheduler/classes/abstracts/ActionScheduler_Abstract_QueueRunner.php(103): ActionScheduler_Action->execute()
#8 /home/dichvup1/public_html/wp-content/plugins/woocommerce/packages/action-scheduler/classes/ActionScheduler_QueueRunner.php(188): ActionScheduler_Abstract_QueueRunner->process_action()
#9 /home/dichvup1/public_html/wp-content/plugins/woocommerce/packages/action-scheduler/classes/ActionScheduler_QueueRunner.php(158): ActionScheduler_QueueRunner->do_batch()
#10 /home/dichvup1/public_html/wp-includes/class-wp-hook.php(324): ActionScheduler_QueueRunner->run()
#11 /home/dichvup1/public_html/wp-includes/class-wp-hook.php(348): WP_Hook->apply_filters()
#12 /home/dichvup1/public_html/wp-includes/plugin.php(517): WP_Hook->do_action()
#13 /home/dichvup1/public_html/wp-content/plugins/woocommerce/packages/action-scheduler/classes/ActionScheduler_AsyncRequest_QueueRunner.php(48): do_action()
#14 /home/dichvup1/public_html/wp-content/plugins/woocommerce/includes/libraries/wp-async-request.php(147): ActionScheduler_AsyncRequest_QueueRunner->handle()
#15 /home/dichvup1/public_html/wp-includes/class-wp-hook.php(324): WP_Async_Request->maybe_handle()
#16 /home/dichvup1/public_html/wp-includes/class-wp-hook.php(348): WP_Hook->apply_filters()
#17 /home/dichvup1/public_html/wp-includes/plugin.php(517): WP_Hook->do_action()
#18 /home/dichvup1/public_html/wp-admin/admin-ajax.php(207): do_action()
#19 {main}
2025-10-12T02:49:59+00:00 NOTICE There was an error trying to get product set data in a catalog: Cannot create the API instance because the access token is missing.
2025-10-12T02:49:59+00:00 ERROR ProductSetSync exception: exception_code : 0; exception_class : WooCommerce\Facebook\Framework\Api\Exception: exception_message : Cannot create the API instance because the access token is missing.; exception_trace : #0 /home/dichvup1/public_html/wp-content/plugins/facebook-for-woocommerce/includes/ProductSets/ProductSetSync.php(139): WC_Facebookcommerce->get_api()
#1 /home/dichvup1/public_html/wp-content/plugins/facebook-for-woocommerce/includes/ProductSets/ProductSetSync.php(226): WooCommerce\Facebook\ProductSets\ProductSetSync->get_fb_product_set_id()
#2 /home/dichvup1/public_html/wp-content/plugins/facebook-for-woocommerce/includes/ProductSets/ProductSetSync.php(107): WooCommerce\Facebook\ProductSets\ProductSetSync->sync_all_wc_product_categories()
#3 /home/dichvup1/public_html/wp-includes/class-wp-hook.php(324): WooCommerce\Facebook\ProductSets\ProductSetSync->sync_all_product_sets()
#4 /home/dichvup1/public_html/wp-includes/class-wp-hook.php(348): WP_Hook->apply_filters()
#5 /home/dichvup1/public_html/wp-includes/plugin.php(565): WP_Hook->do_action()
#6 /home/dichvup1/public_html/wp-content/plugins/woocommerce/packages/action-scheduler/classes/actions/ActionScheduler_Action.php(86): do_action_ref_array()
#7 /home/dichvup1/public_html/wp-content/plugins/woocommerce/packages/action-scheduler/classes/abstracts/ActionScheduler_Abstract_QueueRunner.php(103): ActionScheduler_Action->execute()
#8 /home/dichvup1/public_html/wp-content/plugins/woocommerce/packages/action-scheduler/classes/ActionScheduler_QueueRunner.php(188): ActionScheduler_Abstract_QueueRunner->process_action()
#9 /home/dichvup1/public_html/wp-content/plugins/woocommerce/packages/action-scheduler/classes/ActionScheduler_QueueRunner.php(158): ActionScheduler_QueueRunner->do_batch()
#10 /home/dichvup1/public_html/wp-includes/class-wp-hook.php(324): ActionScheduler_QueueRunner->run()
#11 /home/dichvup1/public_html/wp-includes/class-wp-hook.php(348): WP_Hook->apply_filters()
#12 /home/dichvup1/public_html/wp-includes/plugin.php(517): WP_Hook->do_action()
#13 /home/dichvup1/public_html/wp-content/plugins/woocommerce/packages/action-scheduler/classes/ActionScheduler_AsyncRequest_QueueRunner.php(48): do_action()
#14 /home/dichvup1/public_html/wp-content/plugins/woocommerce/includes/libraries/wp-async-request.php(147): ActionScheduler_AsyncRequest_QueueRunner->handle()
#15 /home/dichvup1/public_html/wp-includes/class-wp-hook.php(324): WP_Async_Request->maybe_handle()
#16 /home/dichvup1/public_html/wp-includes/class-wp-hook.php(348): WP_Hook->apply_filters()
#17 /home/dichvup1/public_html/wp-includes/plugin.php(517): WP_Hook->do_action()
#18 /home/dichvup1/public_html/wp-admin/admin-ajax.php(207): do_action()
#19 {main}
2025-10-12T02:49:59+00:00 NOTICE There was an error trying to get product set data in a catalog: Cannot create the API instance because the access token is missing.
2025-10-12T02:49:59+00:00 ERROR ProductSetSync exception: exception_code : 0; exception_class : WooCommerce\Facebook\Framework\Api\Exception: exception_message : Cannot create the API instance because the access token is missing.; exception_trace : #0 /home/dichvup1/public_html/wp-content/plugins/facebook-for-woocommerce/includes/ProductSets/ProductSetSync.php(139): WC_Facebookcommerce->get_api()
#1 /home/dichvup1/public_html/wp-content/plugins/facebook-for-woocommerce/includes/ProductSets/ProductSetSync.php(226): WooCommerce\Facebook\ProductSets\ProductSetSync->get_fb_product_set_id()
#2 /home/dichvup1/public_html/wp-content/plugins/facebook-for-woocommerce/includes/ProductSets/ProductSetSync.php(107): WooCommerce\Facebook\ProductSets\ProductSetSync->sync_all_wc_product_categories()
#3 /home/dichvup1/public_html/wp-includes/class-wp-hook.php(324): WooCommerce\Facebook\ProductSets\ProductSetSync->sync_all_product_sets()
#4 /home/dichvup1/public_html/wp-includes/class-wp-hook.php(348): WP_Hook->apply_filters()
#5 /home/dichvup1/public_html/wp-includes/plugin.php(565): WP_Hook->do_action()
#6 /home/dichvup1/public_html/wp-content/plugins/woocommerce/packages/action-scheduler/classes/actions/ActionScheduler_Action.php(86): do_action_ref_array()
#7 /home/dichvup1/public_html/wp-content/plugins/woocommerce/packages/action-scheduler/classes/abstracts/ActionScheduler_Abstract_QueueRunner.php(103): ActionScheduler_Action->execute()
#8 /home/dichvup1/public_html/wp-content/plugins/woocommerce/packages/action-scheduler/classes/ActionScheduler_QueueRunner.php(188): ActionScheduler_Abstract_QueueRunner->process_action()
#9 /home/dichvup1/public_html/wp-content/plugins/woocommerce/packages/action-scheduler/classes/ActionScheduler_QueueRunner.php(158): ActionScheduler_QueueRunner->do_batch()
#10 /home/dichvup1/public_html/wp-includes/class-wp-hook.php(324): ActionScheduler_QueueRunner->run()
#11 /home/dichvup1/public_html/wp-includes/class-wp-hook.php(348): WP_Hook->apply_filters()
#12 /home/dichvup1/public_html/wp-includes/plugin.php(517): WP_Hook->do_action()
#13 /home/dichvup1/public_html/wp-content/plugins/woocommerce/packages/action-scheduler/classes/ActionScheduler_AsyncRequest_QueueRunner.php(48): do_action()
#14 /home/dichvup1/public_html/wp-content/plugins/woocommerce/includes/libraries/wp-async-request.php(147): ActionScheduler_AsyncRequest_QueueRunner->handle()
#15 /home/dichvup1/public_html/wp-includes/class-wp-hook.php(324): WP_Async_Request->maybe_handle()
#16 /home/dichvup1/public_html/wp-includes/class-wp-hook.php(348): WP_Hook->apply_filters()
#17 /home/dichvup1/public_html/wp-includes/plugin.php(517): WP_Hook->do_action()
#18 /home/dichvup1/public_html/wp-admin/admin-ajax.php(207): do_action()
#19 {main}
2025-10-12T02:49:59+00:00 NOTICE There was an error trying to get product set data in a catalog: Cannot create the API instance because the access token is missing.
2025-10-12T02:49:59+00:00 ERROR ProductSetSync exception: exception_code : 0; exception_class : WooCommerce\Facebook\Framework\Api\Exception: exception_message : Cannot create the API instance because the access token is missing.; exception_trace : #0 /home/dichvup1/public_html/wp-content/plugins/facebook-for-woocommerce/includes/ProductSets/ProductSetSync.php(139): WC_Facebookcommerce->get_api()
#1 /home/dichvup1/public_html/wp-content/plugins/facebook-for-woocommerce/includes/ProductSets/ProductSetSync.php(226): WooCommerce\Facebook\ProductSets\ProductSetSync->get_fb_product_set_id()
#2 /home/dichvup1/public_html/wp-content/plugins/facebook-for-woocommerce/includes/ProductSets/ProductSetSync.php(107): WooCommerce\Facebook\ProductSets\ProductSetSync->sync_all_wc_product_categories()
#3 /home/dichvup1/public_html/wp-includes/class-wp-hook.php(324): WooCommerce\Facebook\ProductSets\ProductSetSync->sync_all_product_sets()
#4 /home/dichvup1/public_html/wp-includes/class-wp-hook.php(348): WP_Hook->apply_filters()
#5 /home/dichvup1/public_html/wp-includes/plugin.php(565): WP_Hook->do_action()
#6 /home/dichvup1/public_html/wp-content/plugins/woocommerce/packages/action-scheduler/classes/actions/ActionScheduler_Action.php(86): do_action_ref_array()
#7 /home/dichvup1/public_html/wp-content/plugins/woocommerce/packages/action-scheduler/classes/abstracts/ActionScheduler_Abstract_QueueRunner.php(103): ActionScheduler_Action->execute()
#8 /home/dichvup1/public_html/wp-content/plugins/woocommerce/packages/action-scheduler/classes/ActionScheduler_QueueRunner.php(188): ActionScheduler_Abstract_QueueRunner->process_action()
#9 /home/dichvup1/public_html/wp-content/plugins/woocommerce/packages/action-scheduler/classes/ActionScheduler_QueueRunner.php(158): ActionScheduler_QueueRunner->do_batch()
#10 /home/dichvup1/public_html/wp-includes/class-wp-hook.php(324): ActionScheduler_QueueRunner->run()
#11 /home/dichvup1/public_html/wp-includes/class-wp-hook.php(348): WP_Hook->apply_filters()
#12 /home/dichvup1/public_html/wp-includes/plugin.php(517): WP_Hook->do_action()
#13 /home/dichvup1/public_html/wp-content/plugins/woocommerce/packages/action-scheduler/classes/ActionScheduler_AsyncRequest_QueueRunner.php(48): do_action()
#14 /home/dichvup1/public_html/wp-content/plugins/woocommerce/includes/libraries/wp-async-request.php(147): ActionScheduler_AsyncRequest_QueueRunner->handle()
#15 /home/dichvup1/public_html/wp-includes/class-wp-hook.php(324): WP_Async_Request->maybe_handle()
#16 /home/dichvup1/public_html/wp-includes/class-wp-hook.php(348): WP_Hook->apply_filters()
#17 /home/dichvup1/public_html/wp-includes/plugin.php(517): WP_Hook->do_action()
#18 /home/dichvup1/public_html/wp-admin/admin-ajax.php(207): do_action()
#19 {main}
2025-10-12T02:49:59+00:00 NOTICE There was an error trying to get product set data in a catalog: Cannot create the API instance because the access token is missing.
2025-10-12T02:49:59+00:00 ERROR ProductSetSync exception: exception_code : 0; exception_class : WooCommerce\Facebook\Framework\Api\Exception: exception_message : Cannot create the API instance because the access token is missing.; exception_trace : #0 /home/dichvup1/public_html/wp-content/plugins/facebook-for-woocommerce/includes/ProductSets/ProductSetSync.php(139): WC_Facebookcommerce->get_api()
#1 /home/dichvup1/public_html/wp-content/plugins/facebook-for-woocommerce/includes/ProductSets/ProductSetSync.php(226): WooCommerce\Facebook\ProductSets\ProductSetSync->get_fb_product_set_id()
#2 /home/dichvup1/public_html/wp-content/plugins/facebook-for-woocommerce/includes/ProductSets/ProductSetSync.php(107): WooCommerce\Facebook\ProductSets\ProductSetSync->sync_all_wc_product_categories()
#3 /home/dichvup1/public_html/wp-includes/class-wp-hook.php(324): WooCommerce\Facebook\ProductSets\ProductSetSync->sync_all_product_sets()
#4 /home/dichvup1/public_html/wp-includes/class-wp-hook.php(348): WP_Hook->apply_filters()
#5 /home/dichvup1/public_html/wp-includes/plugin.php(565): WP_Hook->do_action()
#6 /home/dichvup1/public_html/wp-content/plugins/woocommerce/packages/action-scheduler/classes/actions/ActionScheduler_Action.php(86): do_action_ref_array()
#7 /home/dichvup1/public_html/wp-content/plugins/woocommerce/packages/action-scheduler/classes/abstracts/ActionScheduler_Abstract_QueueRunner.php(103): ActionScheduler_Action->execute()
#8 /home/dichvup1/public_html/wp-content/plugins/woocommerce/packages/action-scheduler/classes/ActionScheduler_QueueRunner.php(188): ActionScheduler_Abstract_QueueRunner->process_action()
#9 /home/dichvup1/public_html/wp-content/plugins/woocommerce/packages/action-scheduler/classes/ActionScheduler_QueueRunner.php(158): ActionScheduler_QueueRunner->do_batch()
#10 /home/dichvup1/public_html/wp-includes/class-wp-hook.php(324): ActionScheduler_QueueRunner->run()
#11 /home/dichvup1/public_html/wp-includes/class-wp-hook.php(348): WP_Hook->apply_filters()
#12 /home/dichvup1/public_html/wp-includes/plugin.php(517): WP_Hook->do_action()
#13 /home/dichvup1/public_html/wp-content/plugins/woocommerce/packages/action-scheduler/classes/ActionScheduler_AsyncRequest_QueueRunner.php(48): do_action()
#14 /home/dichvup1/public_html/wp-content/plugins/woocommerce/includes/libraries/wp-async-request.php(147): ActionScheduler_AsyncRequest_QueueRunner->handle()
#15 /home/dichvup1/public_html/wp-includes/class-wp-hook.php(324): WP_Async_Request->maybe_handle()
#16 /home/dichvup1/public_html/wp-includes/class-wp-hook.php(348): WP_Hook->apply_filters()
#17 /home/dichvup1/public_html/wp-includes/plugin.php(517): WP_Hook->do_action()
#18 /home/dichvup1/public_html/wp-admin/admin-ajax.php(207): do_action()
#19 {main}
2025-10-12T02:49:59+00:00 NOTICE There was an error trying to get product set data in a catalog: Cannot create the API instance because the access token is missing.
2025-10-12T02:50:00+00:00 ERROR ProductSetSync exception: exception_code : 0; exception_class : WooCommerce\Facebook\Framework\Api\Exception: exception_message : Cannot create the API instance because the access token is missing.; exception_trace : #0 /home/dichvup1/public_html/wp-content/plugins/facebook-for-woocommerce/includes/ProductSets/ProductSetSync.php(139): WC_Facebookcommerce->get_api()
#1 /home/dichvup1/public_html/wp-content/plugins/facebook-for-woocommerce/includes/ProductSets/ProductSetSync.php(226): WooCommerce\Facebook\ProductSets\ProductSetSync->get_fb_product_set_id()
#2 /home/dichvup1/public_html/wp-content/plugins/facebook-for-woocommerce/includes/ProductSets/ProductSetSync.php(107): WooCommerce\Facebook\ProductSets\ProductSetSync->sync_all_wc_product_categories()
#3 /home/dichvup1/public_html/wp-includes/class-wp-hook.php(324): WooCommerce\Facebook\ProductSets\ProductSetSync->sync_all_product_sets()
#4 /home/dichvup1/public_html/wp-includes/class-wp-hook.php(348): WP_Hook->apply_filters()
#5 /home/dichvup1/public_html/wp-includes/plugin.php(565): WP_Hook->do_action()
#6 /home/dichvup1/public_html/wp-content/plugins/woocommerce/packages/action-scheduler/classes/actions/ActionScheduler_Action.php(86): do_action_ref_array()
#7 /home/dichvup1/public_html/wp-content/plugins/woocommerce/packages/action-scheduler/classes/abstracts/ActionScheduler_Abstract_QueueRunner.php(103): ActionScheduler_Action->execute()
#8 /home/dichvup1/public_html/wp-content/plugins/woocommerce/packages/action-scheduler/classes/ActionScheduler_QueueRunner.php(188): ActionScheduler_Abstract_QueueRunner->process_action()
#9 /home/dichvup1/public_html/wp-content/plugins/woocommerce/packages/action-scheduler/classes/ActionScheduler_QueueRunner.php(158): ActionScheduler_QueueRunner->do_batch()
#10 /home/dichvup1/public_html/wp-includes/class-wp-hook.php(324): ActionScheduler_QueueRunner->run()
#11 /home/dichvup1/public_html/wp-includes/class-wp-hook.php(348): WP_Hook->apply_filters()
#12 /home/dichvup1/public_html/wp-includes/plugin.php(517): WP_Hook->do_action()
#13 /home/dichvup1/public_html/wp-content/plugins/woocommerce/packages/action-scheduler/classes/ActionScheduler_AsyncRequest_QueueRunner.php(48): do_action()
#14 /home/dichvup1/public_html/wp-content/plugins/woocommerce/includes/libraries/wp-async-request.php(147): ActionScheduler_AsyncRequest_QueueRunner->handle()
#15 /home/dichvup1/public_html/wp-includes/class-wp-hook.php(324): WP_Async_Request->maybe_handle()
#16 /home/dichvup1/public_html/wp-includes/class-wp-hook.php(348): WP_Hook->apply_filters()
#17 /home/dichvup1/public_html/wp-includes/plugin.php(517): WP_Hook->do_action()
#18 /home/dichvup1/public_html/wp-admin/admin-ajax.php(207): do_action()
#19 {main}
2025-10-12T02:50:00+00:00 NOTICE There was an error trying to get product set data in a catalog: Cannot create the API instance because the access token is missing.
2025-10-12T02:50:00+00:00 ERROR ProductSetSync exception: exception_code : 0; exception_class : WooCommerce\Facebook\Framework\Api\Exception: exception_message : Cannot create the API instance because the access token is missing.; exception_trace : #0 /home/dichvup1/public_html/wp-content/plugins/facebook-for-woocommerce/includes/ProductSets/ProductSetSync.php(139): WC_Facebookcommerce->get_api()
#1 /home/dichvup1/public_html/wp-content/plugins/facebook-for-woocommerce/includes/ProductSets/ProductSetSync.php(226): WooCommerce\Facebook\ProductSets\ProductSetSync->get_fb_product_set_id()
#2 /home/dichvup1/public_html/wp-content/plugins/facebook-for-woocommerce/includes/ProductSets/ProductSetSync.php(107): WooCommerce\Facebook\ProductSets\ProductSetSync->sync_all_wc_product_categories()
#3 /home/dichvup1/public_html/wp-includes/class-wp-hook.php(324): WooCommerce\Facebook\ProductSets\ProductSetSync->sync_all_product_sets()
#4 /home/dichvup1/public_html/wp-includes/class-wp-hook.php(348): WP_Hook->apply_filters()
#5 /home/dichvup1/public_html/wp-includes/plugin.php(565): WP_Hook->do_action()
#6 /home/dichvup1/public_html/wp-content/plugins/woocommerce/packages/action-scheduler/classes/actions/ActionScheduler_Action.php(86): do_action_ref_array()
#7 /home/dichvup1/public_html/wp-content/plugins/woocommerce/packages/action-scheduler/classes/abstracts/ActionScheduler_Abstract_QueueRunner.php(103): ActionScheduler_Action->execute()
#8 /home/dichvup1/public_html/wp-content/plugins/woocommerce/packages/action-scheduler/classes/ActionScheduler_QueueRunner.php(188): ActionScheduler_Abstract_QueueRunner->process_action()
#9 /home/dichvup1/public_html/wp-content/plugins/woocommerce/packages/action-scheduler/classes/ActionScheduler_QueueRunner.php(158): ActionScheduler_QueueRunner->do_batch()
#10 /home/dichvup1/public_html/wp-includes/class-wp-hook.php(324): ActionScheduler_QueueRunner->run()
#11 /home/dichvup1/public_html/wp-includes/class-wp-hook.php(348): WP_Hook->apply_filters()
#12 /home/dichvup1/public_html/wp-includes/plugin.php(517): WP_Hook->do_action()
#13 /home/dichvup1/public_html/wp-content/plugins/woocommerce/packages/action-scheduler/classes/ActionScheduler_AsyncRequest_QueueRunner.php(48): do_action()
#14 /home/dichvup1/public_html/wp-content/plugins/woocommerce/includes/libraries/wp-async-request.php(147): ActionScheduler_AsyncRequest_QueueRunner->handle()
#15 /home/dichvup1/public_html/wp-includes/class-wp-hook.php(324): WP_Async_Request->maybe_handle()
#16 /home/dichvup1/public_html/wp-includes/class-wp-hook.php(348): WP_Hook->apply_filters()
#17 /home/dichvup1/public_html/wp-includes/plugin.php(517): WP_Hook->do_action()
#18 /home/dichvup1/public_html/wp-admin/admin-ajax.php(207): do_action()
#19 {main}
2025-10-12T02:50:00+00:00 NOTICE There was an error trying to get product set data in a catalog: Cannot create the API instance because the access token is missing.
2025-10-12T02:50:00+00:00 ERROR ProductSetSync exception: exception_code : 0; exception_class : WooCommerce\Facebook\Framework\Api\Exception: exception_message : Cannot create the API instance because the access token is missing.; exception_trace : #0 /home/dichvup1/public_html/wp-content/plugins/facebook-for-woocommerce/includes/ProductSets/ProductSetSync.php(139): WC_Facebookcommerce->get_api()
#1 /home/dichvup1/public_html/wp-content/plugins/facebook-for-woocommerce/includes/ProductSets/ProductSetSync.php(226): WooCommerce\Facebook\ProductSets\ProductSetSync->get_fb_product_set_id()
#2 /home/dichvup1/public_html/wp-content/plugins/facebook-for-woocommerce/includes/ProductSets/ProductSetSync.php(107): WooCommerce\Facebook\ProductSets\ProductSetSync->sync_all_wc_product_categories()
#3 /home/dichvup1/public_html/wp-includes/class-wp-hook.php(324): WooCommerce\Facebook\ProductSets\ProductSetSync->sync_all_product_sets()
#4 /home/dichvup1/public_html/wp-includes/class-wp-hook.php(348): WP_Hook->apply_filters()
#5 /home/dichvup1/public_html/wp-includes/plugin.php(565): WP_Hook->do_action()
#6 /home/dichvup1/public_html/wp-content/plugins/woocommerce/packages/action-scheduler/classes/actions/ActionScheduler_Action.php(86): do_action_ref_array()
#7 /home/dichvup1/public_html/wp-content/plugins/woocommerce/packages/action-scheduler/classes/abstracts/ActionScheduler_Abstract_QueueRunner.php(103): ActionScheduler_Action->execute()
#8 /home/dichvup1/public_html/wp-content/plugins/woocommerce/packages/action-scheduler/classes/ActionScheduler_QueueRunner.php(188): ActionScheduler_Abstract_QueueRunner->process_action()
#9 /home/dichvup1/public_html/wp-content/plugins/woocommerce/packages/action-scheduler/classes/ActionScheduler_QueueRunner.php(158): ActionScheduler_QueueRunner->do_batch()
#10 /home/dichvup1/public_html/wp-includes/class-wp-hook.php(324): ActionScheduler_QueueRunner->run()
#11 /home/dichvup1/public_html/wp-includes/class-wp-hook.php(348): WP_Hook->apply_filters()
#12 /home/dichvup1/public_html/wp-includes/plugin.php(517): WP_Hook->do_action()
#13 /home/dichvup1/public_html/wp-content/plugins/woocommerce/packages/action-scheduler/classes/ActionScheduler_AsyncRequest_QueueRunner.php(48): do_action()
#14 /home/dichvup1/public_html/wp-content/plugins/woocommerce/includes/libraries/wp-async-request.php(147): ActionScheduler_AsyncRequest_QueueRunner->handle()
#15 /home/dichvup1/public_html/wp-includes/class-wp-hook.php(324): WP_Async_Request->maybe_handle()
#16 /home/dichvup1/public_html/wp-includes/class-wp-hook.php(348): WP_Hook->apply_filters()
#17 /home/dichvup1/public_html/wp-includes/plugin.php(517): WP_Hook->do_action()
#18 /home/dichvup1/public_html/wp-admin/admin-ajax.php(207): do_action()
#19 {main}
2025-10-12T02:50:00+00:00 NOTICE There was an error trying to get product set data in a catalog: Cannot create the API instance because the access token is missing.
2025-10-12T02:50:00+00:00 ERROR ProductSetSync exception: exception_code : 0; exception_class : WooCommerce\Facebook\Framework\Api\Exception: exception_message : Cannot create the API instance because the access token is missing.; exception_trace : #0 /home/dichvup1/public_html/wp-content/plugins/facebook-for-woocommerce/includes/ProductSets/ProductSetSync.php(139): WC_Facebookcommerce->get_api()
#1 /home/dichvup1/public_html/wp-content/plugins/facebook-for-woocommerce/includes/ProductSets/ProductSetSync.php(226): WooCommerce\Facebook\ProductSets\ProductSetSync->get_fb_product_set_id()
#2 /home/dichvup1/public_html/wp-content/plugins/facebook-for-woocommerce/includes/ProductSets/ProductSetSync.php(107): WooCommerce\Facebook\ProductSets\ProductSetSync->sync_all_wc_product_categories()
#3 /home/dichvup1/public_html/wp-includes/class-wp-hook.php(324): WooCommerce\Facebook\ProductSets\ProductSetSync->sync_all_product_sets()
#4 /home/dichvup1/public_html/wp-includes/class-wp-hook.php(348): WP_Hook->apply_filters()
#5 /home/dichvup1/public_html/wp-includes/plugin.php(565): WP_Hook->do_action()
#6 /home/dichvup1/public_html/wp-content/plugins/woocommerce/packages/action-scheduler/classes/actions/ActionScheduler_Action.php(86): do_action_ref_array()
#7 /home/dichvup1/public_html/wp-content/plugins/woocommerce/packages/action-scheduler/classes/abstracts/ActionScheduler_Abstract_QueueRunner.php(103): ActionScheduler_Action->execute()
#8 /home/dichvup1/public_html/wp-content/plugins/woocommerce/packages/action-scheduler/classes/ActionScheduler_QueueRunner.php(188): ActionScheduler_Abstract_QueueRunner->process_action()
#9 /home/dichvup1/public_html/wp-content/plugins/woocommerce/packages/action-scheduler/classes/ActionScheduler_QueueRunner.php(158): ActionScheduler_QueueRunner->do_batch()
#10 /home/dichvup1/public_html/wp-includes/class-wp-hook.php(324): ActionScheduler_QueueRunner->run()
#11 /home/dichvup1/public_html/wp-includes/class-wp-hook.php(348): WP_Hook->apply_filters()
#12 /home/dichvup1/public_html/wp-includes/plugin.php(517): WP_Hook->do_action()
#13 /home/dichvup1/public_html/wp-content/plugins/woocommerce/packages/action-scheduler/classes/ActionScheduler_AsyncRequest_QueueRunner.php(48): do_action()
#14 /home/dichvup1/public_html/wp-content/plugins/woocommerce/includes/libraries/wp-async-request.php(147): ActionScheduler_AsyncRequest_QueueRunner->handle()
#15 /home/dichvup1/public_html/wp-includes/class-wp-hook.php(324): WP_Async_Request->maybe_handle()
#16 /home/dichvup1/public_html/wp-includes/class-wp-hook.php(348): WP_Hook->apply_filters()
#17 /home/dichvup1/public_html/wp-includes/plugin.php(517): WP_Hook->do_action()
#18 /home/dichvup1/public_html/wp-admin/admin-ajax.php(207): do_action()
#19 {main}
2025-10-12T02:50:00+00:00 WARNING Product feed scheduling failed: Integration not configured. : {"flow_name":"product_feed","flow_step":"schedule_feed_generation"}
2025-10-12T02:50:00+00:00 ERROR Error persisting error logs: Cannot create the API instance because the access token is missing. : []
2025-10-12T02:56:22+00:00 ERROR Error persisting Meta logs: Cannot create the API instance because the access token is missing. : []
2025-10-12T03:20:03+00:00 ERROR Error persisting Meta logs: Cannot create the API instance because the access token is missing. : []
2025-10-12T03:49:56+00:00 ERROR Error persisting Meta logs: Cannot create the API instance because the access token is missing. : []
2025-10-12T03:50:03+00:00 WARNING Product feed scheduling failed: Integration not configured. : {"flow_name":"product_feed","flow_step":"schedule_feed_generation"}
2025-10-12T03:51:05+00:00 ERROR Error persisting Meta logs: Cannot create the API instance because the access token is missing. : []
2025-10-12T03:56:05+00:00 ERROR Error persisting Meta logs: Cannot create the API instance because the access token is missing. : []
2025-10-12T04:20:02+00:00 ERROR Error persisting Meta logs: Cannot create the API instance because the access token is missing. : []
2025-10-12T04:21:02+00:00 ERROR Error persisting Meta logs: Cannot create the API instance because the access token is missing. : []
2025-10-12T04:26:03+00:00 ERROR Error persisting Meta logs: Cannot create the API instance because the access token is missing. : []
2025-10-12T04:50:02+00:00 ERROR Error persisting Meta logs: Cannot create the API instance because the access token is missing. : []
2025-10-12T05:16:00+00:00 ERROR Error persisting Meta logs: Cannot create the API instance because the access token is missing. : []
2025-10-12T05:43:39+00:00 ERROR Error persisting Meta logs: Cannot create the API instance because the access token is missing. : []
2025-10-12T05:50:02+00:00 WARNING Product feed scheduling failed: Integration not configured. : {"flow_name":"product_feed","flow_step":"schedule_feed_generation"}
2025-10-12T05:50:02+00:00 ERROR Error persisting error logs: Cannot create the API instance because the access token is missing. : []
2025-10-12T05:50:02+00:00 ERROR Error persisting Meta logs: Cannot create the API instance because the access token is missing. : []
2025-10-12T06:19:58+00:00 ERROR Error persisting Meta logs: Cannot create the API instance because the access token is missing. : []
2025-10-12T06:46:39+00:00 ERROR Error persisting Meta logs: Cannot create the API instance because the access token is missing. : []
2025-10-12T06:46:45+00:00 ERROR Error persisting Meta logs: Cannot create the API instance because the access token is missing. : []
2025-10-12T06:57:52+00:00 ERROR Error persisting Meta logs: Cannot create the API instance because the access token is missing. : []
2025-10-12T07:14:12+00:00 ERROR Error persisting Meta logs: Cannot create the API instance because the access token is missing. : []
2025-10-12T07:20:05+00:00 ERROR Error persisting Meta logs: Cannot create the API instance because the access token is missing. : []
2025-10-12T07:49:58+00:00 ERROR Error persisting Meta logs: Cannot create the API instance because the access token is missing. : []
2025-10-12T07:50:04+00:00 WARNING Product feed scheduling failed: Integration not configured. : {"flow_name":"product_feed","flow_step":"schedule_feed_generation"}
2025-10-12T07:52:27+00:00 ERROR Error persisting Meta logs: Cannot create the API instance because the access token is missing. : []
2025-10-12T07:52:27+00:00 ERROR Error persisting Meta logs: Cannot create the API instance because the access token is missing. : []
2025-10-12T08:06:48+00:00 ERROR Error persisting Meta logs: Cannot create the API instance because the access token is missing. : []
2025-10-12T08:06:48+00:00 ERROR Error persisting Meta logs: Cannot create the API instance because the access token is missing. : []
2025-10-12T08:13:13+00:00 ERROR Error persisting Meta logs: Cannot create the API instance because the access token is missing. : []
2025-10-12T08:13:13+00:00 ERROR Error persisting Meta logs: Cannot create the API instance because the access token is missing. : []
2025-10-12T08:20:07+00:00 ERROR Error persisting Meta logs: Cannot create the API instance because the access token is missing. : []
2025-10-12T08:20:07+00:00 ERROR Error persisting Meta logs: Cannot create the API instance because the access token is missing. : []
2025-10-12T08:30:41+00:00 ERROR Error persisting Meta logs: Cannot create the API instance because the access token is missing. : []
2025-10-12T08:30:41+00:00 ERROR Error persisting Meta logs: Cannot create the API instance because the access token is missing. : []
2025-10-12T08:35:45+00:00 ERROR Error persisting Meta logs: Cannot create the API instance because the access token is missing. : []
2025-10-12T08:35:45+00:00 ERROR Error persisting Meta logs: Cannot create the API instance because the access token is missing. : []
2025-10-12T08:50:06+00:00 ERROR Error persisting Meta logs: Cannot create the API instance because the access token is missing. : []
2025-10-12T08:50:06+00:00 ERROR Error persisting Meta logs: Cannot create the API instance because the access token is missing. : []
2025-10-12T08:50:06+00:00 WARNING Product feed scheduling failed: Integration not configured. : {"flow_name":"product_feed","flow_step":"schedule_feed_generation"}
2025-10-12T08:50:06+00:00 ERROR Error persisting error logs: Cannot create the API instance because the access token is missing. : []
2025-10-12T08:51:03+00:00 ERROR Error persisting Meta logs: Cannot create the API instance because the access token is missing. : []
2025-10-12T08:51:03+00:00 ERROR Error persisting Meta logs: Cannot create the API instance because the access token is missing. : []
2025-10-12T08:58:38+00:00 ERROR Error persisting Meta logs: Cannot create the API instance because the access token is missing. : []
2025-10-12T08:58:38+00:00 ERROR Error persisting Meta logs: Cannot create the API instance because the access token is missing. : []
2025-10-12T09:20:14+00:00 ERROR Error persisting Meta logs: Cannot create the API instance because the access token is missing. : []
2025-10-12T09:20:14+00:00 ERROR Error persisting Meta logs: Cannot create the API instance because the access token is missing. : []
2025-10-12T09:25:11+00:00 ERROR Error persisting Meta logs: Cannot create the API instance because the access token is missing. : []
2025-10-12T09:25:11+00:00 ERROR Error persisting Meta logs: Cannot create the API instance because the access token is missing. : []
2025-10-12T09:27:05+00:00 ERROR Error persisting Meta logs: Cannot create the API instance because the access token is missing. : []
2025-10-12T09:27:05+00:00 ERROR Error persisting Meta logs: Cannot create the API instance because the access token is missing. : []
2025-10-12T09:37:29+00:00 ERROR Error persisting Meta logs: Cannot create the API instance because the access token is missing. : []
2025-10-12T09:37:29+00:00 ERROR Error persisting Meta logs: Cannot create the API instance because the access token is missing. : []
2025-10-12T09:37:35+00:00 ERROR Error persisting Meta logs: Cannot create the API instance because the access token is missing. : []
2025-10-12T09:37:35+00:00 ERROR Error persisting Meta logs: Cannot create the API instance because the access token is missing. : []
2025-10-12T09:41:16+00:00 ERROR Error persisting Meta logs: Cannot create the API instance because the access token is missing. : []
2025-10-12T09:41:16+00:00 ERROR Error persisting Meta logs: Cannot create the API instance because the access token is missing. : []
2025-10-12T09:50:09+00:00 WARNING Product feed scheduling failed: Integration not configured. : {"flow_name":"product_feed","flow_step":"schedule_feed_generation"}
2025-10-12T09:50:09+00:00 ERROR Error persisting Meta logs: Cannot create the API instance because the access token is missing. : []
2025-10-12T09:50:09+00:00 ERROR Error persisting Meta logs: Cannot create the API instance because the access token is missing. : []
2025-10-12T09:51:58+00:00 ERROR Error persisting Meta logs: Cannot create the API instance because the access token is missing. : []
2025-10-12T09:51:58+00:00 ERROR Error persisting Meta logs: Cannot create the API instance because the access token is missing. : []
2025-10-12T10:04:04+00:00 ERROR Error persisting Meta logs: Cannot create the API instance because the access token is missing. : []
2025-10-12T10:04:04+00:00 ERROR Error persisting Meta logs: Cannot create the API instance because the access token is missing. : []
2025-10-12T10:10:28+00:00 ERROR Error persisting Meta logs: Cannot create the API instance because the access token is missing. : []
2025-10-12T10:10:28+00:00 ERROR Error persisting Meta logs: Cannot create the API instance because the access token is missing. : []
2025-10-12T10:11:14+00:00 ERROR Error persisting Meta logs: Cannot create the API instance because the access token is missing. : []
2025-10-12T10:11:14+00:00 ERROR Error persisting Meta logs: Cannot create the API instance because the access token is missing. : []
2025-10-12T10:19:45+00:00 ERROR Error persisting Meta logs: Cannot create the API instance because the access token is missing. : []
2025-10-12T10:19:45+00:00 ERROR Error persisting Meta logs: Cannot create the API instance because the access token is missing. : []
2025-10-12T10:27:26+00:00 ERROR Error persisting Meta logs: Cannot create the API instance because the access token is missing. : []
2025-10-12T10:27:26+00:00 ERROR Error persisting Meta logs: Cannot create the API instance because the access token is missing. : []
2025-10-12T10:27:26+00:00 ERROR Error persisting Meta logs: Cannot create the API instance because the access token is missing. : []
2025-10-12T10:27:26+00:00 ERROR Error persisting Meta logs: Cannot create the API instance because the access token is missing. : []
2025-10-12T10:36:29+00:00 ERROR Error persisting Meta logs: Cannot create the API instance because the access token is missing. : []
2025-10-12T10:36:29+00:00 ERROR Error persisting Meta logs: Cannot create the API instance because the access token is missing. : []
2025-10-12T10:36:35+00:00 ERROR Error persisting Meta logs: Cannot create the API instance because the access token is missing. : []
2025-10-12T10:36:35+00:00 ERROR Error persisting Meta logs: Cannot create the API instance because the access token is missing. : []
2025-10-12T10:45:01+00:00 ERROR Error persisting Meta logs: Cannot create the API instance because the access token is missing. : []
2025-10-12T10:45:01+00:00 ERROR Error persisting Meta logs: Cannot create the API instance because the access token is missing. : []
2025-10-12T10:49:05+00:00 ERROR Error persisting Meta logs: Cannot create the API instance because the access token is missing. : []
2025-10-12T10:49:05+00:00 ERROR Error persisting Meta logs: Cannot create the API instance because the access token is missing. : []
2025-10-12T11:11:23+00:00 ERROR Error persisting Meta logs: Cannot create the API instance because the access token is missing. : []
2025-10-12T11:11:23+00:00 ERROR Error persisting Meta logs: Cannot create the API instance because the access token is missing. : []
2025-10-12T11:17:21+00:00 ERROR Error persisting Meta logs: Cannot create the API instance because the access token is missing. : []
2025-10-12T11:17:21+00:00 ERROR Error persisting Meta logs: Cannot create the API instance because the access token is missing. : []
2025-10-12T11:24:22+00:00 ERROR Error persisting Meta logs: Cannot create the API instance because the access token is missing. : []
2025-10-12T11:24:23+00:00 ERROR Error persisting Meta logs: Cannot create the API instance because the access token is missing. : []
2025-10-12T11:27:34+00:00 ERROR Error persisting Meta logs: Cannot create the API instance because the access token is missing. : []
2025-10-12T11:27:34+00:00 ERROR Error persisting Meta logs: Cannot create the API instance because the access token is missing. : []
2025-10-12T11:38:52+00:00 ERROR Error persisting Meta logs: Cannot create the API instance because the access token is missing. : []
2025-10-12T11:38:52+00:00 ERROR Error persisting Meta logs: Cannot create the API instance because the access token is missing. : []
2025-10-12T11:38:57+00:00 ERROR Error persisting Meta logs: Cannot create the API instance because the access token is missing. : []
2025-10-12T11:38:57+00:00 ERROR Error persisting Meta logs: Cannot create the API instance because the access token is missing. : []
2025-10-12T11:46:31+00:00 ERROR Error persisting Meta logs: Cannot create the API instance because the access token is missing. : []
2025-10-12T11:46:31+00:00 ERROR Error persisting Meta logs: Cannot create the API instance because the access token is missing. : []
2025-10-12T11:46:31+00:00 WARNING Product feed scheduling failed: Integration not configured. : {"flow_name":"product_feed","flow_step":"schedule_feed_generation"}
2025-10-12T11:51:04+00:00 ERROR Error persisting Meta logs: Cannot create the API instance because the access token is missing. : []
2025-10-12T11:51:04+00:00 ERROR Error persisting Meta logs: Cannot create the API instance because the access token is missing. : []
2025-10-12T11:58:06+00:00 ERROR Error persisting Meta logs: Cannot create the API instance because the access token is missing. : []
2025-10-12T11:58:06+00:00 ERROR Error persisting Meta logs: Cannot create the API instance because the access token is missing. : []
2025-10-12T12:05:29+00:00 ERROR Error persisting Meta logs: Cannot create the API instance because the access token is missing. : []
2025-10-12T12:05:29+00:00 ERROR Error persisting Meta logs: Cannot create the API instance because the access token is missing. : []
2025-10-12T12:06:47+00:00 ERROR Error persisting Meta logs: Cannot create the API instance because the access token is missing. : []
2025-10-12T12:06:47+00:00 ERROR Error persisting Meta logs: Cannot create the API instance because the access token is missing. : []
2025-10-12T12:17:01+00:00 ERROR Error persisting Meta logs: Cannot create the API instance because the access token is missing. : []
2025-10-12T12:17:01+00:00 ERROR Error persisting Meta logs: Cannot create the API instance because the access token is missing. : []
2025-10-12T12:17:07+00:00 ERROR Error persisting Meta logs: Cannot create the API instance because the access token is missing. : []
2025-10-12T12:17:07+00:00 ERROR Error persisting Meta logs: Cannot create the API instance because the access token is missing. : []
2025-10-12T12:25:14+00:00 ERROR Error persisting Meta logs: Cannot create the API instance because the access token is missing. : []
2025-10-12T12:25:14+00:00 ERROR Error persisting Meta logs: Cannot create the API instance because the access token is missing. : []
2025-10-12T12:31:15+00:00 ERROR Error persisting Meta logs: Cannot create the API instance because the access token is missing. : []
2025-10-12T12:31:15+00:00 ERROR Error persisting Meta logs: Cannot create the API instance because the access token is missing. : []
2025-10-12T12:36:48+00:00 ERROR Error persisting Meta logs: Cannot create the API instance because the access token is missing. : []
2025-10-12T12:36:48+00:00 ERROR Error persisting Meta logs: Cannot create the API instance because the access token is missing. : []
2025-10-12T12:42:04+00:00 ERROR Error persisting Meta logs: Cannot create the API instance because the access token is missing. : []
2025-10-12T12:42:04+00:00 ERROR Error persisting Meta logs: Cannot create the API instance because the access token is missing. : []
2025-10-12T12:45:38+00:00 ERROR Error persisting error logs: Cannot create the API instance because the access token is missing. : []
2025-10-12T12:45:38+00:00 ERROR Error persisting Meta logs: Cannot create the API instance because the access token is missing. : []
2025-10-12T12:45:38+00:00 ERROR Error persisting Meta logs: Cannot create the API instance because the access token is missing. : []
2025-10-12T12:51:35+00:00 ERROR Error persisting Meta logs: Cannot create the API instance because the access token is missing. : []
2025-10-12T12:51:35+00:00 ERROR Error persisting Meta logs: Cannot create the API instance because the access token is missing. : []
2025-10-12T13:02:38+00:00 ERROR Error persisting Meta logs: Cannot create the API instance because the access token is missing. : []
2025-10-12T13:02:38+00:00 ERROR Error persisting Meta logs: Cannot create the API instance because the access token is missing. : []
2025-10-12T13:07:13+00:00 ERROR Error persisting Meta logs: Cannot create the API instance because the access token is missing. : []
2025-10-12T13:07:13+00:00 ERROR Error persisting Meta logs: Cannot create the API instance because the access token is missing. : []
2025-10-12T13:12:45+00:00 ERROR Error persisting Meta logs: Cannot create the API instance because the access token is missing. : []
2025-10-12T13:12:45+00:00 ERROR Error persisting Meta logs: Cannot create the API instance because the access token is missing. : []
2025-10-12T13:16:12+00:00 ERROR Error persisting Meta logs: Cannot create the API instance because the access token is missing. : []
2025-10-12T13:16:12+00:00 ERROR Error persisting Meta logs: Cannot create the API instance because the access token is missing. : []
2025-10-12T13:22:13+00:00 ERROR Error persisting Meta logs: Cannot create the API instance because the access token is missing. : []
2025-10-12T13:22:13+00:00 ERROR Error persisting Meta logs: Cannot create the API instance because the access token is missing. : []
2025-10-12T13:26:12+00:00 ERROR Error persisting Meta logs: Cannot create the API instance because the access token is missing. : []
2025-10-12T13:26:12+00:00 ERROR Error persisting Meta logs: Cannot create the API instance because the access token is missing. : []
2025-10-12T13:37:10+00:00 ERROR Error persisting Meta logs: Cannot create the API instance because the access token is missing. : []
2025-10-12T13:37:11+00:00 ERROR Error persisting Meta logs: Cannot create the API instance because the access token is missing. : []
2025-10-12T13:44:23+00:00 ERROR Error persisting Meta logs: Cannot create the API instance because the access token is missing. : []
2025-10-12T13:44:23+00:00 ERROR Error persisting Meta logs: Cannot create the API instance because the access token is missing. : []
2025-10-12T13:46:16+00:00 WARNING Product feed scheduling failed: Integration not configured. : {"flow_name":"product_feed","flow_step":"schedule_feed_generation"}
2025-10-12T13:46:16+00:00 ERROR Error persisting Meta logs: Cannot create the API instance because the access token is missing. : []
2025-10-12T13:46:16+00:00 ERROR Error persisting Meta logs: Cannot create the API instance because the access token is missing. : []
2025-10-12T13:56:04+00:00 ERROR Error persisting Meta logs: Cannot create the API instance because the access token is missing. : []
2025-10-12T13:56:04+00:00 ERROR Error persisting Meta logs: Cannot create the API instance because the access token is missing. : []
2025-10-12T14:10:51+00:00 ERROR Error persisting Meta logs: Cannot create the API instance because the access token is missing. : []
2025-10-12T14:10:51+00:00 ERROR Error persisting Meta logs: Cannot create the API instance because the access token is missing. : []
2025-10-12T14:16:05+00:00 ERROR Error persisting Meta logs: Cannot create the API instance because the access token is missing. : []
2025-10-12T14:16:05+00:00 ERROR Error persisting Meta logs: Cannot create the API instance because the access token is missing. : []
2025-10-12T14:35:41+00:00 ERROR Error persisting Meta logs: Cannot create the API instance because the access token is missing. : []
2025-10-12T14:35:41+00:00 ERROR Error persisting Meta logs: Cannot create the API instance because the access token is missing. : []
2025-10-12T14:35:41+00:00 ERROR Error persisting Meta logs: Cannot create the API instance because the access token is missing. : []
2025-10-12T14:35:41+00:00 ERROR Error persisting Meta logs: Cannot create the API instance because the access token is missing. : []
2025-10-12T14:47:55+00:00 ERROR Error persisting Meta logs: Cannot create the API instance because the access token is missing. : []
2025-10-12T14:47:55+00:00 ERROR Error persisting Meta logs: Cannot create the API instance because the access token is missing. : []
2025-10-12T14:48:01+00:00 WARNING Product feed scheduling failed: Integration not configured. : {"flow_name":"product_feed","flow_step":"schedule_feed_generation"}
2025-10-12T14:48:01+00:00 ERROR Error persisting Meta logs: Cannot create the API instance because the access token is missing. : []
2025-10-12T14:48:01+00:00 ERROR Error persisting Meta logs: Cannot create the API instance because the access token is missing. : []
2025-10-12T15:01:33+00:00 ERROR Error persisting Meta logs: Cannot create the API instance because the access token is missing. : []
2025-10-12T15:01:33+00:00 ERROR Error persisting Meta logs: Cannot create the API instance because the access token is missing. : []
2025-10-12T15:06:17+00:00 ERROR Error persisting Meta logs: Cannot create the API instance because the access token is missing. : []
2025-10-12T15:06:17+00:00 ERROR Error persisting Meta logs: Cannot create the API instance because the access token is missing. : []
2025-10-12T15:20:09+00:00 ERROR Error persisting Meta logs: Cannot create the API instance because the access token is missing. : []
2025-10-12T15:20:09+00:00 ERROR Error persisting Meta logs: Cannot create the API instance because the access token is missing. : []
2025-10-12T15:38:35+00:00 ERROR Error persisting Meta logs: Cannot create the API instance because the access token is missing. : []
2025-10-12T15:38:35+00:00 ERROR Error persisting Meta logs: Cannot create the API instance because the access token is missing. : []
2025-10-12T15:50:10+00:00 ERROR Error persisting Meta logs: Cannot create the API instance because the access token is missing. : []
2025-10-12T15:50:10+00:00 ERROR Error persisting Meta logs: Cannot create the API instance because the access token is missing. : []
2025-10-12T15:50:10+00:00 WARNING Product feed scheduling failed: Integration not configured. : {"flow_name":"product_feed","flow_step":"schedule_feed_generation"}
2025-10-12T15:50:10+00:00 ERROR Error persisting error logs: Cannot create the API instance because the access token is missing. : []
2025-10-12T15:56:39+00:00 ERROR Error persisting Meta logs: Cannot create the API instance because the access token is missing. : []
2025-10-12T15:56:39+00:00 ERROR Error persisting Meta logs: Cannot create the API instance because the access token is missing. : []
2025-10-12T16:07:24+00:00 ERROR Error persisting Meta logs: Cannot create the API instance because the access token is missing. : []
2025-10-12T16:07:24+00:00 ERROR Error persisting Meta logs: Cannot create the API instance because the access token is missing. : []
2025-10-12T16:07:30+00:00 ERROR Error persisting Meta logs: Cannot create the API instance because the access token is missing. : []
2025-10-12T16:07:30+00:00 ERROR Error persisting Meta logs: Cannot create the API instance because the access token is missing. : []
2025-10-12T16:17:57+00:00 ERROR Error persisting Meta logs: Cannot create the API instance because the access token is missing. : []
2025-10-12T16:17:57+00:00 ERROR Error persisting Meta logs: Cannot create the API instance because the access token is missing. : []
2025-10-12T16:26:52+00:00 ERROR Error persisting Meta logs: Cannot create the API instance because the access token is missing. : []
2025-10-12T16:26:52+00:00 ERROR Error persisting Meta logs: Cannot create the API instance because the access token is missing. : []
2025-10-12T16:41:27+00:00 ERROR Error persisting Meta logs: Cannot create the API instance because the access token is missing. : []
2025-10-12T16:41:27+00:00 ERROR Error persisting Meta logs: Cannot create the API instance because the access token is missing. : []
2025-10-12T16:41:32+00:00 ERROR Error persisting Meta logs: Cannot create the API instance because the access token is missing. : []
2025-10-12T16:41:32+00:00 ERROR Error persisting Meta logs: Cannot create the API instance because the access token is missing. : []
2025-10-12T16:47:57+00:00 ERROR Error persisting Meta logs: Cannot create the API instance because the access token is missing. : []
2025-10-12T16:47:57+00:00 ERROR Error persisting Meta logs: Cannot create the API instance because the access token is missing. : []
2025-10-12T16:57:23+00:00 ERROR Error persisting Meta logs: Cannot create the API instance because the access token is missing. : []
2025-10-12T16:57:23+00:00 ERROR Error persisting Meta logs: Cannot create the API instance because the access token is missing. : []
2025-10-12T17:20:11+00:00 ERROR Error persisting Meta logs: Cannot create the API instance because the access token is missing. : []
2025-10-12T17:20:11+00:00 ERROR Error persisting Meta logs: Cannot create the API instance because the access token is missing. : []
2025-10-12T17:28:28+00:00 ERROR Error persisting Meta logs: Cannot create the API instance because the access token is missing. : []
2025-10-12T17:28:28+00:00 ERROR Error persisting Meta logs: Cannot create the API instance because the access token is missing. : []
2025-10-12T17:36:40+00:00 ERROR Error persisting Meta logs: Cannot create the API instance because the access token is missing. : []
2025-10-12T17:36:40+00:00 ERROR Error persisting Meta logs: Cannot create the API instance because the access token is missing. : []
2025-10-12T17:47:24+00:00 ERROR Error persisting Meta logs: Cannot create the API instance because the access token is missing. : []
2025-10-12T17:47:24+00:00 ERROR Error persisting Meta logs: Cannot create the API instance because the access token is missing. : []
2025-10-12T17:47:24+00:00 WARNING Product feed scheduling failed: Integration not configured. : {"flow_name":"product_feed","flow_step":"schedule_feed_generation"}
2025-10-12T18:02:12+00:00 ERROR Error persisting Meta logs: Cannot create the API instance because the access token is missing. : []
2025-10-12T18:02:12+00:00 ERROR Error persisting Meta logs: Cannot create the API instance because the access token is missing. : []
2025-10-12T18:02:18+00:00 ERROR Error persisting Meta logs: Cannot create the API instance because the access token is missing. : []
2025-10-12T18:02:18+00:00 ERROR Error persisting Meta logs: Cannot create the API instance because the access token is missing. : []
2025-10-12T18:10:36+00:00 ERROR Error persisting Meta logs: Cannot create the API instance because the access token is missing. : []
2025-10-12T18:10:36+00:00 ERROR Error persisting Meta logs: Cannot create the API instance because the access token is missing. : []
2025-10-12T18:15:48+00:00 ERROR Error persisting Meta logs: Cannot create the API instance because the access token is missing. : []
2025-10-12T18:15:48+00:00 ERROR Error persisting Meta logs: Cannot create the API instance because the access token is missing. : []
2025-10-12T18:24:03+00:00 ERROR Error persisting Meta logs: Cannot create the API instance because the access token is missing. : []
2025-10-12T18:24:03+00:00 ERROR Error persisting Meta logs: Cannot create the API instance because the access token is missing. : []
2025-10-12T18:44:27+00:00 ERROR Error persisting Meta logs: Cannot create the API instance because the access token is missing. : []
2025-10-12T18:44:27+00:00 ERROR Error persisting Meta logs: Cannot create the API instance because the access token is missing. : []
2025-10-12T18:50:06+00:00 WARNING Product feed scheduling failed: Integration not configured. : {"flow_name":"product_feed","flow_step":"schedule_feed_generation"}
2025-10-12T18:50:06+00:00 ERROR Error persisting Meta logs: Cannot create the API instance because the access token is missing. : []
2025-10-12T18:50:06+00:00 ERROR Error persisting Meta logs: Cannot create the API instance because the access token is missing. : []
2025-10-12T18:53:27+00:00 ERROR Error persisting Meta logs: Cannot create the API instance because the access token is missing. : []
2025-10-12T18:53:27+00:00 ERROR Error persisting Meta logs: Cannot create the API instance because the access token is missing. : []
2025-10-12T18:56:25+00:00 ERROR Error persisting Meta logs: Cannot create the API instance because the access token is missing. : []
2025-10-12T18:56:25+00:00 ERROR Error persisting Meta logs: Cannot create the API instance because the access token is missing. : []
2025-10-12T19:16:10+00:00 ERROR Error persisting Meta logs: Cannot create the API instance because the access token is missing. : []
2025-10-12T19:16:10+00:00 ERROR Error persisting Meta logs: Cannot create the API instance because the access token is missing. : []
2025-10-12T19:16:16+00:00 ERROR Error persisting Meta logs: Cannot create the API instance because the access token is missing. : []
2025-10-12T19:16:16+00:00 ERROR Error persisting Meta logs: Cannot create the API instance because the access token is missing. : []
2025-10-12T19:29:43+00:00 ERROR Error persisting Meta logs: Cannot create the API instance because the access token is missing. : []
2025-10-12T19:29:43+00:00 ERROR Error persisting Meta logs: Cannot create the API instance because the access token is missing. : []
2025-10-12T19:29:43+00:00 ERROR Error persisting Meta logs: Cannot create the API instance because the access token is missing. : []
2025-10-12T19:29:43+00:00 ERROR Error persisting Meta logs: Cannot create the API instance because the access token is missing. : []
2025-10-12T19:36:12+00:00 ERROR Error persisting Meta logs: Cannot create the API instance because the access token is missing. : []
2025-10-12T19:36:12+00:00 ERROR Error persisting Meta logs: Cannot create the API instance because the access token is missing. : []
2025-10-12T19:50:09+00:00 ERROR Error persisting Meta logs: Cannot create the API instance because the access token is missing. : []
2025-10-12T19:50:09+00:00 ERROR Error persisting Meta logs: Cannot create the API instance because the access token is missing. : []
2025-10-12T19:50:09+00:00 WARNING Product feed scheduling failed: Integration not configured. : {"flow_name":"product_feed","flow_step":"schedule_feed_generation"}
2025-10-12T19:50:09+00:00 ERROR Error persisting error logs: Cannot create the API instance because the access token is missing. : []
2025-10-12T20:02:53+00:00 ERROR Error persisting Meta logs: Cannot create the API instance because the access token is missing. : []
2025-10-12T20:02:53+00:00 ERROR Error persisting Meta logs: Cannot create the API instance because the access token is missing. : []
2025-10-12T20:20:10+00:00 ERROR Error persisting Meta logs: Cannot create the API instance because the access token is missing. : []
2025-10-12T20:20:10+00:00 ERROR Error persisting Meta logs: Cannot create the API instance because the access token is missing. : []
2025-10-12T20:22:33+00:00 ERROR Error persisting Meta logs: Cannot create the API instance because the access token is missing. : []
2025-10-12T20:22:33+00:00 ERROR Error persisting Meta logs: Cannot create the API instance because the access token is missing. : []
2025-10-12T20:25:45+00:00 ERROR Error persisting Meta logs: Cannot create the API instance because the access token is missing. : []
2025-10-12T20:25:45+00:00 ERROR Error persisting Meta logs: Cannot create the API instance because the access token is missing. : []
2025-10-12T20:36:31+00:00 ERROR Error persisting Meta logs: Cannot create the API instance because the access token is missing. : []
2025-10-12T20:36:31+00:00 ERROR Error persisting Meta logs: Cannot create the API instance because the access token is missing. : []
2025-10-12T20:48:13+00:00 ERROR Error persisting Meta logs: Cannot create the API instance because the access token is missing. : []
2025-10-12T20:48:13+00:00 ERROR Error persisting Meta logs: Cannot create the API instance because the access token is missing. : []
2025-10-12T20:53:18+00:00 ERROR Error persisting Meta logs: Cannot create the API instance because the access token is missing. : []
2025-10-12T20:53:18+00:00 ERROR Error persisting Meta logs: Cannot create the API instance because the access token is missing. : []
2025-10-12T20:56:59+00:00 ERROR Error persisting Meta logs: Cannot create the API instance because the access token is missing. : []
2025-10-12T20:56:59+00:00 ERROR Error persisting Meta logs: Cannot create the API instance because the access token is missing. : []
2025-10-12T21:07:39+00:00 ERROR Error persisting Meta logs: Cannot create the API instance because the access token is missing. : []
2025-10-12T21:07:39+00:00 ERROR Error persisting Meta logs: Cannot create the API instance because the access token is missing. : []
2025-10-12T21:07:44+00:00 ERROR Error persisting Meta logs: Cannot create the API instance because the access token is missing. : []
2025-10-12T21:07:44+00:00 ERROR Error persisting Meta logs: Cannot create the API instance because the access token is missing. : []
2025-10-12T21:14:00+00:00 ERROR Error persisting Meta logs: Cannot create the API instance because the access token is missing. : []
2025-10-12T21:14:00+00:00 ERROR Error persisting Meta logs: Cannot create the API instance because the access token is missing. : []
2025-10-12T21:16:12+00:00 ERROR Error persisting Meta logs: Cannot create the API instance because the access token is missing. : []
2025-10-12T21:16:12+00:00 ERROR Error persisting Meta logs: Cannot create the API instance because the access token is missing. : []
2025-10-12T21:29:39+00:00 ERROR Error persisting Meta logs: Cannot create the API instance because the access token is missing. : []
2025-10-12T21:29:39+00:00 ERROR Error persisting Meta logs: Cannot create the API instance because the access token is missing. : []
2025-10-12T21:39:35+00:00 ERROR Error persisting Meta logs: Cannot create the API instance because the access token is missing. : []
2025-10-12T21:39:35+00:00 ERROR Error persisting Meta logs: Cannot create the API instance because the access token is missing. : []
2025-10-12T21:39:40+00:00 ERROR Error persisting Meta logs: Cannot create the API instance because the access token is missing. : []
2025-10-12T21:39:40+00:00 ERROR Error persisting Meta logs: Cannot create the API instance because the access token is missing. : []
2025-10-12T21:44:42+00:00 ERROR Error persisting Meta logs: Cannot create the API instance because the access token is missing. : []
2025-10-12T21:44:42+00:00 ERROR Error persisting Meta logs: Cannot create the API instance because the access token is missing. : []
2025-10-12T21:50:09+00:00 WARNING Product feed scheduling failed: Integration not configured. : {"flow_name":"product_feed","flow_step":"schedule_feed_generation"}
2025-10-12T21:50:09+00:00 ERROR Error persisting Meta logs: Cannot create the API instance because the access token is missing. : []
2025-10-12T21:50:09+00:00 ERROR Error persisting Meta logs: Cannot create the API instance because the access token is missing. : []
2025-10-12T21:54:15+00:00 ERROR Error persisting Meta logs: Cannot create the API instance because the access token is missing. : []
2025-10-12T21:54:15+00:00 ERROR Error persisting Meta logs: Cannot create the API instance because the access token is missing. : []
2025-10-12T22:02:14+00:00 ERROR Error persisting Meta logs: Cannot create the API instance because the access token is missing. : []
2025-10-12T22:02:14+00:00 ERROR Error persisting Meta logs: Cannot create the API instance because the access token is missing. : []
2025-10-12T22:17:17+00:00 ERROR Error persisting Meta logs: Cannot create the API instance because the access token is missing. : []
2025-10-12T22:17:17+00:00 ERROR Error persisting Meta logs: Cannot create the API instance because the access token is missing. : []
2025-10-12T22:17:23+00:00 ERROR Error persisting Meta logs: Cannot create the API instance because the access token is missing. : []
2025-10-12T22:17:23+00:00 ERROR Error persisting Meta logs: Cannot create the API instance because the access token is missing. : []
2025-10-12T22:28:12+00:00 ERROR Error persisting Meta logs: Cannot create the API instance because the access token is missing. : []
2025-10-12T22:28:12+00:00 ERROR Error persisting Meta logs: Cannot create the API instance because the access token is missing. : []
2025-10-12T22:38:55+00:00 ERROR Error persisting Meta logs: Cannot create the API instance because the access token is missing. : []
2025-10-12T22:38:55+00:00 ERROR Error persisting Meta logs: Cannot create the API instance because the access token is missing. : []
2025-10-12T22:50:08+00:00 ERROR Error persisting Meta logs: Cannot create the API instance because the access token is missing. : []
2025-10-12T22:50:08+00:00 ERROR Error persisting Meta logs: Cannot create the API instance because the access token is missing. : []
2025-10-12T22:52:05+00:00 ERROR Error persisting Meta logs: Cannot create the API instance because the access token is missing. : []
2025-10-12T22:52:05+00:00 ERROR Error persisting Meta logs: Cannot create the API instance because the access token is missing. : []
2025-10-12T22:57:29+00:00 ERROR Error persisting Meta logs: Cannot create the API instance because the access token is missing. : []
2025-10-12T22:57:29+00:00 ERROR Error persisting Meta logs: Cannot create the API instance because the access token is missing. : []
2025-10-12T23:11:10+00:00 ERROR Error persisting Meta logs: Cannot create the API instance because the access token is missing. : []
2025-10-12T23:11:10+00:00 ERROR Error persisting Meta logs: Cannot create the API instance because the access token is missing. : []
2025-10-12T23:16:19+00:00 ERROR Error persisting Meta logs: Cannot create the API instance because the access token is missing. : []
2025-10-12T23:16:19+00:00 ERROR Error persisting Meta logs: Cannot create the API instance because the access token is missing. : []
2025-10-12T23:25:30+00:00 ERROR Error persisting Meta logs: Cannot create the API instance because the access token is missing. : []
2025-10-12T23:25:30+00:00 ERROR Error persisting Meta logs: Cannot create the API instance because the access token is missing. : []
2025-10-12T23:27:50+00:00 ERROR Error persisting Meta logs: Cannot create the API instance because the access token is missing. : []
2025-10-12T23:27:50+00:00 ERROR Error persisting Meta logs: Cannot create the API instance because the access token is missing. : []
2025-10-12T23:33:06+00:00 ERROR Error persisting Meta logs: Cannot create the API instance because the access token is missing. : []
2025-10-12T23:33:06+00:00 ERROR Error persisting Meta logs: Cannot create the API instance because the access token is missing. : []
2025-10-12T23:36:10+00:00 ERROR Error persisting Meta logs: Cannot create the API instance because the access token is missing. : []
2025-10-12T23:36:10+00:00 ERROR Error persisting Meta logs: Cannot create the API instance because the access token is missing. : []
2025-10-12T23:47:32+00:00 ERROR Error persisting Meta logs: Cannot create the API instance because the access token is missing. : []
2025-10-12T23:47:32+00:00 ERROR Error persisting Meta logs: Cannot create the API instance because the access token is missing. : []
2025-10-12T23:47:37+00:00 WARNING Product feed scheduling failed: Integration not configured. : {"flow_name":"product_feed","flow_step":"schedule_feed_generation"}
2025-10-12T23:47:37+00:00 ERROR Error persisting error logs: Cannot create the API instance because the access token is missing. : []
2025-10-12T23:47:37+00:00 ERROR Error persisting Meta logs: Cannot create the API instance because the access token is missing. : []
2025-10-12T23:47:37+00:00 ERROR Error persisting Meta logs: Cannot create the API instance because the access token is missing. : []
2025-10-12T23:50:46+00:00 ERROR Error persisting Meta logs: Cannot create the API instance because the access token is missing. : []
2025-10-12T23:50:46+00:00 ERROR Error persisting Meta logs: Cannot create the API instance because the access token is missing. : []
