2025-10-17T00:08:32+00:00 ERROR Error persisting Meta logs: Cannot create the API instance because the access token is missing. : []
2025-10-17T00:11:55+00:00 ERROR Error persisting Meta logs: Cannot create the API instance because the access token is missing. : []
2025-10-17T00:17:01+00:00 ERROR Error persisting Meta logs: Cannot create the API instance because the access token is missing. : []
2025-10-17T00:25:39+00:00 ERROR Error persisting Meta logs: Cannot create the API instance because the access token is missing. : []
2025-10-17T00:35:33+00:00 ERROR Error persisting Meta logs: Cannot create the API instance because the access token is missing. : []
2025-10-17T00:35:39+00:00 ERROR Error persisting Meta logs: Cannot create the API instance because the access token is missing. : []
2025-10-17T00:43:49+00:00 ERROR Error persisting Meta logs: Cannot create the API instance because the access token is missing. : []
2025-10-17T00:46:38+00:00 WARNING Product feed scheduling failed: Integration not configured. : {"flow_name":"product_feed","flow_step":"schedule_feed_generation"}
2025-10-17T00:46:39+00:00 ERROR Error persisting Meta logs: Cannot create the API instance because the access token is missing. : []
2025-10-17T00:52:13+00:00 ERROR Error persisting Meta logs: Cannot create the API instance because the access token is missing. : []
2025-10-17T01:02:33+00:00 ERROR Error persisting Meta logs: Cannot create the API instance because the access token is missing. : []
2025-10-17T01:06:04+00:00 ERROR Error persisting Meta logs: Cannot create the API instance because the access token is missing. : []
2025-10-17T01:15:49+00:00 ERROR Error persisting Meta logs: Cannot create the API instance because the access token is missing. : []
2025-10-17T01:29:14+00:00 ERROR Error persisting Meta logs: Cannot create the API instance because the access token is missing. : []
2025-10-17T01:33:41+00:00 ERROR Error persisting Meta logs: Cannot create the API instance because the access token is missing. : []
2025-10-17T01:35:53+00:00 ERROR Error persisting Meta logs: Cannot create the API instance because the access token is missing. : []
2025-10-17T01:47:11+00:00 ERROR Error persisting Meta logs: Cannot create the API instance because the access token is missing. : []
2025-10-17T01:47:16+00:00 WARNING Product feed scheduling failed: Integration not configured. : {"flow_name":"product_feed","flow_step":"schedule_feed_generation"}
2025-10-17T01:47:16+00:00 ERROR Error persisting Meta logs: Cannot create the API instance because the access token is missing. : []
2025-10-17T02:03:00+00:00 ERROR Error persisting Meta logs: Cannot create the API instance because the access token is missing. : []
2025-10-17T02:03:10+00:00 ERROR Error persisting Meta logs: Cannot create the API instance because the access token is missing. : []
2025-10-17T02:06:42+00:00 ERROR Error persisting Meta logs: Cannot create the API instance because the access token is missing. : []
2025-10-17T02:13:47+00:00 ERROR Error persisting Meta logs: Cannot create the API instance because the access token is missing. : []
2025-10-17T02:18:29+00:00 ERROR Error persisting Meta logs: Cannot create the API instance because the access token is missing. : []
2025-10-17T02:31:23+00:00 ERROR Error persisting Meta logs: Cannot create the API instance because the access token is missing. : []
2025-10-17T02:40:37+00:00 ERROR Error persisting Meta logs: Cannot create the API instance because the access token is missing. : []
2025-10-17T02:50:31+00:00 NOTICE Unable to detect valid feed configuration: No catalog ID
2025-10-17T02:50:31+00:00 NOTICE There was an error trying to get product set data in a catalog: Cannot create the API instance because the access token is missing.
2025-10-17T02:50:31+00:00 ERROR ProductSetSync exception: exception_code : 0; exception_class : WooCommerce\Facebook\Framework\Api\Exception: exception_message : Cannot create the API instance because the access token is missing.; exception_trace : #0 /home/dichvup1/public_html/wp-content/plugins/facebook-for-woocommerce/includes/ProductSets/ProductSetSync.php(139): WC_Facebookcommerce->get_api()
#1 /home/dichvup1/public_html/wp-content/plugins/facebook-for-woocommerce/includes/ProductSets/ProductSetSync.php(226): WooCommerce\Facebook\ProductSets\ProductSetSync->get_fb_product_set_id()
#2 /home/dichvup1/public_html/wp-content/plugins/facebook-for-woocommerce/includes/ProductSets/ProductSetSync.php(107): WooCommerce\Facebook\ProductSets\ProductSetSync->sync_all_wc_product_categories()
#3 /home/dichvup1/public_html/wp-includes/class-wp-hook.php(324): WooCommerce\Facebook\ProductSets\ProductSetSync->sync_all_product_sets()
#4 /home/dichvup1/public_html/wp-includes/class-wp-hook.php(348): WP_Hook->apply_filters()
#5 /home/dichvup1/public_html/wp-includes/plugin.php(565): WP_Hook->do_action()
#6 /home/dichvup1/public_html/wp-content/plugins/woocommerce/packages/action-scheduler/classes/actions/ActionScheduler_Action.php(86): do_action_ref_array()
#7 /home/dichvup1/public_html/wp-content/plugins/woocommerce/packages/action-scheduler/classes/abstracts/ActionScheduler_Abstract_QueueRunner.php(103): ActionScheduler_Action->execute()
#8 /home/dichvup1/public_html/wp-content/plugins/woocommerce/packages/action-scheduler/classes/ActionScheduler_QueueRunner.php(188): ActionScheduler_Abstract_QueueRunner->process_action()
#9 /home/dichvup1/public_html/wp-content/plugins/woocommerce/packages/action-scheduler/classes/ActionScheduler_QueueRunner.php(158): ActionScheduler_QueueRunner->do_batch()
#10 /home/dichvup1/public_html/wp-includes/class-wp-hook.php(324): ActionScheduler_QueueRunner->run()
#11 /home/dichvup1/public_html/wp-includes/class-wp-hook.php(348): WP_Hook->apply_filters()
#12 /home/dichvup1/public_html/wp-includes/plugin.php(517): WP_Hook->do_action()
#13 /home/dichvup1/public_html/wp-content/plugins/woocommerce/packages/action-scheduler/classes/ActionScheduler_AsyncRequest_QueueRunner.php(48): do_action()
#14 /home/dichvup1/public_html/wp-content/plugins/woocommerce/includes/libraries/wp-async-request.php(147): ActionScheduler_AsyncRequest_QueueRunner->handle()
#15 /home/dichvup1/public_html/wp-includes/class-wp-hook.php(324): WP_Async_Request->maybe_handle()
#16 /home/dichvup1/public_html/wp-includes/class-wp-hook.php(348): WP_Hook->apply_filters()
#17 /home/dichvup1/public_html/wp-includes/plugin.php(517): WP_Hook->do_action()
#18 /home/dichvup1/public_html/wp-admin/admin-ajax.php(207): do_action()
#19 {main}
2025-10-17T02:50:31+00:00 NOTICE There was an error trying to get product set data in a catalog: Cannot create the API instance because the access token is missing.
2025-10-17T02:50:31+00:00 ERROR ProductSetSync exception: exception_code : 0; exception_class : WooCommerce\Facebook\Framework\Api\Exception: exception_message : Cannot create the API instance because the access token is missing.; exception_trace : #0 /home/dichvup1/public_html/wp-content/plugins/facebook-for-woocommerce/includes/ProductSets/ProductSetSync.php(139): WC_Facebookcommerce->get_api()
#1 /home/dichvup1/public_html/wp-content/plugins/facebook-for-woocommerce/includes/ProductSets/ProductSetSync.php(226): WooCommerce\Facebook\ProductSets\ProductSetSync->get_fb_product_set_id()
#2 /home/dichvup1/public_html/wp-content/plugins/facebook-for-woocommerce/includes/ProductSets/ProductSetSync.php(107): WooCommerce\Facebook\ProductSets\ProductSetSync->sync_all_wc_product_categories()
#3 /home/dichvup1/public_html/wp-includes/class-wp-hook.php(324): WooCommerce\Facebook\ProductSets\ProductSetSync->sync_all_product_sets()
#4 /home/dichvup1/public_html/wp-includes/class-wp-hook.php(348): WP_Hook->apply_filters()
#5 /home/dichvup1/public_html/wp-includes/plugin.php(565): WP_Hook->do_action()
#6 /home/dichvup1/public_html/wp-content/plugins/woocommerce/packages/action-scheduler/classes/actions/ActionScheduler_Action.php(86): do_action_ref_array()
#7 /home/dichvup1/public_html/wp-content/plugins/woocommerce/packages/action-scheduler/classes/abstracts/ActionScheduler_Abstract_QueueRunner.php(103): ActionScheduler_Action->execute()
#8 /home/dichvup1/public_html/wp-content/plugins/woocommerce/packages/action-scheduler/classes/ActionScheduler_QueueRunner.php(188): ActionScheduler_Abstract_QueueRunner->process_action()
#9 /home/dichvup1/public_html/wp-content/plugins/woocommerce/packages/action-scheduler/classes/ActionScheduler_QueueRunner.php(158): ActionScheduler_QueueRunner->do_batch()
#10 /home/dichvup1/public_html/wp-includes/class-wp-hook.php(324): ActionScheduler_QueueRunner->run()
#11 /home/dichvup1/public_html/wp-includes/class-wp-hook.php(348): WP_Hook->apply_filters()
#12 /home/dichvup1/public_html/wp-includes/plugin.php(517): WP_Hook->do_action()
#13 /home/dichvup1/public_html/wp-content/plugins/woocommerce/packages/action-scheduler/classes/ActionScheduler_AsyncRequest_QueueRunner.php(48): do_action()
#14 /home/dichvup1/public_html/wp-content/plugins/woocommerce/includes/libraries/wp-async-request.php(147): ActionScheduler_AsyncRequest_QueueRunner->handle()
#15 /home/dichvup1/public_html/wp-includes/class-wp-hook.php(324): WP_Async_Request->maybe_handle()
#16 /home/dichvup1/public_html/wp-includes/class-wp-hook.php(348): WP_Hook->apply_filters()
#17 /home/dichvup1/public_html/wp-includes/plugin.php(517): WP_Hook->do_action()
#18 /home/dichvup1/public_html/wp-admin/admin-ajax.php(207): do_action()
#19 {main}
2025-10-17T02:50:31+00:00 NOTICE There was an error trying to get product set data in a catalog: Cannot create the API instance because the access token is missing.
2025-10-17T02:50:31+00:00 ERROR ProductSetSync exception: exception_code : 0; exception_class : WooCommerce\Facebook\Framework\Api\Exception: exception_message : Cannot create the API instance because the access token is missing.; exception_trace : #0 /home/dichvup1/public_html/wp-content/plugins/facebook-for-woocommerce/includes/ProductSets/ProductSetSync.php(139): WC_Facebookcommerce->get_api()
#1 /home/dichvup1/public_html/wp-content/plugins/facebook-for-woocommerce/includes/ProductSets/ProductSetSync.php(226): WooCommerce\Facebook\ProductSets\ProductSetSync->get_fb_product_set_id()
#2 /home/dichvup1/public_html/wp-content/plugins/facebook-for-woocommerce/includes/ProductSets/ProductSetSync.php(107): WooCommerce\Facebook\ProductSets\ProductSetSync->sync_all_wc_product_categories()
#3 /home/dichvup1/public_html/wp-includes/class-wp-hook.php(324): WooCommerce\Facebook\ProductSets\ProductSetSync->sync_all_product_sets()
#4 /home/dichvup1/public_html/wp-includes/class-wp-hook.php(348): WP_Hook->apply_filters()
#5 /home/dichvup1/public_html/wp-includes/plugin.php(565): WP_Hook->do_action()
#6 /home/dichvup1/public_html/wp-content/plugins/woocommerce/packages/action-scheduler/classes/actions/ActionScheduler_Action.php(86): do_action_ref_array()
#7 /home/dichvup1/public_html/wp-content/plugins/woocommerce/packages/action-scheduler/classes/abstracts/ActionScheduler_Abstract_QueueRunner.php(103): ActionScheduler_Action->execute()
#8 /home/dichvup1/public_html/wp-content/plugins/woocommerce/packages/action-scheduler/classes/ActionScheduler_QueueRunner.php(188): ActionScheduler_Abstract_QueueRunner->process_action()
#9 /home/dichvup1/public_html/wp-content/plugins/woocommerce/packages/action-scheduler/classes/ActionScheduler_QueueRunner.php(158): ActionScheduler_QueueRunner->do_batch()
#10 /home/dichvup1/public_html/wp-includes/class-wp-hook.php(324): ActionScheduler_QueueRunner->run()
#11 /home/dichvup1/public_html/wp-includes/class-wp-hook.php(348): WP_Hook->apply_filters()
#12 /home/dichvup1/public_html/wp-includes/plugin.php(517): WP_Hook->do_action()
#13 /home/dichvup1/public_html/wp-content/plugins/woocommerce/packages/action-scheduler/classes/ActionScheduler_AsyncRequest_QueueRunner.php(48): do_action()
#14 /home/dichvup1/public_html/wp-content/plugins/woocommerce/includes/libraries/wp-async-request.php(147): ActionScheduler_AsyncRequest_QueueRunner->handle()
#15 /home/dichvup1/public_html/wp-includes/class-wp-hook.php(324): WP_Async_Request->maybe_handle()
#16 /home/dichvup1/public_html/wp-includes/class-wp-hook.php(348): WP_Hook->apply_filters()
#17 /home/dichvup1/public_html/wp-includes/plugin.php(517): WP_Hook->do_action()
#18 /home/dichvup1/public_html/wp-admin/admin-ajax.php(207): do_action()
#19 {main}
2025-10-17T02:50:31+00:00 NOTICE There was an error trying to get product set data in a catalog: Cannot create the API instance because the access token is missing.
2025-10-17T02:50:31+00:00 ERROR ProductSetSync exception: exception_code : 0; exception_class : WooCommerce\Facebook\Framework\Api\Exception: exception_message : Cannot create the API instance because the access token is missing.; exception_trace : #0 /home/dichvup1/public_html/wp-content/plugins/facebook-for-woocommerce/includes/ProductSets/ProductSetSync.php(139): WC_Facebookcommerce->get_api()
#1 /home/dichvup1/public_html/wp-content/plugins/facebook-for-woocommerce/includes/ProductSets/ProductSetSync.php(226): WooCommerce\Facebook\ProductSets\ProductSetSync->get_fb_product_set_id()
#2 /home/dichvup1/public_html/wp-content/plugins/facebook-for-woocommerce/includes/ProductSets/ProductSetSync.php(107): WooCommerce\Facebook\ProductSets\ProductSetSync->sync_all_wc_product_categories()
#3 /home/dichvup1/public_html/wp-includes/class-wp-hook.php(324): WooCommerce\Facebook\ProductSets\ProductSetSync->sync_all_product_sets()
#4 /home/dichvup1/public_html/wp-includes/class-wp-hook.php(348): WP_Hook->apply_filters()
#5 /home/dichvup1/public_html/wp-includes/plugin.php(565): WP_Hook->do_action()
#6 /home/dichvup1/public_html/wp-content/plugins/woocommerce/packages/action-scheduler/classes/actions/ActionScheduler_Action.php(86): do_action_ref_array()
#7 /home/dichvup1/public_html/wp-content/plugins/woocommerce/packages/action-scheduler/classes/abstracts/ActionScheduler_Abstract_QueueRunner.php(103): ActionScheduler_Action->execute()
#8 /home/dichvup1/public_html/wp-content/plugins/woocommerce/packages/action-scheduler/classes/ActionScheduler_QueueRunner.php(188): ActionScheduler_Abstract_QueueRunner->process_action()
#9 /home/dichvup1/public_html/wp-content/plugins/woocommerce/packages/action-scheduler/classes/ActionScheduler_QueueRunner.php(158): ActionScheduler_QueueRunner->do_batch()
#10 /home/dichvup1/public_html/wp-includes/class-wp-hook.php(324): ActionScheduler_QueueRunner->run()
#11 /home/dichvup1/public_html/wp-includes/class-wp-hook.php(348): WP_Hook->apply_filters()
#12 /home/dichvup1/public_html/wp-includes/plugin.php(517): WP_Hook->do_action()
#13 /home/dichvup1/public_html/wp-content/plugins/woocommerce/packages/action-scheduler/classes/ActionScheduler_AsyncRequest_QueueRunner.php(48): do_action()
#14 /home/dichvup1/public_html/wp-content/plugins/woocommerce/includes/libraries/wp-async-request.php(147): ActionScheduler_AsyncRequest_QueueRunner->handle()
#15 /home/dichvup1/public_html/wp-includes/class-wp-hook.php(324): WP_Async_Request->maybe_handle()
#16 /home/dichvup1/public_html/wp-includes/class-wp-hook.php(348): WP_Hook->apply_filters()
#17 /home/dichvup1/public_html/wp-includes/plugin.php(517): WP_Hook->do_action()
#18 /home/dichvup1/public_html/wp-admin/admin-ajax.php(207): do_action()
#19 {main}
2025-10-17T02:50:31+00:00 NOTICE There was an error trying to get product set data in a catalog: Cannot create the API instance because the access token is missing.
2025-10-17T02:50:31+00:00 ERROR ProductSetSync exception: exception_code : 0; exception_class : WooCommerce\Facebook\Framework\Api\Exception: exception_message : Cannot create the API instance because the access token is missing.; exception_trace : #0 /home/dichvup1/public_html/wp-content/plugins/facebook-for-woocommerce/includes/ProductSets/ProductSetSync.php(139): WC_Facebookcommerce->get_api()
#1 /home/dichvup1/public_html/wp-content/plugins/facebook-for-woocommerce/includes/ProductSets/ProductSetSync.php(226): WooCommerce\Facebook\ProductSets\ProductSetSync->get_fb_product_set_id()
#2 /home/dichvup1/public_html/wp-content/plugins/facebook-for-woocommerce/includes/ProductSets/ProductSetSync.php(107): WooCommerce\Facebook\ProductSets\ProductSetSync->sync_all_wc_product_categories()
#3 /home/dichvup1/public_html/wp-includes/class-wp-hook.php(324): WooCommerce\Facebook\ProductSets\ProductSetSync->sync_all_product_sets()
#4 /home/dichvup1/public_html/wp-includes/class-wp-hook.php(348): WP_Hook->apply_filters()
#5 /home/dichvup1/public_html/wp-includes/plugin.php(565): WP_Hook->do_action()
#6 /home/dichvup1/public_html/wp-content/plugins/woocommerce/packages/action-scheduler/classes/actions/ActionScheduler_Action.php(86): do_action_ref_array()
#7 /home/dichvup1/public_html/wp-content/plugins/woocommerce/packages/action-scheduler/classes/abstracts/ActionScheduler_Abstract_QueueRunner.php(103): ActionScheduler_Action->execute()
#8 /home/dichvup1/public_html/wp-content/plugins/woocommerce/packages/action-scheduler/classes/ActionScheduler_QueueRunner.php(188): ActionScheduler_Abstract_QueueRunner->process_action()
#9 /home/dichvup1/public_html/wp-content/plugins/woocommerce/packages/action-scheduler/classes/ActionScheduler_QueueRunner.php(158): ActionScheduler_QueueRunner->do_batch()
#10 /home/dichvup1/public_html/wp-includes/class-wp-hook.php(324): ActionScheduler_QueueRunner->run()
#11 /home/dichvup1/public_html/wp-includes/class-wp-hook.php(348): WP_Hook->apply_filters()
#12 /home/dichvup1/public_html/wp-includes/plugin.php(517): WP_Hook->do_action()
#13 /home/dichvup1/public_html/wp-content/plugins/woocommerce/packages/action-scheduler/classes/ActionScheduler_AsyncRequest_QueueRunner.php(48): do_action()
#14 /home/dichvup1/public_html/wp-content/plugins/woocommerce/includes/libraries/wp-async-request.php(147): ActionScheduler_AsyncRequest_QueueRunner->handle()
#15 /home/dichvup1/public_html/wp-includes/class-wp-hook.php(324): WP_Async_Request->maybe_handle()
#16 /home/dichvup1/public_html/wp-includes/class-wp-hook.php(348): WP_Hook->apply_filters()
#17 /home/dichvup1/public_html/wp-includes/plugin.php(517): WP_Hook->do_action()
#18 /home/dichvup1/public_html/wp-admin/admin-ajax.php(207): do_action()
#19 {main}
2025-10-17T02:50:31+00:00 NOTICE There was an error trying to get product set data in a catalog: Cannot create the API instance because the access token is missing.
2025-10-17T02:50:31+00:00 ERROR ProductSetSync exception: exception_code : 0; exception_class : WooCommerce\Facebook\Framework\Api\Exception: exception_message : Cannot create the API instance because the access token is missing.; exception_trace : #0 /home/dichvup1/public_html/wp-content/plugins/facebook-for-woocommerce/includes/ProductSets/ProductSetSync.php(139): WC_Facebookcommerce->get_api()
#1 /home/dichvup1/public_html/wp-content/plugins/facebook-for-woocommerce/includes/ProductSets/ProductSetSync.php(226): WooCommerce\Facebook\ProductSets\ProductSetSync->get_fb_product_set_id()
#2 /home/dichvup1/public_html/wp-content/plugins/facebook-for-woocommerce/includes/ProductSets/ProductSetSync.php(107): WooCommerce\Facebook\ProductSets\ProductSetSync->sync_all_wc_product_categories()
#3 /home/dichvup1/public_html/wp-includes/class-wp-hook.php(324): WooCommerce\Facebook\ProductSets\ProductSetSync->sync_all_product_sets()
#4 /home/dichvup1/public_html/wp-includes/class-wp-hook.php(348): WP_Hook->apply_filters()
#5 /home/dichvup1/public_html/wp-includes/plugin.php(565): WP_Hook->do_action()
#6 /home/dichvup1/public_html/wp-content/plugins/woocommerce/packages/action-scheduler/classes/actions/ActionScheduler_Action.php(86): do_action_ref_array()
#7 /home/dichvup1/public_html/wp-content/plugins/woocommerce/packages/action-scheduler/classes/abstracts/ActionScheduler_Abstract_QueueRunner.php(103): ActionScheduler_Action->execute()
#8 /home/dichvup1/public_html/wp-content/plugins/woocommerce/packages/action-scheduler/classes/ActionScheduler_QueueRunner.php(188): ActionScheduler_Abstract_QueueRunner->process_action()
#9 /home/dichvup1/public_html/wp-content/plugins/woocommerce/packages/action-scheduler/classes/ActionScheduler_QueueRunner.php(158): ActionScheduler_QueueRunner->do_batch()
#10 /home/dichvup1/public_html/wp-includes/class-wp-hook.php(324): ActionScheduler_QueueRunner->run()
#11 /home/dichvup1/public_html/wp-includes/class-wp-hook.php(348): WP_Hook->apply_filters()
#12 /home/dichvup1/public_html/wp-includes/plugin.php(517): WP_Hook->do_action()
#13 /home/dichvup1/public_html/wp-content/plugins/woocommerce/packages/action-scheduler/classes/ActionScheduler_AsyncRequest_QueueRunner.php(48): do_action()
#14 /home/dichvup1/public_html/wp-content/plugins/woocommerce/includes/libraries/wp-async-request.php(147): ActionScheduler_AsyncRequest_QueueRunner->handle()
#15 /home/dichvup1/public_html/wp-includes/class-wp-hook.php(324): WP_Async_Request->maybe_handle()
#16 /home/dichvup1/public_html/wp-includes/class-wp-hook.php(348): WP_Hook->apply_filters()
#17 /home/dichvup1/public_html/wp-includes/plugin.php(517): WP_Hook->do_action()
#18 /home/dichvup1/public_html/wp-admin/admin-ajax.php(207): do_action()
#19 {main}
2025-10-17T02:50:31+00:00 NOTICE There was an error trying to get product set data in a catalog: Cannot create the API instance because the access token is missing.
2025-10-17T02:50:31+00:00 ERROR ProductSetSync exception: exception_code : 0; exception_class : WooCommerce\Facebook\Framework\Api\Exception: exception_message : Cannot create the API instance because the access token is missing.; exception_trace : #0 /home/dichvup1/public_html/wp-content/plugins/facebook-for-woocommerce/includes/ProductSets/ProductSetSync.php(139): WC_Facebookcommerce->get_api()
#1 /home/dichvup1/public_html/wp-content/plugins/facebook-for-woocommerce/includes/ProductSets/ProductSetSync.php(226): WooCommerce\Facebook\ProductSets\ProductSetSync->get_fb_product_set_id()
#2 /home/dichvup1/public_html/wp-content/plugins/facebook-for-woocommerce/includes/ProductSets/ProductSetSync.php(107): WooCommerce\Facebook\ProductSets\ProductSetSync->sync_all_wc_product_categories()
#3 /home/dichvup1/public_html/wp-includes/class-wp-hook.php(324): WooCommerce\Facebook\ProductSets\ProductSetSync->sync_all_product_sets()
#4 /home/dichvup1/public_html/wp-includes/class-wp-hook.php(348): WP_Hook->apply_filters()
#5 /home/dichvup1/public_html/wp-includes/plugin.php(565): WP_Hook->do_action()
#6 /home/dichvup1/public_html/wp-content/plugins/woocommerce/packages/action-scheduler/classes/actions/ActionScheduler_Action.php(86): do_action_ref_array()
#7 /home/dichvup1/public_html/wp-content/plugins/woocommerce/packages/action-scheduler/classes/abstracts/ActionScheduler_Abstract_QueueRunner.php(103): ActionScheduler_Action->execute()
#8 /home/dichvup1/public_html/wp-content/plugins/woocommerce/packages/action-scheduler/classes/ActionScheduler_QueueRunner.php(188): ActionScheduler_Abstract_QueueRunner->process_action()
#9 /home/dichvup1/public_html/wp-content/plugins/woocommerce/packages/action-scheduler/classes/ActionScheduler_QueueRunner.php(158): ActionScheduler_QueueRunner->do_batch()
#10 /home/dichvup1/public_html/wp-includes/class-wp-hook.php(324): ActionScheduler_QueueRunner->run()
#11 /home/dichvup1/public_html/wp-includes/class-wp-hook.php(348): WP_Hook->apply_filters()
#12 /home/dichvup1/public_html/wp-includes/plugin.php(517): WP_Hook->do_action()
#13 /home/dichvup1/public_html/wp-content/plugins/woocommerce/packages/action-scheduler/classes/ActionScheduler_AsyncRequest_QueueRunner.php(48): do_action()
#14 /home/dichvup1/public_html/wp-content/plugins/woocommerce/includes/libraries/wp-async-request.php(147): ActionScheduler_AsyncRequest_QueueRunner->handle()
#15 /home/dichvup1/public_html/wp-includes/class-wp-hook.php(324): WP_Async_Request->maybe_handle()
#16 /home/dichvup1/public_html/wp-includes/class-wp-hook.php(348): WP_Hook->apply_filters()
#17 /home/dichvup1/public_html/wp-includes/plugin.php(517): WP_Hook->do_action()
#18 /home/dichvup1/public_html/wp-admin/admin-ajax.php(207): do_action()
#19 {main}
2025-10-17T02:50:31+00:00 NOTICE There was an error trying to get product set data in a catalog: Cannot create the API instance because the access token is missing.
2025-10-17T02:50:31+00:00 ERROR ProductSetSync exception: exception_code : 0; exception_class : WooCommerce\Facebook\Framework\Api\Exception: exception_message : Cannot create the API instance because the access token is missing.; exception_trace : #0 /home/dichvup1/public_html/wp-content/plugins/facebook-for-woocommerce/includes/ProductSets/ProductSetSync.php(139): WC_Facebookcommerce->get_api()
#1 /home/dichvup1/public_html/wp-content/plugins/facebook-for-woocommerce/includes/ProductSets/ProductSetSync.php(226): WooCommerce\Facebook\ProductSets\ProductSetSync->get_fb_product_set_id()
#2 /home/dichvup1/public_html/wp-content/plugins/facebook-for-woocommerce/includes/ProductSets/ProductSetSync.php(107): WooCommerce\Facebook\ProductSets\ProductSetSync->sync_all_wc_product_categories()
#3 /home/dichvup1/public_html/wp-includes/class-wp-hook.php(324): WooCommerce\Facebook\ProductSets\ProductSetSync->sync_all_product_sets()
#4 /home/dichvup1/public_html/wp-includes/class-wp-hook.php(348): WP_Hook->apply_filters()
#5 /home/dichvup1/public_html/wp-includes/plugin.php(565): WP_Hook->do_action()
#6 /home/dichvup1/public_html/wp-content/plugins/woocommerce/packages/action-scheduler/classes/actions/ActionScheduler_Action.php(86): do_action_ref_array()
#7 /home/dichvup1/public_html/wp-content/plugins/woocommerce/packages/action-scheduler/classes/abstracts/ActionScheduler_Abstract_QueueRunner.php(103): ActionScheduler_Action->execute()
#8 /home/dichvup1/public_html/wp-content/plugins/woocommerce/packages/action-scheduler/classes/ActionScheduler_QueueRunner.php(188): ActionScheduler_Abstract_QueueRunner->process_action()
#9 /home/dichvup1/public_html/wp-content/plugins/woocommerce/packages/action-scheduler/classes/ActionScheduler_QueueRunner.php(158): ActionScheduler_QueueRunner->do_batch()
#10 /home/dichvup1/public_html/wp-includes/class-wp-hook.php(324): ActionScheduler_QueueRunner->run()
#11 /home/dichvup1/public_html/wp-includes/class-wp-hook.php(348): WP_Hook->apply_filters()
#12 /home/dichvup1/public_html/wp-includes/plugin.php(517): WP_Hook->do_action()
#13 /home/dichvup1/public_html/wp-content/plugins/woocommerce/packages/action-scheduler/classes/ActionScheduler_AsyncRequest_QueueRunner.php(48): do_action()
#14 /home/dichvup1/public_html/wp-content/plugins/woocommerce/includes/libraries/wp-async-request.php(147): ActionScheduler_AsyncRequest_QueueRunner->handle()
#15 /home/dichvup1/public_html/wp-includes/class-wp-hook.php(324): WP_Async_Request->maybe_handle()
#16 /home/dichvup1/public_html/wp-includes/class-wp-hook.php(348): WP_Hook->apply_filters()
#17 /home/dichvup1/public_html/wp-includes/plugin.php(517): WP_Hook->do_action()
#18 /home/dichvup1/public_html/wp-admin/admin-ajax.php(207): do_action()
#19 {main}
2025-10-17T02:50:31+00:00 NOTICE There was an error trying to get product set data in a catalog: Cannot create the API instance because the access token is missing.
2025-10-17T02:50:31+00:00 ERROR ProductSetSync exception: exception_code : 0; exception_class : WooCommerce\Facebook\Framework\Api\Exception: exception_message : Cannot create the API instance because the access token is missing.; exception_trace : #0 /home/dichvup1/public_html/wp-content/plugins/facebook-for-woocommerce/includes/ProductSets/ProductSetSync.php(139): WC_Facebookcommerce->get_api()
#1 /home/dichvup1/public_html/wp-content/plugins/facebook-for-woocommerce/includes/ProductSets/ProductSetSync.php(226): WooCommerce\Facebook\ProductSets\ProductSetSync->get_fb_product_set_id()
#2 /home/dichvup1/public_html/wp-content/plugins/facebook-for-woocommerce/includes/ProductSets/ProductSetSync.php(107): WooCommerce\Facebook\ProductSets\ProductSetSync->sync_all_wc_product_categories()
#3 /home/dichvup1/public_html/wp-includes/class-wp-hook.php(324): WooCommerce\Facebook\ProductSets\ProductSetSync->sync_all_product_sets()
#4 /home/dichvup1/public_html/wp-includes/class-wp-hook.php(348): WP_Hook->apply_filters()
#5 /home/dichvup1/public_html/wp-includes/plugin.php(565): WP_Hook->do_action()
#6 /home/dichvup1/public_html/wp-content/plugins/woocommerce/packages/action-scheduler/classes/actions/ActionScheduler_Action.php(86): do_action_ref_array()
#7 /home/dichvup1/public_html/wp-content/plugins/woocommerce/packages/action-scheduler/classes/abstracts/ActionScheduler_Abstract_QueueRunner.php(103): ActionScheduler_Action->execute()
#8 /home/dichvup1/public_html/wp-content/plugins/woocommerce/packages/action-scheduler/classes/ActionScheduler_QueueRunner.php(188): ActionScheduler_Abstract_QueueRunner->process_action()
#9 /home/dichvup1/public_html/wp-content/plugins/woocommerce/packages/action-scheduler/classes/ActionScheduler_QueueRunner.php(158): ActionScheduler_QueueRunner->do_batch()
#10 /home/dichvup1/public_html/wp-includes/class-wp-hook.php(324): ActionScheduler_QueueRunner->run()
#11 /home/dichvup1/public_html/wp-includes/class-wp-hook.php(348): WP_Hook->apply_filters()
#12 /home/dichvup1/public_html/wp-includes/plugin.php(517): WP_Hook->do_action()
#13 /home/dichvup1/public_html/wp-content/plugins/woocommerce/packages/action-scheduler/classes/ActionScheduler_AsyncRequest_QueueRunner.php(48): do_action()
#14 /home/dichvup1/public_html/wp-content/plugins/woocommerce/includes/libraries/wp-async-request.php(147): ActionScheduler_AsyncRequest_QueueRunner->handle()
#15 /home/dichvup1/public_html/wp-includes/class-wp-hook.php(324): WP_Async_Request->maybe_handle()
#16 /home/dichvup1/public_html/wp-includes/class-wp-hook.php(348): WP_Hook->apply_filters()
#17 /home/dichvup1/public_html/wp-includes/plugin.php(517): WP_Hook->do_action()
#18 /home/dichvup1/public_html/wp-admin/admin-ajax.php(207): do_action()
#19 {main}
2025-10-17T02:50:31+00:00 NOTICE There was an error trying to get product set data in a catalog: Cannot create the API instance because the access token is missing.
2025-10-17T02:50:31+00:00 ERROR ProductSetSync exception: exception_code : 0; exception_class : WooCommerce\Facebook\Framework\Api\Exception: exception_message : Cannot create the API instance because the access token is missing.; exception_trace : #0 /home/dichvup1/public_html/wp-content/plugins/facebook-for-woocommerce/includes/ProductSets/ProductSetSync.php(139): WC_Facebookcommerce->get_api()
#1 /home/dichvup1/public_html/wp-content/plugins/facebook-for-woocommerce/includes/ProductSets/ProductSetSync.php(226): WooCommerce\Facebook\ProductSets\ProductSetSync->get_fb_product_set_id()
#2 /home/dichvup1/public_html/wp-content/plugins/facebook-for-woocommerce/includes/ProductSets/ProductSetSync.php(107): WooCommerce\Facebook\ProductSets\ProductSetSync->sync_all_wc_product_categories()
#3 /home/dichvup1/public_html/wp-includes/class-wp-hook.php(324): WooCommerce\Facebook\ProductSets\ProductSetSync->sync_all_product_sets()
#4 /home/dichvup1/public_html/wp-includes/class-wp-hook.php(348): WP_Hook->apply_filters()
#5 /home/dichvup1/public_html/wp-includes/plugin.php(565): WP_Hook->do_action()
#6 /home/dichvup1/public_html/wp-content/plugins/woocommerce/packages/action-scheduler/classes/actions/ActionScheduler_Action.php(86): do_action_ref_array()
#7 /home/dichvup1/public_html/wp-content/plugins/woocommerce/packages/action-scheduler/classes/abstracts/ActionScheduler_Abstract_QueueRunner.php(103): ActionScheduler_Action->execute()
#8 /home/dichvup1/public_html/wp-content/plugins/woocommerce/packages/action-scheduler/classes/ActionScheduler_QueueRunner.php(188): ActionScheduler_Abstract_QueueRunner->process_action()
#9 /home/dichvup1/public_html/wp-content/plugins/woocommerce/packages/action-scheduler/classes/ActionScheduler_QueueRunner.php(158): ActionScheduler_QueueRunner->do_batch()
#10 /home/dichvup1/public_html/wp-includes/class-wp-hook.php(324): ActionScheduler_QueueRunner->run()
#11 /home/dichvup1/public_html/wp-includes/class-wp-hook.php(348): WP_Hook->apply_filters()
#12 /home/dichvup1/public_html/wp-includes/plugin.php(517): WP_Hook->do_action()
#13 /home/dichvup1/public_html/wp-content/plugins/woocommerce/packages/action-scheduler/classes/ActionScheduler_AsyncRequest_QueueRunner.php(48): do_action()
#14 /home/dichvup1/public_html/wp-content/plugins/woocommerce/includes/libraries/wp-async-request.php(147): ActionScheduler_AsyncRequest_QueueRunner->handle()
#15 /home/dichvup1/public_html/wp-includes/class-wp-hook.php(324): WP_Async_Request->maybe_handle()
#16 /home/dichvup1/public_html/wp-includes/class-wp-hook.php(348): WP_Hook->apply_filters()
#17 /home/dichvup1/public_html/wp-includes/plugin.php(517): WP_Hook->do_action()
#18 /home/dichvup1/public_html/wp-admin/admin-ajax.php(207): do_action()
#19 {main}
2025-10-17T02:50:31+00:00 NOTICE There was an error trying to get product set data in a catalog: Cannot create the API instance because the access token is missing.
2025-10-17T02:50:31+00:00 ERROR ProductSetSync exception: exception_code : 0; exception_class : WooCommerce\Facebook\Framework\Api\Exception: exception_message : Cannot create the API instance because the access token is missing.; exception_trace : #0 /home/dichvup1/public_html/wp-content/plugins/facebook-for-woocommerce/includes/ProductSets/ProductSetSync.php(139): WC_Facebookcommerce->get_api()
#1 /home/dichvup1/public_html/wp-content/plugins/facebook-for-woocommerce/includes/ProductSets/ProductSetSync.php(226): WooCommerce\Facebook\ProductSets\ProductSetSync->get_fb_product_set_id()
#2 /home/dichvup1/public_html/wp-content/plugins/facebook-for-woocommerce/includes/ProductSets/ProductSetSync.php(107): WooCommerce\Facebook\ProductSets\ProductSetSync->sync_all_wc_product_categories()
#3 /home/dichvup1/public_html/wp-includes/class-wp-hook.php(324): WooCommerce\Facebook\ProductSets\ProductSetSync->sync_all_product_sets()
#4 /home/dichvup1/public_html/wp-includes/class-wp-hook.php(348): WP_Hook->apply_filters()
#5 /home/dichvup1/public_html/wp-includes/plugin.php(565): WP_Hook->do_action()
#6 /home/dichvup1/public_html/wp-content/plugins/woocommerce/packages/action-scheduler/classes/actions/ActionScheduler_Action.php(86): do_action_ref_array()
#7 /home/dichvup1/public_html/wp-content/plugins/woocommerce/packages/action-scheduler/classes/abstracts/ActionScheduler_Abstract_QueueRunner.php(103): ActionScheduler_Action->execute()
#8 /home/dichvup1/public_html/wp-content/plugins/woocommerce/packages/action-scheduler/classes/ActionScheduler_QueueRunner.php(188): ActionScheduler_Abstract_QueueRunner->process_action()
#9 /home/dichvup1/public_html/wp-content/plugins/woocommerce/packages/action-scheduler/classes/ActionScheduler_QueueRunner.php(158): ActionScheduler_QueueRunner->do_batch()
#10 /home/dichvup1/public_html/wp-includes/class-wp-hook.php(324): ActionScheduler_QueueRunner->run()
#11 /home/dichvup1/public_html/wp-includes/class-wp-hook.php(348): WP_Hook->apply_filters()
#12 /home/dichvup1/public_html/wp-includes/plugin.php(517): WP_Hook->do_action()
#13 /home/dichvup1/public_html/wp-content/plugins/woocommerce/packages/action-scheduler/classes/ActionScheduler_AsyncRequest_QueueRunner.php(48): do_action()
#14 /home/dichvup1/public_html/wp-content/plugins/woocommerce/includes/libraries/wp-async-request.php(147): ActionScheduler_AsyncRequest_QueueRunner->handle()
#15 /home/dichvup1/public_html/wp-includes/class-wp-hook.php(324): WP_Async_Request->maybe_handle()
#16 /home/dichvup1/public_html/wp-includes/class-wp-hook.php(348): WP_Hook->apply_filters()
#17 /home/dichvup1/public_html/wp-includes/plugin.php(517): WP_Hook->do_action()
#18 /home/dichvup1/public_html/wp-admin/admin-ajax.php(207): do_action()
#19 {main}
2025-10-17T02:50:31+00:00 NOTICE There was an error trying to get product set data in a catalog: Cannot create the API instance because the access token is missing.
2025-10-17T02:50:31+00:00 ERROR ProductSetSync exception: exception_code : 0; exception_class : WooCommerce\Facebook\Framework\Api\Exception: exception_message : Cannot create the API instance because the access token is missing.; exception_trace : #0 /home/dichvup1/public_html/wp-content/plugins/facebook-for-woocommerce/includes/ProductSets/ProductSetSync.php(139): WC_Facebookcommerce->get_api()
#1 /home/dichvup1/public_html/wp-content/plugins/facebook-for-woocommerce/includes/ProductSets/ProductSetSync.php(226): WooCommerce\Facebook\ProductSets\ProductSetSync->get_fb_product_set_id()
#2 /home/dichvup1/public_html/wp-content/plugins/facebook-for-woocommerce/includes/ProductSets/ProductSetSync.php(107): WooCommerce\Facebook\ProductSets\ProductSetSync->sync_all_wc_product_categories()
#3 /home/dichvup1/public_html/wp-includes/class-wp-hook.php(324): WooCommerce\Facebook\ProductSets\ProductSetSync->sync_all_product_sets()
#4 /home/dichvup1/public_html/wp-includes/class-wp-hook.php(348): WP_Hook->apply_filters()
#5 /home/dichvup1/public_html/wp-includes/plugin.php(565): WP_Hook->do_action()
#6 /home/dichvup1/public_html/wp-content/plugins/woocommerce/packages/action-scheduler/classes/actions/ActionScheduler_Action.php(86): do_action_ref_array()
#7 /home/dichvup1/public_html/wp-content/plugins/woocommerce/packages/action-scheduler/classes/abstracts/ActionScheduler_Abstract_QueueRunner.php(103): ActionScheduler_Action->execute()
#8 /home/dichvup1/public_html/wp-content/plugins/woocommerce/packages/action-scheduler/classes/ActionScheduler_QueueRunner.php(188): ActionScheduler_Abstract_QueueRunner->process_action()
#9 /home/dichvup1/public_html/wp-content/plugins/woocommerce/packages/action-scheduler/classes/ActionScheduler_QueueRunner.php(158): ActionScheduler_QueueRunner->do_batch()
#10 /home/dichvup1/public_html/wp-includes/class-wp-hook.php(324): ActionScheduler_QueueRunner->run()
#11 /home/dichvup1/public_html/wp-includes/class-wp-hook.php(348): WP_Hook->apply_filters()
#12 /home/dichvup1/public_html/wp-includes/plugin.php(517): WP_Hook->do_action()
#13 /home/dichvup1/public_html/wp-content/plugins/woocommerce/packages/action-scheduler/classes/ActionScheduler_AsyncRequest_QueueRunner.php(48): do_action()
#14 /home/dichvup1/public_html/wp-content/plugins/woocommerce/includes/libraries/wp-async-request.php(147): ActionScheduler_AsyncRequest_QueueRunner->handle()
#15 /home/dichvup1/public_html/wp-includes/class-wp-hook.php(324): WP_Async_Request->maybe_handle()
#16 /home/dichvup1/public_html/wp-includes/class-wp-hook.php(348): WP_Hook->apply_filters()
#17 /home/dichvup1/public_html/wp-includes/plugin.php(517): WP_Hook->do_action()
#18 /home/dichvup1/public_html/wp-admin/admin-ajax.php(207): do_action()
#19 {main}
2025-10-17T02:50:31+00:00 WARNING Product feed scheduling failed: Integration not configured. : {"flow_name":"product_feed","flow_step":"schedule_feed_generation"}
2025-10-17T02:50:31+00:00 ERROR Error persisting error logs: Cannot create the API instance because the access token is missing. : []
2025-10-17T02:50:31+00:00 ERROR Error persisting Meta logs: Cannot create the API instance because the access token is missing. : []
2025-10-17T02:50:39+00:00 ERROR Error persisting Meta logs: Cannot create the API instance because the access token is missing. : []
2025-10-17T03:05:19+00:00 ERROR Error persisting Meta logs: Cannot create the API instance because the access token is missing. : []
2025-10-17T03:07:58+00:00 ERROR Error persisting Meta logs: Cannot create the API instance because the access token is missing. : []
2025-10-17T03:24:27+00:00 ERROR Error persisting Meta logs: Cannot create the API instance because the access token is missing. : []
2025-10-17T03:24:34+00:00 ERROR Error persisting Meta logs: Cannot create the API instance because the access token is missing. : []
2025-10-17T03:27:07+00:00 ERROR Error persisting Meta logs: Cannot create the API instance because the access token is missing. : []
2025-10-17T03:38:14+00:00 ERROR Error persisting Meta logs: Cannot create the API instance because the access token is missing. : []
2025-10-17T03:38:20+00:00 ERROR Error persisting Meta logs: Cannot create the API instance because the access token is missing. : []
2025-10-17T03:46:30+00:00 ERROR Error persisting Meta logs: Cannot create the API instance because the access token is missing. : []
2025-10-17T03:46:35+00:00 ERROR Error persisting Meta logs: Cannot create the API instance because the access token is missing. : []
2025-10-17T03:57:00+00:00 ERROR Error persisting Meta logs: Cannot create the API instance because the access token is missing. : []
2025-10-17T04:09:45+00:00 ERROR Error persisting Meta logs: Cannot create the API instance because the access token is missing. : []
2025-10-17T04:20:59+00:00 ERROR Error persisting Meta logs: Cannot create the API instance because the access token is missing. : []
2025-10-17T04:21:06+00:00 ERROR Error persisting Meta logs: Cannot create the API instance because the access token is missing. : []
2025-10-17T04:30:41+00:00 ERROR Error persisting Meta logs: Cannot create the API instance because the access token is missing. : []
2025-10-17T04:37:53+00:00 ERROR Error persisting Meta logs: Cannot create the API instance because the access token is missing. : []
2025-10-17T04:41:03+00:00 ERROR Error persisting Meta logs: Cannot create the API instance because the access token is missing. : []
2025-10-17T04:46:02+00:00 WARNING Product feed scheduling failed: Integration not configured. : {"flow_name":"product_feed","flow_step":"schedule_feed_generation"}
2025-10-17T04:46:02+00:00 ERROR Error persisting Meta logs: Cannot create the API instance because the access token is missing. : []
2025-10-17T05:18:18+00:00 ERROR Error persisting Meta logs: Cannot create the API instance because the access token is missing. : []
2025-10-17T05:30:02+00:00 ERROR Error persisting Meta logs: Cannot create the API instance because the access token is missing. : []
2025-10-17T05:39:59+00:00 ERROR Error persisting Meta logs: Cannot create the API instance because the access token is missing. : []
2025-10-17T05:40:07+00:00 ERROR Error persisting Meta logs: Cannot create the API instance because the access token is missing. : []
2025-10-17T05:47:28+00:00 ERROR Error persisting Meta logs: Cannot create the API instance because the access token is missing. : []
2025-10-17T05:48:06+00:00 WARNING Product feed scheduling failed: Integration not configured. : {"flow_name":"product_feed","flow_step":"schedule_feed_generation"}
2025-10-17T05:51:04+00:00 ERROR Error persisting Meta logs: Cannot create the API instance because the access token is missing. : []
2025-10-17T05:51:04+00:00 ERROR Error persisting Meta logs: Cannot create the API instance because the access token is missing. : []
2025-10-17T05:56:02+00:00 ERROR Error persisting Meta logs: Cannot create the API instance because the access token is missing. : []
2025-10-17T05:56:02+00:00 ERROR Error persisting Meta logs: Cannot create the API instance because the access token is missing. : []
2025-10-17T06:03:51+00:00 ERROR Error persisting Meta logs: Cannot create the API instance because the access token is missing. : []
2025-10-17T06:03:51+00:00 ERROR Error persisting Meta logs: Cannot create the API instance because the access token is missing. : []
2025-10-17T06:12:07+00:00 ERROR Error persisting Meta logs: Cannot create the API instance because the access token is missing. : []
2025-10-17T06:12:07+00:00 ERROR Error persisting Meta logs: Cannot create the API instance because the access token is missing. : []
2025-10-17T06:14:55+00:00 ERROR Error persisting Meta logs: Cannot create the API instance because the access token is missing. : []
2025-10-17T06:14:55+00:00 ERROR Error persisting Meta logs: Cannot create the API instance because the access token is missing. : []
2025-10-17T06:16:09+00:00 ERROR Error persisting Meta logs: Cannot create the API instance because the access token is missing. : []
2025-10-17T06:16:09+00:00 ERROR Error persisting Meta logs: Cannot create the API instance because the access token is missing. : []
2025-10-17T06:22:17+00:00 ERROR Error persisting Meta logs: Cannot create the API instance because the access token is missing. : []
2025-10-17T06:22:17+00:00 ERROR Error persisting Meta logs: Cannot create the API instance because the access token is missing. : []
2025-10-17T06:25:38+00:00 ERROR Error persisting Meta logs: Cannot create the API instance because the access token is missing. : []
2025-10-17T06:25:38+00:00 ERROR Error persisting Meta logs: Cannot create the API instance because the access token is missing. : []
2025-10-17T06:30:50+00:00 ERROR Error persisting Meta logs: Cannot create the API instance because the access token is missing. : []
2025-10-17T06:30:50+00:00 ERROR Error persisting Meta logs: Cannot create the API instance because the access token is missing. : []
2025-10-17T06:38:39+00:00 ERROR Error persisting Meta logs: Cannot create the API instance because the access token is missing. : []
2025-10-17T06:38:39+00:00 ERROR Error persisting Meta logs: Cannot create the API instance because the access token is missing. : []
2025-10-17T06:48:26+00:00 ERROR Error persisting Meta logs: Cannot create the API instance because the access token is missing. : []
2025-10-17T06:48:26+00:00 ERROR Error persisting Meta logs: Cannot create the API instance because the access token is missing. : []
2025-10-17T06:48:32+00:00 WARNING Product feed scheduling failed: Integration not configured. : {"flow_name":"product_feed","flow_step":"schedule_feed_generation"}
2025-10-17T06:48:32+00:00 ERROR Error persisting error logs: Cannot create the API instance because the access token is missing. : []
2025-10-17T06:48:32+00:00 ERROR Error persisting Meta logs: Cannot create the API instance because the access token is missing. : []
2025-10-17T06:48:32+00:00 ERROR Error persisting Meta logs: Cannot create the API instance because the access token is missing. : []
2025-10-17T06:52:40+00:00 ERROR Error persisting Meta logs: Cannot create the API instance because the access token is missing. : []
2025-10-17T06:52:40+00:00 ERROR Error persisting Meta logs: Cannot create the API instance because the access token is missing. : []
2025-10-17T06:58:22+00:00 ERROR Error persisting Meta logs: Cannot create the API instance because the access token is missing. : []
2025-10-17T06:58:22+00:00 ERROR Error persisting Meta logs: Cannot create the API instance because the access token is missing. : []
2025-10-17T07:02:34+00:00 ERROR Error persisting Meta logs: Cannot create the API instance because the access token is missing. : []
2025-10-17T07:02:34+00:00 ERROR Error persisting Meta logs: Cannot create the API instance because the access token is missing. : []
2025-10-17T07:06:05+00:00 ERROR Error persisting Meta logs: Cannot create the API instance because the access token is missing. : []
2025-10-17T07:06:05+00:00 ERROR Error persisting Meta logs: Cannot create the API instance because the access token is missing. : []
2025-10-17T07:13:04+00:00 ERROR Error persisting Meta logs: Cannot create the API instance because the access token is missing. : []
2025-10-17T07:13:04+00:00 ERROR Error persisting Meta logs: Cannot create the API instance because the access token is missing. : []
2025-10-17T07:16:47+00:00 ERROR Error persisting Meta logs: Cannot create the API instance because the access token is missing. : []
2025-10-17T07:16:47+00:00 ERROR Error persisting Meta logs: Cannot create the API instance because the access token is missing. : []
2025-10-17T07:24:13+00:00 ERROR Error persisting Meta logs: Cannot create the API instance because the access token is missing. : []
2025-10-17T07:24:13+00:00 ERROR Error persisting Meta logs: Cannot create the API instance because the access token is missing. : []
2025-10-17T07:35:33+00:00 ERROR Error persisting Meta logs: Cannot create the API instance because the access token is missing. : []
2025-10-17T07:35:33+00:00 ERROR Error persisting Meta logs: Cannot create the API instance because the access token is missing. : []
2025-10-17T07:35:40+00:00 ERROR Error persisting Meta logs: Cannot create the API instance because the access token is missing. : []
2025-10-17T07:35:40+00:00 ERROR Error persisting Meta logs: Cannot create the API instance because the access token is missing. : []
2025-10-17T07:59:23+00:00 ERROR Error persisting Meta logs: Cannot create the API instance because the access token is missing. : []
2025-10-17T07:59:23+00:00 ERROR Error persisting Meta logs: Cannot create the API instance because the access token is missing. : []
2025-10-17T07:59:24+00:00 WARNING Product feed scheduling failed: Integration not configured. : {"flow_name":"product_feed","flow_step":"schedule_feed_generation"}
2025-10-17T08:18:41+00:00 ERROR Error persisting Meta logs: Cannot create the API instance because the access token is missing. : []
2025-10-17T08:18:41+00:00 ERROR Error persisting Meta logs: Cannot create the API instance because the access token is missing. : []
2025-10-17T08:18:48+00:00 ERROR Error persisting Meta logs: Cannot create the API instance because the access token is missing. : []
2025-10-17T08:18:48+00:00 ERROR Error persisting Meta logs: Cannot create the API instance because the access token is missing. : []
2025-10-17T08:25:30+00:00 ERROR Error persisting Meta logs: Cannot create the API instance because the access token is missing. : []
2025-10-17T08:25:30+00:00 ERROR Error persisting Meta logs: Cannot create the API instance because the access token is missing. : []
2025-10-17T08:26:05+00:00 ERROR Error persisting Meta logs: Cannot create the API instance because the access token is missing. : []
2025-10-17T08:26:05+00:00 ERROR Error persisting Meta logs: Cannot create the API instance because the access token is missing. : []
2025-10-17T08:38:12+00:00 ERROR Error persisting Meta logs: Cannot create the API instance because the access token is missing. : []
2025-10-17T08:38:12+00:00 ERROR Error persisting Meta logs: Cannot create the API instance because the access token is missing. : []
2025-10-17T08:48:00+00:00 ERROR Error persisting Meta logs: Cannot create the API instance because the access token is missing. : []
2025-10-17T08:48:00+00:00 ERROR Error persisting Meta logs: Cannot create the API instance because the access token is missing. : []
2025-10-17T08:48:07+00:00 ERROR Error persisting Meta logs: Cannot create the API instance because the access token is missing. : []
2025-10-17T08:48:07+00:00 ERROR Error persisting Meta logs: Cannot create the API instance because the access token is missing. : []
2025-10-17T09:01:11+00:00 ERROR Error persisting Meta logs: Cannot create the API instance because the access token is missing. : []
2025-10-17T09:01:11+00:00 ERROR Error persisting Meta logs: Cannot create the API instance because the access token is missing. : []
2025-10-17T09:01:17+00:00 ERROR Error persisting Meta logs: Cannot create the API instance because the access token is missing. : []
2025-10-17T09:01:17+00:00 ERROR Error persisting Meta logs: Cannot create the API instance because the access token is missing. : []
2025-10-17T09:09:37+00:00 ERROR Error persisting Meta logs: Cannot create the API instance because the access token is missing. : []
2025-10-17T09:09:37+00:00 ERROR Error persisting Meta logs: Cannot create the API instance because the access token is missing. : []
2025-10-17T09:23:26+00:00 ERROR Error persisting Meta logs: Cannot create the API instance because the access token is missing. : []
2025-10-17T09:23:26+00:00 ERROR Error persisting Meta logs: Cannot create the API instance because the access token is missing. : []
2025-10-17T09:34:29+00:00 ERROR Error persisting Meta logs: Cannot create the API instance because the access token is missing. : []
2025-10-17T09:34:29+00:00 ERROR Error persisting Meta logs: Cannot create the API instance because the access token is missing. : []
2025-10-17T09:40:00+00:00 ERROR Error persisting Meta logs: Cannot create the API instance because the access token is missing. : []
2025-10-17T09:40:00+00:00 ERROR Error persisting Meta logs: Cannot create the API instance because the access token is missing. : []
2025-10-17T10:28:17+00:00 ERROR Error persisting Meta logs: Cannot create the API instance because the access token is missing. : []
2025-10-17T10:28:17+00:00 ERROR Error persisting Meta logs: Cannot create the API instance because the access token is missing. : []
2025-10-17T10:28:17+00:00 WARNING Product feed scheduling failed: Integration not configured. : {"flow_name":"product_feed","flow_step":"schedule_feed_generation"}
2025-10-17T10:28:17+00:00 ERROR Error persisting error logs: Cannot create the API instance because the access token is missing. : []
2025-10-17T10:33:11+00:00 ERROR Error persisting Meta logs: Cannot create the API instance because the access token is missing. : []
2025-10-17T10:33:11+00:00 ERROR Error persisting Meta logs: Cannot create the API instance because the access token is missing. : []
2025-10-17T10:55:58+00:00 ERROR Error persisting Meta logs: Cannot create the API instance because the access token is missing. : []
2025-10-17T10:55:58+00:00 ERROR Error persisting Meta logs: Cannot create the API instance because the access token is missing. : []
2025-10-17T11:09:46+00:00 ERROR Error persisting Meta logs: Cannot create the API instance because the access token is missing. : []
2025-10-17T11:09:46+00:00 ERROR Error persisting Meta logs: Cannot create the API instance because the access token is missing. : []
2025-10-17T11:09:52+00:00 ERROR Error persisting Meta logs: Cannot create the API instance because the access token is missing. : []
2025-10-17T11:09:52+00:00 ERROR Error persisting Meta logs: Cannot create the API instance because the access token is missing. : []
2025-10-17T11:20:09+00:00 ERROR Error persisting Meta logs: Cannot create the API instance because the access token is missing. : []
2025-10-17T11:20:09+00:00 ERROR Error persisting Meta logs: Cannot create the API instance because the access token is missing. : []
2025-10-17T11:32:09+00:00 ERROR Error persisting Meta logs: Cannot create the API instance because the access token is missing. : []
2025-10-17T11:32:09+00:00 ERROR Error persisting Meta logs: Cannot create the API instance because the access token is missing. : []
2025-10-17T11:36:35+00:00 ERROR Error persisting Meta logs: Cannot create the API instance because the access token is missing. : []
2025-10-17T11:36:35+00:00 ERROR Error persisting Meta logs: Cannot create the API instance because the access token is missing. : []
2025-10-17T11:48:58+00:00 ERROR Error persisting Meta logs: Cannot create the API instance because the access token is missing. : []
2025-10-17T11:48:58+00:00 ERROR Error persisting Meta logs: Cannot create the API instance because the access token is missing. : []
2025-10-17T11:49:06+00:00 WARNING Product feed scheduling failed: Integration not configured. : {"flow_name":"product_feed","flow_step":"schedule_feed_generation"}
2025-10-17T11:49:06+00:00 ERROR Error persisting Meta logs: Cannot create the API instance because the access token is missing. : []
2025-10-17T11:49:06+00:00 ERROR Error persisting Meta logs: Cannot create the API instance because the access token is missing. : []
2025-10-17T12:06:28+00:00 ERROR Error persisting Meta logs: Cannot create the API instance because the access token is missing. : []
2025-10-17T12:06:28+00:00 ERROR Error persisting Meta logs: Cannot create the API instance because the access token is missing. : []
2025-10-17T12:17:49+00:00 ERROR Error persisting Meta logs: Cannot create the API instance because the access token is missing. : []
2025-10-17T12:17:49+00:00 ERROR Error persisting Meta logs: Cannot create the API instance because the access token is missing. : []
2025-10-17T12:24:49+00:00 ERROR Error persisting Meta logs: Cannot create the API instance because the access token is missing. : []
2025-10-17T12:24:49+00:00 ERROR Error persisting Meta logs: Cannot create the API instance because the access token is missing. : []
2025-10-17T12:39:14+00:00 ERROR Error persisting Meta logs: Cannot create the API instance because the access token is missing. : []
2025-10-17T12:39:14+00:00 ERROR Error persisting Meta logs: Cannot create the API instance because the access token is missing. : []
2025-10-17T12:44:53+00:00 ERROR Error persisting Meta logs: Cannot create the API instance because the access token is missing. : []
2025-10-17T12:44:53+00:00 ERROR Error persisting Meta logs: Cannot create the API instance because the access token is missing. : []
2025-10-17T12:49:19+00:00 WARNING Product feed scheduling failed: Integration not configured. : {"flow_name":"product_feed","flow_step":"schedule_feed_generation"}
2025-10-17T12:49:19+00:00 ERROR Error persisting Meta logs: Cannot create the API instance because the access token is missing. : []
2025-10-17T12:49:19+00:00 ERROR Error persisting Meta logs: Cannot create the API instance because the access token is missing. : []
2025-10-17T12:57:52+00:00 ERROR Error persisting Meta logs: Cannot create the API instance because the access token is missing. : []
2025-10-17T12:57:52+00:00 ERROR Error persisting Meta logs: Cannot create the API instance because the access token is missing. : []
2025-10-17T12:58:00+00:00 ERROR Error persisting Meta logs: Cannot create the API instance because the access token is missing. : []
2025-10-17T12:58:00+00:00 ERROR Error persisting Meta logs: Cannot create the API instance because the access token is missing. : []
2025-10-17T13:35:00+00:00 ERROR Error persisting Meta logs: Cannot create the API instance because the access token is missing. : []
2025-10-17T13:35:00+00:00 ERROR Error persisting Meta logs: Cannot create the API instance because the access token is missing. : []
2025-10-17T13:37:41+00:00 ERROR Error persisting Meta logs: Cannot create the API instance because the access token is missing. : []
2025-10-17T13:37:41+00:00 ERROR Error persisting Meta logs: Cannot create the API instance because the access token is missing. : []
2025-10-17T14:09:25+00:00 ERROR Error persisting Meta logs: Cannot create the API instance because the access token is missing. : []
2025-10-17T14:09:25+00:00 ERROR Error persisting Meta logs: Cannot create the API instance because the access token is missing. : []
2025-10-17T14:09:32+00:00 WARNING Product feed scheduling failed: Integration not configured. : {"flow_name":"product_feed","flow_step":"schedule_feed_generation"}
2025-10-17T14:09:32+00:00 ERROR Error persisting error logs: Cannot create the API instance because the access token is missing. : []
2025-10-17T14:09:32+00:00 ERROR Error persisting Meta logs: Cannot create the API instance because the access token is missing. : []
2025-10-17T14:09:32+00:00 ERROR Error persisting Meta logs: Cannot create the API instance because the access token is missing. : []
2025-10-17T14:21:45+00:00 ERROR Error persisting Meta logs: Cannot create the API instance because the access token is missing. : []
2025-10-17T14:21:45+00:00 ERROR Error persisting Meta logs: Cannot create the API instance because the access token is missing. : []
2025-10-17T14:38:17+00:00 ERROR Error persisting Meta logs: Cannot create the API instance because the access token is missing. : []
2025-10-17T14:38:17+00:00 ERROR Error persisting Meta logs: Cannot create the API instance because the access token is missing. : []
2025-10-17T15:08:58+00:00 ERROR Error persisting Meta logs: Cannot create the API instance because the access token is missing. : []
2025-10-17T15:08:58+00:00 ERROR Error persisting Meta logs: Cannot create the API instance because the access token is missing. : []
2025-10-17T15:23:12+00:00 ERROR Error persisting Meta logs: Cannot create the API instance because the access token is missing. : []
2025-10-17T15:23:12+00:00 ERROR Error persisting Meta logs: Cannot create the API instance because the access token is missing. : []
2025-10-17T15:35:42+00:00 ERROR Error persisting Meta logs: Cannot create the API instance because the access token is missing. : []
2025-10-17T15:35:42+00:00 ERROR Error persisting Meta logs: Cannot create the API instance because the access token is missing. : []
2025-10-17T16:18:27+00:00 ERROR Error persisting Meta logs: Cannot create the API instance because the access token is missing. : []
2025-10-17T16:18:27+00:00 ERROR Error persisting Meta logs: Cannot create the API instance because the access token is missing. : []
2025-10-17T16:18:27+00:00 WARNING Product feed scheduling failed: Integration not configured. : {"flow_name":"product_feed","flow_step":"schedule_feed_generation"}
2025-10-17T16:24:01+00:00 ERROR Error persisting Meta logs: Cannot create the API instance because the access token is missing. : []
2025-10-17T16:24:01+00:00 ERROR Error persisting Meta logs: Cannot create the API instance because the access token is missing. : []
2025-10-17T16:38:25+00:00 ERROR Error persisting Meta logs: Cannot create the API instance because the access token is missing. : []
2025-10-17T16:38:25+00:00 ERROR Error persisting Meta logs: Cannot create the API instance because the access token is missing. : []
2025-10-17T16:44:28+00:00 ERROR Error persisting Meta logs: Cannot create the API instance because the access token is missing. : []
2025-10-17T16:44:28+00:00 ERROR Error persisting Meta logs: Cannot create the API instance because the access token is missing. : []
2025-10-17T17:04:20+00:00 ERROR Error persisting Meta logs: Cannot create the API instance because the access token is missing. : []
2025-10-17T17:04:20+00:00 ERROR Error persisting Meta logs: Cannot create the API instance because the access token is missing. : []
2025-10-17T17:06:11+00:00 ERROR Error persisting Meta logs: Cannot create the API instance because the access token is missing. : []
2025-10-17T17:06:11+00:00 ERROR Error persisting Meta logs: Cannot create the API instance because the access token is missing. : []
2025-10-17T17:20:58+00:00 ERROR Error persisting Meta logs: Cannot create the API instance because the access token is missing. : []
2025-10-17T17:20:58+00:00 ERROR Error persisting Meta logs: Cannot create the API instance because the access token is missing. : []
2025-10-17T17:31:55+00:00 ERROR Error persisting Meta logs: Cannot create the API instance because the access token is missing. : []
2025-10-17T17:31:55+00:00 ERROR Error persisting Meta logs: Cannot create the API instance because the access token is missing. : []
2025-10-17T17:37:34+00:00 ERROR Error persisting Meta logs: Cannot create the API instance because the access token is missing. : []
2025-10-17T17:37:34+00:00 ERROR Error persisting Meta logs: Cannot create the API instance because the access token is missing. : []
2025-10-17T17:55:42+00:00 ERROR Error persisting Meta logs: Cannot create the API instance because the access token is missing. : []
2025-10-17T17:55:42+00:00 ERROR Error persisting Meta logs: Cannot create the API instance because the access token is missing. : []
2025-10-17T17:55:42+00:00 WARNING Product feed scheduling failed: Integration not configured. : {"flow_name":"product_feed","flow_step":"schedule_feed_generation"}
2025-10-17T17:55:42+00:00 ERROR Error persisting error logs: Cannot create the API instance because the access token is missing. : []
2025-10-17T18:11:01+00:00 ERROR Error persisting Meta logs: Cannot create the API instance because the access token is missing. : []
2025-10-17T18:11:01+00:00 ERROR Error persisting Meta logs: Cannot create the API instance because the access token is missing. : []
2025-10-17T18:11:08+00:00 ERROR Error persisting Meta logs: Cannot create the API instance because the access token is missing. : []
2025-10-17T18:11:08+00:00 ERROR Error persisting Meta logs: Cannot create the API instance because the access token is missing. : []
2025-10-17T18:20:02+00:00 ERROR Error persisting Meta logs: Cannot create the API instance because the access token is missing. : []
2025-10-17T18:20:02+00:00 ERROR Error persisting Meta logs: Cannot create the API instance because the access token is missing. : []
2025-10-17T18:35:27+00:00 ERROR Error persisting Meta logs: Cannot create the API instance because the access token is missing. : []
2025-10-17T18:35:27+00:00 ERROR Error persisting Meta logs: Cannot create the API instance because the access token is missing. : []
2025-10-17T18:36:50+00:00 ERROR Error persisting Meta logs: Cannot create the API instance because the access token is missing. : []
2025-10-17T18:36:50+00:00 ERROR Error persisting Meta logs: Cannot create the API instance because the access token is missing. : []
2025-10-17T18:58:37+00:00 ERROR Error persisting Meta logs: Cannot create the API instance because the access token is missing. : []
2025-10-17T18:58:37+00:00 ERROR Error persisting Meta logs: Cannot create the API instance because the access token is missing. : []
2025-10-17T18:58:46+00:00 WARNING Product feed scheduling failed: Integration not configured. : {"flow_name":"product_feed","flow_step":"schedule_feed_generation"}
2025-10-17T19:33:53+00:00 ERROR Error persisting Meta logs: Cannot create the API instance because the access token is missing. : []
2025-10-17T19:33:53+00:00 ERROR Error persisting Meta logs: Cannot create the API instance because the access token is missing. : []
2025-10-17T19:34:00+00:00 ERROR Error persisting Meta logs: Cannot create the API instance because the access token is missing. : []
2025-10-17T19:34:00+00:00 ERROR Error persisting Meta logs: Cannot create the API instance because the access token is missing. : []
2025-10-17T19:36:16+00:00 ERROR Error persisting Meta logs: Cannot create the API instance because the access token is missing. : []
2025-10-17T19:36:16+00:00 ERROR Error persisting Meta logs: Cannot create the API instance because the access token is missing. : []
2025-10-17T19:48:07+00:00 ERROR Error persisting Meta logs: Cannot create the API instance because the access token is missing. : []
2025-10-17T19:48:08+00:00 ERROR Error persisting Meta logs: Cannot create the API instance because the access token is missing. : []
2025-10-17T20:02:27+00:00 ERROR Error persisting Meta logs: Cannot create the API instance because the access token is missing. : []
2025-10-17T20:02:27+00:00 ERROR Error persisting Meta logs: Cannot create the API instance because the access token is missing. : []
2025-10-17T20:06:42+00:00 ERROR Error persisting Meta logs: Cannot create the API instance because the access token is missing. : []
2025-10-17T20:06:42+00:00 ERROR Error persisting Meta logs: Cannot create the API instance because the access token is missing. : []
2025-10-17T20:19:14+00:00 ERROR Error persisting Meta logs: Cannot create the API instance because the access token is missing. : []
2025-10-17T20:19:14+00:00 ERROR Error persisting Meta logs: Cannot create the API instance because the access token is missing. : []
2025-10-17T20:32:32+00:00 ERROR Error persisting Meta logs: Cannot create the API instance because the access token is missing. : []
2025-10-17T20:32:32+00:00 ERROR Error persisting Meta logs: Cannot create the API instance because the access token is missing. : []
2025-10-17T20:35:42+00:00 ERROR Error persisting Meta logs: Cannot create the API instance because the access token is missing. : []
2025-10-17T20:35:42+00:00 ERROR Error persisting Meta logs: Cannot create the API instance because the access token is missing. : []
2025-10-17T20:48:07+00:00 ERROR Error persisting Meta logs: Cannot create the API instance because the access token is missing. : []
2025-10-17T20:48:07+00:00 ERROR Error persisting Meta logs: Cannot create the API instance because the access token is missing. : []
2025-10-17T20:48:07+00:00 WARNING Product feed scheduling failed: Integration not configured. : {"flow_name":"product_feed","flow_step":"schedule_feed_generation"}
2025-10-17T21:02:32+00:00 ERROR Error persisting Meta logs: Cannot create the API instance because the access token is missing. : []
2025-10-17T21:02:32+00:00 ERROR Error persisting Meta logs: Cannot create the API instance because the access token is missing. : []
2025-10-17T21:08:51+00:00 ERROR Error persisting Meta logs: Cannot create the API instance because the access token is missing. : []
2025-10-17T21:08:51+00:00 ERROR Error persisting Meta logs: Cannot create the API instance because the access token is missing. : []
2025-10-17T21:18:34+00:00 ERROR Error persisting Meta logs: Cannot create the API instance because the access token is missing. : []
2025-10-17T21:18:34+00:00 ERROR Error persisting Meta logs: Cannot create the API instance because the access token is missing. : []
2025-10-17T21:18:40+00:00 ERROR Error persisting Meta logs: Cannot create the API instance because the access token is missing. : []
2025-10-17T21:18:40+00:00 ERROR Error persisting Meta logs: Cannot create the API instance because the access token is missing. : []
2025-10-17T21:54:23+00:00 ERROR Error persisting Meta logs: Cannot create the API instance because the access token is missing. : []
2025-10-17T21:54:23+00:00 ERROR Error persisting Meta logs: Cannot create the API instance because the access token is missing. : []
2025-10-17T21:54:23+00:00 WARNING Product feed scheduling failed: Integration not configured. : {"flow_name":"product_feed","flow_step":"schedule_feed_generation"}
2025-10-17T21:54:23+00:00 ERROR Error persisting error logs: Cannot create the API instance because the access token is missing. : []
2025-10-17T22:01:57+00:00 ERROR Error persisting Meta logs: Cannot create the API instance because the access token is missing. : []
2025-10-17T22:01:57+00:00 ERROR Error persisting Meta logs: Cannot create the API instance because the access token is missing. : []
2025-10-17T22:16:10+00:00 ERROR Error persisting Meta logs: Cannot create the API instance because the access token is missing. : []
2025-10-17T22:16:10+00:00 ERROR Error persisting Meta logs: Cannot create the API instance because the access token is missing. : []
2025-10-17T23:33:33+00:00 WARNING Product feed scheduling failed: Integration not configured. : {"flow_name":"product_feed","flow_step":"schedule_feed_generation"}
2025-10-17T23:38:35+00:00 ERROR Error persisting Meta logs: Cannot create the API instance because the access token is missing. : []
2025-10-17T23:41:05+00:00 ERROR Error persisting Meta logs: Cannot create the API instance because the access token is missing. : []
2025-10-17T23:46:02+00:00 ERROR Error persisting Meta logs: Cannot create the API instance because the access token is missing. : []
