2025-10-19T00:02:56+00:00 ERROR Error persisting Meta logs: Cannot create the API instance because the access token is missing. : []
2025-10-19T00:07:36+00:00 ERROR Error persisting Meta logs: Cannot create the API instance because the access token is missing. : []
2025-10-19T00:19:59+00:00 ERROR Error persisting Meta logs: Cannot create the API instance because the access token is missing. : []
2025-10-19T00:26:46+00:00 ERROR Error persisting Meta logs: Cannot create the API instance because the access token is missing. : []
2025-10-19T00:38:14+00:00 ERROR Error persisting Meta logs: Cannot create the API instance because the access token is missing. : []
2025-10-19T00:53:59+00:00 ERROR Error persisting Meta logs: Cannot create the API instance because the access token is missing. : []
2025-10-19T00:53:59+00:00 WARNING Product feed scheduling failed: Integration not configured. : {"flow_name":"product_feed","flow_step":"schedule_feed_generation"}
2025-10-19T01:21:10+00:00 ERROR Error persisting Meta logs: Cannot create the API instance because the access token is missing. : []
2025-10-19T01:29:23+00:00 ERROR Error persisting Meta logs: Cannot create the API instance because the access token is missing. : []
2025-10-19T01:41:37+00:00 ERROR Error persisting Meta logs: Cannot create the API instance because the access token is missing. : []
2025-10-19T01:41:49+00:00 ERROR Error persisting Meta logs: Cannot create the API instance because the access token is missing. : []
2025-10-19T02:32:30+00:00 WARNING Product feed scheduling failed: Integration not configured. : {"flow_name":"product_feed","flow_step":"schedule_feed_generation"}
2025-10-19T02:32:30+00:00 ERROR Error persisting error logs: Cannot create the API instance because the access token is missing. : []
2025-10-19T02:32:30+00:00 ERROR Error persisting Meta logs: Cannot create the API instance because the access token is missing. : []
2025-10-19T03:59:48+00:00 NOTICE Unable to detect valid feed configuration: No catalog ID
2025-10-19T03:59:48+00:00 NOTICE There was an error trying to get product set data in a catalog: Cannot create the API instance because the access token is missing.
2025-10-19T03:59:48+00:00 ERROR ProductSetSync exception: exception_code : 0; exception_class : WooCommerce\Facebook\Framework\Api\Exception: exception_message : Cannot create the API instance because the access token is missing.; exception_trace : #0 /home/dichvup1/public_html/wp-content/plugins/facebook-for-woocommerce/includes/ProductSets/ProductSetSync.php(139): WC_Facebookcommerce->get_api()
#1 /home/dichvup1/public_html/wp-content/plugins/facebook-for-woocommerce/includes/ProductSets/ProductSetSync.php(226): WooCommerce\Facebook\ProductSets\ProductSetSync->get_fb_product_set_id()
#2 /home/dichvup1/public_html/wp-content/plugins/facebook-for-woocommerce/includes/ProductSets/ProductSetSync.php(107): WooCommerce\Facebook\ProductSets\ProductSetSync->sync_all_wc_product_categories()
#3 /home/dichvup1/public_html/wp-includes/class-wp-hook.php(324): WooCommerce\Facebook\ProductSets\ProductSetSync->sync_all_product_sets()
#4 /home/dichvup1/public_html/wp-includes/class-wp-hook.php(348): WP_Hook->apply_filters()
#5 /home/dichvup1/public_html/wp-includes/plugin.php(565): WP_Hook->do_action()
#6 /home/dichvup1/public_html/wp-content/plugins/woocommerce/packages/action-scheduler/classes/actions/ActionScheduler_Action.php(86): do_action_ref_array()
#7 /home/dichvup1/public_html/wp-content/plugins/woocommerce/packages/action-scheduler/classes/abstracts/ActionScheduler_Abstract_QueueRunner.php(103): ActionScheduler_Action->execute()
#8 /home/dichvup1/public_html/wp-content/plugins/woocommerce/packages/action-scheduler/classes/ActionScheduler_QueueRunner.php(188): ActionScheduler_Abstract_QueueRunner->process_action()
#9 /home/dichvup1/public_html/wp-content/plugins/woocommerce/packages/action-scheduler/classes/ActionScheduler_QueueRunner.php(158): ActionScheduler_QueueRunner->do_batch()
#10 /home/dichvup1/public_html/wp-includes/class-wp-hook.php(324): ActionScheduler_QueueRunner->run()
#11 /home/dichvup1/public_html/wp-includes/class-wp-hook.php(348): WP_Hook->apply_filters()
#12 /home/dichvup1/public_html/wp-includes/plugin.php(565): WP_Hook->do_action()
#13 /home/dichvup1/public_html/wp-cron.php(191): do_action_ref_array()
#14 {main}
2025-10-19T03:59:48+00:00 NOTICE There was an error trying to get product set data in a catalog: Cannot create the API instance because the access token is missing.
2025-10-19T03:59:48+00:00 ERROR ProductSetSync exception: exception_code : 0; exception_class : WooCommerce\Facebook\Framework\Api\Exception: exception_message : Cannot create the API instance because the access token is missing.; exception_trace : #0 /home/dichvup1/public_html/wp-content/plugins/facebook-for-woocommerce/includes/ProductSets/ProductSetSync.php(139): WC_Facebookcommerce->get_api()
#1 /home/dichvup1/public_html/wp-content/plugins/facebook-for-woocommerce/includes/ProductSets/ProductSetSync.php(226): WooCommerce\Facebook\ProductSets\ProductSetSync->get_fb_product_set_id()
#2 /home/dichvup1/public_html/wp-content/plugins/facebook-for-woocommerce/includes/ProductSets/ProductSetSync.php(107): WooCommerce\Facebook\ProductSets\ProductSetSync->sync_all_wc_product_categories()
#3 /home/dichvup1/public_html/wp-includes/class-wp-hook.php(324): WooCommerce\Facebook\ProductSets\ProductSetSync->sync_all_product_sets()
#4 /home/dichvup1/public_html/wp-includes/class-wp-hook.php(348): WP_Hook->apply_filters()
#5 /home/dichvup1/public_html/wp-includes/plugin.php(565): WP_Hook->do_action()
#6 /home/dichvup1/public_html/wp-content/plugins/woocommerce/packages/action-scheduler/classes/actions/ActionScheduler_Action.php(86): do_action_ref_array()
#7 /home/dichvup1/public_html/wp-content/plugins/woocommerce/packages/action-scheduler/classes/abstracts/ActionScheduler_Abstract_QueueRunner.php(103): ActionScheduler_Action->execute()
#8 /home/dichvup1/public_html/wp-content/plugins/woocommerce/packages/action-scheduler/classes/ActionScheduler_QueueRunner.php(188): ActionScheduler_Abstract_QueueRunner->process_action()
#9 /home/dichvup1/public_html/wp-content/plugins/woocommerce/packages/action-scheduler/classes/ActionScheduler_QueueRunner.php(158): ActionScheduler_QueueRunner->do_batch()
#10 /home/dichvup1/public_html/wp-includes/class-wp-hook.php(324): ActionScheduler_QueueRunner->run()
#11 /home/dichvup1/public_html/wp-includes/class-wp-hook.php(348): WP_Hook->apply_filters()
#12 /home/dichvup1/public_html/wp-includes/plugin.php(565): WP_Hook->do_action()
#13 /home/dichvup1/public_html/wp-cron.php(191): do_action_ref_array()
#14 {main}
2025-10-19T03:59:48+00:00 NOTICE There was an error trying to get product set data in a catalog: Cannot create the API instance because the access token is missing.
2025-10-19T03:59:48+00:00 ERROR ProductSetSync exception: exception_code : 0; exception_class : WooCommerce\Facebook\Framework\Api\Exception: exception_message : Cannot create the API instance because the access token is missing.; exception_trace : #0 /home/dichvup1/public_html/wp-content/plugins/facebook-for-woocommerce/includes/ProductSets/ProductSetSync.php(139): WC_Facebookcommerce->get_api()
#1 /home/dichvup1/public_html/wp-content/plugins/facebook-for-woocommerce/includes/ProductSets/ProductSetSync.php(226): WooCommerce\Facebook\ProductSets\ProductSetSync->get_fb_product_set_id()
#2 /home/dichvup1/public_html/wp-content/plugins/facebook-for-woocommerce/includes/ProductSets/ProductSetSync.php(107): WooCommerce\Facebook\ProductSets\ProductSetSync->sync_all_wc_product_categories()
#3 /home/dichvup1/public_html/wp-includes/class-wp-hook.php(324): WooCommerce\Facebook\ProductSets\ProductSetSync->sync_all_product_sets()
#4 /home/dichvup1/public_html/wp-includes/class-wp-hook.php(348): WP_Hook->apply_filters()
#5 /home/dichvup1/public_html/wp-includes/plugin.php(565): WP_Hook->do_action()
#6 /home/dichvup1/public_html/wp-content/plugins/woocommerce/packages/action-scheduler/classes/actions/ActionScheduler_Action.php(86): do_action_ref_array()
#7 /home/dichvup1/public_html/wp-content/plugins/woocommerce/packages/action-scheduler/classes/abstracts/ActionScheduler_Abstract_QueueRunner.php(103): ActionScheduler_Action->execute()
#8 /home/dichvup1/public_html/wp-content/plugins/woocommerce/packages/action-scheduler/classes/ActionScheduler_QueueRunner.php(188): ActionScheduler_Abstract_QueueRunner->process_action()
#9 /home/dichvup1/public_html/wp-content/plugins/woocommerce/packages/action-scheduler/classes/ActionScheduler_QueueRunner.php(158): ActionScheduler_QueueRunner->do_batch()
#10 /home/dichvup1/public_html/wp-includes/class-wp-hook.php(324): ActionScheduler_QueueRunner->run()
#11 /home/dichvup1/public_html/wp-includes/class-wp-hook.php(348): WP_Hook->apply_filters()
#12 /home/dichvup1/public_html/wp-includes/plugin.php(565): WP_Hook->do_action()
#13 /home/dichvup1/public_html/wp-cron.php(191): do_action_ref_array()
#14 {main}
2025-10-19T03:59:48+00:00 NOTICE There was an error trying to get product set data in a catalog: Cannot create the API instance because the access token is missing.
2025-10-19T03:59:48+00:00 ERROR ProductSetSync exception: exception_code : 0; exception_class : WooCommerce\Facebook\Framework\Api\Exception: exception_message : Cannot create the API instance because the access token is missing.; exception_trace : #0 /home/dichvup1/public_html/wp-content/plugins/facebook-for-woocommerce/includes/ProductSets/ProductSetSync.php(139): WC_Facebookcommerce->get_api()
#1 /home/dichvup1/public_html/wp-content/plugins/facebook-for-woocommerce/includes/ProductSets/ProductSetSync.php(226): WooCommerce\Facebook\ProductSets\ProductSetSync->get_fb_product_set_id()
#2 /home/dichvup1/public_html/wp-content/plugins/facebook-for-woocommerce/includes/ProductSets/ProductSetSync.php(107): WooCommerce\Facebook\ProductSets\ProductSetSync->sync_all_wc_product_categories()
#3 /home/dichvup1/public_html/wp-includes/class-wp-hook.php(324): WooCommerce\Facebook\ProductSets\ProductSetSync->sync_all_product_sets()
#4 /home/dichvup1/public_html/wp-includes/class-wp-hook.php(348): WP_Hook->apply_filters()
#5 /home/dichvup1/public_html/wp-includes/plugin.php(565): WP_Hook->do_action()
#6 /home/dichvup1/public_html/wp-content/plugins/woocommerce/packages/action-scheduler/classes/actions/ActionScheduler_Action.php(86): do_action_ref_array()
#7 /home/dichvup1/public_html/wp-content/plugins/woocommerce/packages/action-scheduler/classes/abstracts/ActionScheduler_Abstract_QueueRunner.php(103): ActionScheduler_Action->execute()
#8 /home/dichvup1/public_html/wp-content/plugins/woocommerce/packages/action-scheduler/classes/ActionScheduler_QueueRunner.php(188): ActionScheduler_Abstract_QueueRunner->process_action()
#9 /home/dichvup1/public_html/wp-content/plugins/woocommerce/packages/action-scheduler/classes/ActionScheduler_QueueRunner.php(158): ActionScheduler_QueueRunner->do_batch()
#10 /home/dichvup1/public_html/wp-includes/class-wp-hook.php(324): ActionScheduler_QueueRunner->run()
#11 /home/dichvup1/public_html/wp-includes/class-wp-hook.php(348): WP_Hook->apply_filters()
#12 /home/dichvup1/public_html/wp-includes/plugin.php(565): WP_Hook->do_action()
#13 /home/dichvup1/public_html/wp-cron.php(191): do_action_ref_array()
#14 {main}
2025-10-19T03:59:48+00:00 NOTICE There was an error trying to get product set data in a catalog: Cannot create the API instance because the access token is missing.
2025-10-19T03:59:48+00:00 ERROR ProductSetSync exception: exception_code : 0; exception_class : WooCommerce\Facebook\Framework\Api\Exception: exception_message : Cannot create the API instance because the access token is missing.; exception_trace : #0 /home/dichvup1/public_html/wp-content/plugins/facebook-for-woocommerce/includes/ProductSets/ProductSetSync.php(139): WC_Facebookcommerce->get_api()
#1 /home/dichvup1/public_html/wp-content/plugins/facebook-for-woocommerce/includes/ProductSets/ProductSetSync.php(226): WooCommerce\Facebook\ProductSets\ProductSetSync->get_fb_product_set_id()
#2 /home/dichvup1/public_html/wp-content/plugins/facebook-for-woocommerce/includes/ProductSets/ProductSetSync.php(107): WooCommerce\Facebook\ProductSets\ProductSetSync->sync_all_wc_product_categories()
#3 /home/dichvup1/public_html/wp-includes/class-wp-hook.php(324): WooCommerce\Facebook\ProductSets\ProductSetSync->sync_all_product_sets()
#4 /home/dichvup1/public_html/wp-includes/class-wp-hook.php(348): WP_Hook->apply_filters()
#5 /home/dichvup1/public_html/wp-includes/plugin.php(565): WP_Hook->do_action()
#6 /home/dichvup1/public_html/wp-content/plugins/woocommerce/packages/action-scheduler/classes/actions/ActionScheduler_Action.php(86): do_action_ref_array()
#7 /home/dichvup1/public_html/wp-content/plugins/woocommerce/packages/action-scheduler/classes/abstracts/ActionScheduler_Abstract_QueueRunner.php(103): ActionScheduler_Action->execute()
#8 /home/dichvup1/public_html/wp-content/plugins/woocommerce/packages/action-scheduler/classes/ActionScheduler_QueueRunner.php(188): ActionScheduler_Abstract_QueueRunner->process_action()
#9 /home/dichvup1/public_html/wp-content/plugins/woocommerce/packages/action-scheduler/classes/ActionScheduler_QueueRunner.php(158): ActionScheduler_QueueRunner->do_batch()
#10 /home/dichvup1/public_html/wp-includes/class-wp-hook.php(324): ActionScheduler_QueueRunner->run()
#11 /home/dichvup1/public_html/wp-includes/class-wp-hook.php(348): WP_Hook->apply_filters()
#12 /home/dichvup1/public_html/wp-includes/plugin.php(565): WP_Hook->do_action()
#13 /home/dichvup1/public_html/wp-cron.php(191): do_action_ref_array()
#14 {main}
2025-10-19T03:59:48+00:00 NOTICE There was an error trying to get product set data in a catalog: Cannot create the API instance because the access token is missing.
2025-10-19T03:59:48+00:00 ERROR ProductSetSync exception: exception_code : 0; exception_class : WooCommerce\Facebook\Framework\Api\Exception: exception_message : Cannot create the API instance because the access token is missing.; exception_trace : #0 /home/dichvup1/public_html/wp-content/plugins/facebook-for-woocommerce/includes/ProductSets/ProductSetSync.php(139): WC_Facebookcommerce->get_api()
#1 /home/dichvup1/public_html/wp-content/plugins/facebook-for-woocommerce/includes/ProductSets/ProductSetSync.php(226): WooCommerce\Facebook\ProductSets\ProductSetSync->get_fb_product_set_id()
#2 /home/dichvup1/public_html/wp-content/plugins/facebook-for-woocommerce/includes/ProductSets/ProductSetSync.php(107): WooCommerce\Facebook\ProductSets\ProductSetSync->sync_all_wc_product_categories()
#3 /home/dichvup1/public_html/wp-includes/class-wp-hook.php(324): WooCommerce\Facebook\ProductSets\ProductSetSync->sync_all_product_sets()
#4 /home/dichvup1/public_html/wp-includes/class-wp-hook.php(348): WP_Hook->apply_filters()
#5 /home/dichvup1/public_html/wp-includes/plugin.php(565): WP_Hook->do_action()
#6 /home/dichvup1/public_html/wp-content/plugins/woocommerce/packages/action-scheduler/classes/actions/ActionScheduler_Action.php(86): do_action_ref_array()
#7 /home/dichvup1/public_html/wp-content/plugins/woocommerce/packages/action-scheduler/classes/abstracts/ActionScheduler_Abstract_QueueRunner.php(103): ActionScheduler_Action->execute()
#8 /home/dichvup1/public_html/wp-content/plugins/woocommerce/packages/action-scheduler/classes/ActionScheduler_QueueRunner.php(188): ActionScheduler_Abstract_QueueRunner->process_action()
#9 /home/dichvup1/public_html/wp-content/plugins/woocommerce/packages/action-scheduler/classes/ActionScheduler_QueueRunner.php(158): ActionScheduler_QueueRunner->do_batch()
#10 /home/dichvup1/public_html/wp-includes/class-wp-hook.php(324): ActionScheduler_QueueRunner->run()
#11 /home/dichvup1/public_html/wp-includes/class-wp-hook.php(348): WP_Hook->apply_filters()
#12 /home/dichvup1/public_html/wp-includes/plugin.php(565): WP_Hook->do_action()
#13 /home/dichvup1/public_html/wp-cron.php(191): do_action_ref_array()
#14 {main}
2025-10-19T03:59:48+00:00 NOTICE There was an error trying to get product set data in a catalog: Cannot create the API instance because the access token is missing.
2025-10-19T03:59:48+00:00 ERROR ProductSetSync exception: exception_code : 0; exception_class : WooCommerce\Facebook\Framework\Api\Exception: exception_message : Cannot create the API instance because the access token is missing.; exception_trace : #0 /home/dichvup1/public_html/wp-content/plugins/facebook-for-woocommerce/includes/ProductSets/ProductSetSync.php(139): WC_Facebookcommerce->get_api()
#1 /home/dichvup1/public_html/wp-content/plugins/facebook-for-woocommerce/includes/ProductSets/ProductSetSync.php(226): WooCommerce\Facebook\ProductSets\ProductSetSync->get_fb_product_set_id()
#2 /home/dichvup1/public_html/wp-content/plugins/facebook-for-woocommerce/includes/ProductSets/ProductSetSync.php(107): WooCommerce\Facebook\ProductSets\ProductSetSync->sync_all_wc_product_categories()
#3 /home/dichvup1/public_html/wp-includes/class-wp-hook.php(324): WooCommerce\Facebook\ProductSets\ProductSetSync->sync_all_product_sets()
#4 /home/dichvup1/public_html/wp-includes/class-wp-hook.php(348): WP_Hook->apply_filters()
#5 /home/dichvup1/public_html/wp-includes/plugin.php(565): WP_Hook->do_action()
#6 /home/dichvup1/public_html/wp-content/plugins/woocommerce/packages/action-scheduler/classes/actions/ActionScheduler_Action.php(86): do_action_ref_array()
#7 /home/dichvup1/public_html/wp-content/plugins/woocommerce/packages/action-scheduler/classes/abstracts/ActionScheduler_Abstract_QueueRunner.php(103): ActionScheduler_Action->execute()
#8 /home/dichvup1/public_html/wp-content/plugins/woocommerce/packages/action-scheduler/classes/ActionScheduler_QueueRunner.php(188): ActionScheduler_Abstract_QueueRunner->process_action()
#9 /home/dichvup1/public_html/wp-content/plugins/woocommerce/packages/action-scheduler/classes/ActionScheduler_QueueRunner.php(158): ActionScheduler_QueueRunner->do_batch()
#10 /home/dichvup1/public_html/wp-includes/class-wp-hook.php(324): ActionScheduler_QueueRunner->run()
#11 /home/dichvup1/public_html/wp-includes/class-wp-hook.php(348): WP_Hook->apply_filters()
#12 /home/dichvup1/public_html/wp-includes/plugin.php(565): WP_Hook->do_action()
#13 /home/dichvup1/public_html/wp-cron.php(191): do_action_ref_array()
#14 {main}
2025-10-19T03:59:48+00:00 NOTICE There was an error trying to get product set data in a catalog: Cannot create the API instance because the access token is missing.
2025-10-19T03:59:48+00:00 ERROR ProductSetSync exception: exception_code : 0; exception_class : WooCommerce\Facebook\Framework\Api\Exception: exception_message : Cannot create the API instance because the access token is missing.; exception_trace : #0 /home/dichvup1/public_html/wp-content/plugins/facebook-for-woocommerce/includes/ProductSets/ProductSetSync.php(139): WC_Facebookcommerce->get_api()
#1 /home/dichvup1/public_html/wp-content/plugins/facebook-for-woocommerce/includes/ProductSets/ProductSetSync.php(226): WooCommerce\Facebook\ProductSets\ProductSetSync->get_fb_product_set_id()
#2 /home/dichvup1/public_html/wp-content/plugins/facebook-for-woocommerce/includes/ProductSets/ProductSetSync.php(107): WooCommerce\Facebook\ProductSets\ProductSetSync->sync_all_wc_product_categories()
#3 /home/dichvup1/public_html/wp-includes/class-wp-hook.php(324): WooCommerce\Facebook\ProductSets\ProductSetSync->sync_all_product_sets()
#4 /home/dichvup1/public_html/wp-includes/class-wp-hook.php(348): WP_Hook->apply_filters()
#5 /home/dichvup1/public_html/wp-includes/plugin.php(565): WP_Hook->do_action()
#6 /home/dichvup1/public_html/wp-content/plugins/woocommerce/packages/action-scheduler/classes/actions/ActionScheduler_Action.php(86): do_action_ref_array()
#7 /home/dichvup1/public_html/wp-content/plugins/woocommerce/packages/action-scheduler/classes/abstracts/ActionScheduler_Abstract_QueueRunner.php(103): ActionScheduler_Action->execute()
#8 /home/dichvup1/public_html/wp-content/plugins/woocommerce/packages/action-scheduler/classes/ActionScheduler_QueueRunner.php(188): ActionScheduler_Abstract_QueueRunner->process_action()
#9 /home/dichvup1/public_html/wp-content/plugins/woocommerce/packages/action-scheduler/classes/ActionScheduler_QueueRunner.php(158): ActionScheduler_QueueRunner->do_batch()
#10 /home/dichvup1/public_html/wp-includes/class-wp-hook.php(324): ActionScheduler_QueueRunner->run()
#11 /home/dichvup1/public_html/wp-includes/class-wp-hook.php(348): WP_Hook->apply_filters()
#12 /home/dichvup1/public_html/wp-includes/plugin.php(565): WP_Hook->do_action()
#13 /home/dichvup1/public_html/wp-cron.php(191): do_action_ref_array()
#14 {main}
2025-10-19T03:59:48+00:00 NOTICE There was an error trying to get product set data in a catalog: Cannot create the API instance because the access token is missing.
2025-10-19T03:59:48+00:00 ERROR ProductSetSync exception: exception_code : 0; exception_class : WooCommerce\Facebook\Framework\Api\Exception: exception_message : Cannot create the API instance because the access token is missing.; exception_trace : #0 /home/dichvup1/public_html/wp-content/plugins/facebook-for-woocommerce/includes/ProductSets/ProductSetSync.php(139): WC_Facebookcommerce->get_api()
#1 /home/dichvup1/public_html/wp-content/plugins/facebook-for-woocommerce/includes/ProductSets/ProductSetSync.php(226): WooCommerce\Facebook\ProductSets\ProductSetSync->get_fb_product_set_id()
#2 /home/dichvup1/public_html/wp-content/plugins/facebook-for-woocommerce/includes/ProductSets/ProductSetSync.php(107): WooCommerce\Facebook\ProductSets\ProductSetSync->sync_all_wc_product_categories()
#3 /home/dichvup1/public_html/wp-includes/class-wp-hook.php(324): WooCommerce\Facebook\ProductSets\ProductSetSync->sync_all_product_sets()
#4 /home/dichvup1/public_html/wp-includes/class-wp-hook.php(348): WP_Hook->apply_filters()
#5 /home/dichvup1/public_html/wp-includes/plugin.php(565): WP_Hook->do_action()
#6 /home/dichvup1/public_html/wp-content/plugins/woocommerce/packages/action-scheduler/classes/actions/ActionScheduler_Action.php(86): do_action_ref_array()
#7 /home/dichvup1/public_html/wp-content/plugins/woocommerce/packages/action-scheduler/classes/abstracts/ActionScheduler_Abstract_QueueRunner.php(103): ActionScheduler_Action->execute()
#8 /home/dichvup1/public_html/wp-content/plugins/woocommerce/packages/action-scheduler/classes/ActionScheduler_QueueRunner.php(188): ActionScheduler_Abstract_QueueRunner->process_action()
#9 /home/dichvup1/public_html/wp-content/plugins/woocommerce/packages/action-scheduler/classes/ActionScheduler_QueueRunner.php(158): ActionScheduler_QueueRunner->do_batch()
#10 /home/dichvup1/public_html/wp-includes/class-wp-hook.php(324): ActionScheduler_QueueRunner->run()
#11 /home/dichvup1/public_html/wp-includes/class-wp-hook.php(348): WP_Hook->apply_filters()
#12 /home/dichvup1/public_html/wp-includes/plugin.php(565): WP_Hook->do_action()
#13 /home/dichvup1/public_html/wp-cron.php(191): do_action_ref_array()
#14 {main}
2025-10-19T03:59:48+00:00 NOTICE There was an error trying to get product set data in a catalog: Cannot create the API instance because the access token is missing.
2025-10-19T03:59:48+00:00 ERROR ProductSetSync exception: exception_code : 0; exception_class : WooCommerce\Facebook\Framework\Api\Exception: exception_message : Cannot create the API instance because the access token is missing.; exception_trace : #0 /home/dichvup1/public_html/wp-content/plugins/facebook-for-woocommerce/includes/ProductSets/ProductSetSync.php(139): WC_Facebookcommerce->get_api()
#1 /home/dichvup1/public_html/wp-content/plugins/facebook-for-woocommerce/includes/ProductSets/ProductSetSync.php(226): WooCommerce\Facebook\ProductSets\ProductSetSync->get_fb_product_set_id()
#2 /home/dichvup1/public_html/wp-content/plugins/facebook-for-woocommerce/includes/ProductSets/ProductSetSync.php(107): WooCommerce\Facebook\ProductSets\ProductSetSync->sync_all_wc_product_categories()
#3 /home/dichvup1/public_html/wp-includes/class-wp-hook.php(324): WooCommerce\Facebook\ProductSets\ProductSetSync->sync_all_product_sets()
#4 /home/dichvup1/public_html/wp-includes/class-wp-hook.php(348): WP_Hook->apply_filters()
#5 /home/dichvup1/public_html/wp-includes/plugin.php(565): WP_Hook->do_action()
#6 /home/dichvup1/public_html/wp-content/plugins/woocommerce/packages/action-scheduler/classes/actions/ActionScheduler_Action.php(86): do_action_ref_array()
#7 /home/dichvup1/public_html/wp-content/plugins/woocommerce/packages/action-scheduler/classes/abstracts/ActionScheduler_Abstract_QueueRunner.php(103): ActionScheduler_Action->execute()
#8 /home/dichvup1/public_html/wp-content/plugins/woocommerce/packages/action-scheduler/classes/ActionScheduler_QueueRunner.php(188): ActionScheduler_Abstract_QueueRunner->process_action()
#9 /home/dichvup1/public_html/wp-content/plugins/woocommerce/packages/action-scheduler/classes/ActionScheduler_QueueRunner.php(158): ActionScheduler_QueueRunner->do_batch()
#10 /home/dichvup1/public_html/wp-includes/class-wp-hook.php(324): ActionScheduler_QueueRunner->run()
#11 /home/dichvup1/public_html/wp-includes/class-wp-hook.php(348): WP_Hook->apply_filters()
#12 /home/dichvup1/public_html/wp-includes/plugin.php(565): WP_Hook->do_action()
#13 /home/dichvup1/public_html/wp-cron.php(191): do_action_ref_array()
#14 {main}
2025-10-19T03:59:48+00:00 NOTICE There was an error trying to get product set data in a catalog: Cannot create the API instance because the access token is missing.
2025-10-19T03:59:48+00:00 ERROR ProductSetSync exception: exception_code : 0; exception_class : WooCommerce\Facebook\Framework\Api\Exception: exception_message : Cannot create the API instance because the access token is missing.; exception_trace : #0 /home/dichvup1/public_html/wp-content/plugins/facebook-for-woocommerce/includes/ProductSets/ProductSetSync.php(139): WC_Facebookcommerce->get_api()
#1 /home/dichvup1/public_html/wp-content/plugins/facebook-for-woocommerce/includes/ProductSets/ProductSetSync.php(226): WooCommerce\Facebook\ProductSets\ProductSetSync->get_fb_product_set_id()
#2 /home/dichvup1/public_html/wp-content/plugins/facebook-for-woocommerce/includes/ProductSets/ProductSetSync.php(107): WooCommerce\Facebook\ProductSets\ProductSetSync->sync_all_wc_product_categories()
#3 /home/dichvup1/public_html/wp-includes/class-wp-hook.php(324): WooCommerce\Facebook\ProductSets\ProductSetSync->sync_all_product_sets()
#4 /home/dichvup1/public_html/wp-includes/class-wp-hook.php(348): WP_Hook->apply_filters()
#5 /home/dichvup1/public_html/wp-includes/plugin.php(565): WP_Hook->do_action()
#6 /home/dichvup1/public_html/wp-content/plugins/woocommerce/packages/action-scheduler/classes/actions/ActionScheduler_Action.php(86): do_action_ref_array()
#7 /home/dichvup1/public_html/wp-content/plugins/woocommerce/packages/action-scheduler/classes/abstracts/ActionScheduler_Abstract_QueueRunner.php(103): ActionScheduler_Action->execute()
#8 /home/dichvup1/public_html/wp-content/plugins/woocommerce/packages/action-scheduler/classes/ActionScheduler_QueueRunner.php(188): ActionScheduler_Abstract_QueueRunner->process_action()
#9 /home/dichvup1/public_html/wp-content/plugins/woocommerce/packages/action-scheduler/classes/ActionScheduler_QueueRunner.php(158): ActionScheduler_QueueRunner->do_batch()
#10 /home/dichvup1/public_html/wp-includes/class-wp-hook.php(324): ActionScheduler_QueueRunner->run()
#11 /home/dichvup1/public_html/wp-includes/class-wp-hook.php(348): WP_Hook->apply_filters()
#12 /home/dichvup1/public_html/wp-includes/plugin.php(565): WP_Hook->do_action()
#13 /home/dichvup1/public_html/wp-cron.php(191): do_action_ref_array()
#14 {main}
2025-10-19T03:59:48+00:00 NOTICE There was an error trying to get product set data in a catalog: Cannot create the API instance because the access token is missing.
2025-10-19T03:59:48+00:00 ERROR ProductSetSync exception: exception_code : 0; exception_class : WooCommerce\Facebook\Framework\Api\Exception: exception_message : Cannot create the API instance because the access token is missing.; exception_trace : #0 /home/dichvup1/public_html/wp-content/plugins/facebook-for-woocommerce/includes/ProductSets/ProductSetSync.php(139): WC_Facebookcommerce->get_api()
#1 /home/dichvup1/public_html/wp-content/plugins/facebook-for-woocommerce/includes/ProductSets/ProductSetSync.php(226): WooCommerce\Facebook\ProductSets\ProductSetSync->get_fb_product_set_id()
#2 /home/dichvup1/public_html/wp-content/plugins/facebook-for-woocommerce/includes/ProductSets/ProductSetSync.php(107): WooCommerce\Facebook\ProductSets\ProductSetSync->sync_all_wc_product_categories()
#3 /home/dichvup1/public_html/wp-includes/class-wp-hook.php(324): WooCommerce\Facebook\ProductSets\ProductSetSync->sync_all_product_sets()
#4 /home/dichvup1/public_html/wp-includes/class-wp-hook.php(348): WP_Hook->apply_filters()
#5 /home/dichvup1/public_html/wp-includes/plugin.php(565): WP_Hook->do_action()
#6 /home/dichvup1/public_html/wp-content/plugins/woocommerce/packages/action-scheduler/classes/actions/ActionScheduler_Action.php(86): do_action_ref_array()
#7 /home/dichvup1/public_html/wp-content/plugins/woocommerce/packages/action-scheduler/classes/abstracts/ActionScheduler_Abstract_QueueRunner.php(103): ActionScheduler_Action->execute()
#8 /home/dichvup1/public_html/wp-content/plugins/woocommerce/packages/action-scheduler/classes/ActionScheduler_QueueRunner.php(188): ActionScheduler_Abstract_QueueRunner->process_action()
#9 /home/dichvup1/public_html/wp-content/plugins/woocommerce/packages/action-scheduler/classes/ActionScheduler_QueueRunner.php(158): ActionScheduler_QueueRunner->do_batch()
#10 /home/dichvup1/public_html/wp-includes/class-wp-hook.php(324): ActionScheduler_QueueRunner->run()
#11 /home/dichvup1/public_html/wp-includes/class-wp-hook.php(348): WP_Hook->apply_filters()
#12 /home/dichvup1/public_html/wp-includes/plugin.php(565): WP_Hook->do_action()
#13 /home/dichvup1/public_html/wp-cron.php(191): do_action_ref_array()
#14 {main}
2025-10-19T03:59:48+00:00 WARNING Product feed scheduling failed: Integration not configured. : {"flow_name":"product_feed","flow_step":"schedule_feed_generation"}
2025-10-19T03:59:55+00:00 ERROR Error persisting Meta logs: Cannot create the API instance because the access token is missing. : []
2025-10-19T04:17:27+00:00 ERROR Error persisting Meta logs: Cannot create the API instance because the access token is missing. : []
2025-10-19T04:50:09+00:00 ERROR Error persisting Meta logs: Cannot create the API instance because the access token is missing. : []
2025-10-19T05:15:40+00:00 ERROR Error persisting Meta logs: Cannot create the API instance because the access token is missing. : []
2025-10-19T06:51:59+00:00 WARNING Product feed scheduling failed: Integration not configured. : {"flow_name":"product_feed","flow_step":"schedule_feed_generation"}
2025-10-19T06:51:59+00:00 ERROR Error persisting error logs: Cannot create the API instance because the access token is missing. : []
2025-10-19T07:06:37+00:00 ERROR Error persisting Meta logs: Cannot create the API instance because the access token is missing. : []
2025-10-19T07:11:06+00:00 ERROR Error persisting Meta logs: Cannot create the API instance because the access token is missing. : []
2025-10-19T07:16:03+00:00 ERROR Error persisting Meta logs: Cannot create the API instance because the access token is missing. : []
2025-10-19T07:22:24+00:00 ERROR Error persisting Meta logs: Cannot create the API instance because the access token is missing. : []
2025-10-19T07:45:42+00:00 ERROR Error persisting Meta logs: Cannot create the API instance because the access token is missing. : []
2025-10-19T07:57:40+00:00 ERROR Error persisting Meta logs: Cannot create the API instance because the access token is missing. : []
2025-10-19T08:12:27+00:00 ERROR Error persisting Meta logs: Cannot create the API instance because the access token is missing. : []
2025-10-19T08:12:32+00:00 ERROR Error persisting Meta logs: Cannot create the API instance because the access token is missing. : []
2025-10-19T08:18:16+00:00 ERROR Error persisting Meta logs: Cannot create the API instance because the access token is missing. : []
2025-10-19T08:26:15+00:00 ERROR Error persisting Meta logs: Cannot create the API instance because the access token is missing. : []
2025-10-19T08:36:33+00:00 ERROR Error persisting Meta logs: Cannot create the API instance because the access token is missing. : []
2025-10-19T08:49:21+00:00 ERROR Error persisting Meta logs: Cannot create the API instance because the access token is missing. : []
2025-10-19T08:49:21+00:00 WARNING Product feed scheduling failed: Integration not configured. : {"flow_name":"product_feed","flow_step":"schedule_feed_generation"}
2025-10-19T09:04:10+00:00 ERROR Error persisting Meta logs: Cannot create the API instance because the access token is missing. : []
2025-10-19T09:13:06+00:00 ERROR Error persisting Meta logs: Cannot create the API instance because the access token is missing. : []
2025-10-19T09:25:35+00:00 ERROR Error persisting Meta logs: Cannot create the API instance because the access token is missing. : []
2025-10-19T09:59:40+00:00 ERROR Error persisting Meta logs: Cannot create the API instance because the access token is missing. : []
2025-10-19T09:59:46+00:00 WARNING Product feed scheduling failed: Integration not configured. : {"flow_name":"product_feed","flow_step":"schedule_feed_generation"}
2025-10-19T09:59:46+00:00 ERROR Error persisting error logs: Cannot create the API instance because the access token is missing. : []
2025-10-19T10:10:58+00:00 ERROR Error persisting Meta logs: Cannot create the API instance because the access token is missing. : []
2025-10-19T10:21:29+00:00 ERROR Error persisting Meta logs: Cannot create the API instance because the access token is missing. : []
2025-10-19T10:28:25+00:00 ERROR Error persisting Meta logs: Cannot create the API instance because the access token is missing. : []
2025-10-19T10:32:02+00:00 ERROR Error persisting Meta logs: Cannot create the API instance because the access token is missing. : []
2025-10-19T10:36:05+00:00 ERROR Error persisting Meta logs: Cannot create the API instance because the access token is missing. : []
2025-10-19T10:41:02+00:00 ERROR Error persisting Meta logs: Cannot create the API instance because the access token is missing. : []
2025-10-19T10:59:06+00:00 ERROR Error persisting Meta logs: Cannot create the API instance because the access token is missing. : []
2025-10-19T11:09:27+00:00 ERROR Error persisting Meta logs: Cannot create the API instance because the access token is missing. : []
2025-10-19T11:09:30+00:00 ERROR Error persisting Meta logs: Cannot create the API instance because the access token is missing. : []
2025-10-19T11:11:30+00:00 ERROR Error persisting Meta logs: Cannot create the API instance because the access token is missing. : []
2025-10-19T11:16:55+00:00 ERROR Error persisting Meta logs: Cannot create the API instance because the access token is missing. : []
2025-10-19T11:37:35+00:00 ERROR Error persisting Meta logs: Cannot create the API instance because the access token is missing. : []
2025-10-19T11:46:59+00:00 ERROR Error persisting Meta logs: Cannot create the API instance because the access token is missing. : []
2025-10-19T11:46:59+00:00 WARNING Product feed scheduling failed: Integration not configured. : {"flow_name":"product_feed","flow_step":"schedule_feed_generation"}
2025-10-19T12:12:55+00:00 ERROR Error persisting Meta logs: Cannot create the API instance because the access token is missing. : []
2025-10-19T12:13:02+00:00 ERROR Error persisting Meta logs: Cannot create the API instance because the access token is missing. : []
2025-10-19T12:15:47+00:00 ERROR Error persisting Meta logs: Cannot create the API instance because the access token is missing. : []
2025-10-19T12:25:40+00:00 ERROR Error persisting Meta logs: Cannot create the API instance because the access token is missing. : []
2025-10-19T12:45:43+00:00 ERROR Error persisting Meta logs: Cannot create the API instance because the access token is missing. : []
2025-10-19T12:45:49+00:00 ERROR Error persisting Meta logs: Cannot create the API instance because the access token is missing. : []
2025-10-19T12:56:29+00:00 ERROR Error persisting Meta logs: Cannot create the API instance because the access token is missing. : []
2025-10-19T13:16:25+00:00 ERROR Error persisting Meta logs: Cannot create the API instance because the access token is missing. : []
2025-10-19T14:11:52+00:00 ERROR Error persisting Meta logs: Cannot create the API instance because the access token is missing. : []
2025-10-19T14:11:52+00:00 WARNING Product feed scheduling failed: Integration not configured. : {"flow_name":"product_feed","flow_step":"schedule_feed_generation"}
2025-10-19T14:11:52+00:00 ERROR Error persisting error logs: Cannot create the API instance because the access token is missing. : []
2025-10-19T14:18:49+00:00 ERROR Error persisting Meta logs: Cannot create the API instance because the access token is missing. : []
2025-10-19T14:57:11+00:00 ERROR Error persisting Meta logs: Cannot create the API instance because the access token is missing. : []
2025-10-19T15:06:21+00:00 ERROR Error persisting Meta logs: Cannot create the API instance because the access token is missing. : []
2025-10-19T15:16:46+00:00 ERROR Error persisting Meta logs: Cannot create the API instance because the access token is missing. : []
2025-10-19T15:17:03+00:00 ERROR Error persisting Meta logs: Cannot create the API instance because the access token is missing. : []
2025-10-19T16:09:41+00:00 ERROR Error persisting Meta logs: Cannot create the API instance because the access token is missing. : []
2025-10-19T16:09:41+00:00 WARNING Product feed scheduling failed: Integration not configured. : {"flow_name":"product_feed","flow_step":"schedule_feed_generation"}
2025-10-19T16:16:40+00:00 ERROR Error persisting Meta logs: Cannot create the API instance because the access token is missing. : []
2025-10-19T16:16:47+00:00 ERROR Error persisting Meta logs: Cannot create the API instance because the access token is missing. : []
2025-10-19T16:59:22+00:00 ERROR Error persisting Meta logs: Cannot create the API instance because the access token is missing. : []
2025-10-19T16:59:22+00:00 ERROR Error persisting Meta logs: Cannot create the API instance because the access token is missing. : []
2025-10-19T16:59:29+00:00 ERROR Error persisting Meta logs: Cannot create the API instance because the access token is missing. : []
2025-10-19T17:06:33+00:00 ERROR Error persisting Meta logs: Cannot create the API instance because the access token is missing. : []
2025-10-19T17:06:39+00:00 ERROR Error persisting Meta logs: Cannot create the API instance because the access token is missing. : []
2025-10-19T17:19:50+00:00 ERROR Error persisting Meta logs: Cannot create the API instance because the access token is missing. : []
2025-10-19T17:19:57+00:00 ERROR Error persisting Meta logs: Cannot create the API instance because the access token is missing. : []
2025-10-19T17:26:31+00:00 ERROR Error persisting Meta logs: Cannot create the API instance because the access token is missing. : []
2025-10-19T17:26:38+00:00 ERROR Error persisting Meta logs: Cannot create the API instance because the access token is missing. : []
2025-10-19T17:33:01+00:00 ERROR Error persisting Meta logs: Cannot create the API instance because the access token is missing. : []
2025-10-19T18:01:26+00:00 ERROR Error persisting Meta logs: Cannot create the API instance because the access token is missing. : []
2025-10-19T18:01:26+00:00 WARNING Product feed scheduling failed: Integration not configured. : {"flow_name":"product_feed","flow_step":"schedule_feed_generation"}
2025-10-19T18:01:26+00:00 ERROR Error persisting error logs: Cannot create the API instance because the access token is missing. : []
2025-10-19T18:10:06+00:00 ERROR Error persisting Meta logs: Cannot create the API instance because the access token is missing. : []
2025-10-19T18:22:04+00:00 ERROR Error persisting Meta logs: Cannot create the API instance because the access token is missing. : []
2025-10-19T18:43:23+00:00 ERROR Error persisting Meta logs: Cannot create the API instance because the access token is missing. : []
2025-10-19T18:46:11+00:00 ERROR Error persisting Meta logs: Cannot create the API instance because the access token is missing. : []
2025-10-19T18:55:31+00:00 ERROR Error persisting Meta logs: Cannot create the API instance because the access token is missing. : []
2025-10-19T18:55:39+00:00 ERROR Error persisting Meta logs: Cannot create the API instance because the access token is missing. : []
2025-10-19T19:15:10+00:00 ERROR Error persisting Meta logs: Cannot create the API instance because the access token is missing. : []
2025-10-19T19:17:18+00:00 ERROR Error persisting Meta logs: Cannot create the API instance because the access token is missing. : []
2025-10-19T19:21:09+00:00 ERROR Error persisting Meta logs: Cannot create the API instance because the access token is missing. : []
2025-10-19T19:27:41+00:00 ERROR Error persisting Meta logs: Cannot create the API instance because the access token is missing. : []
2025-10-19T19:49:41+00:00 ERROR Error persisting Meta logs: Cannot create the API instance because the access token is missing. : []
2025-10-19T19:49:41+00:00 WARNING Product feed scheduling failed: Integration not configured. : {"flow_name":"product_feed","flow_step":"schedule_feed_generation"}
2025-10-19T19:55:51+00:00 ERROR Error persisting Meta logs: Cannot create the API instance because the access token is missing. : []
2025-10-19T20:05:24+00:00 ERROR Error persisting Meta logs: Cannot create the API instance because the access token is missing. : []
2025-10-19T20:16:01+00:00 ERROR Error persisting Meta logs: Cannot create the API instance because the access token is missing. : []
2025-10-19T20:39:03+00:00 ERROR Error persisting Meta logs: Cannot create the API instance because the access token is missing. : []
2025-10-19T20:54:44+00:00 ERROR Error persisting Meta logs: Cannot create the API instance because the access token is missing. : []
2025-10-19T20:54:44+00:00 WARNING Product feed scheduling failed: Integration not configured. : {"flow_name":"product_feed","flow_step":"schedule_feed_generation"}
2025-10-19T21:53:55+00:00 ERROR Error persisting Meta logs: Cannot create the API instance because the access token is missing. : []
2025-10-19T22:00:39+00:00 WARNING Product feed scheduling failed: Integration not configured. : {"flow_name":"product_feed","flow_step":"schedule_feed_generation"}
2025-10-19T22:00:39+00:00 ERROR Error persisting error logs: Cannot create the API instance because the access token is missing. : []
2025-10-19T22:00:44+00:00 ERROR Error persisting Meta logs: Cannot create the API instance because the access token is missing. : []
2025-10-19T22:35:23+00:00 ERROR Error persisting Meta logs: Cannot create the API instance because the access token is missing. : []
2025-10-19T23:11:22+00:00 ERROR Error persisting Meta logs: Cannot create the API instance because the access token is missing. : []
2025-10-19T23:11:28+00:00 WARNING Product feed scheduling failed: Integration not configured. : {"flow_name":"product_feed","flow_step":"schedule_feed_generation"}
2025-10-19T23:36:56+00:00 ERROR Error persisting Meta logs: Cannot create the API instance because the access token is missing. : []
