2025-10-05T09:14:22+00:00 ERROR Automattic\WooCommerce\GoogleListingsAndAds\API\Google\AdsCampaign::get_campaigns {
    "message": "The caller does not have permission",
    "code": 7,
    "status": "PERMISSION_DENIED",
    "details": [
        {
            "@type": "type.googleapis.com\/google.ads.googleads.v20.errors.GoogleAdsFailure",
            "errors": [
                {
                    "errorCode": {
                        "authorizationError": "USER_PERMISSION_DENIED"
                    },
                    "message": "User doesn't have permission to access customer. Note: If you're accessing a client customer, the manager's customer id must be set in the 'login-customer-id' header. See https:\/\/developers.google.com\/google-ads\/api\/docs\/concepts\/call-structure#cid"
                }
            ],
            "requestId": "WfT3t6azXd9yQACwq_H2lA"
        }
    ]
}
2025-10-05T09:14:39+00:00 ERROR Automattic\WooCommerce\GoogleListingsAndAds\API\Google\AdsCampaign::get_campaigns {
    "message": "The caller does not have permission",
    "code": 7,
    "status": "PERMISSION_DENIED",
    "details": [
        {
            "@type": "type.googleapis.com\/google.ads.googleads.v20.errors.GoogleAdsFailure",
            "errors": [
                {
                    "errorCode": {
                        "authorizationError": "USER_PERMISSION_DENIED"
                    },
                    "message": "User doesn't have permission to access customer. Note: If you're accessing a client customer, the manager's customer id must be set in the 'login-customer-id' header. See https:\/\/developers.google.com\/google-ads\/api\/docs\/concepts\/call-structure#cid"
                }
            ],
            "requestId": "fKPZwEmSn-63ruM--90UNQ"
        }
    ]
}
