2025-10-11T01:15:01+00:00 ERROR Automattic\WooCommerce\GoogleListingsAndAds\API\Google\AdsCampaign::get_campaigns {
    "message": "The caller does not have permission",
    "code": 7,
    "status": "PERMISSION_DENIED",
    "details": [
        {
            "@type": "type.googleapis.com\/google.ads.googleads.v20.errors.GoogleAdsFailure",
            "errors": [
                {
                    "errorCode": {
                        "authorizationError": "USER_PERMISSION_DENIED"
                    },
                    "message": "User doesn't have permission to access customer. Note: If you're accessing a client customer, the manager's customer id must be set in the 'login-customer-id' header. See https:\/\/developers.google.com\/google-ads\/api\/docs\/concepts\/call-structure#cid"
                }
            ],
            "requestId": "lsxV31AQBjVQefuSPWHdYg"
        }
    ]
}
2025-10-11T01:16:39+00:00 ERROR Automattic\WooCommerce\GoogleListingsAndAds\API\Google\AdsCampaign::get_campaigns {
    "message": "The caller does not have permission",
    "code": 7,
    "status": "PERMISSION_DENIED",
    "details": [
        {
            "@type": "type.googleapis.com\/google.ads.googleads.v20.errors.GoogleAdsFailure",
            "errors": [
                {
                    "errorCode": {
                        "authorizationError": "USER_PERMISSION_DENIED"
                    },
                    "message": "User doesn't have permission to access customer. Note: If you're accessing a client customer, the manager's customer id must be set in the 'login-customer-id' header. See https:\/\/developers.google.com\/google-ads\/api\/docs\/concepts\/call-structure#cid"
                }
            ],
            "requestId": "_o1aiSmgfNRykmZzJIf9Mw"
        }
    ]
}
2025-10-11T01:21:58+00:00 ERROR Automattic\WooCommerce\GoogleListingsAndAds\API\Google\AdsCampaign::get_campaigns {
    "message": "The caller does not have permission",
    "code": 7,
    "status": "PERMISSION_DENIED",
    "details": [
        {
            "@type": "type.googleapis.com\/google.ads.googleads.v20.errors.GoogleAdsFailure",
            "errors": [
                {
                    "errorCode": {
                        "authorizationError": "USER_PERMISSION_DENIED"
                    },
                    "message": "User doesn't have permission to access customer. Note: If you're accessing a client customer, the manager's customer id must be set in the 'login-customer-id' header. See https:\/\/developers.google.com\/google-ads\/api\/docs\/concepts\/call-structure#cid"
                }
            ],
            "requestId": "WH19plLgif-R5dEE7gcvsg"
        }
    ]
}
2025-10-11T01:22:07+00:00 ERROR Automattic\WooCommerce\GoogleListingsAndAds\API\Google\AdsCampaign::get_campaigns {
    "message": "The caller does not have permission",
    "code": 7,
    "status": "PERMISSION_DENIED",
    "details": [
        {
            "@type": "type.googleapis.com\/google.ads.googleads.v20.errors.GoogleAdsFailure",
            "errors": [
                {
                    "errorCode": {
                        "authorizationError": "USER_PERMISSION_DENIED"
                    },
                    "message": "User doesn't have permission to access customer. Note: If you're accessing a client customer, the manager's customer id must be set in the 'login-customer-id' header. See https:\/\/developers.google.com\/google-ads\/api\/docs\/concepts\/call-structure#cid"
                }
            ],
            "requestId": "94dRteZvq0wUwXzpJmwYlg"
        }
    ]
}
2025-10-11T01:24:20+00:00 ERROR Automattic\WooCommerce\GoogleListingsAndAds\API\Google\AdsCampaign::get_campaigns {
    "message": "The caller does not have permission",
    "code": 7,
    "status": "PERMISSION_DENIED",
    "details": [
        {
            "@type": "type.googleapis.com\/google.ads.googleads.v20.errors.GoogleAdsFailure",
            "errors": [
                {
                    "errorCode": {
                        "authorizationError": "USER_PERMISSION_DENIED"
                    },
                    "message": "User doesn't have permission to access customer. Note: If you're accessing a client customer, the manager's customer id must be set in the 'login-customer-id' header. See https:\/\/developers.google.com\/google-ads\/api\/docs\/concepts\/call-structure#cid"
                }
            ],
            "requestId": "xzzVnnpo9BKaGdFMZsBhyg"
        }
    ]
}
2025-10-11T01:24:29+00:00 ERROR Automattic\WooCommerce\GoogleListingsAndAds\API\Google\AdsCampaign::get_campaigns {
    "message": "The caller does not have permission",
    "code": 7,
    "status": "PERMISSION_DENIED",
    "details": [
        {
            "@type": "type.googleapis.com\/google.ads.googleads.v20.errors.GoogleAdsFailure",
            "errors": [
                {
                    "errorCode": {
                        "authorizationError": "USER_PERMISSION_DENIED"
                    },
                    "message": "User doesn't have permission to access customer. Note: If you're accessing a client customer, the manager's customer id must be set in the 'login-customer-id' header. See https:\/\/developers.google.com\/google-ads\/api\/docs\/concepts\/call-structure#cid"
                }
            ],
            "requestId": "iN9JMTEtzijULjW9_U2kcw"
        }
    ]
}
2025-10-11T01:24:45+00:00 ERROR Automattic\WooCommerce\GoogleListingsAndAds\API\Google\AdsCampaign::get_campaigns {
    "message": "The caller does not have permission",
    "code": 7,
    "status": "PERMISSION_DENIED",
    "details": [
        {
            "@type": "type.googleapis.com\/google.ads.googleads.v20.errors.GoogleAdsFailure",
            "errors": [
                {
                    "errorCode": {
                        "authorizationError": "USER_PERMISSION_DENIED"
                    },
                    "message": "User doesn't have permission to access customer. Note: If you're accessing a client customer, the manager's customer id must be set in the 'login-customer-id' header. See https:\/\/developers.google.com\/google-ads\/api\/docs\/concepts\/call-structure#cid"
                }
            ],
            "requestId": "6cffI85H5hvUPe4dPTVryw"
        }
    ]
}
2025-10-11T01:24:59+00:00 ERROR Automattic\WooCommerce\GoogleListingsAndAds\API\Google\AdsCampaign::get_campaigns {
    "message": "The caller does not have permission",
    "code": 7,
    "status": "PERMISSION_DENIED",
    "details": [
        {
            "@type": "type.googleapis.com\/google.ads.googleads.v20.errors.GoogleAdsFailure",
            "errors": [
                {
                    "errorCode": {
                        "authorizationError": "USER_PERMISSION_DENIED"
                    },
                    "message": "User doesn't have permission to access customer. Note: If you're accessing a client customer, the manager's customer id must be set in the 'login-customer-id' header. See https:\/\/developers.google.com\/google-ads\/api\/docs\/concepts\/call-structure#cid"
                }
            ],
            "requestId": "7Clm8cht1bSAQFzPoMi7oA"
        }
    ]
}
2025-10-11T01:25:03+00:00 ERROR Automattic\WooCommerce\GoogleListingsAndAds\API\Google\AdsCampaign::get_campaigns {
    "message": "The caller does not have permission",
    "code": 7,
    "status": "PERMISSION_DENIED",
    "details": [
        {
            "@type": "type.googleapis.com\/google.ads.googleads.v20.errors.GoogleAdsFailure",
            "errors": [
                {
                    "errorCode": {
                        "authorizationError": "USER_PERMISSION_DENIED"
                    },
                    "message": "User doesn't have permission to access customer. Note: If you're accessing a client customer, the manager's customer id must be set in the 'login-customer-id' header. See https:\/\/developers.google.com\/google-ads\/api\/docs\/concepts\/call-structure#cid"
                }
            ],
            "requestId": "SuD-x7swYFSO1C-kCv7D8Q"
        }
    ]
}
2025-10-11T01:25:13+00:00 ERROR Automattic\WooCommerce\GoogleListingsAndAds\API\Google\AdsCampaign::get_campaigns {
    "message": "The caller does not have permission",
    "code": 7,
    "status": "PERMISSION_DENIED",
    "details": [
        {
            "@type": "type.googleapis.com\/google.ads.googleads.v20.errors.GoogleAdsFailure",
            "errors": [
                {
                    "errorCode": {
                        "authorizationError": "USER_PERMISSION_DENIED"
                    },
                    "message": "User doesn't have permission to access customer. Note: If you're accessing a client customer, the manager's customer id must be set in the 'login-customer-id' header. See https:\/\/developers.google.com\/google-ads\/api\/docs\/concepts\/call-structure#cid"
                }
            ],
            "requestId": "SCt2W7nWlQo4_eI_iskf9Q"
        }
    ]
}
2025-10-11T01:25:17+00:00 ERROR Automattic\WooCommerce\GoogleListingsAndAds\API\Google\AdsCampaign::get_campaigns {
    "message": "The caller does not have permission",
    "code": 7,
    "status": "PERMISSION_DENIED",
    "details": [
        {
            "@type": "type.googleapis.com\/google.ads.googleads.v20.errors.GoogleAdsFailure",
            "errors": [
                {
                    "errorCode": {
                        "authorizationError": "USER_PERMISSION_DENIED"
                    },
                    "message": "User doesn't have permission to access customer. Note: If you're accessing a client customer, the manager's customer id must be set in the 'login-customer-id' header. See https:\/\/developers.google.com\/google-ads\/api\/docs\/concepts\/call-structure#cid"
                }
            ],
            "requestId": "VOcwLI11869ysh9ULqtgGw"
        }
    ]
}
2025-10-11T01:25:36+00:00 ERROR Automattic\WooCommerce\GoogleListingsAndAds\API\Google\AdsCampaign::get_campaigns {
    "message": "The caller does not have permission",
    "code": 7,
    "status": "PERMISSION_DENIED",
    "details": [
        {
            "@type": "type.googleapis.com\/google.ads.googleads.v20.errors.GoogleAdsFailure",
            "errors": [
                {
                    "errorCode": {
                        "authorizationError": "USER_PERMISSION_DENIED"
                    },
                    "message": "User doesn't have permission to access customer. Note: If you're accessing a client customer, the manager's customer id must be set in the 'login-customer-id' header. See https:\/\/developers.google.com\/google-ads\/api\/docs\/concepts\/call-structure#cid"
                }
            ],
            "requestId": "Ccus4GrcU0NFE3zO_H-vkw"
        }
    ]
}
2025-10-11T01:25:50+00:00 ERROR Automattic\WooCommerce\GoogleListingsAndAds\API\Google\AdsCampaign::get_campaigns {
    "message": "The caller does not have permission",
    "code": 7,
    "status": "PERMISSION_DENIED",
    "details": [
        {
            "@type": "type.googleapis.com\/google.ads.googleads.v20.errors.GoogleAdsFailure",
            "errors": [
                {
                    "errorCode": {
                        "authorizationError": "USER_PERMISSION_DENIED"
                    },
                    "message": "User doesn't have permission to access customer. Note: If you're accessing a client customer, the manager's customer id must be set in the 'login-customer-id' header. See https:\/\/developers.google.com\/google-ads\/api\/docs\/concepts\/call-structure#cid"
                }
            ],
            "requestId": "lC61qeCivlx8YmNpDGDdWA"
        }
    ]
}
2025-10-11T01:26:44+00:00 ERROR Automattic\WooCommerce\GoogleListingsAndAds\API\Google\AdsCampaign::get_campaigns {
    "message": "The caller does not have permission",
    "code": 7,
    "status": "PERMISSION_DENIED",
    "details": [
        {
            "@type": "type.googleapis.com\/google.ads.googleads.v20.errors.GoogleAdsFailure",
            "errors": [
                {
                    "errorCode": {
                        "authorizationError": "USER_PERMISSION_DENIED"
                    },
                    "message": "User doesn't have permission to access customer. Note: If you're accessing a client customer, the manager's customer id must be set in the 'login-customer-id' header. See https:\/\/developers.google.com\/google-ads\/api\/docs\/concepts\/call-structure#cid"
                }
            ],
            "requestId": "1UNWrLRvCYw4YhIcju7eDQ"
        }
    ]
}
2025-10-11T01:26:52+00:00 ERROR Automattic\WooCommerce\GoogleListingsAndAds\API\Google\AdsCampaign::get_campaigns {
    "message": "The caller does not have permission",
    "code": 7,
    "status": "PERMISSION_DENIED",
    "details": [
        {
            "@type": "type.googleapis.com\/google.ads.googleads.v20.errors.GoogleAdsFailure",
            "errors": [
                {
                    "errorCode": {
                        "authorizationError": "USER_PERMISSION_DENIED"
                    },
                    "message": "User doesn't have permission to access customer. Note: If you're accessing a client customer, the manager's customer id must be set in the 'login-customer-id' header. See https:\/\/developers.google.com\/google-ads\/api\/docs\/concepts\/call-structure#cid"
                }
            ],
            "requestId": "G0_uMoiAI8TzEWRBb9ajEQ"
        }
    ]
}
2025-10-11T01:27:23+00:00 ERROR Automattic\WooCommerce\GoogleListingsAndAds\API\Google\AdsCampaign::get_campaigns {
    "message": "The caller does not have permission",
    "code": 7,
    "status": "PERMISSION_DENIED",
    "details": [
        {
            "@type": "type.googleapis.com\/google.ads.googleads.v20.errors.GoogleAdsFailure",
            "errors": [
                {
                    "errorCode": {
                        "authorizationError": "USER_PERMISSION_DENIED"
                    },
                    "message": "User doesn't have permission to access customer. Note: If you're accessing a client customer, the manager's customer id must be set in the 'login-customer-id' header. See https:\/\/developers.google.com\/google-ads\/api\/docs\/concepts\/call-structure#cid"
                }
            ],
            "requestId": "YdMMvPrBwt2C-xd7ENqRdw"
        }
    ]
}
2025-10-11T01:27:31+00:00 ERROR Automattic\WooCommerce\GoogleListingsAndAds\API\Google\AdsCampaign::get_campaigns {
    "message": "The caller does not have permission",
    "code": 7,
    "status": "PERMISSION_DENIED",
    "details": [
        {
            "@type": "type.googleapis.com\/google.ads.googleads.v20.errors.GoogleAdsFailure",
            "errors": [
                {
                    "errorCode": {
                        "authorizationError": "USER_PERMISSION_DENIED"
                    },
                    "message": "User doesn't have permission to access customer. Note: If you're accessing a client customer, the manager's customer id must be set in the 'login-customer-id' header. See https:\/\/developers.google.com\/google-ads\/api\/docs\/concepts\/call-structure#cid"
                }
            ],
            "requestId": "tEqOmYAn6In-fYrfTxV5MA"
        }
    ]
}
2025-10-11T01:27:35+00:00 ERROR Automattic\WooCommerce\GoogleListingsAndAds\API\Google\AdsCampaign::get_campaigns {
    "message": "The caller does not have permission",
    "code": 7,
    "status": "PERMISSION_DENIED",
    "details": [
        {
            "@type": "type.googleapis.com\/google.ads.googleads.v20.errors.GoogleAdsFailure",
            "errors": [
                {
                    "errorCode": {
                        "authorizationError": "USER_PERMISSION_DENIED"
                    },
                    "message": "User doesn't have permission to access customer. Note: If you're accessing a client customer, the manager's customer id must be set in the 'login-customer-id' header. See https:\/\/developers.google.com\/google-ads\/api\/docs\/concepts\/call-structure#cid"
                }
            ],
            "requestId": "Z_FugeN260CABWxbBv9L1A"
        }
    ]
}
2025-10-11T01:28:04+00:00 ERROR Automattic\WooCommerce\GoogleListingsAndAds\API\Google\AdsCampaign::get_campaigns {
    "message": "The caller does not have permission",
    "code": 7,
    "status": "PERMISSION_DENIED",
    "details": [
        {
            "@type": "type.googleapis.com\/google.ads.googleads.v20.errors.GoogleAdsFailure",
            "errors": [
                {
                    "errorCode": {
                        "authorizationError": "USER_PERMISSION_DENIED"
                    },
                    "message": "User doesn't have permission to access customer. Note: If you're accessing a client customer, the manager's customer id must be set in the 'login-customer-id' header. See https:\/\/developers.google.com\/google-ads\/api\/docs\/concepts\/call-structure#cid"
                }
            ],
            "requestId": "3_AUEJLHd-4KDPKl01G7nA"
        }
    ]
}
2025-10-11T01:28:33+00:00 ERROR Automattic\WooCommerce\GoogleListingsAndAds\API\Google\AdsCampaign::get_campaigns {
    "message": "The caller does not have permission",
    "code": 7,
    "status": "PERMISSION_DENIED",
    "details": [
        {
            "@type": "type.googleapis.com\/google.ads.googleads.v20.errors.GoogleAdsFailure",
            "errors": [
                {
                    "errorCode": {
                        "authorizationError": "USER_PERMISSION_DENIED"
                    },
                    "message": "User doesn't have permission to access customer. Note: If you're accessing a client customer, the manager's customer id must be set in the 'login-customer-id' header. See https:\/\/developers.google.com\/google-ads\/api\/docs\/concepts\/call-structure#cid"
                }
            ],
            "requestId": "kf2i14kUwx_1CA_eIql18g"
        }
    ]
}
2025-10-11T01:28:56+00:00 ERROR Automattic\WooCommerce\GoogleListingsAndAds\API\Google\AdsCampaign::get_campaigns {
    "message": "The caller does not have permission",
    "code": 7,
    "status": "PERMISSION_DENIED",
    "details": [
        {
            "@type": "type.googleapis.com\/google.ads.googleads.v20.errors.GoogleAdsFailure",
            "errors": [
                {
                    "errorCode": {
                        "authorizationError": "USER_PERMISSION_DENIED"
                    },
                    "message": "User doesn't have permission to access customer. Note: If you're accessing a client customer, the manager's customer id must be set in the 'login-customer-id' header. See https:\/\/developers.google.com\/google-ads\/api\/docs\/concepts\/call-structure#cid"
                }
            ],
            "requestId": "jm0RQJ87W5VoMu60mdpISA"
        }
    ]
}
2025-10-11T01:29:02+00:00 ERROR Automattic\WooCommerce\GoogleListingsAndAds\API\Google\AdsCampaign::get_campaigns {
    "message": "The caller does not have permission",
    "code": 7,
    "status": "PERMISSION_DENIED",
    "details": [
        {
            "@type": "type.googleapis.com\/google.ads.googleads.v20.errors.GoogleAdsFailure",
            "errors": [
                {
                    "errorCode": {
                        "authorizationError": "USER_PERMISSION_DENIED"
                    },
                    "message": "User doesn't have permission to access customer. Note: If you're accessing a client customer, the manager's customer id must be set in the 'login-customer-id' header. See https:\/\/developers.google.com\/google-ads\/api\/docs\/concepts\/call-structure#cid"
                }
            ],
            "requestId": "CsTCMkx-WD6g0EemvLngYg"
        }
    ]
}
2025-10-11T01:29:09+00:00 ERROR Automattic\WooCommerce\GoogleListingsAndAds\API\Google\AdsCampaign::get_campaigns {
    "message": "The caller does not have permission",
    "code": 7,
    "status": "PERMISSION_DENIED",
    "details": [
        {
            "@type": "type.googleapis.com\/google.ads.googleads.v20.errors.GoogleAdsFailure",
            "errors": [
                {
                    "errorCode": {
                        "authorizationError": "USER_PERMISSION_DENIED"
                    },
                    "message": "User doesn't have permission to access customer. Note: If you're accessing a client customer, the manager's customer id must be set in the 'login-customer-id' header. See https:\/\/developers.google.com\/google-ads\/api\/docs\/concepts\/call-structure#cid"
                }
            ],
            "requestId": "Bw8k7TTuragwCjp_edRYiQ"
        }
    ]
}
2025-10-11T01:33:02+00:00 ERROR Automattic\WooCommerce\GoogleListingsAndAds\API\Google\AdsCampaign::get_campaigns {
    "message": "The caller does not have permission",
    "code": 7,
    "status": "PERMISSION_DENIED",
    "details": [
        {
            "@type": "type.googleapis.com\/google.ads.googleads.v20.errors.GoogleAdsFailure",
            "errors": [
                {
                    "errorCode": {
                        "authorizationError": "USER_PERMISSION_DENIED"
                    },
                    "message": "User doesn't have permission to access customer. Note: If you're accessing a client customer, the manager's customer id must be set in the 'login-customer-id' header. See https:\/\/developers.google.com\/google-ads\/api\/docs\/concepts\/call-structure#cid"
                }
            ],
            "requestId": "qrCwpkBUXaMccglJvBaaEw"
        }
    ]
}
2025-10-11T01:33:10+00:00 ERROR Automattic\WooCommerce\GoogleListingsAndAds\API\Google\AdsCampaign::get_campaigns {
    "message": "The caller does not have permission",
    "code": 7,
    "status": "PERMISSION_DENIED",
    "details": [
        {
            "@type": "type.googleapis.com\/google.ads.googleads.v20.errors.GoogleAdsFailure",
            "errors": [
                {
                    "errorCode": {
                        "authorizationError": "USER_PERMISSION_DENIED"
                    },
                    "message": "User doesn't have permission to access customer. Note: If you're accessing a client customer, the manager's customer id must be set in the 'login-customer-id' header. See https:\/\/developers.google.com\/google-ads\/api\/docs\/concepts\/call-structure#cid"
                }
            ],
            "requestId": "Ljr9HnK-qJgyqk6Iv-DSpQ"
        }
    ]
}
2025-10-11T01:37:54+00:00 ERROR Automattic\WooCommerce\GoogleListingsAndAds\API\Google\AdsCampaign::get_campaigns {
    "message": "The caller does not have permission",
    "code": 7,
    "status": "PERMISSION_DENIED",
    "details": [
        {
            "@type": "type.googleapis.com\/google.ads.googleads.v20.errors.GoogleAdsFailure",
            "errors": [
                {
                    "errorCode": {
                        "authorizationError": "USER_PERMISSION_DENIED"
                    },
                    "message": "User doesn't have permission to access customer. Note: If you're accessing a client customer, the manager's customer id must be set in the 'login-customer-id' header. See https:\/\/developers.google.com\/google-ads\/api\/docs\/concepts\/call-structure#cid"
                }
            ],
            "requestId": "TF_zyPNtYnqisEWuC7Iuig"
        }
    ]
}
2025-10-11T01:37:59+00:00 ERROR Automattic\WooCommerce\GoogleListingsAndAds\API\Google\AdsCampaign::get_campaigns {
    "message": "The caller does not have permission",
    "code": 7,
    "status": "PERMISSION_DENIED",
    "details": [
        {
            "@type": "type.googleapis.com\/google.ads.googleads.v20.errors.GoogleAdsFailure",
            "errors": [
                {
                    "errorCode": {
                        "authorizationError": "USER_PERMISSION_DENIED"
                    },
                    "message": "User doesn't have permission to access customer. Note: If you're accessing a client customer, the manager's customer id must be set in the 'login-customer-id' header. See https:\/\/developers.google.com\/google-ads\/api\/docs\/concepts\/call-structure#cid"
                }
            ],
            "requestId": "jYho3mKrNev-4gaPt7dbBQ"
        }
    ]
}
2025-10-11T01:43:34+00:00 ERROR Automattic\WooCommerce\GoogleListingsAndAds\API\Google\AdsCampaign::get_campaigns {
    "message": "The caller does not have permission",
    "code": 7,
    "status": "PERMISSION_DENIED",
    "details": [
        {
            "@type": "type.googleapis.com\/google.ads.googleads.v20.errors.GoogleAdsFailure",
            "errors": [
                {
                    "errorCode": {
                        "authorizationError": "USER_PERMISSION_DENIED"
                    },
                    "message": "User doesn't have permission to access customer. Note: If you're accessing a client customer, the manager's customer id must be set in the 'login-customer-id' header. See https:\/\/developers.google.com\/google-ads\/api\/docs\/concepts\/call-structure#cid"
                }
            ],
            "requestId": "TXr9uUEEENXgg1RvP00GxA"
        }
    ]
}
2025-10-11T01:44:39+00:00 ERROR Automattic\WooCommerce\GoogleListingsAndAds\API\Google\AdsCampaign::get_campaigns {
    "message": "The caller does not have permission",
    "code": 7,
    "status": "PERMISSION_DENIED",
    "details": [
        {
            "@type": "type.googleapis.com\/google.ads.googleads.v20.errors.GoogleAdsFailure",
            "errors": [
                {
                    "errorCode": {
                        "authorizationError": "USER_PERMISSION_DENIED"
                    },
                    "message": "User doesn't have permission to access customer. Note: If you're accessing a client customer, the manager's customer id must be set in the 'login-customer-id' header. See https:\/\/developers.google.com\/google-ads\/api\/docs\/concepts\/call-structure#cid"
                }
            ],
            "requestId": "PUmpQssYDSireb3emDYgAg"
        }
    ]
}
2025-10-11T01:44:44+00:00 ERROR Automattic\WooCommerce\GoogleListingsAndAds\API\Google\AdsCampaign::get_campaigns {
    "message": "The caller does not have permission",
    "code": 7,
    "status": "PERMISSION_DENIED",
    "details": [
        {
            "@type": "type.googleapis.com\/google.ads.googleads.v20.errors.GoogleAdsFailure",
            "errors": [
                {
                    "errorCode": {
                        "authorizationError": "USER_PERMISSION_DENIED"
                    },
                    "message": "User doesn't have permission to access customer. Note: If you're accessing a client customer, the manager's customer id must be set in the 'login-customer-id' header. See https:\/\/developers.google.com\/google-ads\/api\/docs\/concepts\/call-structure#cid"
                }
            ],
            "requestId": "elzlLDyuE1kIGbuFdBFzNw"
        }
    ]
}
2025-10-11T01:45:37+00:00 ERROR Automattic\WooCommerce\GoogleListingsAndAds\API\Google\AdsCampaign::get_campaigns {
    "message": "The caller does not have permission",
    "code": 7,
    "status": "PERMISSION_DENIED",
    "details": [
        {
            "@type": "type.googleapis.com\/google.ads.googleads.v20.errors.GoogleAdsFailure",
            "errors": [
                {
                    "errorCode": {
                        "authorizationError": "USER_PERMISSION_DENIED"
                    },
                    "message": "User doesn't have permission to access customer. Note: If you're accessing a client customer, the manager's customer id must be set in the 'login-customer-id' header. See https:\/\/developers.google.com\/google-ads\/api\/docs\/concepts\/call-structure#cid"
                }
            ],
            "requestId": "FkbbSOhshSq342OmU8CJlg"
        }
    ]
}
2025-10-11T01:55:39+00:00 ERROR Automattic\WooCommerce\GoogleListingsAndAds\API\Google\AdsCampaign::get_campaigns {
    "message": "The caller does not have permission",
    "code": 7,
    "status": "PERMISSION_DENIED",
    "details": [
        {
            "@type": "type.googleapis.com\/google.ads.googleads.v20.errors.GoogleAdsFailure",
            "errors": [
                {
                    "errorCode": {
                        "authorizationError": "USER_PERMISSION_DENIED"
                    },
                    "message": "User doesn't have permission to access customer. Note: If you're accessing a client customer, the manager's customer id must be set in the 'login-customer-id' header. See https:\/\/developers.google.com\/google-ads\/api\/docs\/concepts\/call-structure#cid"
                }
            ],
            "requestId": "MmpcAS5O4-SGzVOWRejKXg"
        }
    ]
}
2025-10-11T01:57:19+00:00 ERROR Automattic\WooCommerce\GoogleListingsAndAds\API\Google\AdsCampaign::get_campaigns {
    "message": "The caller does not have permission",
    "code": 7,
    "status": "PERMISSION_DENIED",
    "details": [
        {
            "@type": "type.googleapis.com\/google.ads.googleads.v20.errors.GoogleAdsFailure",
            "errors": [
                {
                    "errorCode": {
                        "authorizationError": "USER_PERMISSION_DENIED"
                    },
                    "message": "User doesn't have permission to access customer. Note: If you're accessing a client customer, the manager's customer id must be set in the 'login-customer-id' header. See https:\/\/developers.google.com\/google-ads\/api\/docs\/concepts\/call-structure#cid"
                }
            ],
            "requestId": "h6iDEV4Oxejy6_wx2mPJVQ"
        }
    ]
}
2025-10-11T02:04:24+00:00 ERROR Automattic\WooCommerce\GoogleListingsAndAds\API\Google\AdsCampaign::get_campaigns {
    "message": "The caller does not have permission",
    "code": 7,
    "status": "PERMISSION_DENIED",
    "details": [
        {
            "@type": "type.googleapis.com\/google.ads.googleads.v20.errors.GoogleAdsFailure",
            "errors": [
                {
                    "errorCode": {
                        "authorizationError": "USER_PERMISSION_DENIED"
                    },
                    "message": "User doesn't have permission to access customer. Note: If you're accessing a client customer, the manager's customer id must be set in the 'login-customer-id' header. See https:\/\/developers.google.com\/google-ads\/api\/docs\/concepts\/call-structure#cid"
                }
            ],
            "requestId": "B4BywDDJlLgujeigk9hD1A"
        }
    ]
}
2025-10-11T02:04:40+00:00 ERROR Automattic\WooCommerce\GoogleListingsAndAds\API\Google\AdsCampaign::get_campaigns {
    "message": "The caller does not have permission",
    "code": 7,
    "status": "PERMISSION_DENIED",
    "details": [
        {
            "@type": "type.googleapis.com\/google.ads.googleads.v20.errors.GoogleAdsFailure",
            "errors": [
                {
                    "errorCode": {
                        "authorizationError": "USER_PERMISSION_DENIED"
                    },
                    "message": "User doesn't have permission to access customer. Note: If you're accessing a client customer, the manager's customer id must be set in the 'login-customer-id' header. See https:\/\/developers.google.com\/google-ads\/api\/docs\/concepts\/call-structure#cid"
                }
            ],
            "requestId": "UzplvuB3099to_PGBf2Vgw"
        }
    ]
}
2025-10-11T02:05:17+00:00 ERROR Automattic\WooCommerce\GoogleListingsAndAds\API\Google\AdsCampaign::get_campaigns {
    "message": "The caller does not have permission",
    "code": 7,
    "status": "PERMISSION_DENIED",
    "details": [
        {
            "@type": "type.googleapis.com\/google.ads.googleads.v20.errors.GoogleAdsFailure",
            "errors": [
                {
                    "errorCode": {
                        "authorizationError": "USER_PERMISSION_DENIED"
                    },
                    "message": "User doesn't have permission to access customer. Note: If you're accessing a client customer, the manager's customer id must be set in the 'login-customer-id' header. See https:\/\/developers.google.com\/google-ads\/api\/docs\/concepts\/call-structure#cid"
                }
            ],
            "requestId": "ZimraHTDV8F8ttNTxiNEhw"
        }
    ]
}
2025-10-11T02:05:26+00:00 ERROR Automattic\WooCommerce\GoogleListingsAndAds\API\Google\AdsCampaign::get_campaigns {
    "message": "The caller does not have permission",
    "code": 7,
    "status": "PERMISSION_DENIED",
    "details": [
        {
            "@type": "type.googleapis.com\/google.ads.googleads.v20.errors.GoogleAdsFailure",
            "errors": [
                {
                    "errorCode": {
                        "authorizationError": "USER_PERMISSION_DENIED"
                    },
                    "message": "User doesn't have permission to access customer. Note: If you're accessing a client customer, the manager's customer id must be set in the 'login-customer-id' header. See https:\/\/developers.google.com\/google-ads\/api\/docs\/concepts\/call-structure#cid"
                }
            ],
            "requestId": "pSaVtP88XqoNnxeoN6G33g"
        }
    ]
}
2025-10-11T02:05:43+00:00 ERROR Automattic\WooCommerce\GoogleListingsAndAds\API\Google\Ads::has_access {
    "message": "The caller does not have permission",
    "code": 7,
    "status": "PERMISSION_DENIED",
    "details": [
        {
            "@type": "type.googleapis.com\/google.ads.googleads.v20.errors.GoogleAdsFailure",
            "errors": [
                {
                    "errorCode": {
                        "authorizationError": "USER_PERMISSION_DENIED"
                    },
                    "message": "User doesn't have permission to access customer. Note: If you're accessing a client customer, the manager's customer id must be set in the 'login-customer-id' header. See https:\/\/developers.google.com\/google-ads\/api\/docs\/concepts\/call-structure#cid"
                }
            ],
            "requestId": "uszxX7mv8QaRcjooljqZVw"
        }
    ]
}
2025-10-11T02:05:52+00:00 DEBUG Automattic\WooCommerce\GoogleListingsAndAds\Product\WCProductAdapter::map_product_categories Product category (ID: 6337): ["RAM"].
2025-10-11T02:05:52+00:00 DEBUG Automattic\WooCommerce\GoogleListingsAndAds\Product\WCProductAdapter::map_product_categories Product category (ID: 6290): ["M\u00e0n h\u00ecnh"].
2025-10-11T02:05:52+00:00 DEBUG Automattic\WooCommerce\GoogleListingsAndAds\Product\WCProductAdapter::map_product_categories Product category (ID: 6288): ["M\u00e0n h\u00ecnh"].
2025-10-11T02:05:52+00:00 DEBUG Automattic\WooCommerce\GoogleListingsAndAds\Product\WCProductAdapter::map_product_categories Product category (ID: 6253): ["CPU"].
2025-10-11T02:05:52+00:00 DEBUG Automattic\WooCommerce\GoogleListingsAndAds\Product\WCProductAdapter::map_product_categories Product category (ID: 6246): ["M\u00e0n h\u00ecnh"].
2025-10-11T02:05:57+00:00 ERROR Automattic\WooCommerce\GoogleListingsAndAds\API\Google\Ads::get_account_details {
    "message": "The caller does not have permission",
    "code": 7,
    "status": "PERMISSION_DENIED",
    "details": [
        {
            "@type": "type.googleapis.com\/google.ads.googleads.v20.errors.GoogleAdsFailure",
            "errors": [
                {
                    "errorCode": {
                        "authorizationError": "CUSTOMER_NOT_ENABLED"
                    },
                    "message": "The customer account can't be accessed because it is not yet enabled or has been deactivated."
                }
            ],
            "requestId": "3avEUnhM48J0zIr8YgRD6g"
        }
    ]
}
2025-10-11T02:06:41+00:00 ERROR Automattic\WooCommerce\GoogleListingsAndAds\API\Google\Ads::has_access {
    "message": "The caller does not have permission",
    "code": 7,
    "status": "PERMISSION_DENIED",
    "details": [
        {
            "@type": "type.googleapis.com\/google.ads.googleads.v20.errors.GoogleAdsFailure",
            "errors": [
                {
                    "errorCode": {
                        "authorizationError": "USER_PERMISSION_DENIED"
                    },
                    "message": "User doesn't have permission to access customer. Note: If you're accessing a client customer, the manager's customer id must be set in the 'login-customer-id' header. See https:\/\/developers.google.com\/google-ads\/api\/docs\/concepts\/call-structure#cid"
                }
            ],
            "requestId": "rbaCHZ84DonOyZ7wROLVVg"
        }
    ]
}
2025-10-11T02:06:45+00:00 ERROR Automattic\WooCommerce\GoogleListingsAndAds\API\Google\Ads::has_access {
    "message": "The caller does not have permission",
    "code": 7,
    "status": "PERMISSION_DENIED",
    "details": [
        {
            "@type": "type.googleapis.com\/google.ads.googleads.v20.errors.GoogleAdsFailure",
            "errors": [
                {
                    "errorCode": {
                        "authorizationError": "USER_PERMISSION_DENIED"
                    },
                    "message": "User doesn't have permission to access customer. Note: If you're accessing a client customer, the manager's customer id must be set in the 'login-customer-id' header. See https:\/\/developers.google.com\/google-ads\/api\/docs\/concepts\/call-structure#cid"
                }
            ],
            "requestId": "pD_IMNAcjkxAgFsaQH-fjw"
        }
    ]
}
2025-10-11T02:06:48+00:00 ERROR Automattic\WooCommerce\GoogleListingsAndAds\API\Google\Ads::has_access {
    "message": "The caller does not have permission",
    "code": 7,
    "status": "PERMISSION_DENIED",
    "details": [
        {
            "@type": "type.googleapis.com\/google.ads.googleads.v20.errors.GoogleAdsFailure",
            "errors": [
                {
                    "errorCode": {
                        "authorizationError": "USER_PERMISSION_DENIED"
                    },
                    "message": "User doesn't have permission to access customer. Note: If you're accessing a client customer, the manager's customer id must be set in the 'login-customer-id' header. See https:\/\/developers.google.com\/google-ads\/api\/docs\/concepts\/call-structure#cid"
                }
            ],
            "requestId": "XC8tTUkaAm-T_0K_9aZXQg"
        }
    ]
}
2025-10-11T02:06:52+00:00 ERROR Automattic\WooCommerce\GoogleListingsAndAds\Internal\DependencyManagement\GoogleServiceProvider::handle_unauthorized_error Client error: `POST https://api.woocommerce.com/google/google-ads/v20/customers/8341249350/googleAds:search` resulted in a `401 Unauthorized` response:
{"statusCode":401,"error":{"message":"Site is not connected to Google account for google-ads"},"message":"Site is not co (truncated...)
2025-10-11T02:07:21+00:00 ERROR Automattic\WooCommerce\GoogleListingsAndAds\API\Google\Ads::get_account_details {
    "message": "The caller does not have permission",
    "code": 7,
    "status": "PERMISSION_DENIED",
    "details": [
        {
            "@type": "type.googleapis.com\/google.ads.googleads.v20.errors.GoogleAdsFailure",
            "errors": [
                {
                    "errorCode": {
                        "authorizationError": "CUSTOMER_NOT_ENABLED"
                    },
                    "message": "The customer account can't be accessed because it is not yet enabled or has been deactivated."
                }
            ],
            "requestId": "3Deft0VgxVh7i2kIj4CkHg"
        }
    ]
}
2025-10-11T02:07:26+00:00 ERROR Automattic\WooCommerce\GoogleListingsAndAds\API\Google\Ads::has_access {
    "message": "The caller does not have permission",
    "code": 7,
    "status": "PERMISSION_DENIED",
    "details": [
        {
            "@type": "type.googleapis.com\/google.ads.googleads.v20.errors.GoogleAdsFailure",
            "errors": [
                {
                    "errorCode": {
                        "authorizationError": "USER_PERMISSION_DENIED"
                    },
                    "message": "User doesn't have permission to access customer. Note: If you're accessing a client customer, the manager's customer id must be set in the 'login-customer-id' header. See https:\/\/developers.google.com\/google-ads\/api\/docs\/concepts\/call-structure#cid"
                }
            ],
            "requestId": "XUcPKDXdFpeHzFIFDP6lEw"
        }
    ]
}
2025-10-11T02:07:29+00:00 ERROR Automattic\WooCommerce\GoogleListingsAndAds\API\Google\Ads::has_access {
    "message": "The caller does not have permission",
    "code": 7,
    "status": "PERMISSION_DENIED",
    "details": [
        {
            "@type": "type.googleapis.com\/google.ads.googleads.v20.errors.GoogleAdsFailure",
            "errors": [
                {
                    "errorCode": {
                        "authorizationError": "USER_PERMISSION_DENIED"
                    },
                    "message": "User doesn't have permission to access customer. Note: If you're accessing a client customer, the manager's customer id must be set in the 'login-customer-id' header. See https:\/\/developers.google.com\/google-ads\/api\/docs\/concepts\/call-structure#cid"
                }
            ],
            "requestId": "DgMEADy9kPOYI-o-z_ihdQ"
        }
    ]
}
2025-10-11T02:07:38+00:00 ERROR Automattic\WooCommerce\GoogleListingsAndAds\API\Google\Ads::has_access {
    "message": "The caller does not have permission",
    "code": 7,
    "status": "PERMISSION_DENIED",
    "details": [
        {
            "@type": "type.googleapis.com\/google.ads.googleads.v20.errors.GoogleAdsFailure",
            "errors": [
                {
                    "errorCode": {
                        "authorizationError": "USER_PERMISSION_DENIED"
                    },
                    "message": "User doesn't have permission to access customer. Note: If you're accessing a client customer, the manager's customer id must be set in the 'login-customer-id' header. See https:\/\/developers.google.com\/google-ads\/api\/docs\/concepts\/call-structure#cid"
                }
            ],
            "requestId": "rDU5sfC1sjDQQFNNHcI8GQ"
        }
    ]
}
2025-10-11T02:07:41+00:00 ERROR Automattic\WooCommerce\GoogleListingsAndAds\API\Google\Ads::has_access {
    "message": "The caller does not have permission",
    "code": 7,
    "status": "PERMISSION_DENIED",
    "details": [
        {
            "@type": "type.googleapis.com\/google.ads.googleads.v20.errors.GoogleAdsFailure",
            "errors": [
                {
                    "errorCode": {
                        "authorizationError": "USER_PERMISSION_DENIED"
                    },
                    "message": "User doesn't have permission to access customer. Note: If you're accessing a client customer, the manager's customer id must be set in the 'login-customer-id' header. See https:\/\/developers.google.com\/google-ads\/api\/docs\/concepts\/call-structure#cid"
                }
            ],
            "requestId": "2NjlNw7oOj94kzlwZPkRBA"
        }
    ]
}
2025-10-11T02:07:48+00:00 ERROR Automattic\WooCommerce\GoogleListingsAndAds\API\Google\Ads::has_access {
    "message": "The caller does not have permission",
    "code": 7,
    "status": "PERMISSION_DENIED",
    "details": [
        {
            "@type": "type.googleapis.com\/google.ads.googleads.v20.errors.GoogleAdsFailure",
            "errors": [
                {
                    "errorCode": {
                        "authorizationError": "USER_PERMISSION_DENIED"
                    },
                    "message": "User doesn't have permission to access customer. Note: If you're accessing a client customer, the manager's customer id must be set in the 'login-customer-id' header. See https:\/\/developers.google.com\/google-ads\/api\/docs\/concepts\/call-structure#cid"
                }
            ],
            "requestId": "YBc0qmCgXzU_43t_3JWRNA"
        }
    ]
}
2025-10-11T02:07:57+00:00 ERROR Automattic\WooCommerce\GoogleListingsAndAds\API\Google\Ads::has_access {
    "message": "The caller does not have permission",
    "code": 7,
    "status": "PERMISSION_DENIED",
    "details": [
        {
            "@type": "type.googleapis.com\/google.ads.googleads.v20.errors.GoogleAdsFailure",
            "errors": [
                {
                    "errorCode": {
                        "authorizationError": "USER_PERMISSION_DENIED"
                    },
                    "message": "User doesn't have permission to access customer. Note: If you're accessing a client customer, the manager's customer id must be set in the 'login-customer-id' header. See https:\/\/developers.google.com\/google-ads\/api\/docs\/concepts\/call-structure#cid"
                }
            ],
            "requestId": "-mT8hYvkJKj9z95AfnnvVA"
        }
    ]
}
2025-10-11T02:08:00+00:00 ERROR Automattic\WooCommerce\GoogleListingsAndAds\API\Google\Ads::has_access {
    "message": "The caller does not have permission",
    "code": 7,
    "status": "PERMISSION_DENIED",
    "details": [
        {
            "@type": "type.googleapis.com\/google.ads.googleads.v20.errors.GoogleAdsFailure",
            "errors": [
                {
                    "errorCode": {
                        "authorizationError": "USER_PERMISSION_DENIED"
                    },
                    "message": "User doesn't have permission to access customer. Note: If you're accessing a client customer, the manager's customer id must be set in the 'login-customer-id' header. See https:\/\/developers.google.com\/google-ads\/api\/docs\/concepts\/call-structure#cid"
                }
            ],
            "requestId": "QGK2w-ZWi6LEbPjzh8e-sA"
        }
    ]
}
2025-10-11T02:08:03+00:00 ERROR Automattic\WooCommerce\GoogleListingsAndAds\API\Google\Ads::has_access {
    "message": "The caller does not have permission",
    "code": 7,
    "status": "PERMISSION_DENIED",
    "details": [
        {
            "@type": "type.googleapis.com\/google.ads.googleads.v20.errors.GoogleAdsFailure",
            "errors": [
                {
                    "errorCode": {
                        "authorizationError": "USER_PERMISSION_DENIED"
                    },
                    "message": "User doesn't have permission to access customer. Note: If you're accessing a client customer, the manager's customer id must be set in the 'login-customer-id' header. See https:\/\/developers.google.com\/google-ads\/api\/docs\/concepts\/call-structure#cid"
                }
            ],
            "requestId": "A_Yd2o6oUsDqqCDcVNCc9g"
        }
    ]
}
2025-10-11T02:08:06+00:00 ERROR Automattic\WooCommerce\GoogleListingsAndAds\API\Google\Ads::has_access {
    "message": "The caller does not have permission",
    "code": 7,
    "status": "PERMISSION_DENIED",
    "details": [
        {
            "@type": "type.googleapis.com\/google.ads.googleads.v20.errors.GoogleAdsFailure",
            "errors": [
                {
                    "errorCode": {
                        "authorizationError": "USER_PERMISSION_DENIED"
                    },
                    "message": "User doesn't have permission to access customer. Note: If you're accessing a client customer, the manager's customer id must be set in the 'login-customer-id' header. See https:\/\/developers.google.com\/google-ads\/api\/docs\/concepts\/call-structure#cid"
                }
            ],
            "requestId": "ITjQZBfFLzxDaNLDjjaX_w"
        }
    ]
}
2025-10-11T02:08:09+00:00 ERROR Automattic\WooCommerce\GoogleListingsAndAds\API\Google\Ads::has_access {
    "message": "The caller does not have permission",
    "code": 7,
    "status": "PERMISSION_DENIED",
    "details": [
        {
            "@type": "type.googleapis.com\/google.ads.googleads.v20.errors.GoogleAdsFailure",
            "errors": [
                {
                    "errorCode": {
                        "authorizationError": "USER_PERMISSION_DENIED"
                    },
                    "message": "User doesn't have permission to access customer. Note: If you're accessing a client customer, the manager's customer id must be set in the 'login-customer-id' header. See https:\/\/developers.google.com\/google-ads\/api\/docs\/concepts\/call-structure#cid"
                }
            ],
            "requestId": "ErMyws4QP6BM1wYA3Rhr9g"
        }
    ]
}
2025-10-11T02:08:12+00:00 ERROR Automattic\WooCommerce\GoogleListingsAndAds\API\Google\Ads::has_access {
    "message": "The caller does not have permission",
    "code": 7,
    "status": "PERMISSION_DENIED",
    "details": [
        {
            "@type": "type.googleapis.com\/google.ads.googleads.v20.errors.GoogleAdsFailure",
            "errors": [
                {
                    "errorCode": {
                        "authorizationError": "USER_PERMISSION_DENIED"
                    },
                    "message": "User doesn't have permission to access customer. Note: If you're accessing a client customer, the manager's customer id must be set in the 'login-customer-id' header. See https:\/\/developers.google.com\/google-ads\/api\/docs\/concepts\/call-structure#cid"
                }
            ],
            "requestId": "4G_dY2Z-TCmpCLL6CuOHKg"
        }
    ]
}
2025-10-11T02:08:14+00:00 ERROR Automattic\WooCommerce\GoogleListingsAndAds\API\Google\Ads::has_access {
    "message": "The caller does not have permission",
    "code": 7,
    "status": "PERMISSION_DENIED",
    "details": [
        {
            "@type": "type.googleapis.com\/google.ads.googleads.v20.errors.GoogleAdsFailure",
            "errors": [
                {
                    "errorCode": {
                        "authorizationError": "USER_PERMISSION_DENIED"
                    },
                    "message": "User doesn't have permission to access customer. Note: If you're accessing a client customer, the manager's customer id must be set in the 'login-customer-id' header. See https:\/\/developers.google.com\/google-ads\/api\/docs\/concepts\/call-structure#cid"
                }
            ],
            "requestId": "hioU3_pYUFjKuu2N6oyLzg"
        }
    ]
}
2025-10-11T02:08:18+00:00 ERROR Automattic\WooCommerce\GoogleListingsAndAds\Internal\DependencyManagement\GoogleServiceProvider::handle_unauthorized_error Client error: `POST https://api.woocommerce.com/google/google-ads/v20/customers/5346334045/googleAds:search` resulted in a `401 Unauthorized` response:
{"statusCode":401,"error":{"message":"Site is not connected to Google account for google-ads"},"message":"Site is not co (truncated...)
2025-10-11T02:09:02+00:00 ERROR Automattic\WooCommerce\GoogleListingsAndAds\API\Google\Ads::get_account_details {
    "message": "The caller does not have permission",
    "code": 7,
    "status": "PERMISSION_DENIED",
    "details": [
        {
            "@type": "type.googleapis.com\/google.ads.googleads.v20.errors.GoogleAdsFailure",
            "errors": [
                {
                    "errorCode": {
                        "authorizationError": "CUSTOMER_NOT_ENABLED"
                    },
                    "message": "The customer account can't be accessed because it is not yet enabled or has been deactivated."
                }
            ],
            "requestId": "MiulCeySuaKTmcDhiX_jWg"
        }
    ]
}
2025-10-11T02:09:20+00:00 ERROR Automattic\WooCommerce\GoogleListingsAndAds\API\Google\Merchant::claimwebsite {
  "error": {
    "code": 403,
    "message": "There exist other accounts with homepage that conflicts with the homepage of account 5668957343. Set the parameter 'overwrite' to true if you want to take the claim and remove it from these accounts: shopaccpn.blogspot@gmail.com",
    "errors": [
      {
        "message": "There exist other accounts with homepage that conflicts with the homepage of account 5668957343. Set the parameter 'overwrite' to true if you want to take the claim and remove it from these accounts: shopaccpn.blogspot@gmail.com",
        "domain": "global",
        "reason": "forbidden"
      }
    ]
  }
}
2025-10-11T02:09:24+00:00 ERROR Automattic\WooCommerce\GoogleListingsAndAds\API\Google\Ads::has_access {
    "message": "The caller does not have permission",
    "code": 7,
    "status": "PERMISSION_DENIED",
    "details": [
        {
            "@type": "type.googleapis.com\/google.ads.googleads.v20.errors.GoogleAdsFailure",
            "errors": [
                {
                    "errorCode": {
                        "authorizationError": "USER_PERMISSION_DENIED"
                    },
                    "message": "User doesn't have permission to access customer. Note: If you're accessing a client customer, the manager's customer id must be set in the 'login-customer-id' header. See https:\/\/developers.google.com\/google-ads\/api\/docs\/concepts\/call-structure#cid"
                }
            ],
            "requestId": "MQD5OvSREpQJy0tUJKTzaA"
        }
    ]
}
2025-10-11T02:09:28+00:00 ERROR Automattic\WooCommerce\GoogleListingsAndAds\API\Google\Ads::has_access {
    "message": "The caller does not have permission",
    "code": 7,
    "status": "PERMISSION_DENIED",
    "details": [
        {
            "@type": "type.googleapis.com\/google.ads.googleads.v20.errors.GoogleAdsFailure",
            "errors": [
                {
                    "errorCode": {
                        "authorizationError": "USER_PERMISSION_DENIED"
                    },
                    "message": "User doesn't have permission to access customer. Note: If you're accessing a client customer, the manager's customer id must be set in the 'login-customer-id' header. See https:\/\/developers.google.com\/google-ads\/api\/docs\/concepts\/call-structure#cid"
                }
            ],
            "requestId": "YLyd9vZOer0RyAxNpd0cLQ"
        }
    ]
}
2025-10-11T02:09:30+00:00 ERROR Automattic\WooCommerce\GoogleListingsAndAds\API\Google\Ads::has_access {
    "message": "The caller does not have permission",
    "code": 7,
    "status": "PERMISSION_DENIED",
    "details": [
        {
            "@type": "type.googleapis.com\/google.ads.googleads.v20.errors.GoogleAdsFailure",
            "errors": [
                {
                    "errorCode": {
                        "authorizationError": "USER_PERMISSION_DENIED"
                    },
                    "message": "User doesn't have permission to access customer. Note: If you're accessing a client customer, the manager's customer id must be set in the 'login-customer-id' header. See https:\/\/developers.google.com\/google-ads\/api\/docs\/concepts\/call-structure#cid"
                }
            ],
            "requestId": "dPLVVvdQMBY2W9wZGT1Hjg"
        }
    ]
}
2025-10-11T02:09:33+00:00 ERROR Automattic\WooCommerce\GoogleListingsAndAds\API\Google\Ads::has_access {
    "message": "The caller does not have permission",
    "code": 7,
    "status": "PERMISSION_DENIED",
    "details": [
        {
            "@type": "type.googleapis.com\/google.ads.googleads.v20.errors.GoogleAdsFailure",
            "errors": [
                {
                    "errorCode": {
                        "authorizationError": "USER_PERMISSION_DENIED"
                    },
                    "message": "User doesn't have permission to access customer. Note: If you're accessing a client customer, the manager's customer id must be set in the 'login-customer-id' header. See https:\/\/developers.google.com\/google-ads\/api\/docs\/concepts\/call-structure#cid"
                }
            ],
            "requestId": "u2xYPgLniTjwxcekRxoWdw"
        }
    ]
}
2025-10-11T02:10:21+00:00 ERROR Automattic\WooCommerce\GoogleListingsAndAds\API\Google\Ads::get_account_details {
    "message": "The caller does not have permission",
    "code": 7,
    "status": "PERMISSION_DENIED",
    "details": [
        {
            "@type": "type.googleapis.com\/google.ads.googleads.v20.errors.GoogleAdsFailure",
            "errors": [
                {
                    "errorCode": {
                        "authorizationError": "CUSTOMER_NOT_ENABLED"
                    },
                    "message": "The customer account can't be accessed because it is not yet enabled or has been deactivated."
                }
            ],
            "requestId": "2ns6tf0z_duF2VEwPqODWg"
        }
    ]
}
2025-10-11T02:15:07+00:00 ERROR Automattic\WooCommerce\GoogleListingsAndAds\Product\ProductHelper::is_sync_ready Cannot sync an orphaned variation (ID: 5949).
2025-10-11T02:15:08+00:00 DEBUG Automattic\WooCommerce\GoogleListingsAndAds\Product\WCProductAdapter::map_product_categories Product category (ID: 6246): ["M\u00e0n h\u00ecnh"].
2025-10-11T02:15:09+00:00 DEBUG Automattic\WooCommerce\GoogleListingsAndAds\Product\WCProductAdapter::map_product_categories Product category (ID: 6246): ["M\u00e0n h\u00ecnh"].
2025-10-11T02:15:09+00:00 DEBUG Automattic\WooCommerce\GoogleListingsAndAds\Product\WCProductAdapter::map_product_categories Product category (ID: 6246): ["M\u00e0n h\u00ecnh"].
2025-10-11T02:15:09+00:00 DEBUG Automattic\WooCommerce\GoogleListingsAndAds\Product\WCProductAdapter::map_product_categories Product category (ID: 6246): ["M\u00e0n h\u00ecnh"].
2025-10-11T02:15:09+00:00 DEBUG Automattic\WooCommerce\GoogleListingsAndAds\Product\WCProductAdapter::map_product_categories Product category (ID: 6253): ["CPU"].
2025-10-11T02:15:10+00:00 DEBUG Automattic\WooCommerce\GoogleListingsAndAds\Product\WCProductAdapter::map_product_categories Product category (ID: 6288): ["M\u00e0n h\u00ecnh"].
2025-10-11T02:15:10+00:00 DEBUG Automattic\WooCommerce\GoogleListingsAndAds\Product\WCProductAdapter::map_product_categories Product category (ID: 6290): ["M\u00e0n h\u00ecnh"].
2025-10-11T02:15:10+00:00 DEBUG Automattic\WooCommerce\GoogleListingsAndAds\Product\WCProductAdapter::map_product_categories Product category (ID: 6337): ["RAM"].
2025-10-11T02:15:14+00:00 DEBUG Automattic\WooCommerce\GoogleListingsAndAds\Product\ProductSyncer::update_by_batch_requests Submitted 8 products:
[{"woocommerce_id":6248,"google_id":"online:vi:VN:gla_6248"},{"woocommerce_id":6249,"google_id":"online:vi:VN:gla_6249"},{"woocommerce_id":6250,"google_id":"online:vi:VN:gla_6250"},{"woocommerce_id":6251,"google_id":"online:vi:VN:gla_6251"},{"woocommerce_id":6253,"google_id":"online:vi:VN:gla_6253"},{"woocommerce_id":6288,"google_id":"online:vi:VN:gla_6288"},{"woocommerce_id":6290,"google_id":"online:vi:VN:gla_6290"},{"woocommerce_id":6337,"google_id":"online:vi:VN:gla_6337"}]
2025-10-11T02:36:10+00:00 DEBUG Automattic\WooCommerce\GoogleListingsAndAds\Product\WCProductAdapter::map_product_categories Product category (ID: 6337): ["RAM"].
2025-10-11T02:36:10+00:00 DEBUG Automattic\WooCommerce\GoogleListingsAndAds\Product\WCProductAdapter::map_product_categories Product category (ID: 6290): ["M\u00e0n h\u00ecnh"].
2025-10-11T02:36:10+00:00 DEBUG Automattic\WooCommerce\GoogleListingsAndAds\Product\WCProductAdapter::map_product_categories Product category (ID: 6288): ["M\u00e0n h\u00ecnh"].
2025-10-11T02:36:10+00:00 DEBUG Automattic\WooCommerce\GoogleListingsAndAds\Product\WCProductAdapter::map_product_categories Product category (ID: 6253): ["CPU"].
2025-10-11T02:36:10+00:00 DEBUG Automattic\WooCommerce\GoogleListingsAndAds\Product\WCProductAdapter::map_product_categories Product category (ID: 6246): ["M\u00e0n h\u00ecnh"].
