2025-09-24T08:44:54+00:00 ERROR Automattic\WooCommerce\GoogleListingsAndAds\API\Google\AdsCampaign::get_campaigns {
    "message": "The caller does not have permission",
    "code": 7,
    "status": "PERMISSION_DENIED",
    "details": [
        {
            "@type": "type.googleapis.com\/google.ads.googleads.v20.errors.GoogleAdsFailure",
            "errors": [
                {
                    "errorCode": {
                        "authorizationError": "USER_PERMISSION_DENIED"
                    },
                    "message": "User doesn't have permission to access customer. Note: If you're accessing a client customer, the manager's customer id must be set in the 'login-customer-id' header. See https:\/\/developers.google.com\/google-ads\/api\/docs\/concepts\/call-structure#cid"
                }
            ],
            "requestId": "VeMvEOr30BFgr5N27Xgymg"
        }
    ]
}
2025-09-24T08:45:42+00:00 ERROR Automattic\WooCommerce\GoogleListingsAndAds\API\Google\AdsCampaign::get_campaigns {
    "message": "The caller does not have permission",
    "code": 7,
    "status": "PERMISSION_DENIED",
    "details": [
        {
            "@type": "type.googleapis.com\/google.ads.googleads.v20.errors.GoogleAdsFailure",
            "errors": [
                {
                    "errorCode": {
                        "authorizationError": "USER_PERMISSION_DENIED"
                    },
                    "message": "User doesn't have permission to access customer. Note: If you're accessing a client customer, the manager's customer id must be set in the 'login-customer-id' header. See https:\/\/developers.google.com\/google-ads\/api\/docs\/concepts\/call-structure#cid"
                }
            ],
            "requestId": "SzGWkrhOHVfyah8HM_JNgw"
        }
    ]
}
2025-09-24T08:45:42+00:00 ERROR Automattic\WooCommerce\GoogleListingsAndAds\API\Google\AdsCampaign::get_campaigns {
    "message": "The caller does not have permission",
    "code": 7,
    "status": "PERMISSION_DENIED",
    "details": [
        {
            "@type": "type.googleapis.com\/google.ads.googleads.v20.errors.GoogleAdsFailure",
            "errors": [
                {
                    "errorCode": {
                        "authorizationError": "USER_PERMISSION_DENIED"
                    },
                    "message": "User doesn't have permission to access customer. Note: If you're accessing a client customer, the manager's customer id must be set in the 'login-customer-id' header. See https:\/\/developers.google.com\/google-ads\/api\/docs\/concepts\/call-structure#cid"
                }
            ],
            "requestId": "_v1JTVfGHqO9qq1sVxCpsg"
        }
    ]
}
2025-09-24T08:46:53+00:00 ERROR Automattic\WooCommerce\GoogleListingsAndAds\API\Google\AdsCampaign::get_campaigns {
    "message": "The caller does not have permission",
    "code": 7,
    "status": "PERMISSION_DENIED",
    "details": [
        {
            "@type": "type.googleapis.com\/google.ads.googleads.v20.errors.GoogleAdsFailure",
            "errors": [
                {
                    "errorCode": {
                        "authorizationError": "USER_PERMISSION_DENIED"
                    },
                    "message": "User doesn't have permission to access customer. Note: If you're accessing a client customer, the manager's customer id must be set in the 'login-customer-id' header. See https:\/\/developers.google.com\/google-ads\/api\/docs\/concepts\/call-structure#cid"
                }
            ],
            "requestId": "2OTFanxJn6Y60ob70-8isw"
        }
    ]
}
2025-09-24T08:47:17+00:00 ERROR Automattic\WooCommerce\GoogleListingsAndAds\API\Google\AdsCampaign::get_campaigns {
    "message": "The caller does not have permission",
    "code": 7,
    "status": "PERMISSION_DENIED",
    "details": [
        {
            "@type": "type.googleapis.com\/google.ads.googleads.v20.errors.GoogleAdsFailure",
            "errors": [
                {
                    "errorCode": {
                        "authorizationError": "USER_PERMISSION_DENIED"
                    },
                    "message": "User doesn't have permission to access customer. Note: If you're accessing a client customer, the manager's customer id must be set in the 'login-customer-id' header. See https:\/\/developers.google.com\/google-ads\/api\/docs\/concepts\/call-structure#cid"
                }
            ],
            "requestId": "jF3f87n_n9m_OVK-jb_dxg"
        }
    ]
}
2025-09-24T08:47:21+00:00 ERROR Automattic\WooCommerce\GoogleListingsAndAds\API\Google\AdsCampaign::get_campaigns {
    "message": "The caller does not have permission",
    "code": 7,
    "status": "PERMISSION_DENIED",
    "details": [
        {
            "@type": "type.googleapis.com\/google.ads.googleads.v20.errors.GoogleAdsFailure",
            "errors": [
                {
                    "errorCode": {
                        "authorizationError": "USER_PERMISSION_DENIED"
                    },
                    "message": "User doesn't have permission to access customer. Note: If you're accessing a client customer, the manager's customer id must be set in the 'login-customer-id' header. See https:\/\/developers.google.com\/google-ads\/api\/docs\/concepts\/call-structure#cid"
                }
            ],
            "requestId": "SSg8gWThJsr1M3cmIqfwJw"
        }
    ]
}
2025-09-24T08:47:45+00:00 ERROR Automattic\WooCommerce\GoogleListingsAndAds\API\Google\AdsCampaign::get_campaigns {
    "message": "The caller does not have permission",
    "code": 7,
    "status": "PERMISSION_DENIED",
    "details": [
        {
            "@type": "type.googleapis.com\/google.ads.googleads.v20.errors.GoogleAdsFailure",
            "errors": [
                {
                    "errorCode": {
                        "authorizationError": "USER_PERMISSION_DENIED"
                    },
                    "message": "User doesn't have permission to access customer. Note: If you're accessing a client customer, the manager's customer id must be set in the 'login-customer-id' header. See https:\/\/developers.google.com\/google-ads\/api\/docs\/concepts\/call-structure#cid"
                }
            ],
            "requestId": "n2tyWd3WtQ_tF_KqLlEGQg"
        }
    ]
}
2025-09-24T08:48:05+00:00 ERROR Automattic\WooCommerce\GoogleListingsAndAds\API\Google\AdsCampaign::get_campaigns {
    "message": "The caller does not have permission",
    "code": 7,
    "status": "PERMISSION_DENIED",
    "details": [
        {
            "@type": "type.googleapis.com\/google.ads.googleads.v20.errors.GoogleAdsFailure",
            "errors": [
                {
                    "errorCode": {
                        "authorizationError": "USER_PERMISSION_DENIED"
                    },
                    "message": "User doesn't have permission to access customer. Note: If you're accessing a client customer, the manager's customer id must be set in the 'login-customer-id' header. See https:\/\/developers.google.com\/google-ads\/api\/docs\/concepts\/call-structure#cid"
                }
            ],
            "requestId": "JObBYmiO8Ufg7ISnRe7jqg"
        }
    ]
}
