2025-09-27T07:23:11+00:00 DEBUG 
[Ship_Depot_Settings][save_checkbox] update_option - sd_accept_debug_log = yes
2025-09-27T07:23:11+00:00 DEBUG 
[Ship_Depot_Settings][save_checkbox] get_option - sd_accept_debug_log aft: "yes"
2025-09-27T07:23:11+00:00 DEBUG 
[http_get_php] url: https://admin.shipdepot.co/api/Data/GetCouriers
2025-09-27T07:23:11+00:00 DEBUG 
[http_get_php] header: Array
(
    [0] => Content-type: application/json; charset=utf-8
)

2025-09-27T07:23:12+00:00 DEBUG 
[http_get_php] output info: Array
(
    [url] => https://admin.shipdepot.co/api/Data/GetCouriers
    [content_type] => 
    [http_code] => 0
    [header_size] => 0
    [request_size] => 0
    [filetime] => -1
    [ssl_verify_result] => 0
    [redirect_count] => 0
    [total_time] => 0.284316
    [namelookup_time] => 0.006139
    [connect_time] => 0
    [pretransfer_time] => 0
    [size_upload] => 0
    [size_download] => 0
    [speed_download] => 0
    [speed_upload] => 0
    [download_content_length] => -1
    [upload_content_length] => -1
    [starttransfer_time] => 0
    [redirect_time] => 0
    [redirect_url] => 
    [primary_ip] => 
    [certinfo] => Array
        (
        )

    [primary_port] => -1
    [local_ip] => 
    [local_port] => -1
    [http_version] => 0
    [protocol] => 2
    [ssl_verifyresult] => 0
    [scheme] => https
    [appconnect_time_us] => 0
    [connect_time_us] => 0
    [namelookup_time_us] => 6139
    [pretransfer_time_us] => 0
    [redirect_time_us] => 0
    [starttransfer_time_us] => 0
    [posttransfer_time_us] => 0
    [total_time_us] => 284316
    [effective_method] => GET
    [capath] => 
    [cainfo] => /etc/pki/tls/certs/ca-bundle.crt
)

2025-09-27T07:23:12+00:00 DEBUG 
[http_get_php] output data: 
2025-09-27T07:23:12+00:00 DEBUG 
[http_post_php] http_code: 0
2025-09-27T07:23:12+00:00 DEBUG 
[http_get_php] Error
2025-09-27T07:23:14+00:00 DEBUG 
[Ship_Depot_Shipping_Status] this: Ship_Depot_Shipping_Status Object
(
    [ID] => delivering
    [Name] => Đang giao hàng
    [Description] => Tuỳ chọn bên dưới sẽ giúp cập nhật trạng thái đơn hàng tự động khi vận đơn đang trên đường giao đến khách hàng.
    [IsUsed] => 
    [WooOrderStatusID] => 
)

2025-09-27T07:23:14+00:00 DEBUG 
[Ship_Depot_Shipping_Status] this: Ship_Depot_Shipping_Status Object
(
    [ID] => delivered
    [Name] => Giao hàng thành công
    [Description] => Trường hợp vận đơn đã hoàn thành, tuỳ chọn bên dưới sẽ giúp cập nhật trạng thái đơn hàng tự động.
    [IsUsed] => 
    [WooOrderStatusID] => 
)

2025-09-27T07:23:14+00:00 DEBUG 
[Ship_Depot_Shipping_Status] this: Ship_Depot_Shipping_Status Object
(
    [ID] => delivery_fail
    [Name] => Giao hàng không thành công
    [Description] => Nếu vận đơn không thể hoàn thành, tuỳ chọn bên dưới sẽ giúp cập nhật trạng thái đơn hàng tự động.
    [IsUsed] => 
    [WooOrderStatusID] => 
)

2025-09-27T07:23:14+00:00 DEBUG 
[Ship_Depot_Shipping_Status] this: Ship_Depot_Shipping_Status Object
(
    [ID] => for_control
    [Name] => Đã đối soát
    [Description] => Nếu vận đơn đã đối soát, tuỳ chọn bên dưới sẽ giúp cập nhật trạng thái đơn hàng tự động.
    [IsUsed] => 
    [WooOrderStatusID] => 
)

2025-09-27T07:23:15+00:00 DEBUG 
[http_get_php] url: https://admin.shipdepot.co/api/Data/GetCouriers
2025-09-27T07:23:15+00:00 DEBUG 
[http_get_php] header: Array
(
    [0] => Content-type: application/json; charset=utf-8
)

2025-09-27T07:23:15+00:00 DEBUG 
[http_get_php] url: https://admin.shipdepot.co/api/Data/GetCouriers
2025-09-27T07:23:15+00:00 DEBUG 
[http_get_php] header: Array
(
    [0] => Content-type: application/json; charset=utf-8
)

2025-09-27T07:23:15+00:00 DEBUG 
[http_get_php] url: https://admin.shipdepot.co/api/Data/GetCouriers
2025-09-27T07:23:15+00:00 DEBUG 
[http_get_php] header: Array
(
    [0] => Content-type: application/json; charset=utf-8
)

2025-09-27T07:23:15+00:00 DEBUG 
[http_get_php] url: https://admin.shipdepot.co/api/Data/GetCouriers
2025-09-27T07:23:15+00:00 DEBUG 
[http_get_php] header: Array
(
    [0] => Content-type: application/json; charset=utf-8
)

2025-09-27T07:23:16+00:00 DEBUG 
[http_get_php] url: https://admin.shipdepot.co/api/Data/GetCouriers
2025-09-27T07:23:16+00:00 DEBUG 
[http_get_php] header: Array
(
    [0] => Content-type: application/json; charset=utf-8
)

2025-09-27T07:23:17+00:00 DEBUG 
[http_get_php] output info: Array
(
    [url] => https://admin.shipdepot.co/api/Data/GetCouriers
    [content_type] => 
    [http_code] => 0
    [header_size] => 0
    [request_size] => 0
    [filetime] => -1
    [ssl_verify_result] => 0
    [redirect_count] => 0
    [total_time] => 1.70373
    [namelookup_time] => 0.002391
    [connect_time] => 0
    [pretransfer_time] => 0
    [size_upload] => 0
    [size_download] => 0
    [speed_download] => 0
    [speed_upload] => 0
    [download_content_length] => -1
    [upload_content_length] => -1
    [starttransfer_time] => 0
    [redirect_time] => 0
    [redirect_url] => 
    [primary_ip] => 
    [certinfo] => Array
        (
        )

    [primary_port] => -1
    [local_ip] => 
    [local_port] => -1
    [http_version] => 0
    [protocol] => 2
    [ssl_verifyresult] => 0
    [scheme] => https
    [appconnect_time_us] => 0
    [connect_time_us] => 0
    [namelookup_time_us] => 2391
    [pretransfer_time_us] => 0
    [redirect_time_us] => 0
    [starttransfer_time_us] => 0
    [posttransfer_time_us] => 0
    [total_time_us] => 1703730
    [effective_method] => GET
    [capath] => 
    [cainfo] => /etc/pki/tls/certs/ca-bundle.crt
)

2025-09-27T07:23:17+00:00 DEBUG 
[http_get_php] output info: Array
(
    [url] => https://admin.shipdepot.co/api/Data/GetCouriers
    [content_type] => 
    [http_code] => 0
    [header_size] => 0
    [request_size] => 0
    [filetime] => -1
    [ssl_verify_result] => 0
    [redirect_count] => 0
    [total_time] => 1.491735
    [namelookup_time] => 0.002442
    [connect_time] => 0
    [pretransfer_time] => 0
    [size_upload] => 0
    [size_download] => 0
    [speed_download] => 0
    [speed_upload] => 0
    [download_content_length] => -1
    [upload_content_length] => -1
    [starttransfer_time] => 0
    [redirect_time] => 0
    [redirect_url] => 
    [primary_ip] => 
    [certinfo] => Array
        (
        )

    [primary_port] => -1
    [local_ip] => 
    [local_port] => -1
    [http_version] => 0
    [protocol] => 2
    [ssl_verifyresult] => 0
    [scheme] => https
    [appconnect_time_us] => 0
    [connect_time_us] => 0
    [namelookup_time_us] => 2442
    [pretransfer_time_us] => 0
    [redirect_time_us] => 0
    [starttransfer_time_us] => 0
    [posttransfer_time_us] => 0
    [total_time_us] => 1491735
    [effective_method] => GET
    [capath] => 
    [cainfo] => /etc/pki/tls/certs/ca-bundle.crt
)

2025-09-27T07:23:17+00:00 DEBUG 
[http_get_php] output info: Array
(
    [url] => https://admin.shipdepot.co/api/Data/GetCouriers
    [content_type] => 
    [http_code] => 0
    [header_size] => 0
    [request_size] => 0
    [filetime] => -1
    [ssl_verify_result] => 0
    [redirect_count] => 0
    [total_time] => 1.647266
    [namelookup_time] => 0.002385
    [connect_time] => 0
    [pretransfer_time] => 0
    [size_upload] => 0
    [size_download] => 0
    [speed_download] => 0
    [speed_upload] => 0
    [download_content_length] => -1
    [upload_content_length] => -1
    [starttransfer_time] => 0
    [redirect_time] => 0
    [redirect_url] => 
    [primary_ip] => 
    [certinfo] => Array
        (
        )

    [primary_port] => -1
    [local_ip] => 
    [local_port] => -1
    [http_version] => 0
    [protocol] => 2
    [ssl_verifyresult] => 0
    [scheme] => https
    [appconnect_time_us] => 0
    [connect_time_us] => 0
    [namelookup_time_us] => 2385
    [pretransfer_time_us] => 0
    [redirect_time_us] => 0
    [starttransfer_time_us] => 0
    [posttransfer_time_us] => 0
    [total_time_us] => 1647266
    [effective_method] => GET
    [capath] => 
    [cainfo] => /etc/pki/tls/certs/ca-bundle.crt
)

2025-09-27T07:23:17+00:00 DEBUG 
[http_get_php] output info: Array
(
    [url] => https://admin.shipdepot.co/api/Data/GetCouriers
    [content_type] => 
    [http_code] => 0
    [header_size] => 0
    [request_size] => 0
    [filetime] => -1
    [ssl_verify_result] => 0
    [redirect_count] => 0
    [total_time] => 1.364296
    [namelookup_time] => 0.00224
    [connect_time] => 0
    [pretransfer_time] => 0
    [size_upload] => 0
    [size_download] => 0
    [speed_download] => 0
    [speed_upload] => 0
    [download_content_length] => -1
    [upload_content_length] => -1
    [starttransfer_time] => 0
    [redirect_time] => 0
    [redirect_url] => 
    [primary_ip] => 
    [certinfo] => Array
        (
        )

    [primary_port] => -1
    [local_ip] => 
    [local_port] => -1
    [http_version] => 0
    [protocol] => 2
    [ssl_verifyresult] => 0
    [scheme] => https
    [appconnect_time_us] => 0
    [connect_time_us] => 0
    [namelookup_time_us] => 2240
    [pretransfer_time_us] => 0
    [redirect_time_us] => 0
    [starttransfer_time_us] => 0
    [posttransfer_time_us] => 0
    [total_time_us] => 1364296
    [effective_method] => GET
    [capath] => 
    [cainfo] => /etc/pki/tls/certs/ca-bundle.crt
)

2025-09-27T07:23:17+00:00 DEBUG 
[http_get_php] output info: Array
(
    [url] => https://admin.shipdepot.co/api/Data/GetCouriers
    [content_type] => 
    [http_code] => 0
    [header_size] => 0
    [request_size] => 0
    [filetime] => -1
    [ssl_verify_result] => 0
    [redirect_count] => 0
    [total_time] => 1.003856
    [namelookup_time] => 0.002892
    [connect_time] => 0
    [pretransfer_time] => 0
    [size_upload] => 0
    [size_download] => 0
    [speed_download] => 0
    [speed_upload] => 0
    [download_content_length] => -1
    [upload_content_length] => -1
    [starttransfer_time] => 0
    [redirect_time] => 0
    [redirect_url] => 
    [primary_ip] => 
    [certinfo] => Array
        (
        )

    [primary_port] => -1
    [local_ip] => 
    [local_port] => -1
    [http_version] => 0
    [protocol] => 2
    [ssl_verifyresult] => 0
    [scheme] => https
    [appconnect_time_us] => 0
    [connect_time_us] => 0
    [namelookup_time_us] => 2892
    [pretransfer_time_us] => 0
    [redirect_time_us] => 0
    [starttransfer_time_us] => 0
    [posttransfer_time_us] => 0
    [total_time_us] => 1003856
    [effective_method] => GET
    [capath] => 
    [cainfo] => /etc/pki/tls/certs/ca-bundle.crt
)

2025-09-27T07:23:17+00:00 DEBUG 
[http_get_php] output data: 
2025-09-27T07:23:17+00:00 DEBUG 
[http_get_php] output data: 
2025-09-27T07:23:17+00:00 DEBUG 
[http_get_php] output data: 
2025-09-27T07:23:17+00:00 DEBUG 
[http_post_php] http_code: 0
2025-09-27T07:23:17+00:00 DEBUG 
[http_get_php] output data: 
2025-09-27T07:23:17+00:00 DEBUG 
[http_get_php] output data: 
2025-09-27T07:23:17+00:00 DEBUG 
[http_get_php] Error
2025-09-27T07:23:17+00:00 DEBUG 
[http_post_php] http_code: 0
2025-09-27T07:23:17+00:00 DEBUG 
[http_post_php] http_code: 0
2025-09-27T07:23:17+00:00 DEBUG 
[http_post_php] http_code: 0
2025-09-27T07:23:17+00:00 DEBUG 
[http_post_php] http_code: 0
2025-09-27T07:23:17+00:00 DEBUG 
[http_get_php] Error
2025-09-27T07:23:17+00:00 DEBUG 
[http_get_php] Error
2025-09-27T07:23:17+00:00 DEBUG 
[http_get_php] Error
2025-09-27T07:23:17+00:00 DEBUG 
[http_get_php] Error
2025-09-27T07:23:20+00:00 DEBUG 
[http_get_php] url: https://admin.shipdepot.co/api/Data/GetCouriers
2025-09-27T07:23:20+00:00 DEBUG 
[http_get_php] header: Array
(
    [0] => Content-type: application/json; charset=utf-8
)

2025-09-27T07:23:20+00:00 DEBUG 
[http_get_php] url: https://admin.shipdepot.co/api/Data/GetCouriers
2025-09-27T07:23:20+00:00 DEBUG 
[http_get_php] header: Array
(
    [0] => Content-type: application/json; charset=utf-8
)

2025-09-27T07:23:20+00:00 DEBUG 
[http_get_php] url: https://admin.shipdepot.co/api/Data/GetCouriers
2025-09-27T07:23:20+00:00 DEBUG 
[http_get_php] header: Array
(
    [0] => Content-type: application/json; charset=utf-8
)

2025-09-27T07:23:20+00:00 DEBUG 
[http_get_php] url: https://admin.shipdepot.co/api/Data/GetCouriers
2025-09-27T07:23:20+00:00 DEBUG 
[http_get_php] header: Array
(
    [0] => Content-type: application/json; charset=utf-8
)

2025-09-27T07:23:20+00:00 DEBUG 
[http_get_php] url: https://admin.shipdepot.co/api/Data/GetCouriers
2025-09-27T07:23:20+00:00 DEBUG 
[http_get_php] header: Array
(
    [0] => Content-type: application/json; charset=utf-8
)

2025-09-27T07:23:23+00:00 DEBUG 
[http_get_php] output info: Array
(
    [url] => https://admin.shipdepot.co/api/Data/GetCouriers
    [content_type] => 
    [http_code] => 0
    [header_size] => 0
    [request_size] => 0
    [filetime] => -1
    [ssl_verify_result] => 0
    [redirect_count] => 0
    [total_time] => 3.086919
    [namelookup_time] => 0.002284
    [connect_time] => 0
    [pretransfer_time] => 0
    [size_upload] => 0
    [size_download] => 0
    [speed_download] => 0
    [speed_upload] => 0
    [download_content_length] => -1
    [upload_content_length] => -1
    [starttransfer_time] => 0
    [redirect_time] => 0
    [redirect_url] => 
    [primary_ip] => 
    [certinfo] => Array
        (
        )

    [primary_port] => -1
    [local_ip] => 
    [local_port] => -1
    [http_version] => 0
    [protocol] => 2
    [ssl_verifyresult] => 0
    [scheme] => https
    [appconnect_time_us] => 0
    [connect_time_us] => 0
    [namelookup_time_us] => 2284
    [pretransfer_time_us] => 0
    [redirect_time_us] => 0
    [starttransfer_time_us] => 0
    [posttransfer_time_us] => 0
    [total_time_us] => 3086919
    [effective_method] => GET
    [capath] => 
    [cainfo] => /etc/pki/tls/certs/ca-bundle.crt
)

2025-09-27T07:23:23+00:00 DEBUG 
[http_get_php] output info: Array
(
    [url] => https://admin.shipdepot.co/api/Data/GetCouriers
    [content_type] => 
    [http_code] => 0
    [header_size] => 0
    [request_size] => 0
    [filetime] => -1
    [ssl_verify_result] => 0
    [redirect_count] => 0
    [total_time] => 3.175949
    [namelookup_time] => 0.003618
    [connect_time] => 0
    [pretransfer_time] => 0
    [size_upload] => 0
    [size_download] => 0
    [speed_download] => 0
    [speed_upload] => 0
    [download_content_length] => -1
    [upload_content_length] => -1
    [starttransfer_time] => 0
    [redirect_time] => 0
    [redirect_url] => 
    [primary_ip] => 
    [certinfo] => Array
        (
        )

    [primary_port] => -1
    [local_ip] => 
    [local_port] => -1
    [http_version] => 0
    [protocol] => 2
    [ssl_verifyresult] => 0
    [scheme] => https
    [appconnect_time_us] => 0
    [connect_time_us] => 0
    [namelookup_time_us] => 3618
    [pretransfer_time_us] => 0
    [redirect_time_us] => 0
    [starttransfer_time_us] => 0
    [posttransfer_time_us] => 0
    [total_time_us] => 3175949
    [effective_method] => GET
    [capath] => 
    [cainfo] => /etc/pki/tls/certs/ca-bundle.crt
)

2025-09-27T07:23:23+00:00 DEBUG 
[http_get_php] output info: Array
(
    [url] => https://admin.shipdepot.co/api/Data/GetCouriers
    [content_type] => 
    [http_code] => 0
    [header_size] => 0
    [request_size] => 0
    [filetime] => -1
    [ssl_verify_result] => 0
    [redirect_count] => 0
    [total_time] => 2.906677
    [namelookup_time] => 0.002474
    [connect_time] => 0
    [pretransfer_time] => 0
    [size_upload] => 0
    [size_download] => 0
    [speed_download] => 0
    [speed_upload] => 0
    [download_content_length] => -1
    [upload_content_length] => -1
    [starttransfer_time] => 0
    [redirect_time] => 0
    [redirect_url] => 
    [primary_ip] => 
    [certinfo] => Array
        (
        )

    [primary_port] => -1
    [local_ip] => 
    [local_port] => -1
    [http_version] => 0
    [protocol] => 2
    [ssl_verifyresult] => 0
    [scheme] => https
    [appconnect_time_us] => 0
    [connect_time_us] => 0
    [namelookup_time_us] => 2474
    [pretransfer_time_us] => 0
    [redirect_time_us] => 0
    [starttransfer_time_us] => 0
    [posttransfer_time_us] => 0
    [total_time_us] => 2906677
    [effective_method] => GET
    [capath] => 
    [cainfo] => /etc/pki/tls/certs/ca-bundle.crt
)

2025-09-27T07:23:23+00:00 DEBUG 
[http_get_php] output info: Array
(
    [url] => https://admin.shipdepot.co/api/Data/GetCouriers
    [content_type] => 
    [http_code] => 0
    [header_size] => 0
    [request_size] => 0
    [filetime] => -1
    [ssl_verify_result] => 0
    [redirect_count] => 0
    [total_time] => 3.085247
    [namelookup_time] => 0.002045
    [connect_time] => 0
    [pretransfer_time] => 0
    [size_upload] => 0
    [size_download] => 0
    [speed_download] => 0
    [speed_upload] => 0
    [download_content_length] => -1
    [upload_content_length] => -1
    [starttransfer_time] => 0
    [redirect_time] => 0
    [redirect_url] => 
    [primary_ip] => 
    [certinfo] => Array
        (
        )

    [primary_port] => -1
    [local_ip] => 
    [local_port] => -1
    [http_version] => 0
    [protocol] => 2
    [ssl_verifyresult] => 0
    [scheme] => https
    [appconnect_time_us] => 0
    [connect_time_us] => 0
    [namelookup_time_us] => 2045
    [pretransfer_time_us] => 0
    [redirect_time_us] => 0
    [starttransfer_time_us] => 0
    [posttransfer_time_us] => 0
    [total_time_us] => 3085247
    [effective_method] => GET
    [capath] => 
    [cainfo] => /etc/pki/tls/certs/ca-bundle.crt
)

2025-09-27T07:23:23+00:00 DEBUG 
[http_get_php] output info: Array
(
    [url] => https://admin.shipdepot.co/api/Data/GetCouriers
    [content_type] => 
    [http_code] => 0
    [header_size] => 0
    [request_size] => 0
    [filetime] => -1
    [ssl_verify_result] => 0
    [redirect_count] => 0
    [total_time] => 3.177033
    [namelookup_time] => 0.003304
    [connect_time] => 0
    [pretransfer_time] => 0
    [size_upload] => 0
    [size_download] => 0
    [speed_download] => 0
    [speed_upload] => 0
    [download_content_length] => -1
    [upload_content_length] => -1
    [starttransfer_time] => 0
    [redirect_time] => 0
    [redirect_url] => 
    [primary_ip] => 
    [certinfo] => Array
        (
        )

    [primary_port] => -1
    [local_ip] => 
    [local_port] => -1
    [http_version] => 0
    [protocol] => 2
    [ssl_verifyresult] => 0
    [scheme] => https
    [appconnect_time_us] => 0
    [connect_time_us] => 0
    [namelookup_time_us] => 3304
    [pretransfer_time_us] => 0
    [redirect_time_us] => 0
    [starttransfer_time_us] => 0
    [posttransfer_time_us] => 0
    [total_time_us] => 3177033
    [effective_method] => GET
    [capath] => 
    [cainfo] => /etc/pki/tls/certs/ca-bundle.crt
)

2025-09-27T07:23:23+00:00 DEBUG 
[http_get_php] output data: 
2025-09-27T07:23:23+00:00 DEBUG 
[http_get_php] output data: 
2025-09-27T07:23:23+00:00 DEBUG 
[http_get_php] output data: 
2025-09-27T07:23:23+00:00 DEBUG 
[http_get_php] output data: 
2025-09-27T07:23:23+00:00 DEBUG 
[http_get_php] output data: 
2025-09-27T07:23:23+00:00 DEBUG 
[http_post_php] http_code: 0
2025-09-27T07:23:23+00:00 DEBUG 
[http_post_php] http_code: 0
2025-09-27T07:23:23+00:00 DEBUG 
[http_post_php] http_code: 0
2025-09-27T07:23:23+00:00 DEBUG 
[http_post_php] http_code: 0
2025-09-27T07:23:23+00:00 DEBUG 
[http_get_php] Error
2025-09-27T07:23:23+00:00 DEBUG 
[http_get_php] Error
2025-09-27T07:23:23+00:00 DEBUG 
[http_post_php] http_code: 0
2025-09-27T07:23:23+00:00 DEBUG 
[http_get_php] Error
2025-09-27T07:23:23+00:00 DEBUG 
[http_get_php] Error
2025-09-27T07:23:23+00:00 DEBUG 
[http_get_php] Error
2025-09-27T07:23:26+00:00 DEBUG 
[http_get_php] url: https://admin.shipdepot.co/api/Data/GetCouriers
2025-09-27T07:23:26+00:00 DEBUG 
[http_get_php] header: Array
(
    [0] => Content-type: application/json; charset=utf-8
)

2025-09-27T07:23:26+00:00 DEBUG 
[http_get_php] output info: Array
(
    [url] => https://admin.shipdepot.co/api/Data/GetCouriers
    [content_type] => 
    [http_code] => 0
    [header_size] => 0
    [request_size] => 0
    [filetime] => -1
    [ssl_verify_result] => 0
    [redirect_count] => 0
    [total_time] => 0.376403
    [namelookup_time] => 0.00225
    [connect_time] => 0
    [pretransfer_time] => 0
    [size_upload] => 0
    [size_download] => 0
    [speed_download] => 0
    [speed_upload] => 0
    [download_content_length] => -1
    [upload_content_length] => -1
    [starttransfer_time] => 0
    [redirect_time] => 0
    [redirect_url] => 
    [primary_ip] => 
    [certinfo] => Array
        (
        )

    [primary_port] => -1
    [local_ip] => 
    [local_port] => -1
    [http_version] => 0
    [protocol] => 2
    [ssl_verifyresult] => 0
    [scheme] => https
    [appconnect_time_us] => 0
    [connect_time_us] => 0
    [namelookup_time_us] => 2250
    [pretransfer_time_us] => 0
    [redirect_time_us] => 0
    [starttransfer_time_us] => 0
    [posttransfer_time_us] => 0
    [total_time_us] => 376403
    [effective_method] => GET
    [capath] => 
    [cainfo] => /etc/pki/tls/certs/ca-bundle.crt
)

2025-09-27T07:23:26+00:00 DEBUG 
[http_get_php] output data: 
2025-09-27T07:23:26+00:00 DEBUG 
[http_post_php] http_code: 0
2025-09-27T07:23:26+00:00 DEBUG 
[http_get_php] Error
2025-09-27T07:24:18+00:00 DEBUG 
[http_get_php] url: https://admin.shipdepot.co/api/Data/GetCouriers
2025-09-27T07:24:18+00:00 DEBUG 
[http_get_php] header: Array
(
    [0] => Content-type: application/json; charset=utf-8
)

2025-09-27T07:24:19+00:00 DEBUG 
[http_get_php] output info: Array
(
    [url] => https://admin.shipdepot.co/api/Data/GetCouriers
    [content_type] => 
    [http_code] => 0
    [header_size] => 0
    [request_size] => 0
    [filetime] => -1
    [ssl_verify_result] => 0
    [redirect_count] => 0
    [total_time] => 0.673288
    [namelookup_time] => 0.002515
    [connect_time] => 0
    [pretransfer_time] => 0
    [size_upload] => 0
    [size_download] => 0
    [speed_download] => 0
    [speed_upload] => 0
    [download_content_length] => -1
    [upload_content_length] => -1
    [starttransfer_time] => 0
    [redirect_time] => 0
    [redirect_url] => 
    [primary_ip] => 
    [certinfo] => Array
        (
        )

    [primary_port] => -1
    [local_ip] => 
    [local_port] => -1
    [http_version] => 0
    [protocol] => 2
    [ssl_verifyresult] => 0
    [scheme] => https
    [appconnect_time_us] => 0
    [connect_time_us] => 0
    [namelookup_time_us] => 2515
    [pretransfer_time_us] => 0
    [redirect_time_us] => 0
    [starttransfer_time_us] => 0
    [posttransfer_time_us] => 0
    [total_time_us] => 673288
    [effective_method] => GET
    [capath] => 
    [cainfo] => /etc/pki/tls/certs/ca-bundle.crt
)

2025-09-27T07:24:19+00:00 DEBUG 
[http_get_php] output data: 
2025-09-27T07:24:19+00:00 DEBUG 
[http_post_php] http_code: 0
2025-09-27T07:24:19+00:00 DEBUG 
[http_get_php] Error
2025-09-27T07:24:27+00:00 DEBUG 
[http_get_php] url: https://admin.shipdepot.co/api/Data/GetCouriers
2025-09-27T07:24:27+00:00 DEBUG 
[http_get_php] header: Array
(
    [0] => Content-type: application/json; charset=utf-8
)

2025-09-27T07:24:30+00:00 DEBUG 
[http_get_php] output info: Array
(
    [url] => https://admin.shipdepot.co/api/Data/GetCouriers
    [content_type] => 
    [http_code] => 0
    [header_size] => 0
    [request_size] => 0
    [filetime] => -1
    [ssl_verify_result] => 0
    [redirect_count] => 0
    [total_time] => 3.026257
    [namelookup_time] => 0.002694
    [connect_time] => 0
    [pretransfer_time] => 0
    [size_upload] => 0
    [size_download] => 0
    [speed_download] => 0
    [speed_upload] => 0
    [download_content_length] => -1
    [upload_content_length] => -1
    [starttransfer_time] => 0
    [redirect_time] => 0
    [redirect_url] => 
    [primary_ip] => 
    [certinfo] => Array
        (
        )

    [primary_port] => -1
    [local_ip] => 
    [local_port] => -1
    [http_version] => 0
    [protocol] => 2
    [ssl_verifyresult] => 0
    [scheme] => https
    [appconnect_time_us] => 0
    [connect_time_us] => 0
    [namelookup_time_us] => 2694
    [pretransfer_time_us] => 0
    [redirect_time_us] => 0
    [starttransfer_time_us] => 0
    [posttransfer_time_us] => 0
    [total_time_us] => 3026257
    [effective_method] => GET
    [capath] => 
    [cainfo] => /etc/pki/tls/certs/ca-bundle.crt
)

2025-09-27T07:24:30+00:00 DEBUG 
[http_get_php] output data: 
2025-09-27T07:24:30+00:00 DEBUG 
[http_post_php] http_code: 0
2025-09-27T07:24:30+00:00 DEBUG 
[http_get_php] Error
2025-09-27T07:25:25+00:00 DEBUG 
[http_get_php] url: https://admin.shipdepot.co/api/Data/GetCouriers
2025-09-27T07:25:25+00:00 DEBUG 
[http_get_php] header: Array
(
    [0] => Content-type: application/json; charset=utf-8
)

2025-09-27T07:25:28+00:00 DEBUG 
[http_get_php] output info: Array
(
    [url] => https://admin.shipdepot.co/api/Data/GetCouriers
    [content_type] => 
    [http_code] => 0
    [header_size] => 0
    [request_size] => 0
    [filetime] => -1
    [ssl_verify_result] => 0
    [redirect_count] => 0
    [total_time] => 3.169646
    [namelookup_time] => 0.002394
    [connect_time] => 0
    [pretransfer_time] => 0
    [size_upload] => 0
    [size_download] => 0
    [speed_download] => 0
    [speed_upload] => 0
    [download_content_length] => -1
    [upload_content_length] => -1
    [starttransfer_time] => 0
    [redirect_time] => 0
    [redirect_url] => 
    [primary_ip] => 
    [certinfo] => Array
        (
        )

    [primary_port] => -1
    [local_ip] => 
    [local_port] => -1
    [http_version] => 0
    [protocol] => 2
    [ssl_verifyresult] => 0
    [scheme] => https
    [appconnect_time_us] => 0
    [connect_time_us] => 0
    [namelookup_time_us] => 2394
    [pretransfer_time_us] => 0
    [redirect_time_us] => 0
    [starttransfer_time_us] => 0
    [posttransfer_time_us] => 0
    [total_time_us] => 3169646
    [effective_method] => GET
    [capath] => 
    [cainfo] => /etc/pki/tls/certs/ca-bundle.crt
)

2025-09-27T07:25:28+00:00 DEBUG 
[http_get_php] output data: 
2025-09-27T07:25:28+00:00 DEBUG 
[http_post_php] http_code: 0
2025-09-27T07:25:28+00:00 DEBUG 
[http_get_php] Error
2025-09-27T07:26:19+00:00 DEBUG 
[http_get_php] url: https://admin.shipdepot.co/api/Data/GetCouriers
2025-09-27T07:26:19+00:00 DEBUG 
[http_get_php] header: Array
(
    [0] => Content-type: application/json; charset=utf-8
)

2025-09-27T07:26:22+00:00 DEBUG 
[http_get_php] output info: Array
(
    [url] => https://admin.shipdepot.co/api/Data/GetCouriers
    [content_type] => 
    [http_code] => 0
    [header_size] => 0
    [request_size] => 0
    [filetime] => -1
    [ssl_verify_result] => 0
    [redirect_count] => 0
    [total_time] => 3.172262
    [namelookup_time] => 0.002544
    [connect_time] => 0
    [pretransfer_time] => 0
    [size_upload] => 0
    [size_download] => 0
    [speed_download] => 0
    [speed_upload] => 0
    [download_content_length] => -1
    [upload_content_length] => -1
    [starttransfer_time] => 0
    [redirect_time] => 0
    [redirect_url] => 
    [primary_ip] => 
    [certinfo] => Array
        (
        )

    [primary_port] => -1
    [local_ip] => 
    [local_port] => -1
    [http_version] => 0
    [protocol] => 2
    [ssl_verifyresult] => 0
    [scheme] => https
    [appconnect_time_us] => 0
    [connect_time_us] => 0
    [namelookup_time_us] => 2544
    [pretransfer_time_us] => 0
    [redirect_time_us] => 0
    [starttransfer_time_us] => 0
    [posttransfer_time_us] => 0
    [total_time_us] => 3172262
    [effective_method] => GET
    [capath] => 
    [cainfo] => /etc/pki/tls/certs/ca-bundle.crt
)

2025-09-27T07:26:22+00:00 DEBUG 
[http_get_php] output data: 
2025-09-27T07:26:22+00:00 DEBUG 
[http_post_php] http_code: 0
2025-09-27T07:26:22+00:00 DEBUG 
[http_get_php] Error
2025-09-27T07:27:25+00:00 DEBUG 
[http_get_php] url: https://admin.shipdepot.co/api/Data/GetCouriers
2025-09-27T07:27:25+00:00 DEBUG 
[http_get_php] header: Array
(
    [0] => Content-type: application/json; charset=utf-8
)

2025-09-27T07:27:28+00:00 DEBUG 
[http_get_php] output info: Array
(
    [url] => https://admin.shipdepot.co/api/Data/GetCouriers
    [content_type] => 
    [http_code] => 0
    [header_size] => 0
    [request_size] => 0
    [filetime] => -1
    [ssl_verify_result] => 0
    [redirect_count] => 0
    [total_time] => 3.171294
    [namelookup_time] => 0.002428
    [connect_time] => 0
    [pretransfer_time] => 0
    [size_upload] => 0
    [size_download] => 0
    [speed_download] => 0
    [speed_upload] => 0
    [download_content_length] => -1
    [upload_content_length] => -1
    [starttransfer_time] => 0
    [redirect_time] => 0
    [redirect_url] => 
    [primary_ip] => 
    [certinfo] => Array
        (
        )

    [primary_port] => -1
    [local_ip] => 
    [local_port] => -1
    [http_version] => 0
    [protocol] => 2
    [ssl_verifyresult] => 0
    [scheme] => https
    [appconnect_time_us] => 0
    [connect_time_us] => 0
    [namelookup_time_us] => 2428
    [pretransfer_time_us] => 0
    [redirect_time_us] => 0
    [starttransfer_time_us] => 0
    [posttransfer_time_us] => 0
    [total_time_us] => 3171294
    [effective_method] => GET
    [capath] => 
    [cainfo] => /etc/pki/tls/certs/ca-bundle.crt
)

2025-09-27T07:27:28+00:00 DEBUG 
[http_get_php] output data: 
2025-09-27T07:27:28+00:00 DEBUG 
[http_post_php] http_code: 0
2025-09-27T07:27:28+00:00 DEBUG 
[http_get_php] Error
2025-09-27T07:27:45+00:00 DEBUG 
[http_get_php] url: https://admin.shipdepot.co/api/Data/GetCouriers
2025-09-27T07:27:45+00:00 DEBUG 
[http_get_php] header: Array
(
    [0] => Content-type: application/json; charset=utf-8
)

2025-09-27T07:27:48+00:00 DEBUG 
[http_get_php] output info: Array
(
    [url] => https://admin.shipdepot.co/api/Data/GetCouriers
    [content_type] => 
    [http_code] => 0
    [header_size] => 0
    [request_size] => 0
    [filetime] => -1
    [ssl_verify_result] => 0
    [redirect_count] => 0
    [total_time] => 3.177341
    [namelookup_time] => 0.002598
    [connect_time] => 0
    [pretransfer_time] => 0
    [size_upload] => 0
    [size_download] => 0
    [speed_download] => 0
    [speed_upload] => 0
    [download_content_length] => -1
    [upload_content_length] => -1
    [starttransfer_time] => 0
    [redirect_time] => 0
    [redirect_url] => 
    [primary_ip] => 
    [certinfo] => Array
        (
        )

    [primary_port] => -1
    [local_ip] => 
    [local_port] => -1
    [http_version] => 0
    [protocol] => 2
    [ssl_verifyresult] => 0
    [scheme] => https
    [appconnect_time_us] => 0
    [connect_time_us] => 0
    [namelookup_time_us] => 2598
    [pretransfer_time_us] => 0
    [redirect_time_us] => 0
    [starttransfer_time_us] => 0
    [posttransfer_time_us] => 0
    [total_time_us] => 3177341
    [effective_method] => GET
    [capath] => 
    [cainfo] => /etc/pki/tls/certs/ca-bundle.crt
)

2025-09-27T07:27:48+00:00 DEBUG 
[http_get_php] output data: 
2025-09-27T07:27:48+00:00 DEBUG 
[http_post_php] http_code: 0
2025-09-27T07:27:48+00:00 DEBUG 
[http_get_php] Error
2025-09-27T07:28:08+00:00 DEBUG 
[http_get_php] url: https://admin.shipdepot.co/api/Data/GetCouriers
2025-09-27T07:28:08+00:00 DEBUG 
[http_get_php] header: Array
(
    [0] => Content-type: application/json; charset=utf-8
)

2025-09-27T07:28:11+00:00 DEBUG 
[http_get_php] output info: Array
(
    [url] => https://admin.shipdepot.co/api/Data/GetCouriers
    [content_type] => 
    [http_code] => 0
    [header_size] => 0
    [request_size] => 0
    [filetime] => -1
    [ssl_verify_result] => 0
    [redirect_count] => 0
    [total_time] => 3.179513
    [namelookup_time] => 0.002529
    [connect_time] => 0
    [pretransfer_time] => 0
    [size_upload] => 0
    [size_download] => 0
    [speed_download] => 0
    [speed_upload] => 0
    [download_content_length] => -1
    [upload_content_length] => -1
    [starttransfer_time] => 0
    [redirect_time] => 0
    [redirect_url] => 
    [primary_ip] => 
    [certinfo] => Array
        (
        )

    [primary_port] => -1
    [local_ip] => 
    [local_port] => -1
    [http_version] => 0
    [protocol] => 2
    [ssl_verifyresult] => 0
    [scheme] => https
    [appconnect_time_us] => 0
    [connect_time_us] => 0
    [namelookup_time_us] => 2529
    [pretransfer_time_us] => 0
    [redirect_time_us] => 0
    [starttransfer_time_us] => 0
    [posttransfer_time_us] => 0
    [total_time_us] => 3179513
    [effective_method] => GET
    [capath] => 
    [cainfo] => /etc/pki/tls/certs/ca-bundle.crt
)

2025-09-27T07:28:11+00:00 DEBUG 
[http_get_php] output data: 
2025-09-27T07:28:11+00:00 DEBUG 
[http_post_php] http_code: 0
2025-09-27T07:28:11+00:00 DEBUG 
[http_get_php] Error
2025-09-27T07:28:11+00:00 DEBUG 
[http_get_php] url: https://admin.shipdepot.co/api/Data/GetCouriers
2025-09-27T07:28:11+00:00 DEBUG 
[http_get_php] header: Array
(
    [0] => Content-type: application/json; charset=utf-8
)

2025-09-27T07:28:13+00:00 DEBUG 
[http_get_php] url: https://admin.shipdepot.co/api/Data/GetCouriers
2025-09-27T07:28:13+00:00 DEBUG 
[http_get_php] header: Array
(
    [0] => Content-type: application/json; charset=utf-8
)

2025-09-27T07:28:14+00:00 DEBUG 
[http_get_php] output info: Array
(
    [url] => https://admin.shipdepot.co/api/Data/GetCouriers
    [content_type] => 
    [http_code] => 0
    [header_size] => 0
    [request_size] => 0
    [filetime] => -1
    [ssl_verify_result] => 0
    [redirect_count] => 0
    [total_time] => 2.530714
    [namelookup_time] => 0.002819
    [connect_time] => 0
    [pretransfer_time] => 0
    [size_upload] => 0
    [size_download] => 0
    [speed_download] => 0
    [speed_upload] => 0
    [download_content_length] => -1
    [upload_content_length] => -1
    [starttransfer_time] => 0
    [redirect_time] => 0
    [redirect_url] => 
    [primary_ip] => 
    [certinfo] => Array
        (
        )

    [primary_port] => -1
    [local_ip] => 
    [local_port] => -1
    [http_version] => 0
    [protocol] => 2
    [ssl_verifyresult] => 0
    [scheme] => https
    [appconnect_time_us] => 0
    [connect_time_us] => 0
    [namelookup_time_us] => 2819
    [pretransfer_time_us] => 0
    [redirect_time_us] => 0
    [starttransfer_time_us] => 0
    [posttransfer_time_us] => 0
    [total_time_us] => 2530714
    [effective_method] => GET
    [capath] => 
    [cainfo] => /etc/pki/tls/certs/ca-bundle.crt
)

2025-09-27T07:28:14+00:00 DEBUG 
[http_get_php] output info: Array
(
    [url] => https://admin.shipdepot.co/api/Data/GetCouriers
    [content_type] => 
    [http_code] => 0
    [header_size] => 0
    [request_size] => 0
    [filetime] => -1
    [ssl_verify_result] => 0
    [redirect_count] => 0
    [total_time] => 0.727589
    [namelookup_time] => 0.002446
    [connect_time] => 0
    [pretransfer_time] => 0
    [size_upload] => 0
    [size_download] => 0
    [speed_download] => 0
    [speed_upload] => 0
    [download_content_length] => -1
    [upload_content_length] => -1
    [starttransfer_time] => 0
    [redirect_time] => 0
    [redirect_url] => 
    [primary_ip] => 
    [certinfo] => Array
        (
        )

    [primary_port] => -1
    [local_ip] => 
    [local_port] => -1
    [http_version] => 0
    [protocol] => 2
    [ssl_verifyresult] => 0
    [scheme] => https
    [appconnect_time_us] => 0
    [connect_time_us] => 0
    [namelookup_time_us] => 2446
    [pretransfer_time_us] => 0
    [redirect_time_us] => 0
    [starttransfer_time_us] => 0
    [posttransfer_time_us] => 0
    [total_time_us] => 727589
    [effective_method] => GET
    [capath] => 
    [cainfo] => /etc/pki/tls/certs/ca-bundle.crt
)

2025-09-27T07:28:14+00:00 DEBUG 
[http_get_php] output data: 
2025-09-27T07:28:14+00:00 DEBUG 
[http_get_php] output data: 
2025-09-27T07:28:14+00:00 DEBUG 
[http_post_php] http_code: 0
2025-09-27T07:28:14+00:00 DEBUG 
[http_post_php] http_code: 0
2025-09-27T07:28:14+00:00 DEBUG 
[http_get_php] Error
2025-09-27T07:28:14+00:00 DEBUG 
[http_get_php] Error
